[0.081s] Invoking command in '/home/ros2/CHAPT2/chapt2_ws/build/demo_cpp_pkg': CMAKE_PREFIX_PATH=/opt/ros/foxy /usr/bin/cmake --build /home/ros2/CHAPT2/chapt2_ws/build/demo_cpp_pkg -- -j2 -l2
[0.831s] -- Found ament_cmake: 0.9.12 (/opt/ros/foxy/share/ament_cmake/cmake)
[0.919s] -- Using PYTHON_EXECUTABLE: /usr/bin/python3
[1.371s] -- Found rclcpp: 2.4.3 (/opt/ros/foxy/share/rclcpp/cmake)
[1.514s] -- Using all available rosidl_typesupport_c: rosidl_typesupport_fastrtps_c;rosidl_typesupport_introspection_c
[1.532s] -- Found rosidl_adapter: 1.3.1 (/opt/ros/foxy/share/rosidl_adapter/cmake)
[1.871s] -- Using all available rosidl_typesupport_cpp: rosidl_typesupport_fastrtps_cpp;rosidl_typesupport_introspection_cpp
[1.993s] -- Found rmw_implementation_cmake: 1.0.4 (/opt/ros/foxy/share/rmw_implementation_cmake/cmake)
[2.000s] -- Using RMW implementation 'rmw_fastrtps_cpp' as default
[2.312s] -- Found ament_lint_auto: 0.9.8 (/opt/ros/foxy/share/ament_lint_auto/cmake)
[2.456s] -- Added test 'copyright' to check source files copyright and LICENSE
[2.480s] -- Added test 'cppcheck' to perform static code analysis on C / C++ code
[2.482s] -- Configured cppcheck include dirs: /home/ros2/CHAPT2/chapt2_ws/src/demo_cpp_pkg/include;/home/ros2/CHAPT2/chapt2_ws/src/demo_cpp_pkg/(;/home/ros2/CHAPT2/chapt2_ws/src/demo_cpp_pkg/)
[2.482s] -- Configured cppcheck exclude dirs and/or files: 
[2.501s] -- Added test 'cpplint' to check C / C++ code against the Google style
[2.502s] -- Configured cpplint exclude dirs and/or files: 
[2.587s] -- Added test 'flake8' to check Python code syntax and style conventions
[2.591s] -- Added test 'lint_cmake' to check CMake code style
[2.594s] -- Added test 'pep257' to check Python code against some of the style conventions in PEP 257
[2.603s] -- Added test 'uncrustify' to check C / C++ code style
[2.603s] -- Configured uncrustify additional arguments: 
[2.605s] -- Added test 'xmllint' to check XML markup files
[2.612s] -- Configuring done
[2.628s] CMake Error at CMakeLists.txt:38 (add_executable):
[2.628s]   Cannot find source file:
[2.629s] 
[2.629s]     src/learn_thread.cpp
[2.629s] 
[2.629s]   Tried extensions .c .C .c++ .cc .cpp .cxx .cu .m .M .mm .h .hh .h++ .hm
[2.629s]   .hpp .hxx .in .txx
[2.629s] 
[2.629s] 
[2.630s] CMake Error at CMakeLists.txt:38 (add_executable):
[2.630s]   No SOURCES given to target: learn_thread
[2.630s] 
[2.630s] 
[2.630s] CMake Generate step failed.  Build files cannot be regenerated correctly.
[2.725s] make: *** [Makefile:442：cmake_check_build_system] 错误 1
[2.732s] Invoked command in '/home/ros2/CHAPT2/chapt2_ws/build/demo_cpp_pkg' returned '2': CMAKE_PREFIX_PATH=/opt/ros/foxy /usr/bin/cmake --build /home/ros2/CHAPT2/chapt2_ws/build/demo_cpp_pkg -- -j2 -l2
