[0.027s] Invoking command in '/home/ros2/CHAPT6/chapt6_ws/build/fishbot_description': CMAKE_PREFIX_PATH=${CMAKE_PREFIX_PATH}:/opt/ros/foxy /usr/bin/cmake --build /home/ros2/CHAPT6/chapt6_ws/build/fishbot_description -- -j2 -l2
[0.373s] Invoked command in '/home/ros2/CHAPT6/chapt6_ws/build/fishbot_description' returned '0': CMAKE_PREFIX_PATH=${CMAKE_PREFIX_PATH}:/opt/ros/foxy /usr/bin/cmake --build /home/ros2/CHAPT6/chapt6_ws/build/fishbot_description -- -j2 -l2
[0.434s] Invoking command in '/home/ros2/CHAPT6/chapt6_ws/build/fishbot_description': CMAKE_PREFIX_PATH=${CMAKE_PREFIX_PATH}:/opt/ros/foxy /usr/bin/cmake --install /home/ros2/CHAPT6/chapt6_ws/build/fishbot_description
[0.458s] -- Install configuration: ""
[0.458s] -- Up-to-date: /home/ros2/CHAPT6/chapt6_ws/install/fishbot_description/share/fishbot_description/launch
[0.459s] -- Installing: /home/ros2/CHAPT6/chapt6_ws/install/fishbot_description/share/fishbot_description/launch/gazebo_sim.launch.py
[0.461s] -- Up-to-date: /home/ros2/CHAPT6/chapt6_ws/install/fishbot_description/share/fishbot_description/launch/__pycache__
[0.462s] -- Up-to-date: /home/ros2/CHAPT6/chapt6_ws/install/fishbot_description/share/fishbot_description/launch/__pycache__/display_robot.launch.cpython-38.pyc
[0.462s] -- Up-to-date: /home/ros2/CHAPT6/chapt6_ws/install/fishbot_description/share/fishbot_description/launch/display_robot.launch.py
[0.463s] -- Up-to-date: /home/ros2/CHAPT6/chapt6_ws/install/fishbot_description/share/fishbot_description/urdf
[0.466s] -- Up-to-date: /home/ros2/CHAPT6/chapt6_ws/install/fishbot_description/share/fishbot_description/urdf/first_robot.xacro
[0.467s] -- Up-to-date: /home/ros2/CHAPT6/chapt6_ws/install/fishbot_description/share/fishbot_description/urdf/first_robot.pdf
[0.467s] -- Up-to-date: /home/ros2/CHAPT6/chapt6_ws/install/fishbot_description/share/fishbot_description/urdf/first_robot.gv
[0.467s] -- Up-to-date: /home/ros2/CHAPT6/chapt6_ws/install/fishbot_description/share/fishbot_description/urdf/first_robot.urdf
[0.467s] -- Up-to-date: /home/ros2/CHAPT6/chapt6_ws/install/fishbot_description/share/fishbot_description/urdf/fishbot
[0.468s] -- Up-to-date: /home/ros2/CHAPT6/chapt6_ws/install/fishbot_description/share/fishbot_description/urdf/fishbot/fishbot.ros2_control.xacro
[0.469s] -- Up-to-date: /home/ros2/CHAPT6/chapt6_ws/install/fishbot_description/share/fishbot_description/urdf/fishbot/fishbot.urdf.xacro
[0.471s] -- Up-to-date: /home/ros2/CHAPT6/chapt6_ws/install/fishbot_description/share/fishbot_description/urdf/fishbot/base.urdf.xacro
[0.471s] -- Up-to-date: /home/ros2/CHAPT6/chapt6_ws/install/fishbot_description/share/fishbot_description/urdf/fishbot/plugins
[0.471s] -- Up-to-date: /home/ros2/CHAPT6/chapt6_ws/install/fishbot_description/share/fishbot_description/urdf/fishbot/plugins/gazebo_control_plugin.xacro
[0.472s] -- Up-to-date: /home/ros2/CHAPT6/chapt6_ws/install/fishbot_description/share/fishbot_description/urdf/fishbot/plugins/gazebo_sensor_plugin.xacro
[0.472s] -- Up-to-date: /home/ros2/CHAPT6/chapt6_ws/install/fishbot_description/share/fishbot_description/urdf/fishbot/common_inertia.xacro
[0.472s] -- Up-to-date: /home/ros2/CHAPT6/chapt6_ws/install/fishbot_description/share/fishbot_description/urdf/fishbot/sensor
[0.473s] -- Up-to-date: /home/ros2/CHAPT6/chapt6_ws/install/fishbot_description/share/fishbot_description/urdf/fishbot/sensor/laser.urdf.xacro
[0.473s] -- Up-to-date: /home/ros2/CHAPT6/chapt6_ws/install/fishbot_description/share/fishbot_description/urdf/fishbot/sensor/imu.urdf.xacro
[0.473s] -- Up-to-date: /home/ros2/CHAPT6/chapt6_ws/install/fishbot_description/share/fishbot_description/urdf/fishbot/sensor/camera.urdf.xacro
[0.474s] -- Up-to-date: /home/ros2/CHAPT6/chapt6_ws/install/fishbot_description/share/fishbot_description/urdf/fishbot/actuator
[0.474s] -- Up-to-date: /home/ros2/CHAPT6/chapt6_ws/install/fishbot_description/share/fishbot_description/urdf/fishbot/actuator/wheel.urdf.xacro
[0.474s] -- Up-to-date: /home/ros2/CHAPT6/chapt6_ws/install/fishbot_description/share/fishbot_description/urdf/fishbot/actuator/caster.urdf.xacro
[0.474s] -- Up-to-date: /home/ros2/CHAPT6/chapt6_ws/install/fishbot_description/share/fishbot_description/config
[0.475s] -- Up-to-date: /home/ros2/CHAPT6/chapt6_ws/install/fishbot_description/share/fishbot_description/config/display_robot_model.rviz
[0.526s] -- Up-to-date: /home/ros2/CHAPT6/chapt6_ws/install/fishbot_description/share/fishbot_description/config/fishbot_ros2_controller.yaml
[0.526s] -- Up-to-date: /home/ros2/CHAPT6/chapt6_ws/install/fishbot_description/share/fishbot_description/world
[0.527s] -- Up-to-date: /home/ros2/CHAPT6/chapt6_ws/install/fishbot_description/share/fishbot_description/world/room
[0.527s] -- Up-to-date: /home/ros2/CHAPT6/chapt6_ws/install/fishbot_description/share/fishbot_description/world/room/model.sdf
[0.527s] -- Up-to-date: /home/ros2/CHAPT6/chapt6_ws/install/fishbot_description/share/fishbot_description/world/room/model.config
[0.527s] -- Up-to-date: /home/ros2/CHAPT6/chapt6_ws/install/fishbot_description/share/fishbot_description/world/custom_room.world
[0.528s] -- Up-to-date: /home/ros2/CHAPT6/chapt6_ws/install/fishbot_description/share/ament_index/resource_index/package_run_dependencies/fishbot_description
[0.528s] -- Up-to-date: /home/ros2/CHAPT6/chapt6_ws/install/fishbot_description/share/ament_index/resource_index/parent_prefix_path/fishbot_description
[0.529s] -- Up-to-date: /home/ros2/CHAPT6/chapt6_ws/install/fishbot_description/share/fishbot_description/environment/ament_prefix_path.sh
[0.529s] -- Up-to-date: /home/ros2/CHAPT6/chapt6_ws/install/fishbot_description/share/fishbot_description/environment/ament_prefix_path.dsv
[0.529s] -- Up-to-date: /home/ros2/CHAPT6/chapt6_ws/install/fishbot_description/share/fishbot_description/environment/path.sh
[0.529s] -- Up-to-date: /home/ros2/CHAPT6/chapt6_ws/install/fishbot_description/share/fishbot_description/environment/path.dsv
[0.529s] -- Up-to-date: /home/ros2/CHAPT6/chapt6_ws/install/fishbot_description/share/fishbot_description/local_setup.bash
[0.530s] -- Up-to-date: /home/ros2/CHAPT6/chapt6_ws/install/fishbot_description/share/fishbot_description/local_setup.sh
[0.530s] -- Up-to-date: /home/ros2/CHAPT6/chapt6_ws/install/fishbot_description/share/fishbot_description/local_setup.zsh
[0.531s] -- Up-to-date: /home/ros2/CHAPT6/chapt6_ws/install/fishbot_description/share/fishbot_description/local_setup.dsv
[0.531s] -- Installing: /home/ros2/CHAPT6/chapt6_ws/install/fishbot_description/share/fishbot_description/package.dsv
[0.534s] -- Up-to-date: /home/ros2/CHAPT6/chapt6_ws/install/fishbot_description/share/ament_index/resource_index/packages/fishbot_description
[0.534s] -- Up-to-date: /home/ros2/CHAPT6/chapt6_ws/install/fishbot_description/share/fishbot_description/cmake/fishbot_descriptionConfig.cmake
[0.534s] -- Up-to-date: /home/ros2/CHAPT6/chapt6_ws/install/fishbot_description/share/fishbot_description/cmake/fishbot_descriptionConfig-version.cmake
[0.534s] -- Up-to-date: /home/ros2/CHAPT6/chapt6_ws/install/fishbot_description/share/fishbot_description/package.xml
[0.537s] Invoked command in '/home/ros2/CHAPT6/chapt6_ws/build/fishbot_description' returned '0': CMAKE_PREFIX_PATH=${CMAKE_PREFIX_PATH}:/opt/ros/foxy /usr/bin/cmake --install /home/ros2/CHAPT6/chapt6_ws/build/fishbot_description
