[0.307s] DEBUG:colcon:Command line arguments: ['/usr/bin/colcon', 'build']
[0.307s] DEBUG:colcon:Parsed command line arguments: Namespace(allow_overriding=[], ament_cmake_args=None, base_paths=['.'], build_base='build', catkin_cmake_args=None, catkin_skip_building_tests=False, cmake_args=None, cmake_clean_cache=False, cmake_clean_first=False, cmake_force_configure=False, cmake_target=None, cmake_target_skip_unavailable=False, continue_on_error=False, event_handlers=None, executor='parallel', ignore_user_meta=False, install_base='install', log_base=None, log_level=None, main=<bound method BuildVerb.main of <colcon_core.verb.build.BuildVerb object at 0x7f63d74ab3d0>>, merge_install=False, metas=['./colcon.meta'], packages_above=None, packages_above_and_dependencies=None, packages_above_depth=None, packages_end=None, packages_ignore=None, packages_ignore_regex=None, packages_select=None, packages_select_build_failed=False, packages_select_by_dep=None, packages_select_regex=None, packages_select_test_failures=False, packages_skip=None, packages_skip_build_finished=False, packages_skip_by_dep=None, packages_skip_regex=None, packages_skip_test_passed=False, packages_skip_up_to=None, packages_start=None, packages_up_to=None, packages_up_to_regex=None, parallel_workers=2, paths=None, symlink_install=False, test_result_base=None, verb_extension=<colcon_core.verb.build.BuildVerb object at 0x7f63d74ab3d0>, verb_name='build', verb_parser=<colcon_defaults.argument_parser.defaults.DefaultArgumentsDecorator object at 0x7f63d74ba0d0>)
[0.574s] Level 1:colcon.colcon_core.package_discovery:discover_packages(colcon_meta) check parameters
[0.574s] Level 1:colcon.colcon_core.package_discovery:discover_packages(recursive) check parameters
[0.574s] Level 1:colcon.colcon_core.package_discovery:discover_packages(ignore) check parameters
[0.574s] Level 1:colcon.colcon_core.package_discovery:discover_packages(path) check parameters
[0.574s] Level 1:colcon.colcon_core.package_discovery:discover_packages(colcon_meta) discover
[0.574s] Level 1:colcon.colcon_core.package_discovery:discover_packages(recursive) discover
[0.574s] INFO:colcon.colcon_core.package_discovery:Crawling recursively for packages in '/home/ros2/CHAPT2/chapt2_ws'
[0.574s] Level 1:colcon.colcon_core.package_identification:_identify(.) by extensions ['ignore', 'ignore_ament_install']
[0.574s] Level 1:colcon.colcon_core.package_identification:_identify(.) by extension 'ignore'
[0.574s] Level 1:colcon.colcon_core.package_identification:_identify(.) by extension 'ignore_ament_install'
[0.574s] Level 1:colcon.colcon_core.package_identification:_identify(.) by extensions ['colcon_pkg']
[0.575s] Level 1:colcon.colcon_core.package_identification:_identify(.) by extension 'colcon_pkg'
[0.575s] Level 1:colcon.colcon_core.package_identification:_identify(.) by extensions ['colcon_meta']
[0.575s] Level 1:colcon.colcon_core.package_identification:_identify(.) by extension 'colcon_meta'
[0.575s] Level 1:colcon.colcon_core.package_identification:_identify(.) by extensions ['ros']
[0.575s] Level 1:colcon.colcon_core.package_identification:_identify(.) by extension 'ros'
[0.593s] Level 1:colcon.colcon_core.package_identification:_identify(.) by extensions ['cmake', 'python']
[0.594s] Level 1:colcon.colcon_core.package_identification:_identify(.) by extension 'cmake'
[0.594s] Level 1:colcon.colcon_core.package_identification:_identify(.) by extension 'python'
[0.595s] Level 1:colcon.colcon_core.package_identification:_identify(.) by extensions ['python_setup_py']
[0.595s] Level 1:colcon.colcon_core.package_identification:_identify(.) by extension 'python_setup_py'
[0.595s] Level 1:colcon.colcon_core.package_identification:_identify(build) by extensions ['ignore', 'ignore_ament_install']
[0.595s] Level 1:colcon.colcon_core.package_identification:_identify(build) by extension 'ignore'
[0.595s] Level 1:colcon.colcon_core.package_identification:_identify(build) ignored
[0.596s] Level 1:colcon.colcon_core.package_identification:_identify(install) by extensions ['ignore', 'ignore_ament_install']
[0.596s] Level 1:colcon.colcon_core.package_identification:_identify(install) by extension 'ignore'
[0.596s] Level 1:colcon.colcon_core.package_identification:_identify(install) ignored
[0.596s] Level 1:colcon.colcon_core.package_identification:_identify(log) by extensions ['ignore', 'ignore_ament_install']
[0.596s] Level 1:colcon.colcon_core.package_identification:_identify(log) by extension 'ignore'
[0.596s] Level 1:colcon.colcon_core.package_identification:_identify(log) ignored
[0.596s] Level 1:colcon.colcon_core.package_identification:_identify(src) by extensions ['ignore', 'ignore_ament_install']
[0.596s] Level 1:colcon.colcon_core.package_identification:_identify(src) by extension 'ignore'
[0.596s] Level 1:colcon.colcon_core.package_identification:_identify(src) by extension 'ignore_ament_install'
[0.596s] Level 1:colcon.colcon_core.package_identification:_identify(src) by extensions ['colcon_pkg']
[0.597s] Level 1:colcon.colcon_core.package_identification:_identify(src) by extension 'colcon_pkg'
[0.597s] Level 1:colcon.colcon_core.package_identification:_identify(src) by extensions ['colcon_meta']
[0.597s] Level 1:colcon.colcon_core.package_identification:_identify(src) by extension 'colcon_meta'
[0.597s] Level 1:colcon.colcon_core.package_identification:_identify(src) by extensions ['ros']
[0.597s] Level 1:colcon.colcon_core.package_identification:_identify(src) by extension 'ros'
[0.597s] Level 1:colcon.colcon_core.package_identification:_identify(src) by extensions ['cmake', 'python']
[0.597s] Level 1:colcon.colcon_core.package_identification:_identify(src) by extension 'cmake'
[0.597s] Level 1:colcon.colcon_core.package_identification:_identify(src) by extension 'python'
[0.597s] Level 1:colcon.colcon_core.package_identification:_identify(src) by extensions ['python_setup_py']
[0.597s] Level 1:colcon.colcon_core.package_identification:_identify(src) by extension 'python_setup_py'
[0.597s] Level 1:colcon.colcon_core.package_identification:_identify(src/demo_cpp_pkg) by extensions ['ignore', 'ignore_ament_install']
[0.597s] Level 1:colcon.colcon_core.package_identification:_identify(src/demo_cpp_pkg) by extension 'ignore'
[0.597s] Level 1:colcon.colcon_core.package_identification:_identify(src/demo_cpp_pkg) by extension 'ignore_ament_install'
[0.597s] Level 1:colcon.colcon_core.package_identification:_identify(src/demo_cpp_pkg) by extensions ['colcon_pkg']
[0.597s] Level 1:colcon.colcon_core.package_identification:_identify(src/demo_cpp_pkg) by extension 'colcon_pkg'
[0.598s] Level 1:colcon.colcon_core.package_identification:_identify(src/demo_cpp_pkg) by extensions ['colcon_meta']
[0.598s] Level 1:colcon.colcon_core.package_identification:_identify(src/demo_cpp_pkg) by extension 'colcon_meta'
[0.598s] Level 1:colcon.colcon_core.package_identification:_identify(src/demo_cpp_pkg) by extensions ['ros']
[0.598s] Level 1:colcon.colcon_core.package_identification:_identify(src/demo_cpp_pkg) by extension 'ros'
[0.601s] DEBUG:colcon.colcon_core.package_identification:Package 'src/demo_cpp_pkg' with type 'ros.ament_cmake' and name 'demo_cpp_pkg'
[0.601s] Level 1:colcon.colcon_core.package_identification:_identify(src/demo_python_pkg) by extensions ['ignore', 'ignore_ament_install']
[0.601s] Level 1:colcon.colcon_core.package_identification:_identify(src/demo_python_pkg) by extension 'ignore'
[0.601s] Level 1:colcon.colcon_core.package_identification:_identify(src/demo_python_pkg) by extension 'ignore_ament_install'
[0.601s] Level 1:colcon.colcon_core.package_identification:_identify(src/demo_python_pkg) by extensions ['colcon_pkg']
[0.601s] Level 1:colcon.colcon_core.package_identification:_identify(src/demo_python_pkg) by extension 'colcon_pkg'
[0.601s] Level 1:colcon.colcon_core.package_identification:_identify(src/demo_python_pkg) by extensions ['colcon_meta']
[0.602s] Level 1:colcon.colcon_core.package_identification:_identify(src/demo_python_pkg) by extension 'colcon_meta'
[0.602s] Level 1:colcon.colcon_core.package_identification:_identify(src/demo_python_pkg) by extensions ['ros']
[0.602s] Level 1:colcon.colcon_core.package_identification:_identify(src/demo_python_pkg) by extension 'ros'
[0.603s] DEBUG:colcon.colcon_core.package_identification:Package 'src/demo_python_pkg' with type 'ros.ament_python' and name 'demo_python_pkg'
[0.604s] Level 1:colcon.colcon_core.package_discovery:discover_packages(recursive) using defaults
[0.604s] Level 1:colcon.colcon_core.package_discovery:discover_packages(ignore) discover
[0.604s] Level 1:colcon.colcon_core.package_discovery:discover_packages(ignore) using defaults
[0.604s] Level 1:colcon.colcon_core.package_discovery:discover_packages(path) discover
[0.604s] Level 1:colcon.colcon_core.package_discovery:discover_packages(path) using defaults
[0.666s] Level 1:colcon.colcon_core.package_discovery:discover_packages(prefix_path) check parameters
[0.666s] Level 1:colcon.colcon_core.package_discovery:discover_packages(prefix_path) discover
[0.669s] DEBUG:colcon.colcon_installed_package_information.package_discovery:Found 2 installed packages in /home/ros2/CHAPT2/chapt2_ws/install
[0.672s] DEBUG:colcon.colcon_installed_package_information.package_discovery:Found 256 installed packages in /opt/ros/foxy
[0.676s] Level 1:colcon.colcon_core.package_discovery:discover_packages(prefix_path) using defaults
[0.796s] Level 5:colcon.colcon_core.verb:set package 'demo_cpp_pkg' build argument 'cmake_args' from command line to 'None'
[0.796s] Level 5:colcon.colcon_core.verb:set package 'demo_cpp_pkg' build argument 'cmake_target' from command line to 'None'
[0.796s] Level 5:colcon.colcon_core.verb:set package 'demo_cpp_pkg' build argument 'cmake_target_skip_unavailable' from command line to 'False'
[0.796s] Level 5:colcon.colcon_core.verb:set package 'demo_cpp_pkg' build argument 'cmake_clean_cache' from command line to 'False'
[0.796s] Level 5:colcon.colcon_core.verb:set package 'demo_cpp_pkg' build argument 'cmake_clean_first' from command line to 'False'
[0.796s] Level 5:colcon.colcon_core.verb:set package 'demo_cpp_pkg' build argument 'cmake_force_configure' from command line to 'False'
[0.797s] Level 5:colcon.colcon_core.verb:set package 'demo_cpp_pkg' build argument 'ament_cmake_args' from command line to 'None'
[0.797s] Level 5:colcon.colcon_core.verb:set package 'demo_cpp_pkg' build argument 'catkin_cmake_args' from command line to 'None'
[0.797s] Level 5:colcon.colcon_core.verb:set package 'demo_cpp_pkg' build argument 'catkin_skip_building_tests' from command line to 'False'
[0.797s] DEBUG:colcon.colcon_core.verb:Building package 'demo_cpp_pkg' with the following arguments: {'ament_cmake_args': None, 'build_base': '/home/ros2/CHAPT2/chapt2_ws/build/demo_cpp_pkg', 'catkin_cmake_args': None, 'catkin_skip_building_tests': False, 'cmake_args': None, 'cmake_clean_cache': False, 'cmake_clean_first': False, 'cmake_force_configure': False, 'cmake_target': None, 'cmake_target_skip_unavailable': False, 'install_base': '/home/ros2/CHAPT2/chapt2_ws/install/demo_cpp_pkg', 'merge_install': False, 'path': '/home/ros2/CHAPT2/chapt2_ws/src/demo_cpp_pkg', 'symlink_install': False, 'test_result_base': None}
[0.797s] Level 5:colcon.colcon_core.verb:set package 'demo_python_pkg' build argument 'cmake_args' from command line to 'None'
[0.797s] Level 5:colcon.colcon_core.verb:set package 'demo_python_pkg' build argument 'cmake_target' from command line to 'None'
[0.798s] Level 5:colcon.colcon_core.verb:set package 'demo_python_pkg' build argument 'cmake_target_skip_unavailable' from command line to 'False'
[0.798s] Level 5:colcon.colcon_core.verb:set package 'demo_python_pkg' build argument 'cmake_clean_cache' from command line to 'False'
[0.798s] Level 5:colcon.colcon_core.verb:set package 'demo_python_pkg' build argument 'cmake_clean_first' from command line to 'False'
[0.798s] Level 5:colcon.colcon_core.verb:set package 'demo_python_pkg' build argument 'cmake_force_configure' from command line to 'False'
[0.798s] Level 5:colcon.colcon_core.verb:set package 'demo_python_pkg' build argument 'ament_cmake_args' from command line to 'None'
[0.798s] Level 5:colcon.colcon_core.verb:set package 'demo_python_pkg' build argument 'catkin_cmake_args' from command line to 'None'
[0.798s] Level 5:colcon.colcon_core.verb:set package 'demo_python_pkg' build argument 'catkin_skip_building_tests' from command line to 'False'
[0.798s] DEBUG:colcon.colcon_core.verb:Building package 'demo_python_pkg' with the following arguments: {'ament_cmake_args': None, 'build_base': '/home/ros2/CHAPT2/chapt2_ws/build/demo_python_pkg', 'catkin_cmake_args': None, 'catkin_skip_building_tests': False, 'cmake_args': None, 'cmake_clean_cache': False, 'cmake_clean_first': False, 'cmake_force_configure': False, 'cmake_target': None, 'cmake_target_skip_unavailable': False, 'install_base': '/home/ros2/CHAPT2/chapt2_ws/install/demo_python_pkg', 'merge_install': False, 'path': '/home/ros2/CHAPT2/chapt2_ws/src/demo_python_pkg', 'symlink_install': False, 'test_result_base': None}
[0.798s] INFO:colcon.colcon_core.executor:Executing jobs using 'parallel' executor
[0.800s] DEBUG:colcon.colcon_parallel_executor.executor.parallel:run_until_complete
[0.800s] INFO:colcon.colcon_ros.task.ament_cmake.build:Building ROS package in '/home/ros2/CHAPT2/chapt2_ws/src/demo_cpp_pkg' with build type 'ament_cmake'
[0.801s] INFO:colcon.colcon_cmake.task.cmake.build:Building CMake package in '/home/ros2/CHAPT2/chapt2_ws/src/demo_cpp_pkg'
[0.804s] INFO:colcon.colcon_core.plugin_system:Skipping extension 'colcon_core.shell.bat': Not used on non-Windows systems
[0.805s] INFO:colcon.colcon_core.shell:Skip shell extension 'powershell' for command environment: Not usable outside of PowerShell
[0.805s] DEBUG:colcon.colcon_core.shell:Skip shell extension 'dsv' for command environment
[0.828s] DEBUG:colcon.colcon_core.event_handler.log_command:Invoking command in '/home/ros2/CHAPT2/chapt2_ws/build/demo_cpp_pkg': CMAKE_PREFIX_PATH=${CMAKE_PREFIX_PATH}:/home/ros2/CHAPT2/chapt2_ws/install/demo_python_pkg:/opt/ros/foxy /usr/bin/cmake --build /home/ros2/CHAPT2/chapt2_ws/build/demo_cpp_pkg -- -j2 -l2
[2.477s] DEBUG:colcon.colcon_core.event_handler.log_command:Invoked command in '/home/ros2/CHAPT2/chapt2_ws/build/demo_cpp_pkg' returned '0': CMAKE_PREFIX_PATH=${CMAKE_PREFIX_PATH}:/home/ros2/CHAPT2/chapt2_ws/install/demo_python_pkg:/opt/ros/foxy /usr/bin/cmake --build /home/ros2/CHAPT2/chapt2_ws/build/demo_cpp_pkg -- -j2 -l2
[2.587s] DEBUG:colcon.colcon_core.event_handler.log_command:Invoking command in '/home/ros2/CHAPT2/chapt2_ws/build/demo_cpp_pkg': CMAKE_PREFIX_PATH=${CMAKE_PREFIX_PATH}:/home/ros2/CHAPT2/chapt2_ws/install/demo_python_pkg:/opt/ros/foxy /usr/bin/cmake --install /home/ros2/CHAPT2/chapt2_ws/build/demo_cpp_pkg
[2.634s] Level 1:colcon.colcon_core.environment:create_environment_scripts_only(demo_cpp_pkg)
[2.637s] Level 1:colcon.colcon_core.environment:checking '/home/ros2/CHAPT2/chapt2_ws/install/demo_cpp_pkg' for CMake module files
[2.638s] Level 1:colcon.colcon_core.environment:checking '/home/ros2/CHAPT2/chapt2_ws/install/demo_cpp_pkg' for CMake config files
[2.646s] DEBUG:colcon.colcon_core.event_handler.log_command:Invoked command in '/home/ros2/CHAPT2/chapt2_ws/build/demo_cpp_pkg' returned '0': CMAKE_PREFIX_PATH=${CMAKE_PREFIX_PATH}:/home/ros2/CHAPT2/chapt2_ws/install/demo_python_pkg:/opt/ros/foxy /usr/bin/cmake --install /home/ros2/CHAPT2/chapt2_ws/build/demo_cpp_pkg
[2.646s] Level 1:colcon.colcon_core.shell:create_environment_hook('demo_cpp_pkg', 'cmake_prefix_path')
[2.647s] INFO:colcon.colcon_core.shell:Creating environment hook '/home/ros2/CHAPT2/chapt2_ws/install/demo_cpp_pkg/share/demo_cpp_pkg/hook/cmake_prefix_path.ps1'
[2.651s] INFO:colcon.colcon_core.shell:Creating environment descriptor '/home/ros2/CHAPT2/chapt2_ws/install/demo_cpp_pkg/share/demo_cpp_pkg/hook/cmake_prefix_path.dsv'
[2.657s] INFO:colcon.colcon_core.shell:Creating environment hook '/home/ros2/CHAPT2/chapt2_ws/install/demo_cpp_pkg/share/demo_cpp_pkg/hook/cmake_prefix_path.sh'
[2.661s] Level 1:colcon.colcon_core.environment:checking '/home/ros2/CHAPT2/chapt2_ws/install/demo_cpp_pkg/lib'
[2.662s] Level 1:colcon.colcon_core.environment:checking '/home/ros2/CHAPT2/chapt2_ws/install/demo_cpp_pkg/bin'
[2.662s] Level 1:colcon.colcon_core.environment:checking '/home/ros2/CHAPT2/chapt2_ws/install/demo_cpp_pkg/lib/pkgconfig/demo_cpp_pkg.pc'
[2.662s] Level 1:colcon.colcon_core.environment:checking '/home/ros2/CHAPT2/chapt2_ws/install/demo_cpp_pkg/lib/python3.8/site-packages'
[2.663s] Level 1:colcon.colcon_core.environment:checking '/home/ros2/CHAPT2/chapt2_ws/install/demo_cpp_pkg/bin'
[2.664s] INFO:colcon.colcon_core.shell:Creating package script '/home/ros2/CHAPT2/chapt2_ws/install/demo_cpp_pkg/share/demo_cpp_pkg/package.ps1'
[2.666s] INFO:colcon.colcon_core.shell:Creating package descriptor '/home/ros2/CHAPT2/chapt2_ws/install/demo_cpp_pkg/share/demo_cpp_pkg/package.dsv'
[2.667s] INFO:colcon.colcon_core.shell:Creating package script '/home/ros2/CHAPT2/chapt2_ws/install/demo_cpp_pkg/share/demo_cpp_pkg/package.sh'
[2.672s] INFO:colcon.colcon_core.shell:Creating package script '/home/ros2/CHAPT2/chapt2_ws/install/demo_cpp_pkg/share/demo_cpp_pkg/package.bash'
[2.675s] INFO:colcon.colcon_core.shell:Creating package script '/home/ros2/CHAPT2/chapt2_ws/install/demo_cpp_pkg/share/demo_cpp_pkg/package.zsh'
[2.679s] Level 1:colcon.colcon_core.environment:create_file_with_runtime_dependencies(/home/ros2/CHAPT2/chapt2_ws/install/demo_cpp_pkg/share/colcon-core/packages/demo_cpp_pkg)
[2.776s] Level 1:colcon.colcon_core.environment:create_environment_scripts_only(demo_cpp_pkg)
[2.777s] Level 1:colcon.colcon_core.environment:checking '/home/ros2/CHAPT2/chapt2_ws/install/demo_cpp_pkg' for CMake module files
[2.777s] Level 1:colcon.colcon_core.environment:checking '/home/ros2/CHAPT2/chapt2_ws/install/demo_cpp_pkg' for CMake config files
[2.778s] Level 1:colcon.colcon_core.shell:create_environment_hook('demo_cpp_pkg', 'cmake_prefix_path')
[2.778s] INFO:colcon.colcon_core.shell:Creating environment hook '/home/ros2/CHAPT2/chapt2_ws/install/demo_cpp_pkg/share/demo_cpp_pkg/hook/cmake_prefix_path.ps1'
[2.781s] INFO:colcon.colcon_core.shell:Creating environment descriptor '/home/ros2/CHAPT2/chapt2_ws/install/demo_cpp_pkg/share/demo_cpp_pkg/hook/cmake_prefix_path.dsv'
[2.783s] INFO:colcon.colcon_core.shell:Creating environment hook '/home/ros2/CHAPT2/chapt2_ws/install/demo_cpp_pkg/share/demo_cpp_pkg/hook/cmake_prefix_path.sh'
[2.787s] Level 1:colcon.colcon_core.environment:checking '/home/ros2/CHAPT2/chapt2_ws/install/demo_cpp_pkg/lib'
[2.787s] Level 1:colcon.colcon_core.environment:checking '/home/ros2/CHAPT2/chapt2_ws/install/demo_cpp_pkg/bin'
[2.787s] Level 1:colcon.colcon_core.environment:checking '/home/ros2/CHAPT2/chapt2_ws/install/demo_cpp_pkg/lib/pkgconfig/demo_cpp_pkg.pc'
[2.788s] Level 1:colcon.colcon_core.environment:checking '/home/ros2/CHAPT2/chapt2_ws/install/demo_cpp_pkg/lib/python3.8/site-packages'
[2.788s] Level 1:colcon.colcon_core.environment:checking '/home/ros2/CHAPT2/chapt2_ws/install/demo_cpp_pkg/bin'
[2.789s] INFO:colcon.colcon_core.shell:Creating package script '/home/ros2/CHAPT2/chapt2_ws/install/demo_cpp_pkg/share/demo_cpp_pkg/package.ps1'
[2.790s] INFO:colcon.colcon_core.shell:Creating package descriptor '/home/ros2/CHAPT2/chapt2_ws/install/demo_cpp_pkg/share/demo_cpp_pkg/package.dsv'
[2.791s] INFO:colcon.colcon_core.shell:Creating package script '/home/ros2/CHAPT2/chapt2_ws/install/demo_cpp_pkg/share/demo_cpp_pkg/package.sh'
[2.792s] INFO:colcon.colcon_core.shell:Creating package script '/home/ros2/CHAPT2/chapt2_ws/install/demo_cpp_pkg/share/demo_cpp_pkg/package.bash'
[2.793s] INFO:colcon.colcon_core.shell:Creating package script '/home/ros2/CHAPT2/chapt2_ws/install/demo_cpp_pkg/share/demo_cpp_pkg/package.zsh'
[2.794s] Level 1:colcon.colcon_core.environment:create_file_with_runtime_dependencies(/home/ros2/CHAPT2/chapt2_ws/install/demo_cpp_pkg/share/colcon-core/packages/demo_cpp_pkg)
[2.795s] INFO:colcon.colcon_ros.task.ament_python.build:Building ROS package in '/home/ros2/CHAPT2/chapt2_ws/src/demo_python_pkg' with build type 'ament_python'
[2.797s] Level 1:colcon.colcon_core.shell:create_environment_hook('demo_python_pkg', 'ament_prefix_path')
[2.797s] INFO:colcon.colcon_core.shell:Creating environment hook '/home/ros2/CHAPT2/chapt2_ws/install/demo_python_pkg/share/demo_python_pkg/hook/ament_prefix_path.ps1'
[2.798s] INFO:colcon.colcon_core.shell:Creating environment descriptor '/home/ros2/CHAPT2/chapt2_ws/install/demo_python_pkg/share/demo_python_pkg/hook/ament_prefix_path.dsv'
[2.798s] INFO:colcon.colcon_core.shell:Creating environment hook '/home/ros2/CHAPT2/chapt2_ws/install/demo_python_pkg/share/demo_python_pkg/hook/ament_prefix_path.sh'
[2.799s] INFO:colcon.colcon_core.shell:Skip shell extension 'powershell' for command environment: Not usable outside of PowerShell
[2.799s] DEBUG:colcon.colcon_core.shell:Skip shell extension 'dsv' for command environment
[3.286s] INFO:colcon.colcon_core.task.python.build:Building Python package in '/home/ros2/CHAPT2/chapt2_ws/src/demo_python_pkg'
[3.288s] INFO:colcon.colcon_core.shell:Skip shell extension 'powershell' for command environment: Not usable outside of PowerShell
[3.288s] DEBUG:colcon.colcon_core.shell:Skip shell extension 'dsv' for command environment
[4.095s] DEBUG:colcon.colcon_core.event_handler.log_command:Invoking command in '/home/ros2/CHAPT2/chapt2_ws/src/demo_python_pkg': PYTHONPATH=/home/ros2/CHAPT2/chapt2_ws/build/demo_python_pkg/prefix_override:/usr/lib/python3/dist-packages/colcon_core/task/python/colcon_distutils_commands:/home/ros2/CHAPT2/chapt2_ws/install/demo_python_pkg/lib/python3.8/site-packages:${PYTHONPATH} /usr/bin/python3 -W ignore:setup.py install is deprecated setup.py egg_info --egg-base ../../build/demo_python_pkg build --build-base /home/ros2/CHAPT2/chapt2_ws/build/demo_python_pkg/build install --record /home/ros2/CHAPT2/chapt2_ws/build/demo_python_pkg/install.log --install-scripts $base/lib/demo_python_pkg --single-version-externally-managed install_data
[4.904s] Level 1:colcon.colcon_core.environment:checking '/home/ros2/CHAPT2/chapt2_ws/install/demo_python_pkg' for CMake module files
[4.965s] DEBUG:colcon.colcon_core.event_handler.log_command:Invoked command in '/home/ros2/CHAPT2/chapt2_ws/src/demo_python_pkg' returned '0': PYTHONPATH=/home/ros2/CHAPT2/chapt2_ws/build/demo_python_pkg/prefix_override:/usr/lib/python3/dist-packages/colcon_core/task/python/colcon_distutils_commands:/home/ros2/CHAPT2/chapt2_ws/install/demo_python_pkg/lib/python3.8/site-packages:${PYTHONPATH} /usr/bin/python3 -W ignore:setup.py install is deprecated setup.py egg_info --egg-base ../../build/demo_python_pkg build --build-base /home/ros2/CHAPT2/chapt2_ws/build/demo_python_pkg/build install --record /home/ros2/CHAPT2/chapt2_ws/build/demo_python_pkg/install.log --install-scripts $base/lib/demo_python_pkg --single-version-externally-managed install_data
[4.967s] Level 1:colcon.colcon_core.environment:checking '/home/ros2/CHAPT2/chapt2_ws/install/demo_python_pkg' for CMake config files
[4.973s] Level 1:colcon.colcon_core.environment:checking '/home/ros2/CHAPT2/chapt2_ws/install/demo_python_pkg/lib'
[4.973s] Level 1:colcon.colcon_core.environment:checking '/home/ros2/CHAPT2/chapt2_ws/install/demo_python_pkg/bin'
[4.974s] Level 1:colcon.colcon_core.environment:checking '/home/ros2/CHAPT2/chapt2_ws/install/demo_python_pkg/lib/pkgconfig/demo_python_pkg.pc'
[4.974s] Level 1:colcon.colcon_core.environment:checking '/home/ros2/CHAPT2/chapt2_ws/install/demo_python_pkg/lib/python3.8/site-packages'
[4.976s] Level 1:colcon.colcon_core.shell:create_environment_hook('demo_python_pkg', 'pythonpath')
[4.977s] INFO:colcon.colcon_core.shell:Creating environment hook '/home/ros2/CHAPT2/chapt2_ws/install/demo_python_pkg/share/demo_python_pkg/hook/pythonpath.ps1'
[4.981s] INFO:colcon.colcon_core.shell:Creating environment descriptor '/home/ros2/CHAPT2/chapt2_ws/install/demo_python_pkg/share/demo_python_pkg/hook/pythonpath.dsv'
[4.985s] INFO:colcon.colcon_core.shell:Creating environment hook '/home/ros2/CHAPT2/chapt2_ws/install/demo_python_pkg/share/demo_python_pkg/hook/pythonpath.sh'
[4.990s] Level 1:colcon.colcon_core.environment:checking '/home/ros2/CHAPT2/chapt2_ws/install/demo_python_pkg/bin'
[4.992s] Level 1:colcon.colcon_core.environment:create_environment_scripts_only(demo_python_pkg)
[4.994s] INFO:colcon.colcon_core.shell:Creating package script '/home/ros2/CHAPT2/chapt2_ws/install/demo_python_pkg/share/demo_python_pkg/package.ps1'
[4.999s] INFO:colcon.colcon_core.shell:Creating package descriptor '/home/ros2/CHAPT2/chapt2_ws/install/demo_python_pkg/share/demo_python_pkg/package.dsv'
[5.000s] INFO:colcon.colcon_core.shell:Creating package script '/home/ros2/CHAPT2/chapt2_ws/install/demo_python_pkg/share/demo_python_pkg/package.sh'
[5.002s] INFO:colcon.colcon_core.shell:Creating package script '/home/ros2/CHAPT2/chapt2_ws/install/demo_python_pkg/share/demo_python_pkg/package.bash'
[5.005s] INFO:colcon.colcon_core.shell:Creating package script '/home/ros2/CHAPT2/chapt2_ws/install/demo_python_pkg/share/demo_python_pkg/package.zsh'
[5.007s] Level 1:colcon.colcon_core.environment:create_file_with_runtime_dependencies(/home/ros2/CHAPT2/chapt2_ws/install/demo_python_pkg/share/colcon-core/packages/demo_python_pkg)
[5.010s] DEBUG:colcon.colcon_parallel_executor.executor.parallel:closing loop
[5.010s] DEBUG:colcon.colcon_parallel_executor.executor.parallel:loop closed
[5.011s] DEBUG:colcon.colcon_parallel_executor.executor.parallel:run_until_complete finished with '0'
[5.011s] DEBUG:colcon.colcon_core.event_reactor:joining thread
[5.022s] INFO:colcon.colcon_core.plugin_system:Skipping extension 'colcon_notification.desktop_notification.terminal_notifier': Not used on non-Darwin systems
[5.022s] INFO:colcon.colcon_core.plugin_system:Skipping extension 'colcon_notification.desktop_notification.win32': Not used on non-Windows systems
[5.023s] INFO:colcon.colcon_notification.desktop_notification:Sending desktop notification using 'notify2'
[5.074s] DEBUG:colcon.colcon_core.event_reactor:joined thread
[5.075s] INFO:colcon.colcon_core.shell:Creating prefix script '/home/ros2/CHAPT2/chapt2_ws/install/local_setup.ps1'
[5.078s] INFO:colcon.colcon_core.shell:Creating prefix util module '/home/ros2/CHAPT2/chapt2_ws/install/_local_setup_util_ps1.py'
[5.083s] INFO:colcon.colcon_core.shell:Creating prefix chain script '/home/ros2/CHAPT2/chapt2_ws/install/setup.ps1'
[5.087s] INFO:colcon.colcon_core.shell:Creating prefix script '/home/ros2/CHAPT2/chapt2_ws/install/local_setup.sh'
[5.095s] INFO:colcon.colcon_core.shell:Creating prefix util module '/home/ros2/CHAPT2/chapt2_ws/install/_local_setup_util_sh.py'
[5.096s] INFO:colcon.colcon_core.shell:Creating prefix chain script '/home/ros2/CHAPT2/chapt2_ws/install/setup.sh'
[5.099s] INFO:colcon.colcon_core.shell:Creating prefix script '/home/ros2/CHAPT2/chapt2_ws/install/local_setup.bash'
[5.103s] INFO:colcon.colcon_core.shell:Creating prefix chain script '/home/ros2/CHAPT2/chapt2_ws/install/setup.bash'
[5.110s] INFO:colcon.colcon_core.shell:Creating prefix script '/home/ros2/CHAPT2/chapt2_ws/install/local_setup.zsh'
[5.113s] INFO:colcon.colcon_core.shell:Creating prefix chain script '/home/ros2/CHAPT2/chapt2_ws/install/setup.zsh'
