running egg_info
creating ../../build/demo_python_topic/demo_python_topic.egg-info
writing ../../build/demo_python_topic/demo_python_topic.egg-info/PKG-INFO
writing dependency_links to ../../build/demo_python_topic/demo_python_topic.egg-info/dependency_links.txt
writing entry points to ../../build/demo_python_topic/demo_python_topic.egg-info/entry_points.txt
writing requirements to ../../build/demo_python_topic/demo_python_topic.egg-info/requires.txt
writing top-level names to ../../build/demo_python_topic/demo_python_topic.egg-info/top_level.txt
writing manifest file '../../build/demo_python_topic/demo_python_topic.egg-info/SOURCES.txt'
reading manifest file '../../build/demo_python_topic/demo_python_topic.egg-info/SOURCES.txt'
writing manifest file '../../build/demo_python_topic/demo_python_topic.egg-info/SOURCES.txt'
running build
running build_py
creating /home/ros2/CHAPT3/topic_ws/build/demo_python_topic/build
creating /home/ros2/CHAPT3/topic_ws/build/demo_python_topic/build/lib
creating /home/ros2/CHAPT3/topic_ws/build/demo_python_topic/build/lib/demo_python_topic
copying demo_python_topic/novel_pub_node.py -> /home/ros2/CHAPT3/topic_ws/build/demo_python_topic/build/lib/demo_python_topic
copying demo_python_topic/__init__.py -> /home/ros2/CHAPT3/topic_ws/build/demo_python_topic/build/lib/demo_python_topic
running install
running install_lib
creating /home/ros2/CHAPT3/topic_ws/install/demo_python_topic/lib/python3.8/site-packages/demo_python_topic
copying /home/ros2/CHAPT3/topic_ws/build/demo_python_topic/build/lib/demo_python_topic/novel_pub_node.py -> /home/ros2/CHAPT3/topic_ws/install/demo_python_topic/lib/python3.8/site-packages/demo_python_topic
copying /home/ros2/CHAPT3/topic_ws/build/demo_python_topic/build/lib/demo_python_topic/__init__.py -> /home/ros2/CHAPT3/topic_ws/install/demo_python_topic/lib/python3.8/site-packages/demo_python_topic
byte-compiling /home/ros2/CHAPT3/topic_ws/install/demo_python_topic/lib/python3.8/site-packages/demo_python_topic/novel_pub_node.py to novel_pub_node.cpython-38.pyc
byte-compiling /home/ros2/CHAPT3/topic_ws/install/demo_python_topic/lib/python3.8/site-packages/demo_python_topic/__init__.py to __init__.cpython-38.pyc
running install_data
creating /home/ros2/CHAPT3/topic_ws/install/demo_python_topic/share/ament_index
creating /home/ros2/CHAPT3/topic_ws/install/demo_python_topic/share/ament_index/resource_index
creating /home/ros2/CHAPT3/topic_ws/install/demo_python_topic/share/ament_index/resource_index/packages
copying resource/demo_python_topic -> /home/ros2/CHAPT3/topic_ws/install/demo_python_topic/share/ament_index/resource_index/packages
copying package.xml -> /home/ros2/CHAPT3/topic_ws/install/demo_python_topic/share/demo_python_topic
running install_egg_info
Copying ../../build/demo_python_topic/demo_python_topic.egg-info to /home/ros2/CHAPT3/topic_ws/install/demo_python_topic/lib/python3.8/site-packages/demo_python_topic-0.0.0-py3.8.egg-info
running install_scripts
Installing novel_pub_node script to /home/ros2/CHAPT3/topic_ws/install/demo_python_topic/lib/demo_python_topic
writing list of installed files to '/home/ros2/CHAPT3/topic_ws/build/demo_python_topic/install.log'
