[0.691s] Invoking command in '/home/ros2/CHAPT3/topic_ws/src/demo_python_topic': PYTHONPATH=/home/ros2/CHAPT3/topic_ws/build/demo_python_topic/prefix_override:/usr/lib/python3/dist-packages/colcon_core/task/python/colcon_distutils_commands:/home/ros2/CHAPT3/topic_ws/install/demo_python_topic/lib/python3.8/site-packages:${PYTHONPATH} /usr/bin/python3 -W ignore:setup.py install is deprecated setup.py egg_info --egg-base ../../build/demo_python_topic build --build-base /home/ros2/CHAPT3/topic_ws/build/demo_python_topic/build install --record /home/ros2/CHAPT3/topic_ws/build/demo_python_topic/install.log --install-scripts $base/lib/demo_python_topic --single-version-externally-managed install_data
[0.927s] running egg_info
[0.928s] creating ../../build/demo_python_topic/demo_python_topic.egg-info
[0.928s] writing ../../build/demo_python_topic/demo_python_topic.egg-info/PKG-INFO
[0.928s] writing dependency_links to ../../build/demo_python_topic/demo_python_topic.egg-info/dependency_links.txt
[0.928s] writing entry points to ../../build/demo_python_topic/demo_python_topic.egg-info/entry_points.txt
[0.928s] writing requirements to ../../build/demo_python_topic/demo_python_topic.egg-info/requires.txt
[0.929s] writing top-level names to ../../build/demo_python_topic/demo_python_topic.egg-info/top_level.txt
[0.930s] writing manifest file '../../build/demo_python_topic/demo_python_topic.egg-info/SOURCES.txt'
[0.970s] reading manifest file '../../build/demo_python_topic/demo_python_topic.egg-info/SOURCES.txt'
[0.971s] writing manifest file '../../build/demo_python_topic/demo_python_topic.egg-info/SOURCES.txt'
[0.971s] running build
[0.971s] running build_py
[0.971s] creating /home/ros2/CHAPT3/topic_ws/build/demo_python_topic/build
[0.971s] creating /home/ros2/CHAPT3/topic_ws/build/demo_python_topic/build/lib
[0.972s] creating /home/ros2/CHAPT3/topic_ws/build/demo_python_topic/build/lib/demo_python_topic
[0.972s] copying demo_python_topic/novel_pub_node.py -> /home/ros2/CHAPT3/topic_ws/build/demo_python_topic/build/lib/demo_python_topic
[0.972s] copying demo_python_topic/__init__.py -> /home/ros2/CHAPT3/topic_ws/build/demo_python_topic/build/lib/demo_python_topic
[0.972s] running install
[0.972s] running install_lib
[0.973s] creating /home/ros2/CHAPT3/topic_ws/install/demo_python_topic/lib/python3.8/site-packages/demo_python_topic
[0.973s] copying /home/ros2/CHAPT3/topic_ws/build/demo_python_topic/build/lib/demo_python_topic/novel_pub_node.py -> /home/ros2/CHAPT3/topic_ws/install/demo_python_topic/lib/python3.8/site-packages/demo_python_topic
[0.973s] copying /home/ros2/CHAPT3/topic_ws/build/demo_python_topic/build/lib/demo_python_topic/__init__.py -> /home/ros2/CHAPT3/topic_ws/install/demo_python_topic/lib/python3.8/site-packages/demo_python_topic
[0.974s] byte-compiling /home/ros2/CHAPT3/topic_ws/install/demo_python_topic/lib/python3.8/site-packages/demo_python_topic/novel_pub_node.py to novel_pub_node.cpython-38.pyc
[0.975s] byte-compiling /home/ros2/CHAPT3/topic_ws/install/demo_python_topic/lib/python3.8/site-packages/demo_python_topic/__init__.py to __init__.cpython-38.pyc
[0.975s] running install_data
[0.975s] creating /home/ros2/CHAPT3/topic_ws/install/demo_python_topic/share/ament_index
[0.975s] creating /home/ros2/CHAPT3/topic_ws/install/demo_python_topic/share/ament_index/resource_index
[0.975s] creating /home/ros2/CHAPT3/topic_ws/install/demo_python_topic/share/ament_index/resource_index/packages
[0.976s] copying resource/demo_python_topic -> /home/ros2/CHAPT3/topic_ws/install/demo_python_topic/share/ament_index/resource_index/packages
[0.976s] copying package.xml -> /home/ros2/CHAPT3/topic_ws/install/demo_python_topic/share/demo_python_topic
[0.976s] running install_egg_info
[0.977s] Copying ../../build/demo_python_topic/demo_python_topic.egg-info to /home/ros2/CHAPT3/topic_ws/install/demo_python_topic/lib/python3.8/site-packages/demo_python_topic-0.0.0-py3.8.egg-info
[0.978s] running install_scripts
[0.994s] Installing novel_pub_node script to /home/ros2/CHAPT3/topic_ws/install/demo_python_topic/lib/demo_python_topic
[0.994s] writing list of installed files to '/home/ros2/CHAPT3/topic_ws/build/demo_python_topic/install.log'
[1.036s] Invoked command in '/home/ros2/CHAPT3/topic_ws/src/demo_python_topic' returned '0': PYTHONPATH=/home/ros2/CHAPT3/topic_ws/build/demo_python_topic/prefix_override:/usr/lib/python3/dist-packages/colcon_core/task/python/colcon_distutils_commands:/home/ros2/CHAPT3/topic_ws/install/demo_python_topic/lib/python3.8/site-packages:${PYTHONPATH} /usr/bin/python3 -W ignore:setup.py install is deprecated setup.py egg_info --egg-base ../../build/demo_python_topic build --build-base /home/ros2/CHAPT3/topic_ws/build/demo_python_topic/build install --record /home/ros2/CHAPT3/topic_ws/build/demo_python_topic/install.log --install-scripts $base/lib/demo_python_topic --single-version-externally-managed install_data
