[0.434s] Invoking command in '/home/ros2/CHAPT6/chapt6_ws/build/fishbot_description': CMAKE_PREFIX_PATH=${CMAKE_PREFIX_PATH}:/opt/ros/foxy /usr/bin/cmake --build /home/ros2/CHAPT6/chapt6_ws/build/fishbot_description -- -j2 -l2
[1.443s] Invoked command in '/home/ros2/CHAPT6/chapt6_ws/build/fishbot_description' returned '0': CMAKE_PREFIX_PATH=${CMAKE_PREFIX_PATH}:/opt/ros/foxy /usr/bin/cmake --build /home/ros2/CHAPT6/chapt6_ws/build/fishbot_description -- -j2 -l2
[1.556s] Invoking command in '/home/ros2/CHAPT6/chapt6_ws/build/fishbot_description': CMAKE_PREFIX_PATH=${CMAKE_PREFIX_PATH}:/opt/ros/foxy /usr/bin/cmake --install /home/ros2/CHAPT6/chapt6_ws/build/fishbot_description
[1.608s] -- Install configuration: ""
[1.608s] -- Up-to-date: /home/ros2/CHAPT6/chapt6_ws/install/fishbot_description/share/fishbot_description/launch
[1.628s] -- Up-to-date: /home/ros2/CHAPT6/chapt6_ws/install/fishbot_description/share/fishbot_description/launch/gazebo_sim.launch.py
[1.628s] -- Up-to-date: /home/ros2/CHAPT6/chapt6_ws/install/fishbot_description/share/fishbot_description/launch/__pycache__
[1.630s] -- Up-to-date: /home/ros2/CHAPT6/chapt6_ws/install/fishbot_description/share/fishbot_description/launch/__pycache__/display_robot.launch.cpython-38.pyc
[1.630s] -- Up-to-date: /home/ros2/CHAPT6/chapt6_ws/install/fishbot_description/share/fishbot_description/launch/display_robot.launch.py
[1.631s] -- Up-to-date: /home/ros2/CHAPT6/chapt6_ws/install/fishbot_description/share/fishbot_description/urdf
[1.632s] -- Up-to-date: /home/ros2/CHAPT6/chapt6_ws/install/fishbot_description/share/fishbot_description/urdf/first_robot.xacro
[1.633s] -- Up-to-date: /home/ros2/CHAPT6/chapt6_ws/install/fishbot_description/share/fishbot_description/urdf/first_robot.pdf
[1.633s] -- Up-to-date: /home/ros2/CHAPT6/chapt6_ws/install/fishbot_description/share/fishbot_description/urdf/first_robot.gv
[1.633s] -- Up-to-date: /home/ros2/CHAPT6/chapt6_ws/install/fishbot_description/share/fishbot_description/urdf/first_robot.urdf
[1.633s] -- Up-to-date: /home/ros2/CHAPT6/chapt6_ws/install/fishbot_description/share/fishbot_description/urdf/fishbot
[1.650s] -- Up-to-date: /home/ros2/CHAPT6/chapt6_ws/install/fishbot_description/share/fishbot_description/urdf/fishbot/fishbot.ros2_control.xacro
[1.651s] -- Up-to-date: /home/ros2/CHAPT6/chapt6_ws/install/fishbot_description/share/fishbot_description/urdf/fishbot/fishbot.urdf.xacro
[1.651s] -- Up-to-date: /home/ros2/CHAPT6/chapt6_ws/install/fishbot_description/share/fishbot_description/urdf/fishbot/base.urdf.xacro
[1.651s] -- Up-to-date: /home/ros2/CHAPT6/chapt6_ws/install/fishbot_description/share/fishbot_description/urdf/fishbot/plugins
[1.652s] -- Up-to-date: /home/ros2/CHAPT6/chapt6_ws/install/fishbot_description/share/fishbot_description/urdf/fishbot/plugins/gazebo_control_plugin.xacro
[1.652s] -- Up-to-date: /home/ros2/CHAPT6/chapt6_ws/install/fishbot_description/share/fishbot_description/urdf/fishbot/plugins/gazebo_sensor_plugin.xacro
[1.652s] -- Up-to-date: /home/ros2/CHAPT6/chapt6_ws/install/fishbot_description/share/fishbot_description/urdf/fishbot/common_inertia.xacro
[1.652s] -- Up-to-date: /home/ros2/CHAPT6/chapt6_ws/install/fishbot_description/share/fishbot_description/urdf/fishbot/sensor
[1.741s] -- Up-to-date: /home/ros2/CHAPT6/chapt6_ws/install/fishbot_description/share/fishbot_description/urdf/fishbot/sensor/laser.urdf.xacro
[1.742s] -- Up-to-date: /home/ros2/CHAPT6/chapt6_ws/install/fishbot_description/share/fishbot_description/urdf/fishbot/sensor/imu.urdf.xacro
[1.742s] -- Up-to-date: /home/ros2/CHAPT6/chapt6_ws/install/fishbot_description/share/fishbot_description/urdf/fishbot/sensor/camera.urdf.xacro
[1.742s] -- Up-to-date: /home/ros2/CHAPT6/chapt6_ws/install/fishbot_description/share/fishbot_description/urdf/fishbot/actuator
[1.792s] -- Up-to-date: /home/ros2/CHAPT6/chapt6_ws/install/fishbot_description/share/fishbot_description/urdf/fishbot/actuator/wheel.urdf.xacro
[1.792s] -- Up-to-date: /home/ros2/CHAPT6/chapt6_ws/install/fishbot_description/share/fishbot_description/urdf/fishbot/actuator/caster.urdf.xacro
[1.792s] -- Up-to-date: /home/ros2/CHAPT6/chapt6_ws/install/fishbot_description/share/fishbot_description/config
[1.813s] -- Up-to-date: /home/ros2/CHAPT6/chapt6_ws/install/fishbot_description/share/fishbot_description/config/display_robot_model.rviz
[1.813s] -- Installing: /home/ros2/CHAPT6/chapt6_ws/install/fishbot_description/share/fishbot_description/config/fishbot_ros2_controller.yaml
[1.814s] -- Up-to-date: /home/ros2/CHAPT6/chapt6_ws/install/fishbot_description/share/fishbot_description/world
[1.814s] -- Up-to-date: /home/ros2/CHAPT6/chapt6_ws/install/fishbot_description/share/fishbot_description/world/room
[1.814s] -- Up-to-date: /home/ros2/CHAPT6/chapt6_ws/install/fishbot_description/share/fishbot_description/world/room/model.sdf
[1.814s] -- Up-to-date: /home/ros2/CHAPT6/chapt6_ws/install/fishbot_description/share/fishbot_description/world/room/model.config
[1.814s] -- Up-to-date: /home/ros2/CHAPT6/chapt6_ws/install/fishbot_description/share/fishbot_description/world/custom_room.world
[1.814s] -- Up-to-date: /home/ros2/CHAPT6/chapt6_ws/install/fishbot_description/share/ament_index/resource_index/package_run_dependencies/fishbot_description
[1.826s] -- Up-to-date: /home/ros2/CHAPT6/chapt6_ws/install/fishbot_description/share/ament_index/resource_index/parent_prefix_path/fishbot_description
[1.827s] -- Up-to-date: /home/ros2/CHAPT6/chapt6_ws/install/fishbot_description/share/fishbot_description/environment/ament_prefix_path.sh
[1.827s] -- Up-to-date: /home/ros2/CHAPT6/chapt6_ws/install/fishbot_description/share/fishbot_description/environment/ament_prefix_path.dsv
[1.827s] -- Up-to-date: /home/ros2/CHAPT6/chapt6_ws/install/fishbot_description/share/fishbot_description/environment/path.sh
[1.828s] -- Up-to-date: /home/ros2/CHAPT6/chapt6_ws/install/fishbot_description/share/fishbot_description/environment/path.dsv
[1.828s] -- Up-to-date: /home/ros2/CHAPT6/chapt6_ws/install/fishbot_description/share/fishbot_description/local_setup.bash
[1.828s] -- Up-to-date: /home/ros2/CHAPT6/chapt6_ws/install/fishbot_description/share/fishbot_description/local_setup.sh
[1.828s] -- Up-to-date: /home/ros2/CHAPT6/chapt6_ws/install/fishbot_description/share/fishbot_description/local_setup.zsh
[1.828s] -- Up-to-date: /home/ros2/CHAPT6/chapt6_ws/install/fishbot_description/share/fishbot_description/local_setup.dsv
[1.828s] -- Installing: /home/ros2/CHAPT6/chapt6_ws/install/fishbot_description/share/fishbot_description/package.dsv
[1.830s] -- Up-to-date: /home/ros2/CHAPT6/chapt6_ws/install/fishbot_description/share/ament_index/resource_index/packages/fishbot_description
[1.833s] -- Up-to-date: /home/ros2/CHAPT6/chapt6_ws/install/fishbot_description/share/fishbot_description/cmake/fishbot_descriptionConfig.cmake
[1.834s] -- Up-to-date: /home/ros2/CHAPT6/chapt6_ws/install/fishbot_description/share/fishbot_description/cmake/fishbot_descriptionConfig-version.cmake
[1.834s] -- Up-to-date: /home/ros2/CHAPT6/chapt6_ws/install/fishbot_description/share/fishbot_description/package.xml
[1.857s] Invoked command in '/home/ros2/CHAPT6/chapt6_ws/build/fishbot_description' returned '0': CMAKE_PREFIX_PATH=${CMAKE_PREFIX_PATH}:/opt/ros/foxy /usr/bin/cmake --install /home/ros2/CHAPT6/chapt6_ws/build/fishbot_description
