[3.164s] DEBUG:colcon:Command line arguments: ['/usr/bin/colcon', 'build']
[3.164s] DEBUG:colcon:Parsed command line arguments: Namespace(allow_overriding=[], ament_cmake_args=None, base_paths=['.'], build_base='build', catkin_cmake_args=None, catkin_skip_building_tests=False, cmake_args=None, cmake_clean_cache=False, cmake_clean_first=False, cmake_force_configure=False, cmake_target=None, cmake_target_skip_unavailable=False, continue_on_error=False, event_handlers=None, executor='parallel', ignore_user_meta=False, install_base='install', log_base=None, log_level=None, main=<bound method BuildVerb.main of <colcon_core.verb.build.BuildVerb object at 0x7f4cd35b9250>>, merge_install=False, metas=['./colcon.meta'], packages_above=None, packages_above_and_dependencies=None, packages_above_depth=None, packages_end=None, packages_ignore=None, packages_ignore_regex=None, packages_select=None, packages_select_build_failed=False, packages_select_by_dep=None, packages_select_regex=None, packages_select_test_failures=False, packages_skip=None, packages_skip_build_finished=False, packages_skip_by_dep=None, packages_skip_regex=None, packages_skip_test_passed=False, packages_skip_up_to=None, packages_start=None, packages_up_to=None, packages_up_to_regex=None, parallel_workers=2, paths=None, symlink_install=False, test_result_base=None, verb_extension=<colcon_core.verb.build.BuildVerb object at 0x7f4cd35b9250>, verb_name='build', verb_parser=<colcon_defaults.argument_parser.defaults.DefaultArgumentsDecorator object at 0x7f4cd35b9730>)
[3.642s] Level 1:colcon.colcon_core.package_discovery:discover_packages(colcon_meta) check parameters
[3.643s] Level 1:colcon.colcon_core.package_discovery:discover_packages(recursive) check parameters
[3.643s] Level 1:colcon.colcon_core.package_discovery:discover_packages(ignore) check parameters
[3.643s] Level 1:colcon.colcon_core.package_discovery:discover_packages(path) check parameters
[3.643s] Level 1:colcon.colcon_core.package_discovery:discover_packages(colcon_meta) discover
[3.643s] Level 1:colcon.colcon_core.package_discovery:discover_packages(recursive) discover
[3.643s] INFO:colcon.colcon_core.package_discovery:Crawling recursively for packages in '/home/ros2/CHAPT2/chapt2_ws'
[3.643s] Level 1:colcon.colcon_core.package_identification:_identify(.) by extensions ['ignore', 'ignore_ament_install']
[3.644s] Level 1:colcon.colcon_core.package_identification:_identify(.) by extension 'ignore'
[3.644s] Level 1:colcon.colcon_core.package_identification:_identify(.) by extension 'ignore_ament_install'
[3.644s] Level 1:colcon.colcon_core.package_identification:_identify(.) by extensions ['colcon_pkg']
[3.644s] Level 1:colcon.colcon_core.package_identification:_identify(.) by extension 'colcon_pkg'
[3.644s] Level 1:colcon.colcon_core.package_identification:_identify(.) by extensions ['colcon_meta']
[3.644s] Level 1:colcon.colcon_core.package_identification:_identify(.) by extension 'colcon_meta'
[3.644s] Level 1:colcon.colcon_core.package_identification:_identify(.) by extensions ['ros']
[3.644s] Level 1:colcon.colcon_core.package_identification:_identify(.) by extension 'ros'
[3.671s] Level 1:colcon.colcon_core.package_identification:_identify(.) by extensions ['cmake', 'python']
[3.671s] Level 1:colcon.colcon_core.package_identification:_identify(.) by extension 'cmake'
[3.671s] Level 1:colcon.colcon_core.package_identification:_identify(.) by extension 'python'
[3.671s] Level 1:colcon.colcon_core.package_identification:_identify(.) by extensions ['python_setup_py']
[3.672s] Level 1:colcon.colcon_core.package_identification:_identify(.) by extension 'python_setup_py'
[3.672s] Level 1:colcon.colcon_core.package_identification:_identify(build) by extensions ['ignore', 'ignore_ament_install']
[3.673s] Level 1:colcon.colcon_core.package_identification:_identify(build) by extension 'ignore'
[3.673s] Level 1:colcon.colcon_core.package_identification:_identify(build) ignored
[3.673s] Level 1:colcon.colcon_core.package_identification:_identify(install) by extensions ['ignore', 'ignore_ament_install']
[3.673s] Level 1:colcon.colcon_core.package_identification:_identify(install) by extension 'ignore'
[3.673s] Level 1:colcon.colcon_core.package_identification:_identify(install) ignored
[3.673s] Level 1:colcon.colcon_core.package_identification:_identify(log) by extensions ['ignore', 'ignore_ament_install']
[3.674s] Level 1:colcon.colcon_core.package_identification:_identify(log) by extension 'ignore'
[3.674s] Level 1:colcon.colcon_core.package_identification:_identify(log) ignored
[3.674s] Level 1:colcon.colcon_core.package_identification:_identify(src) by extensions ['ignore', 'ignore_ament_install']
[3.674s] Level 1:colcon.colcon_core.package_identification:_identify(src) by extension 'ignore'
[3.674s] Level 1:colcon.colcon_core.package_identification:_identify(src) by extension 'ignore_ament_install'
[3.674s] Level 1:colcon.colcon_core.package_identification:_identify(src) by extensions ['colcon_pkg']
[3.674s] Level 1:colcon.colcon_core.package_identification:_identify(src) by extension 'colcon_pkg'
[3.674s] Level 1:colcon.colcon_core.package_identification:_identify(src) by extensions ['colcon_meta']
[3.674s] Level 1:colcon.colcon_core.package_identification:_identify(src) by extension 'colcon_meta'
[3.674s] Level 1:colcon.colcon_core.package_identification:_identify(src) by extensions ['ros']
[3.674s] Level 1:colcon.colcon_core.package_identification:_identify(src) by extension 'ros'
[3.674s] Level 1:colcon.colcon_core.package_identification:_identify(src) by extensions ['cmake', 'python']
[3.675s] Level 1:colcon.colcon_core.package_identification:_identify(src) by extension 'cmake'
[3.675s] Level 1:colcon.colcon_core.package_identification:_identify(src) by extension 'python'
[3.675s] Level 1:colcon.colcon_core.package_identification:_identify(src) by extensions ['python_setup_py']
[3.675s] Level 1:colcon.colcon_core.package_identification:_identify(src) by extension 'python_setup_py'
[3.675s] Level 1:colcon.colcon_core.package_identification:_identify(src/demo_cpp_pkg) by extensions ['ignore', 'ignore_ament_install']
[3.675s] Level 1:colcon.colcon_core.package_identification:_identify(src/demo_cpp_pkg) by extension 'ignore'
[3.675s] Level 1:colcon.colcon_core.package_identification:_identify(src/demo_cpp_pkg) by extension 'ignore_ament_install'
[3.675s] Level 1:colcon.colcon_core.package_identification:_identify(src/demo_cpp_pkg) by extensions ['colcon_pkg']
[3.675s] Level 1:colcon.colcon_core.package_identification:_identify(src/demo_cpp_pkg) by extension 'colcon_pkg'
[3.675s] Level 1:colcon.colcon_core.package_identification:_identify(src/demo_cpp_pkg) by extensions ['colcon_meta']
[3.675s] Level 1:colcon.colcon_core.package_identification:_identify(src/demo_cpp_pkg) by extension 'colcon_meta'
[3.675s] Level 1:colcon.colcon_core.package_identification:_identify(src/demo_cpp_pkg) by extensions ['ros']
[3.675s] Level 1:colcon.colcon_core.package_identification:_identify(src/demo_cpp_pkg) by extension 'ros'
[3.701s] DEBUG:colcon.colcon_core.package_identification:Package 'src/demo_cpp_pkg' with type 'ros.ament_cmake' and name 'demo_cpp_pkg'
[3.701s] Level 1:colcon.colcon_core.package_identification:_identify(src/demo_python_pkg) by extensions ['ignore', 'ignore_ament_install']
[3.701s] Level 1:colcon.colcon_core.package_identification:_identify(src/demo_python_pkg) by extension 'ignore'
[3.701s] Level 1:colcon.colcon_core.package_identification:_identify(src/demo_python_pkg) by extension 'ignore_ament_install'
[3.701s] Level 1:colcon.colcon_core.package_identification:_identify(src/demo_python_pkg) by extensions ['colcon_pkg']
[3.702s] Level 1:colcon.colcon_core.package_identification:_identify(src/demo_python_pkg) by extension 'colcon_pkg'
[3.702s] Level 1:colcon.colcon_core.package_identification:_identify(src/demo_python_pkg) by extensions ['colcon_meta']
[3.702s] Level 1:colcon.colcon_core.package_identification:_identify(src/demo_python_pkg) by extension 'colcon_meta'
[3.702s] Level 1:colcon.colcon_core.package_identification:_identify(src/demo_python_pkg) by extensions ['ros']
[3.702s] Level 1:colcon.colcon_core.package_identification:_identify(src/demo_python_pkg) by extension 'ros'
[3.704s] DEBUG:colcon.colcon_core.package_identification:Package 'src/demo_python_pkg' with type 'ros.ament_python' and name 'demo_python_pkg'
[3.705s] Level 1:colcon.colcon_core.package_discovery:discover_packages(recursive) using defaults
[3.705s] Level 1:colcon.colcon_core.package_discovery:discover_packages(ignore) discover
[3.705s] Level 1:colcon.colcon_core.package_discovery:discover_packages(ignore) using defaults
[3.705s] Level 1:colcon.colcon_core.package_discovery:discover_packages(path) discover
[3.705s] Level 1:colcon.colcon_core.package_discovery:discover_packages(path) using defaults
[3.826s] Level 1:colcon.colcon_core.package_discovery:discover_packages(prefix_path) check parameters
[3.826s] Level 1:colcon.colcon_core.package_discovery:discover_packages(prefix_path) discover
[3.881s] DEBUG:colcon.colcon_installed_package_information.package_discovery:Found 256 installed packages in /opt/ros/foxy
[3.884s] Level 1:colcon.colcon_core.package_discovery:discover_packages(prefix_path) using defaults
[5.985s] Level 5:colcon.colcon_core.verb:set package 'demo_cpp_pkg' build argument 'cmake_args' from command line to 'None'
[5.985s] Level 5:colcon.colcon_core.verb:set package 'demo_cpp_pkg' build argument 'cmake_target' from command line to 'None'
[5.985s] Level 5:colcon.colcon_core.verb:set package 'demo_cpp_pkg' build argument 'cmake_target_skip_unavailable' from command line to 'False'
[5.985s] Level 5:colcon.colcon_core.verb:set package 'demo_cpp_pkg' build argument 'cmake_clean_cache' from command line to 'False'
[5.985s] Level 5:colcon.colcon_core.verb:set package 'demo_cpp_pkg' build argument 'cmake_clean_first' from command line to 'False'
[5.985s] Level 5:colcon.colcon_core.verb:set package 'demo_cpp_pkg' build argument 'cmake_force_configure' from command line to 'False'
[5.985s] Level 5:colcon.colcon_core.verb:set package 'demo_cpp_pkg' build argument 'ament_cmake_args' from command line to 'None'
[5.985s] Level 5:colcon.colcon_core.verb:set package 'demo_cpp_pkg' build argument 'catkin_cmake_args' from command line to 'None'
[5.985s] Level 5:colcon.colcon_core.verb:set package 'demo_cpp_pkg' build argument 'catkin_skip_building_tests' from command line to 'False'
[5.985s] DEBUG:colcon.colcon_core.verb:Building package 'demo_cpp_pkg' with the following arguments: {'ament_cmake_args': None, 'build_base': '/home/ros2/CHAPT2/chapt2_ws/build/demo_cpp_pkg', 'catkin_cmake_args': None, 'catkin_skip_building_tests': False, 'cmake_args': None, 'cmake_clean_cache': False, 'cmake_clean_first': False, 'cmake_force_configure': False, 'cmake_target': None, 'cmake_target_skip_unavailable': False, 'install_base': '/home/ros2/CHAPT2/chapt2_ws/install/demo_cpp_pkg', 'merge_install': False, 'path': '/home/ros2/CHAPT2/chapt2_ws/src/demo_cpp_pkg', 'symlink_install': False, 'test_result_base': None}
[5.986s] Level 5:colcon.colcon_core.verb:set package 'demo_python_pkg' build argument 'cmake_args' from command line to 'None'
[5.986s] Level 5:colcon.colcon_core.verb:set package 'demo_python_pkg' build argument 'cmake_target' from command line to 'None'
[5.987s] Level 5:colcon.colcon_core.verb:set package 'demo_python_pkg' build argument 'cmake_target_skip_unavailable' from command line to 'False'
[5.987s] Level 5:colcon.colcon_core.verb:set package 'demo_python_pkg' build argument 'cmake_clean_cache' from command line to 'False'
[5.987s] Level 5:colcon.colcon_core.verb:set package 'demo_python_pkg' build argument 'cmake_clean_first' from command line to 'False'
[5.987s] Level 5:colcon.colcon_core.verb:set package 'demo_python_pkg' build argument 'cmake_force_configure' from command line to 'False'
[5.987s] Level 5:colcon.colcon_core.verb:set package 'demo_python_pkg' build argument 'ament_cmake_args' from command line to 'None'
[5.987s] Level 5:colcon.colcon_core.verb:set package 'demo_python_pkg' build argument 'catkin_cmake_args' from command line to 'None'
[5.987s] Level 5:colcon.colcon_core.verb:set package 'demo_python_pkg' build argument 'catkin_skip_building_tests' from command line to 'False'
[5.987s] DEBUG:colcon.colcon_core.verb:Building package 'demo_python_pkg' with the following arguments: {'ament_cmake_args': None, 'build_base': '/home/ros2/CHAPT2/chapt2_ws/build/demo_python_pkg', 'catkin_cmake_args': None, 'catkin_skip_building_tests': False, 'cmake_args': None, 'cmake_clean_cache': False, 'cmake_clean_first': False, 'cmake_force_configure': False, 'cmake_target': None, 'cmake_target_skip_unavailable': False, 'install_base': '/home/ros2/CHAPT2/chapt2_ws/install/demo_python_pkg', 'merge_install': False, 'path': '/home/ros2/CHAPT2/chapt2_ws/src/demo_python_pkg', 'symlink_install': False, 'test_result_base': None}
[5.988s] INFO:colcon.colcon_core.executor:Executing jobs using 'parallel' executor
[5.990s] DEBUG:colcon.colcon_parallel_executor.executor.parallel:run_until_complete
[5.991s] INFO:colcon.colcon_ros.task.ament_cmake.build:Building ROS package in '/home/ros2/CHAPT2/chapt2_ws/src/demo_cpp_pkg' with build type 'ament_cmake'
[5.991s] INFO:colcon.colcon_cmake.task.cmake.build:Building CMake package in '/home/ros2/CHAPT2/chapt2_ws/src/demo_cpp_pkg'
[5.999s] INFO:colcon.colcon_core.plugin_system:Skipping extension 'colcon_core.shell.bat': Not used on non-Windows systems
[5.999s] INFO:colcon.colcon_core.shell:Skip shell extension 'powershell' for command environment: Not usable outside of PowerShell
[6.000s] DEBUG:colcon.colcon_core.shell:Skip shell extension 'dsv' for command environment
[6.073s] DEBUG:colcon.colcon_core.event_handler.log_command:Invoking command in '/home/ros2/CHAPT2/chapt2_ws/build/demo_cpp_pkg': CMAKE_PREFIX_PATH=/opt/ros/foxy /usr/bin/cmake --build /home/ros2/CHAPT2/chapt2_ws/build/demo_cpp_pkg -- -j2 -l2
[8.725s] DEBUG:colcon.colcon_core.event_handler.log_command:Invoked command in '/home/ros2/CHAPT2/chapt2_ws/build/demo_cpp_pkg' returned '2': CMAKE_PREFIX_PATH=/opt/ros/foxy /usr/bin/cmake --build /home/ros2/CHAPT2/chapt2_ws/build/demo_cpp_pkg -- -j2 -l2
[8.776s] Level 1:colcon.colcon_core.environment:create_environment_scripts_only(demo_cpp_pkg)
[8.788s] Level 1:colcon.colcon_core.environment:checking '/home/ros2/CHAPT2/chapt2_ws/install/demo_cpp_pkg' for CMake module files
[8.788s] Level 1:colcon.colcon_core.environment:checking '/home/ros2/CHAPT2/chapt2_ws/install/demo_cpp_pkg' for CMake config files
[8.788s] Level 1:colcon.colcon_core.shell:create_environment_hook('demo_cpp_pkg', 'cmake_prefix_path')
[8.789s] INFO:colcon.colcon_core.shell:Creating environment hook '/home/ros2/CHAPT2/chapt2_ws/install/demo_cpp_pkg/share/demo_cpp_pkg/hook/cmake_prefix_path.ps1'
[8.791s] INFO:colcon.colcon_core.shell:Creating environment descriptor '/home/ros2/CHAPT2/chapt2_ws/install/demo_cpp_pkg/share/demo_cpp_pkg/hook/cmake_prefix_path.dsv'
[8.792s] INFO:colcon.colcon_core.shell:Creating environment hook '/home/ros2/CHAPT2/chapt2_ws/install/demo_cpp_pkg/share/demo_cpp_pkg/hook/cmake_prefix_path.sh'
[8.794s] Level 1:colcon.colcon_core.environment:checking '/home/ros2/CHAPT2/chapt2_ws/install/demo_cpp_pkg/lib'
[8.794s] Level 1:colcon.colcon_core.environment:checking '/home/ros2/CHAPT2/chapt2_ws/install/demo_cpp_pkg/bin'
[8.794s] Level 1:colcon.colcon_core.environment:checking '/home/ros2/CHAPT2/chapt2_ws/install/demo_cpp_pkg/lib/pkgconfig/demo_cpp_pkg.pc'
[8.795s] Level 1:colcon.colcon_core.environment:checking '/home/ros2/CHAPT2/chapt2_ws/install/demo_cpp_pkg/lib/python3.8/site-packages'
[8.795s] Level 1:colcon.colcon_core.environment:checking '/home/ros2/CHAPT2/chapt2_ws/install/demo_cpp_pkg/bin'
[8.795s] INFO:colcon.colcon_core.shell:Creating package script '/home/ros2/CHAPT2/chapt2_ws/install/demo_cpp_pkg/share/demo_cpp_pkg/package.ps1'
[8.798s] INFO:colcon.colcon_core.shell:Creating package descriptor '/home/ros2/CHAPT2/chapt2_ws/install/demo_cpp_pkg/share/demo_cpp_pkg/package.dsv'
[8.804s] INFO:colcon.colcon_core.shell:Creating package script '/home/ros2/CHAPT2/chapt2_ws/install/demo_cpp_pkg/share/demo_cpp_pkg/package.sh'
[8.806s] INFO:colcon.colcon_core.shell:Creating package script '/home/ros2/CHAPT2/chapt2_ws/install/demo_cpp_pkg/share/demo_cpp_pkg/package.bash'
[8.819s] INFO:colcon.colcon_core.shell:Creating package script '/home/ros2/CHAPT2/chapt2_ws/install/demo_cpp_pkg/share/demo_cpp_pkg/package.zsh'
[8.821s] Level 1:colcon.colcon_core.environment:create_file_with_runtime_dependencies(/home/ros2/CHAPT2/chapt2_ws/install/demo_cpp_pkg/share/colcon-core/packages/demo_cpp_pkg)
[8.822s] DEBUG:colcon.colcon_parallel_executor.executor.parallel:closing loop
[8.822s] DEBUG:colcon.colcon_parallel_executor.executor.parallel:loop closed
[8.822s] DEBUG:colcon.colcon_parallel_executor.executor.parallel:run_until_complete finished with '2'
[8.822s] DEBUG:colcon.colcon_core.event_reactor:joining thread
[8.878s] INFO:colcon.colcon_core.plugin_system:Skipping extension 'colcon_notification.desktop_notification.terminal_notifier': Not used on non-Darwin systems
[8.878s] INFO:colcon.colcon_core.plugin_system:Skipping extension 'colcon_notification.desktop_notification.win32': Not used on non-Windows systems
[8.878s] INFO:colcon.colcon_notification.desktop_notification:Sending desktop notification using 'notify2'
[9.041s] DEBUG:colcon.colcon_core.event_reactor:joined thread
[9.042s] INFO:colcon.colcon_core.shell:Creating prefix script '/home/ros2/CHAPT2/chapt2_ws/install/local_setup.ps1'
[9.043s] INFO:colcon.colcon_core.shell:Creating prefix util module '/home/ros2/CHAPT2/chapt2_ws/install/_local_setup_util_ps1.py'
[9.045s] INFO:colcon.colcon_core.shell:Creating prefix chain script '/home/ros2/CHAPT2/chapt2_ws/install/setup.ps1'
[9.048s] INFO:colcon.colcon_core.shell:Creating prefix script '/home/ros2/CHAPT2/chapt2_ws/install/local_setup.sh'
[9.049s] INFO:colcon.colcon_core.shell:Creating prefix util module '/home/ros2/CHAPT2/chapt2_ws/install/_local_setup_util_sh.py'
[9.050s] INFO:colcon.colcon_core.shell:Creating prefix chain script '/home/ros2/CHAPT2/chapt2_ws/install/setup.sh'
[9.052s] INFO:colcon.colcon_core.shell:Creating prefix script '/home/ros2/CHAPT2/chapt2_ws/install/local_setup.bash'
[9.053s] INFO:colcon.colcon_core.shell:Creating prefix chain script '/home/ros2/CHAPT2/chapt2_ws/install/setup.bash'
[9.056s] INFO:colcon.colcon_core.shell:Creating prefix script '/home/ros2/CHAPT2/chapt2_ws/install/local_setup.zsh'
[9.057s] INFO:colcon.colcon_core.shell:Creating prefix chain script '/home/ros2/CHAPT2/chapt2_ws/install/setup.zsh'
