[ 50%] Built target partol_client
[35m[1mScanning dependencies of target turtle_contorl[0m
[ 75%] [32mBuilding CXX object CMakeFiles/turtle_contorl.dir/src/turtle_contorl.cpp.o[0m
[100%] [32m[1mLinking CXX executable turtle_contorl[0m
[100%] Built target turtle_contorl
-- Install configuration: ""
-- Installing: /home/ros2/CHAPT4/CHAPT4_WS/install/demo_cpp_service/lib/demo_cpp_service/turtle_contorl
-- Set runtime path of "/home/ros2/CHAPT4/CHAPT4_WS/install/demo_cpp_service/lib/demo_cpp_service/turtle_contorl" to ""
-- Up-to-date: /home/ros2/CHAPT4/CHAPT4_WS/install/demo_cpp_service/lib/demo_cpp_service/partol_client
-- Up-to-date: /home/ros2/CHAPT4/CHAPT4_WS/install/demo_cpp_service/share/ament_index/resource_index/package_run_dependencies/demo_cpp_service
-- Up-to-date: /home/ros2/CHAPT4/CHAPT4_WS/install/demo_cpp_service/share/ament_index/resource_index/parent_prefix_path/demo_cpp_service
-- Up-to-date: /home/ros2/CHAPT4/CHAPT4_WS/install/demo_cpp_service/share/demo_cpp_service/environment/ament_prefix_path.sh
-- Up-to-date: /home/ros2/CHAPT4/CHAPT4_WS/install/demo_cpp_service/share/demo_cpp_service/environment/ament_prefix_path.dsv
-- Up-to-date: /home/ros2/CHAPT4/CHAPT4_WS/install/demo_cpp_service/share/demo_cpp_service/environment/path.sh
-- Up-to-date: /home/ros2/CHAPT4/CHAPT4_WS/install/demo_cpp_service/share/demo_cpp_service/environment/path.dsv
-- Up-to-date: /home/ros2/CHAPT4/CHAPT4_WS/install/demo_cpp_service/share/demo_cpp_service/local_setup.bash
-- Up-to-date: /home/ros2/CHAPT4/CHAPT4_WS/install/demo_cpp_service/share/demo_cpp_service/local_setup.sh
-- Up-to-date: /home/ros2/CHAPT4/CHAPT4_WS/install/demo_cpp_service/share/demo_cpp_service/local_setup.zsh
-- Up-to-date: /home/ros2/CHAPT4/CHAPT4_WS/install/demo_cpp_service/share/demo_cpp_service/local_setup.dsv
-- Installing: /home/ros2/CHAPT4/CHAPT4_WS/install/demo_cpp_service/share/demo_cpp_service/package.dsv
-- Up-to-date: /home/ros2/CHAPT4/CHAPT4_WS/install/demo_cpp_service/share/ament_index/resource_index/packages/demo_cpp_service
-- Up-to-date: /home/ros2/CHAPT4/CHAPT4_WS/install/demo_cpp_service/share/demo_cpp_service/cmake/demo_cpp_serviceConfig.cmake
-- Up-to-date: /home/ros2/CHAPT4/CHAPT4_WS/install/demo_cpp_service/share/demo_cpp_service/cmake/demo_cpp_serviceConfig-version.cmake
-- Up-to-date: /home/ros2/CHAPT4/CHAPT4_WS/install/demo_cpp_service/share/demo_cpp_service/package.xml
