[0.016s] Invoking command in '/home/ros2/CHAPT4/CHAPT4_WS/build/chapt4_interfaces': CMAKE_PREFIX_PATH=/opt/ros/foxy /usr/bin/cmake /home/ros2/CHAPT4/CHAPT4_WS/src/chapt4_interfaces -DCMAKE_INSTALL_PREFIX=/home/ros2/CHAPT4/CHAPT4_WS/install/chapt4_interfaces
[0.095s] -- The C compiler identification is GNU 9.4.0
[0.151s] -- The CXX compiler identification is GNU 9.4.0
[0.156s] -- Check for working C compiler: /usr/bin/cc
[0.231s] -- Check for working C compiler: /usr/bin/cc -- works
[0.231s] -- Detecting C compiler ABI info
[0.295s] -- Detecting C compiler ABI info - done
[0.311s] -- Detecting C compile features
[0.312s] -- Detecting C compile features - done
[0.312s] -- Check for working CXX compiler: /usr/bin/c++
[0.389s] -- Check for working CXX compiler: /usr/bin/c++ -- works
[0.390s] -- Detecting CXX compiler ABI info
[0.469s] -- Detecting CXX compiler ABI info - done
[0.479s] -- Detecting CXX compile features
[0.480s] -- Detecting CXX compile features - done
[0.481s] -- Found ament_cmake: 0.9.12 (/opt/ros/foxy/share/ament_cmake/cmake)
[0.502s] -- Found PythonInterp: /usr/bin/python3 (found suitable version "3.8.10", minimum required is "3") 
[0.502s] -- Using PYTHON_EXECUTABLE: /usr/bin/python3
[0.680s] -- Found sensor_msgs: 2.0.5 (/opt/ros/foxy/share/sensor_msgs/cmake)
[0.701s] -- Using all available rosidl_typesupport_c: rosidl_typesupport_fastrtps_c;rosidl_typesupport_introspection_c
[0.715s] -- Found rosidl_adapter: 1.3.1 (/opt/ros/foxy/share/rosidl_adapter/cmake)
[0.780s] -- Found OpenSSL: /usr/lib/x86_64-linux-gnu/libcrypto.so (found version "1.1.1f")  
[0.802s] -- Found FastRTPS: /opt/ros/foxy/include  
[0.877s] -- Using all available rosidl_typesupport_cpp: rosidl_typesupport_fastrtps_cpp;rosidl_typesupport_introspection_cpp
[1.061s] -- Found rosidl_default_generators: 1.0.1 (/opt/ros/foxy/share/rosidl_default_generators/cmake)
[1.089s] -- Found PythonInterp: /usr/bin/python3 (found version "3.8.10") 
[1.272s] -- Found ament_cmake_ros: 0.9.2 (/opt/ros/foxy/share/ament_cmake_ros/cmake)
[1.545s] -- Using all available rosidl_typesupport_c: rosidl_typesupport_fastrtps_c;rosidl_typesupport_introspection_c
[1.695s] -- Using all available rosidl_typesupport_cpp: rosidl_typesupport_fastrtps_cpp;rosidl_typesupport_introspection_cpp
[1.722s] -- Found PythonInterp: /usr/bin/python3 (found suitable version "3.8.10", minimum required is "3.5") 
[1.723s] -- Found python_cmake_module: 0.8.1 (/opt/ros/foxy/share/python_cmake_module/cmake)
[1.751s] -- Found PythonLibs: /usr/lib/x86_64-linux-gnu/libpython3.8.so (found suitable version "3.8.10", minimum required is "3.5") 
[1.751s] -- Using PYTHON_EXECUTABLE: /usr/bin/python3
[1.751s] -- Using PYTHON_INCLUDE_DIRS: /usr/include/python3.8
[1.751s] -- Using PYTHON_LIBRARIES: /usr/lib/x86_64-linux-gnu/libpython3.8.so
[1.772s] -- Found PythonExtra: .so  
[1.868s] -- Found ament_lint_auto: 0.9.8 (/opt/ros/foxy/share/ament_lint_auto/cmake)
[1.884s] -- Added test 'copyright' to check source files copyright and LICENSE
[1.885s] -- Added test 'lint_cmake' to check CMake code style
[1.885s] -- Added test 'xmllint' to check XML markup files
[1.890s] -- Configuring done
[1.947s] -- Generating done
[1.950s] -- Build files have been written to: /home/ros2/CHAPT4/CHAPT4_WS/build/chapt4_interfaces
[1.969s] Invoked command in '/home/ros2/CHAPT4/CHAPT4_WS/build/chapt4_interfaces' returned '0': CMAKE_PREFIX_PATH=/opt/ros/foxy /usr/bin/cmake /home/ros2/CHAPT4/CHAPT4_WS/src/chapt4_interfaces -DCMAKE_INSTALL_PREFIX=/home/ros2/CHAPT4/CHAPT4_WS/install/chapt4_interfaces
[1.970s] Invoking command in '/home/ros2/CHAPT4/CHAPT4_WS/build/chapt4_interfaces': CMAKE_PREFIX_PATH=/opt/ros/foxy /usr/bin/cmake --build /home/ros2/CHAPT4/CHAPT4_WS/build/chapt4_interfaces -- -j2 -l2
[2.012s] [35m[1mScanning dependencies of target chapt4_interfaces__cpp[0m
[2.019s] [  3%] [34m[1mGenerating C code for ROS interfaces[0m
[2.062s] [  6%] [34m[1mGenerating C++ code for ROS interfaces[0m
[2.468s] [35m[1mScanning dependencies of target chapt4_interfaces__rosidl_generator_c[0m
[2.486s] [  9%] [32mBuilding C object CMakeFiles/chapt4_interfaces__rosidl_generator_c.dir/rosidl_generator_c/chapt4_interfaces/srv/detail/face_detector__functions.c.o[0m
[2.573s] [ 12%] [32m[1mLinking C shared library libchapt4_interfaces__rosidl_generator_c.so[0m
[2.581s] [ 12%] Built target chapt4_interfaces__cpp
[2.592s] [ 16%] [34m[1mGenerating C++ introspection for ROS interfaces[0m
[2.624s] [ 16%] Built target chapt4_interfaces__rosidl_generator_c
[2.648s] [ 19%] [34m[1mGenerating C++ type support for eProsima Fast-RTPS[0m
[3.115s] [35m[1mScanning dependencies of target chapt4_interfaces__rosidl_typesupport_introspection_cpp[0m
[3.151s] [ 22%] [32mBuilding CXX object CMakeFiles/chapt4_interfaces__rosidl_typesupport_introspection_cpp.dir/rosidl_typesupport_introspection_cpp/chapt4_interfaces/srv/detail/face_detector__type_support.cpp.o[0m
[3.194s] [35m[1mScanning dependencies of target chapt4_interfaces__rosidl_typesupport_fastrtps_cpp[0m
[3.254s] [ 25%] [32mBuilding CXX object CMakeFiles/chapt4_interfaces__rosidl_typesupport_fastrtps_cpp.dir/rosidl_typesupport_fastrtps_cpp/chapt4_interfaces/srv/detail/dds_fastrtps/face_detector__type_support.cpp.o[0m
[3.679s] [ 29%] [32m[1mLinking CXX shared library libchapt4_interfaces__rosidl_typesupport_introspection_cpp.so[0m
[3.810s] [ 29%] Built target chapt4_interfaces__rosidl_typesupport_introspection_cpp
[3.824s] [ 32%] [34m[1mGenerating C type support dispatch for ROS interfaces[0m
[3.999s] [ 35%] [32m[1mLinking CXX shared library libchapt4_interfaces__rosidl_typesupport_fastrtps_cpp.so[0m
[4.185s] [ 35%] Built target chapt4_interfaces__rosidl_typesupport_fastrtps_cpp
[4.223s] [ 38%] [34m[1mGenerating C introspection for ROS interfaces[0m
[4.305s] [35m[1mScanning dependencies of target chapt4_interfaces__rosidl_typesupport_c[0m
[4.327s] [ 41%] [32mBuilding CXX object CMakeFiles/chapt4_interfaces__rosidl_typesupport_c.dir/rosidl_typesupport_c/chapt4_interfaces/srv/face_detector__type_support.cpp.o[0m
[4.403s] [ 45%] [32m[1mLinking CXX shared library libchapt4_interfaces__rosidl_typesupport_c.so[0m
[4.555s] [ 45%] Built target chapt4_interfaces__rosidl_typesupport_c
[4.624s] [ 48%] [34m[1mGenerating C++ type support dispatch for ROS interfaces[0m
[4.998s] [35m[1mScanning dependencies of target chapt4_interfaces__rosidl_typesupport_introspection_c[0m
[5.021s] [ 51%] [32mBuilding C object CMakeFiles/chapt4_interfaces__rosidl_typesupport_introspection_c.dir/rosidl_typesupport_introspection_c/chapt4_interfaces/srv/detail/face_detector__type_support.c.o[0m
[5.071s] [ 54%] [32m[1mLinking C shared library libchapt4_interfaces__rosidl_typesupport_introspection_c.so[0m
[5.192s] [ 54%] Built target chapt4_interfaces__rosidl_typesupport_introspection_c
[5.204s] [ 58%] [34m[1mGenerating C type support for eProsima Fast-RTPS[0m
[5.249s] [35m[1mScanning dependencies of target chapt4_interfaces__rosidl_typesupport_cpp[0m
[5.274s] [ 61%] [32mBuilding CXX object CMakeFiles/chapt4_interfaces__rosidl_typesupport_cpp.dir/rosidl_typesupport_cpp/chapt4_interfaces/srv/face_detector__type_support.cpp.o[0m
[6.169s] [ 64%] [32m[1mLinking CXX shared library libchapt4_interfaces__rosidl_typesupport_cpp.so[0m
[6.351s] [35m[1mScanning dependencies of target chapt4_interfaces__rosidl_typesupport_fastrtps_c[0m
[6.430s] [ 67%] [32mBuilding CXX object CMakeFiles/chapt4_interfaces__rosidl_typesupport_fastrtps_c.dir/rosidl_typesupport_fastrtps_c/chapt4_interfaces/srv/detail/face_detector__type_support_c.cpp.o[0m
[6.512s] [ 67%] Built target chapt4_interfaces__rosidl_typesupport_cpp
[7.009s] [ 70%] [32m[1mLinking CXX shared library libchapt4_interfaces__rosidl_typesupport_fastrtps_c.so[0m
[7.200s] [ 70%] Built target chapt4_interfaces__rosidl_typesupport_fastrtps_c
[7.216s] [35m[1mScanning dependencies of target chapt4_interfaces[0m
[7.238s] [ 70%] Built target chapt4_interfaces
[7.261s] [35m[1mScanning dependencies of target chapt4_interfaces__py[0m
[7.273s] [ 74%] [34m[1mGenerating Python code for ROS interfaces[0m
[8.122s] [ 74%] Built target chapt4_interfaces__py
[8.135s] [35m[1mScanning dependencies of target chapt4_interfaces__python[0m
[8.157s] [ 77%] [32mBuilding C object CMakeFiles/chapt4_interfaces__python.dir/rosidl_generator_py/chapt4_interfaces/srv/_face_detector_s.c.o[0m
[8.284s] [ 80%] [32m[1mLinking C shared library rosidl_generator_py/chapt4_interfaces/libchapt4_interfaces__python.so[0m
[8.350s] [ 80%] Built target chapt4_interfaces__python
[8.369s] [35m[1mScanning dependencies of target chapt4_interfaces__rosidl_typesupport_c__pyext[0m
[8.372s] [35m[1mScanning dependencies of target chapt4_interfaces__rosidl_typesupport_introspection_c__pyext[0m
[8.410s] [ 83%] [32mBuilding C object CMakeFiles/chapt4_interfaces__rosidl_typesupport_c__pyext.dir/rosidl_generator_py/chapt4_interfaces/_chapt4_interfaces_s.ep.rosidl_typesupport_c.c.o[0m
[8.451s] [ 87%] [32mBuilding C object CMakeFiles/chapt4_interfaces__rosidl_typesupport_introspection_c__pyext.dir/rosidl_generator_py/chapt4_interfaces/_chapt4_interfaces_s.ep.rosidl_typesupport_introspection_c.c.o[0m
[8.565s] [ 90%] [32m[1mLinking C shared library rosidl_generator_py/chapt4_interfaces/chapt4_interfaces_s__rosidl_typesupport_introspection_c.cpython-38-x86_64-linux-gnu.so[0m
[8.605s] [ 93%] [32m[1mLinking C shared library rosidl_generator_py/chapt4_interfaces/chapt4_interfaces_s__rosidl_typesupport_c.cpython-38-x86_64-linux-gnu.so[0m
[8.629s] [ 93%] Built target chapt4_interfaces__rosidl_typesupport_introspection_c__pyext
[8.653s] [35m[1mScanning dependencies of target chapt4_interfaces__rosidl_typesupport_fastrtps_c__pyext[0m
[8.669s] [ 93%] Built target chapt4_interfaces__rosidl_typesupport_c__pyext
[8.686s] [ 96%] [32mBuilding C object CMakeFiles/chapt4_interfaces__rosidl_typesupport_fastrtps_c__pyext.dir/rosidl_generator_py/chapt4_interfaces/_chapt4_interfaces_s.ep.rosidl_typesupport_fastrtps_c.c.o[0m
[8.776s] [100%] [32m[1mLinking CXX shared library rosidl_generator_py/chapt4_interfaces/chapt4_interfaces_s__rosidl_typesupport_fastrtps_c.cpython-38-x86_64-linux-gnu.so[0m
[8.867s] [100%] Built target chapt4_interfaces__rosidl_typesupport_fastrtps_c__pyext
[8.884s] Invoked command in '/home/ros2/CHAPT4/CHAPT4_WS/build/chapt4_interfaces' returned '0': CMAKE_PREFIX_PATH=/opt/ros/foxy /usr/bin/cmake --build /home/ros2/CHAPT4/CHAPT4_WS/build/chapt4_interfaces -- -j2 -l2
[8.965s] Invoking command in '/home/ros2/CHAPT4/CHAPT4_WS/build/chapt4_interfaces': CMAKE_PREFIX_PATH=/opt/ros/foxy /usr/bin/cmake --install /home/ros2/CHAPT4/CHAPT4_WS/build/chapt4_interfaces
[8.974s] -- Install configuration: ""
[8.975s] -- Installing: /home/ros2/CHAPT4/CHAPT4_WS/install/chapt4_interfaces/share/ament_index/resource_index/rosidl_interfaces/chapt4_interfaces
[8.976s] -- Installing: /home/ros2/CHAPT4/CHAPT4_WS/install/chapt4_interfaces/include/chapt4_interfaces
[8.976s] -- Installing: /home/ros2/CHAPT4/CHAPT4_WS/install/chapt4_interfaces/include/chapt4_interfaces/srv
[8.976s] -- Installing: /home/ros2/CHAPT4/CHAPT4_WS/install/chapt4_interfaces/include/chapt4_interfaces/srv/face_detector.h
[8.976s] -- Installing: /home/ros2/CHAPT4/CHAPT4_WS/install/chapt4_interfaces/include/chapt4_interfaces/srv/detail
[8.977s] -- Installing: /home/ros2/CHAPT4/CHAPT4_WS/install/chapt4_interfaces/include/chapt4_interfaces/srv/detail/face_detector__struct.h
[8.978s] -- Installing: /home/ros2/CHAPT4/CHAPT4_WS/install/chapt4_interfaces/include/chapt4_interfaces/srv/detail/face_detector__type_support.h
[8.978s] -- Installing: /home/ros2/CHAPT4/CHAPT4_WS/install/chapt4_interfaces/include/chapt4_interfaces/srv/detail/face_detector__functions.h
[8.979s] -- Installing: /home/ros2/CHAPT4/CHAPT4_WS/install/chapt4_interfaces/include/chapt4_interfaces/srv/detail/face_detector__functions.c
[8.979s] -- Installing: /home/ros2/CHAPT4/CHAPT4_WS/install/chapt4_interfaces/include/chapt4_interfaces/msg
[8.979s] -- Installing: /home/ros2/CHAPT4/CHAPT4_WS/install/chapt4_interfaces/include/chapt4_interfaces/msg/rosidl_generator_c__visibility_control.h
[8.979s] -- Installing: /home/ros2/CHAPT4/CHAPT4_WS/install/chapt4_interfaces/share/chapt4_interfaces/environment/library_path.sh
[8.979s] -- Installing: /home/ros2/CHAPT4/CHAPT4_WS/install/chapt4_interfaces/share/chapt4_interfaces/environment/library_path.dsv
[8.980s] -- Installing: /home/ros2/CHAPT4/CHAPT4_WS/install/chapt4_interfaces/lib/libchapt4_interfaces__rosidl_generator_c.so
[8.980s] -- Set runtime path of "/home/ros2/CHAPT4/CHAPT4_WS/install/chapt4_interfaces/lib/libchapt4_interfaces__rosidl_generator_c.so" to ""
[8.980s] -- Up-to-date: /home/ros2/CHAPT4/CHAPT4_WS/install/chapt4_interfaces/include/chapt4_interfaces
[8.980s] -- Up-to-date: /home/ros2/CHAPT4/CHAPT4_WS/install/chapt4_interfaces/include/chapt4_interfaces/srv
[8.980s] -- Up-to-date: /home/ros2/CHAPT4/CHAPT4_WS/install/chapt4_interfaces/include/chapt4_interfaces/srv/detail
[8.980s] -- Installing: /home/ros2/CHAPT4/CHAPT4_WS/install/chapt4_interfaces/include/chapt4_interfaces/srv/detail/face_detector__rosidl_typesupport_fastrtps_c.h
[8.981s] -- Up-to-date: /home/ros2/CHAPT4/CHAPT4_WS/install/chapt4_interfaces/include/chapt4_interfaces/msg
[8.981s] -- Installing: /home/ros2/CHAPT4/CHAPT4_WS/install/chapt4_interfaces/include/chapt4_interfaces/msg/rosidl_typesupport_fastrtps_c__visibility_control.h
[8.981s] -- Installing: /home/ros2/CHAPT4/CHAPT4_WS/install/chapt4_interfaces/lib/libchapt4_interfaces__rosidl_typesupport_fastrtps_c.so
[8.981s] -- Set runtime path of "/home/ros2/CHAPT4/CHAPT4_WS/install/chapt4_interfaces/lib/libchapt4_interfaces__rosidl_typesupport_fastrtps_c.so" to ""
[8.981s] -- Up-to-date: /home/ros2/CHAPT4/CHAPT4_WS/install/chapt4_interfaces/include/chapt4_interfaces
[8.981s] -- Up-to-date: /home/ros2/CHAPT4/CHAPT4_WS/install/chapt4_interfaces/include/chapt4_interfaces/srv
[8.981s] -- Up-to-date: /home/ros2/CHAPT4/CHAPT4_WS/install/chapt4_interfaces/include/chapt4_interfaces/srv/detail
[8.981s] -- Installing: /home/ros2/CHAPT4/CHAPT4_WS/install/chapt4_interfaces/include/chapt4_interfaces/srv/detail/face_detector__rosidl_typesupport_fastrtps_cpp.hpp
[8.982s] -- Installing: /home/ros2/CHAPT4/CHAPT4_WS/install/chapt4_interfaces/include/chapt4_interfaces/srv/detail/dds_fastrtps
[8.982s] -- Up-to-date: /home/ros2/CHAPT4/CHAPT4_WS/install/chapt4_interfaces/include/chapt4_interfaces/msg
[8.982s] -- Installing: /home/ros2/CHAPT4/CHAPT4_WS/install/chapt4_interfaces/include/chapt4_interfaces/msg/rosidl_typesupport_fastrtps_cpp__visibility_control.h
[8.982s] -- Installing: /home/ros2/CHAPT4/CHAPT4_WS/install/chapt4_interfaces/lib/libchapt4_interfaces__rosidl_typesupport_fastrtps_cpp.so
[8.982s] -- Set runtime path of "/home/ros2/CHAPT4/CHAPT4_WS/install/chapt4_interfaces/lib/libchapt4_interfaces__rosidl_typesupport_fastrtps_cpp.so" to ""
[8.982s] -- Up-to-date: /home/ros2/CHAPT4/CHAPT4_WS/install/chapt4_interfaces/include/chapt4_interfaces
[8.982s] -- Up-to-date: /home/ros2/CHAPT4/CHAPT4_WS/install/chapt4_interfaces/include/chapt4_interfaces/srv
[8.982s] -- Up-to-date: /home/ros2/CHAPT4/CHAPT4_WS/install/chapt4_interfaces/include/chapt4_interfaces/srv/detail
[8.982s] -- Installing: /home/ros2/CHAPT4/CHAPT4_WS/install/chapt4_interfaces/include/chapt4_interfaces/srv/detail/face_detector__rosidl_typesupport_introspection_c.h
[8.983s] -- Installing: /home/ros2/CHAPT4/CHAPT4_WS/install/chapt4_interfaces/include/chapt4_interfaces/srv/detail/face_detector__type_support.c
[8.983s] -- Up-to-date: /home/ros2/CHAPT4/CHAPT4_WS/install/chapt4_interfaces/include/chapt4_interfaces/msg
[8.983s] -- Installing: /home/ros2/CHAPT4/CHAPT4_WS/install/chapt4_interfaces/include/chapt4_interfaces/msg/rosidl_typesupport_introspection_c__visibility_control.h
[8.987s] -- Installing: /home/ros2/CHAPT4/CHAPT4_WS/install/chapt4_interfaces/lib/libchapt4_interfaces__rosidl_typesupport_introspection_c.so
[8.991s] -- Set runtime path of "/home/ros2/CHAPT4/CHAPT4_WS/install/chapt4_interfaces/lib/libchapt4_interfaces__rosidl_typesupport_introspection_c.so" to ""
[8.992s] -- Installing: /home/ros2/CHAPT4/CHAPT4_WS/install/chapt4_interfaces/lib/libchapt4_interfaces__rosidl_typesupport_c.so
[8.992s] -- Set runtime path of "/home/ros2/CHAPT4/CHAPT4_WS/install/chapt4_interfaces/lib/libchapt4_interfaces__rosidl_typesupport_c.so" to ""
[8.992s] -- Up-to-date: /home/ros2/CHAPT4/CHAPT4_WS/install/chapt4_interfaces/include/chapt4_interfaces
[8.992s] -- Up-to-date: /home/ros2/CHAPT4/CHAPT4_WS/install/chapt4_interfaces/include/chapt4_interfaces/srv
[8.993s] -- Installing: /home/ros2/CHAPT4/CHAPT4_WS/install/chapt4_interfaces/include/chapt4_interfaces/srv/face_detector.hpp
[8.993s] -- Up-to-date: /home/ros2/CHAPT4/CHAPT4_WS/install/chapt4_interfaces/include/chapt4_interfaces/srv/detail
[8.993s] -- Installing: /home/ros2/CHAPT4/CHAPT4_WS/install/chapt4_interfaces/include/chapt4_interfaces/srv/detail/face_detector__builder.hpp
[8.995s] -- Installing: /home/ros2/CHAPT4/CHAPT4_WS/install/chapt4_interfaces/include/chapt4_interfaces/srv/detail/face_detector__struct.hpp
[9.004s] -- Installing: /home/ros2/CHAPT4/CHAPT4_WS/install/chapt4_interfaces/include/chapt4_interfaces/srv/detail/face_detector__type_support.hpp
[9.004s] -- Installing: /home/ros2/CHAPT4/CHAPT4_WS/install/chapt4_interfaces/include/chapt4_interfaces/srv/detail/face_detector__traits.hpp
[9.004s] -- Up-to-date: /home/ros2/CHAPT4/CHAPT4_WS/install/chapt4_interfaces/include/chapt4_interfaces/msg
[9.005s] -- Installing: /home/ros2/CHAPT4/CHAPT4_WS/install/chapt4_interfaces/include/chapt4_interfaces/msg/rosidl_generator_cpp__visibility_control.hpp
[9.005s] -- Up-to-date: /home/ros2/CHAPT4/CHAPT4_WS/install/chapt4_interfaces/include/chapt4_interfaces
[9.005s] -- Up-to-date: /home/ros2/CHAPT4/CHAPT4_WS/install/chapt4_interfaces/include/chapt4_interfaces/srv
[9.005s] -- Up-to-date: /home/ros2/CHAPT4/CHAPT4_WS/install/chapt4_interfaces/include/chapt4_interfaces/srv/detail
[9.005s] -- Installing: /home/ros2/CHAPT4/CHAPT4_WS/install/chapt4_interfaces/include/chapt4_interfaces/srv/detail/face_detector__rosidl_typesupport_introspection_cpp.hpp
[9.005s] -- Installing: /home/ros2/CHAPT4/CHAPT4_WS/install/chapt4_interfaces/include/chapt4_interfaces/srv/detail/face_detector__type_support.cpp
[9.005s] -- Installing: /home/ros2/CHAPT4/CHAPT4_WS/install/chapt4_interfaces/lib/libchapt4_interfaces__rosidl_typesupport_introspection_cpp.so
[9.005s] -- Set runtime path of "/home/ros2/CHAPT4/CHAPT4_WS/install/chapt4_interfaces/lib/libchapt4_interfaces__rosidl_typesupport_introspection_cpp.so" to ""
[9.005s] -- Installing: /home/ros2/CHAPT4/CHAPT4_WS/install/chapt4_interfaces/lib/libchapt4_interfaces__rosidl_typesupport_cpp.so
[9.006s] -- Set runtime path of "/home/ros2/CHAPT4/CHAPT4_WS/install/chapt4_interfaces/lib/libchapt4_interfaces__rosidl_typesupport_cpp.so" to ""
[9.006s] -- Installing: /home/ros2/CHAPT4/CHAPT4_WS/install/chapt4_interfaces/share/chapt4_interfaces/environment/pythonpath.sh
[9.006s] -- Installing: /home/ros2/CHAPT4/CHAPT4_WS/install/chapt4_interfaces/share/chapt4_interfaces/environment/pythonpath.dsv
[9.006s] -- Installing: /home/ros2/CHAPT4/CHAPT4_WS/install/chapt4_interfaces/lib/python3.8/site-packages/chapt4_interfaces/__init__.py
[9.036s] Compiling '/home/ros2/CHAPT4/CHAPT4_WS/install/chapt4_interfaces/lib/python3.8/site-packages/chapt4_interfaces/__init__.py'...
[9.042s] -- Installing: /home/ros2/CHAPT4/CHAPT4_WS/install/chapt4_interfaces/lib/python3.8/site-packages/chapt4_interfaces/srv
[9.042s] -- Installing: /home/ros2/CHAPT4/CHAPT4_WS/install/chapt4_interfaces/lib/python3.8/site-packages/chapt4_interfaces/srv/_face_detector_s.c
[9.043s] -- Installing: /home/ros2/CHAPT4/CHAPT4_WS/install/chapt4_interfaces/lib/python3.8/site-packages/chapt4_interfaces/srv/__init__.py
[9.043s] -- Installing: /home/ros2/CHAPT4/CHAPT4_WS/install/chapt4_interfaces/lib/python3.8/site-packages/chapt4_interfaces/srv/_face_detector.py
[9.043s] -- Installing: /home/ros2/CHAPT4/CHAPT4_WS/install/chapt4_interfaces/lib/python3.8/site-packages/chapt4_interfaces/chapt4_interfaces_s__rosidl_typesupport_fastrtps_c.cpython-38-x86_64-linux-gnu.so
[9.043s] -- Set runtime path of "/home/ros2/CHAPT4/CHAPT4_WS/install/chapt4_interfaces/lib/python3.8/site-packages/chapt4_interfaces/chapt4_interfaces_s__rosidl_typesupport_fastrtps_c.cpython-38-x86_64-linux-gnu.so" to ""
[9.043s] -- Installing: /home/ros2/CHAPT4/CHAPT4_WS/install/chapt4_interfaces/lib/python3.8/site-packages/chapt4_interfaces/chapt4_interfaces_s__rosidl_typesupport_introspection_c.cpython-38-x86_64-linux-gnu.so
[9.044s] -- Set runtime path of "/home/ros2/CHAPT4/CHAPT4_WS/install/chapt4_interfaces/lib/python3.8/site-packages/chapt4_interfaces/chapt4_interfaces_s__rosidl_typesupport_introspection_c.cpython-38-x86_64-linux-gnu.so" to ""
[9.044s] -- Installing: /home/ros2/CHAPT4/CHAPT4_WS/install/chapt4_interfaces/lib/python3.8/site-packages/chapt4_interfaces/chapt4_interfaces_s__rosidl_typesupport_c.cpython-38-x86_64-linux-gnu.so
[9.047s] -- Set runtime path of "/home/ros2/CHAPT4/CHAPT4_WS/install/chapt4_interfaces/lib/python3.8/site-packages/chapt4_interfaces/chapt4_interfaces_s__rosidl_typesupport_c.cpython-38-x86_64-linux-gnu.so" to ""
[9.048s] -- Installing: /home/ros2/CHAPT4/CHAPT4_WS/install/chapt4_interfaces/lib/libchapt4_interfaces__python.so
[9.048s] -- Set runtime path of "/home/ros2/CHAPT4/CHAPT4_WS/install/chapt4_interfaces/lib/libchapt4_interfaces__python.so" to ""
[9.048s] -- Installing: /home/ros2/CHAPT4/CHAPT4_WS/install/chapt4_interfaces/share/chapt4_interfaces/srv/FaceDetector.idl
[9.052s] -- Installing: /home/ros2/CHAPT4/CHAPT4_WS/install/chapt4_interfaces/share/chapt4_interfaces/srv/FaceDetector.srv
[9.053s] -- Installing: /home/ros2/CHAPT4/CHAPT4_WS/install/chapt4_interfaces/share/chapt4_interfaces/srv/FaceDetector_Request.msg
[9.053s] -- Installing: /home/ros2/CHAPT4/CHAPT4_WS/install/chapt4_interfaces/share/chapt4_interfaces/srv/FaceDetector_Response.msg
[9.053s] -- Installing: /home/ros2/CHAPT4/CHAPT4_WS/install/chapt4_interfaces/share/ament_index/resource_index/package_run_dependencies/chapt4_interfaces
[9.053s] -- Installing: /home/ros2/CHAPT4/CHAPT4_WS/install/chapt4_interfaces/share/ament_index/resource_index/parent_prefix_path/chapt4_interfaces
[9.054s] -- Installing: /home/ros2/CHAPT4/CHAPT4_WS/install/chapt4_interfaces/share/chapt4_interfaces/environment/ament_prefix_path.sh
[9.054s] -- Installing: /home/ros2/CHAPT4/CHAPT4_WS/install/chapt4_interfaces/share/chapt4_interfaces/environment/ament_prefix_path.dsv
[9.054s] -- Installing: /home/ros2/CHAPT4/CHAPT4_WS/install/chapt4_interfaces/share/chapt4_interfaces/environment/path.sh
[9.054s] -- Installing: /home/ros2/CHAPT4/CHAPT4_WS/install/chapt4_interfaces/share/chapt4_interfaces/environment/path.dsv
[9.054s] -- Installing: /home/ros2/CHAPT4/CHAPT4_WS/install/chapt4_interfaces/share/chapt4_interfaces/local_setup.bash
[9.054s] -- Installing: /home/ros2/CHAPT4/CHAPT4_WS/install/chapt4_interfaces/share/chapt4_interfaces/local_setup.sh
[9.054s] -- Installing: /home/ros2/CHAPT4/CHAPT4_WS/install/chapt4_interfaces/share/chapt4_interfaces/local_setup.zsh
[9.054s] -- Installing: /home/ros2/CHAPT4/CHAPT4_WS/install/chapt4_interfaces/share/chapt4_interfaces/local_setup.dsv
[9.054s] -- Installing: /home/ros2/CHAPT4/CHAPT4_WS/install/chapt4_interfaces/share/chapt4_interfaces/package.dsv
[9.054s] -- Installing: /home/ros2/CHAPT4/CHAPT4_WS/install/chapt4_interfaces/share/ament_index/resource_index/packages/chapt4_interfaces
[9.054s] -- Installing: /home/ros2/CHAPT4/CHAPT4_WS/install/chapt4_interfaces/share/chapt4_interfaces/cmake/chapt4_interfaces__rosidl_generator_cExport.cmake
[9.054s] -- Installing: /home/ros2/CHAPT4/CHAPT4_WS/install/chapt4_interfaces/share/chapt4_interfaces/cmake/chapt4_interfaces__rosidl_generator_cExport-noconfig.cmake
[9.054s] -- Installing: /home/ros2/CHAPT4/CHAPT4_WS/install/chapt4_interfaces/share/chapt4_interfaces/cmake/chapt4_interfaces__rosidl_typesupport_introspection_cExport.cmake
[9.054s] -- Installing: /home/ros2/CHAPT4/CHAPT4_WS/install/chapt4_interfaces/share/chapt4_interfaces/cmake/chapt4_interfaces__rosidl_typesupport_introspection_cExport-noconfig.cmake
[9.054s] -- Installing: /home/ros2/CHAPT4/CHAPT4_WS/install/chapt4_interfaces/share/chapt4_interfaces/cmake/chapt4_interfaces__rosidl_typesupport_cExport.cmake
[9.055s] -- Installing: /home/ros2/CHAPT4/CHAPT4_WS/install/chapt4_interfaces/share/chapt4_interfaces/cmake/chapt4_interfaces__rosidl_typesupport_cExport-noconfig.cmake
[9.055s] -- Installing: /home/ros2/CHAPT4/CHAPT4_WS/install/chapt4_interfaces/share/chapt4_interfaces/cmake/chapt4_interfaces__rosidl_generator_cppExport.cmake
[9.055s] -- Installing: /home/ros2/CHAPT4/CHAPT4_WS/install/chapt4_interfaces/share/chapt4_interfaces/cmake/chapt4_interfaces__rosidl_typesupport_introspection_cppExport.cmake
[9.055s] -- Installing: /home/ros2/CHAPT4/CHAPT4_WS/install/chapt4_interfaces/share/chapt4_interfaces/cmake/chapt4_interfaces__rosidl_typesupport_introspection_cppExport-noconfig.cmake
[9.055s] -- Installing: /home/ros2/CHAPT4/CHAPT4_WS/install/chapt4_interfaces/share/chapt4_interfaces/cmake/chapt4_interfaces__rosidl_typesupport_cppExport.cmake
[9.055s] -- Installing: /home/ros2/CHAPT4/CHAPT4_WS/install/chapt4_interfaces/share/chapt4_interfaces/cmake/chapt4_interfaces__rosidl_typesupport_cppExport-noconfig.cmake
[9.055s] -- Installing: /home/ros2/CHAPT4/CHAPT4_WS/install/chapt4_interfaces/share/chapt4_interfaces/cmake/rosidl_cmake-extras.cmake
[9.056s] -- Installing: /home/ros2/CHAPT4/CHAPT4_WS/install/chapt4_interfaces/share/chapt4_interfaces/cmake/ament_cmake_export_dependencies-extras.cmake
[9.056s] -- Installing: /home/ros2/CHAPT4/CHAPT4_WS/install/chapt4_interfaces/share/chapt4_interfaces/cmake/ament_cmake_export_libraries-extras.cmake
[9.056s] -- Installing: /home/ros2/CHAPT4/CHAPT4_WS/install/chapt4_interfaces/share/chapt4_interfaces/cmake/ament_cmake_export_targets-extras.cmake
[9.056s] -- Installing: /home/ros2/CHAPT4/CHAPT4_WS/install/chapt4_interfaces/share/chapt4_interfaces/cmake/ament_cmake_export_include_directories-extras.cmake
[9.056s] -- Installing: /home/ros2/CHAPT4/CHAPT4_WS/install/chapt4_interfaces/share/chapt4_interfaces/cmake/rosidl_cmake_export_typesupport_libraries-extras.cmake
[9.056s] -- Installing: /home/ros2/CHAPT4/CHAPT4_WS/install/chapt4_interfaces/share/chapt4_interfaces/cmake/rosidl_cmake_export_typesupport_targets-extras.cmake
[9.056s] -- Installing: /home/ros2/CHAPT4/CHAPT4_WS/install/chapt4_interfaces/share/chapt4_interfaces/cmake/chapt4_interfacesConfig.cmake
[9.056s] -- Installing: /home/ros2/CHAPT4/CHAPT4_WS/install/chapt4_interfaces/share/chapt4_interfaces/cmake/chapt4_interfacesConfig-version.cmake
[9.056s] -- Installing: /home/ros2/CHAPT4/CHAPT4_WS/install/chapt4_interfaces/share/chapt4_interfaces/package.xml
[9.062s] Invoked command in '/home/ros2/CHAPT4/CHAPT4_WS/build/chapt4_interfaces' returned '0': CMAKE_PREFIX_PATH=/opt/ros/foxy /usr/bin/cmake --install /home/ros2/CHAPT4/CHAPT4_WS/build/chapt4_interfaces
