[0.307s] DEBUG:colcon:Command line arguments: ['/usr/bin/colcon', 'build']
[0.307s] DEBUG:colcon:Parsed command line arguments: Namespace(allow_overriding=[], ament_cmake_args=None, base_paths=['.'], build_base='build', catkin_cmake_args=None, catkin_skip_building_tests=False, cmake_args=None, cmake_clean_cache=False, cmake_clean_first=False, cmake_force_configure=False, cmake_target=None, cmake_target_skip_unavailable=False, continue_on_error=False, event_handlers=None, executor='parallel', ignore_user_meta=False, install_base='install', log_base=None, log_level=None, main=<bound method BuildVerb.main of <colcon_core.verb.build.BuildVerb object at 0x7fce47f203d0>>, merge_install=False, metas=['./colcon.meta'], packages_above=None, packages_above_and_dependencies=None, packages_above_depth=None, packages_end=None, packages_ignore=None, packages_ignore_regex=None, packages_select=None, packages_select_build_failed=False, packages_select_by_dep=None, packages_select_regex=None, packages_select_test_failures=False, packages_skip=None, packages_skip_build_finished=False, packages_skip_by_dep=None, packages_skip_regex=None, packages_skip_test_passed=False, packages_skip_up_to=None, packages_start=None, packages_up_to=None, packages_up_to_regex=None, parallel_workers=2, paths=None, symlink_install=False, test_result_base=None, verb_extension=<colcon_core.verb.build.BuildVerb object at 0x7fce47f203d0>, verb_name='build', verb_parser=<colcon_defaults.argument_parser.defaults.DefaultArgumentsDecorator object at 0x7fce47f2f0d0>)
[0.683s] Level 1:colcon.colcon_core.package_discovery:discover_packages(colcon_meta) check parameters
[0.684s] Level 1:colcon.colcon_core.package_discovery:discover_packages(recursive) check parameters
[0.684s] Level 1:colcon.colcon_core.package_discovery:discover_packages(ignore) check parameters
[0.684s] Level 1:colcon.colcon_core.package_discovery:discover_packages(path) check parameters
[0.684s] Level 1:colcon.colcon_core.package_discovery:discover_packages(colcon_meta) discover
[0.684s] Level 1:colcon.colcon_core.package_discovery:discover_packages(recursive) discover
[0.684s] INFO:colcon.colcon_core.package_discovery:Crawling recursively for packages in '/home/ros2/CHAPT2/demo_cpp_pkg/build'
[0.684s] Level 1:colcon.colcon_core.package_identification:_identify(.) by extensions ['ignore', 'ignore_ament_install']
[0.684s] Level 1:colcon.colcon_core.package_identification:_identify(.) by extension 'ignore'
[0.684s] Level 1:colcon.colcon_core.package_identification:_identify(.) by extension 'ignore_ament_install'
[0.684s] Level 1:colcon.colcon_core.package_identification:_identify(.) by extensions ['colcon_pkg']
[0.684s] Level 1:colcon.colcon_core.package_identification:_identify(.) by extension 'colcon_pkg'
[0.684s] Level 1:colcon.colcon_core.package_identification:_identify(.) by extensions ['colcon_meta']
[0.684s] Level 1:colcon.colcon_core.package_identification:_identify(.) by extension 'colcon_meta'
[0.684s] Level 1:colcon.colcon_core.package_identification:_identify(.) by extensions ['ros']
[0.684s] Level 1:colcon.colcon_core.package_identification:_identify(.) by extension 'ros'
[0.696s] Level 1:colcon.colcon_core.package_identification:_identify(.) by extensions ['cmake', 'python']
[0.696s] Level 1:colcon.colcon_core.package_identification:_identify(.) by extension 'cmake'
[0.696s] Level 1:colcon.colcon_core.package_identification:_identify(.) by extension 'python'
[0.696s] Level 1:colcon.colcon_core.package_identification:_identify(.) by extensions ['python_setup_py']
[0.696s] Level 1:colcon.colcon_core.package_identification:_identify(.) by extension 'python_setup_py'
[0.696s] Level 1:colcon.colcon_core.package_identification:_identify(CMakeFiles) by extensions ['ignore', 'ignore_ament_install']
[0.696s] Level 1:colcon.colcon_core.package_identification:_identify(CMakeFiles) by extension 'ignore'
[0.696s] Level 1:colcon.colcon_core.package_identification:_identify(CMakeFiles) by extension 'ignore_ament_install'
[0.696s] Level 1:colcon.colcon_core.package_identification:_identify(CMakeFiles) by extensions ['colcon_pkg']
[0.696s] Level 1:colcon.colcon_core.package_identification:_identify(CMakeFiles) by extension 'colcon_pkg'
[0.696s] Level 1:colcon.colcon_core.package_identification:_identify(CMakeFiles) by extensions ['colcon_meta']
[0.696s] Level 1:colcon.colcon_core.package_identification:_identify(CMakeFiles) by extension 'colcon_meta'
[0.696s] Level 1:colcon.colcon_core.package_identification:_identify(CMakeFiles) by extensions ['ros']
[0.696s] Level 1:colcon.colcon_core.package_identification:_identify(CMakeFiles) by extension 'ros'
[0.696s] Level 1:colcon.colcon_core.package_identification:_identify(CMakeFiles) by extensions ['cmake', 'python']
[0.696s] Level 1:colcon.colcon_core.package_identification:_identify(CMakeFiles) by extension 'cmake'
[0.696s] Level 1:colcon.colcon_core.package_identification:_identify(CMakeFiles) by extension 'python'
[0.697s] Level 1:colcon.colcon_core.package_identification:_identify(CMakeFiles) by extensions ['python_setup_py']
[0.697s] Level 1:colcon.colcon_core.package_identification:_identify(CMakeFiles) by extension 'python_setup_py'
[0.697s] Level 1:colcon.colcon_core.package_identification:_identify(CMakeFiles/3.16.3) by extensions ['ignore', 'ignore_ament_install']
[0.697s] Level 1:colcon.colcon_core.package_identification:_identify(CMakeFiles/3.16.3) by extension 'ignore'
[0.697s] Level 1:colcon.colcon_core.package_identification:_identify(CMakeFiles/3.16.3) by extension 'ignore_ament_install'
[0.697s] Level 1:colcon.colcon_core.package_identification:_identify(CMakeFiles/3.16.3) by extensions ['colcon_pkg']
[0.697s] Level 1:colcon.colcon_core.package_identification:_identify(CMakeFiles/3.16.3) by extension 'colcon_pkg'
[0.697s] Level 1:colcon.colcon_core.package_identification:_identify(CMakeFiles/3.16.3) by extensions ['colcon_meta']
[0.697s] Level 1:colcon.colcon_core.package_identification:_identify(CMakeFiles/3.16.3) by extension 'colcon_meta'
[0.697s] Level 1:colcon.colcon_core.package_identification:_identify(CMakeFiles/3.16.3) by extensions ['ros']
[0.697s] Level 1:colcon.colcon_core.package_identification:_identify(CMakeFiles/3.16.3) by extension 'ros'
[0.697s] Level 1:colcon.colcon_core.package_identification:_identify(CMakeFiles/3.16.3) by extensions ['cmake', 'python']
[0.697s] Level 1:colcon.colcon_core.package_identification:_identify(CMakeFiles/3.16.3) by extension 'cmake'
[0.697s] Level 1:colcon.colcon_core.package_identification:_identify(CMakeFiles/3.16.3) by extension 'python'
[0.697s] Level 1:colcon.colcon_core.package_identification:_identify(CMakeFiles/3.16.3) by extensions ['python_setup_py']
[0.697s] Level 1:colcon.colcon_core.package_identification:_identify(CMakeFiles/3.16.3) by extension 'python_setup_py'
[0.697s] Level 1:colcon.colcon_core.package_identification:_identify(CMakeFiles/3.16.3/CompilerIdC) by extensions ['ignore', 'ignore_ament_install']
[0.697s] Level 1:colcon.colcon_core.package_identification:_identify(CMakeFiles/3.16.3/CompilerIdC) by extension 'ignore'
[0.697s] Level 1:colcon.colcon_core.package_identification:_identify(CMakeFiles/3.16.3/CompilerIdC) by extension 'ignore_ament_install'
[0.698s] Level 1:colcon.colcon_core.package_identification:_identify(CMakeFiles/3.16.3/CompilerIdC) by extensions ['colcon_pkg']
[0.698s] Level 1:colcon.colcon_core.package_identification:_identify(CMakeFiles/3.16.3/CompilerIdC) by extension 'colcon_pkg'
[0.698s] Level 1:colcon.colcon_core.package_identification:_identify(CMakeFiles/3.16.3/CompilerIdC) by extensions ['colcon_meta']
[0.698s] Level 1:colcon.colcon_core.package_identification:_identify(CMakeFiles/3.16.3/CompilerIdC) by extension 'colcon_meta'
[0.698s] Level 1:colcon.colcon_core.package_identification:_identify(CMakeFiles/3.16.3/CompilerIdC) by extensions ['ros']
[0.698s] Level 1:colcon.colcon_core.package_identification:_identify(CMakeFiles/3.16.3/CompilerIdC) by extension 'ros'
[0.698s] Level 1:colcon.colcon_core.package_identification:_identify(CMakeFiles/3.16.3/CompilerIdC) by extensions ['cmake', 'python']
[0.698s] Level 1:colcon.colcon_core.package_identification:_identify(CMakeFiles/3.16.3/CompilerIdC) by extension 'cmake'
[0.698s] Level 1:colcon.colcon_core.package_identification:_identify(CMakeFiles/3.16.3/CompilerIdC) by extension 'python'
[0.698s] Level 1:colcon.colcon_core.package_identification:_identify(CMakeFiles/3.16.3/CompilerIdC) by extensions ['python_setup_py']
[0.698s] Level 1:colcon.colcon_core.package_identification:_identify(CMakeFiles/3.16.3/CompilerIdC) by extension 'python_setup_py'
[0.698s] Level 1:colcon.colcon_core.package_identification:_identify(CMakeFiles/3.16.3/CompilerIdC/tmp) by extensions ['ignore', 'ignore_ament_install']
[0.698s] Level 1:colcon.colcon_core.package_identification:_identify(CMakeFiles/3.16.3/CompilerIdC/tmp) by extension 'ignore'
[0.698s] Level 1:colcon.colcon_core.package_identification:_identify(CMakeFiles/3.16.3/CompilerIdC/tmp) by extension 'ignore_ament_install'
[0.698s] Level 1:colcon.colcon_core.package_identification:_identify(CMakeFiles/3.16.3/CompilerIdC/tmp) by extensions ['colcon_pkg']
[0.698s] Level 1:colcon.colcon_core.package_identification:_identify(CMakeFiles/3.16.3/CompilerIdC/tmp) by extension 'colcon_pkg'
[0.698s] Level 1:colcon.colcon_core.package_identification:_identify(CMakeFiles/3.16.3/CompilerIdC/tmp) by extensions ['colcon_meta']
[0.698s] Level 1:colcon.colcon_core.package_identification:_identify(CMakeFiles/3.16.3/CompilerIdC/tmp) by extension 'colcon_meta'
[0.698s] Level 1:colcon.colcon_core.package_identification:_identify(CMakeFiles/3.16.3/CompilerIdC/tmp) by extensions ['ros']
[0.699s] Level 1:colcon.colcon_core.package_identification:_identify(CMakeFiles/3.16.3/CompilerIdC/tmp) by extension 'ros'
[0.699s] Level 1:colcon.colcon_core.package_identification:_identify(CMakeFiles/3.16.3/CompilerIdC/tmp) by extensions ['cmake', 'python']
[0.699s] Level 1:colcon.colcon_core.package_identification:_identify(CMakeFiles/3.16.3/CompilerIdC/tmp) by extension 'cmake'
[0.699s] Level 1:colcon.colcon_core.package_identification:_identify(CMakeFiles/3.16.3/CompilerIdC/tmp) by extension 'python'
[0.699s] Level 1:colcon.colcon_core.package_identification:_identify(CMakeFiles/3.16.3/CompilerIdC/tmp) by extensions ['python_setup_py']
[0.699s] Level 1:colcon.colcon_core.package_identification:_identify(CMakeFiles/3.16.3/CompilerIdC/tmp) by extension 'python_setup_py'
[0.699s] Level 1:colcon.colcon_core.package_identification:_identify(CMakeFiles/3.16.3/CompilerIdCXX) by extensions ['ignore', 'ignore_ament_install']
[0.699s] Level 1:colcon.colcon_core.package_identification:_identify(CMakeFiles/3.16.3/CompilerIdCXX) by extension 'ignore'
[0.699s] Level 1:colcon.colcon_core.package_identification:_identify(CMakeFiles/3.16.3/CompilerIdCXX) by extension 'ignore_ament_install'
[0.699s] Level 1:colcon.colcon_core.package_identification:_identify(CMakeFiles/3.16.3/CompilerIdCXX) by extensions ['colcon_pkg']
[0.699s] Level 1:colcon.colcon_core.package_identification:_identify(CMakeFiles/3.16.3/CompilerIdCXX) by extension 'colcon_pkg'
[0.699s] Level 1:colcon.colcon_core.package_identification:_identify(CMakeFiles/3.16.3/CompilerIdCXX) by extensions ['colcon_meta']
[0.699s] Level 1:colcon.colcon_core.package_identification:_identify(CMakeFiles/3.16.3/CompilerIdCXX) by extension 'colcon_meta'
[0.699s] Level 1:colcon.colcon_core.package_identification:_identify(CMakeFiles/3.16.3/CompilerIdCXX) by extensions ['ros']
[0.699s] Level 1:colcon.colcon_core.package_identification:_identify(CMakeFiles/3.16.3/CompilerIdCXX) by extension 'ros'
[0.699s] Level 1:colcon.colcon_core.package_identification:_identify(CMakeFiles/3.16.3/CompilerIdCXX) by extensions ['cmake', 'python']
[0.699s] Level 1:colcon.colcon_core.package_identification:_identify(CMakeFiles/3.16.3/CompilerIdCXX) by extension 'cmake'
[0.699s] Level 1:colcon.colcon_core.package_identification:_identify(CMakeFiles/3.16.3/CompilerIdCXX) by extension 'python'
[0.699s] Level 1:colcon.colcon_core.package_identification:_identify(CMakeFiles/3.16.3/CompilerIdCXX) by extensions ['python_setup_py']
[0.699s] Level 1:colcon.colcon_core.package_identification:_identify(CMakeFiles/3.16.3/CompilerIdCXX) by extension 'python_setup_py'
[0.700s] Level 1:colcon.colcon_core.package_identification:_identify(CMakeFiles/3.16.3/CompilerIdCXX/tmp) by extensions ['ignore', 'ignore_ament_install']
[0.700s] Level 1:colcon.colcon_core.package_identification:_identify(CMakeFiles/3.16.3/CompilerIdCXX/tmp) by extension 'ignore'
[0.700s] Level 1:colcon.colcon_core.package_identification:_identify(CMakeFiles/3.16.3/CompilerIdCXX/tmp) by extension 'ignore_ament_install'
[0.700s] Level 1:colcon.colcon_core.package_identification:_identify(CMakeFiles/3.16.3/CompilerIdCXX/tmp) by extensions ['colcon_pkg']
[0.700s] Level 1:colcon.colcon_core.package_identification:_identify(CMakeFiles/3.16.3/CompilerIdCXX/tmp) by extension 'colcon_pkg'
[0.700s] Level 1:colcon.colcon_core.package_identification:_identify(CMakeFiles/3.16.3/CompilerIdCXX/tmp) by extensions ['colcon_meta']
[0.700s] Level 1:colcon.colcon_core.package_identification:_identify(CMakeFiles/3.16.3/CompilerIdCXX/tmp) by extension 'colcon_meta'
[0.700s] Level 1:colcon.colcon_core.package_identification:_identify(CMakeFiles/3.16.3/CompilerIdCXX/tmp) by extensions ['ros']
[0.700s] Level 1:colcon.colcon_core.package_identification:_identify(CMakeFiles/3.16.3/CompilerIdCXX/tmp) by extension 'ros'
[0.700s] Level 1:colcon.colcon_core.package_identification:_identify(CMakeFiles/3.16.3/CompilerIdCXX/tmp) by extensions ['cmake', 'python']
[0.700s] Level 1:colcon.colcon_core.package_identification:_identify(CMakeFiles/3.16.3/CompilerIdCXX/tmp) by extension 'cmake'
[0.700s] Level 1:colcon.colcon_core.package_identification:_identify(CMakeFiles/3.16.3/CompilerIdCXX/tmp) by extension 'python'
[0.700s] Level 1:colcon.colcon_core.package_identification:_identify(CMakeFiles/3.16.3/CompilerIdCXX/tmp) by extensions ['python_setup_py']
[0.700s] Level 1:colcon.colcon_core.package_identification:_identify(CMakeFiles/3.16.3/CompilerIdCXX/tmp) by extension 'python_setup_py'
[0.700s] Level 1:colcon.colcon_core.package_identification:_identify(CMakeFiles/CMakeTmp) by extensions ['ignore', 'ignore_ament_install']
[0.700s] Level 1:colcon.colcon_core.package_identification:_identify(CMakeFiles/CMakeTmp) by extension 'ignore'
[0.700s] Level 1:colcon.colcon_core.package_identification:_identify(CMakeFiles/CMakeTmp) by extension 'ignore_ament_install'
[0.700s] Level 1:colcon.colcon_core.package_identification:_identify(CMakeFiles/CMakeTmp) by extensions ['colcon_pkg']
[0.700s] Level 1:colcon.colcon_core.package_identification:_identify(CMakeFiles/CMakeTmp) by extension 'colcon_pkg'
[0.701s] Level 1:colcon.colcon_core.package_identification:_identify(CMakeFiles/CMakeTmp) by extensions ['colcon_meta']
[0.701s] Level 1:colcon.colcon_core.package_identification:_identify(CMakeFiles/CMakeTmp) by extension 'colcon_meta'
[0.701s] Level 1:colcon.colcon_core.package_identification:_identify(CMakeFiles/CMakeTmp) by extensions ['ros']
[0.701s] Level 1:colcon.colcon_core.package_identification:_identify(CMakeFiles/CMakeTmp) by extension 'ros'
[0.701s] Level 1:colcon.colcon_core.package_identification:_identify(CMakeFiles/CMakeTmp) by extensions ['cmake', 'python']
[0.701s] Level 1:colcon.colcon_core.package_identification:_identify(CMakeFiles/CMakeTmp) by extension 'cmake'
[0.701s] Level 1:colcon.colcon_core.package_identification:_identify(CMakeFiles/CMakeTmp) by extension 'python'
[0.701s] Level 1:colcon.colcon_core.package_identification:_identify(CMakeFiles/CMakeTmp) by extensions ['python_setup_py']
[0.701s] Level 1:colcon.colcon_core.package_identification:_identify(CMakeFiles/CMakeTmp) by extension 'python_setup_py'
[0.701s] Level 1:colcon.colcon_core.package_identification:_identify(CMakeFiles/cpp_node.dir) by extensions ['ignore', 'ignore_ament_install']
[0.701s] Level 1:colcon.colcon_core.package_identification:_identify(CMakeFiles/cpp_node.dir) by extension 'ignore'
[0.701s] Level 1:colcon.colcon_core.package_identification:_identify(CMakeFiles/cpp_node.dir) by extension 'ignore_ament_install'
[0.701s] Level 1:colcon.colcon_core.package_identification:_identify(CMakeFiles/cpp_node.dir) by extensions ['colcon_pkg']
[0.701s] Level 1:colcon.colcon_core.package_identification:_identify(CMakeFiles/cpp_node.dir) by extension 'colcon_pkg'
[0.701s] Level 1:colcon.colcon_core.package_identification:_identify(CMakeFiles/cpp_node.dir) by extensions ['colcon_meta']
[0.701s] Level 1:colcon.colcon_core.package_identification:_identify(CMakeFiles/cpp_node.dir) by extension 'colcon_meta'
[0.701s] Level 1:colcon.colcon_core.package_identification:_identify(CMakeFiles/cpp_node.dir) by extensions ['ros']
[0.701s] Level 1:colcon.colcon_core.package_identification:_identify(CMakeFiles/cpp_node.dir) by extension 'ros'
[0.701s] Level 1:colcon.colcon_core.package_identification:_identify(CMakeFiles/cpp_node.dir) by extensions ['cmake', 'python']
[0.701s] Level 1:colcon.colcon_core.package_identification:_identify(CMakeFiles/cpp_node.dir) by extension 'cmake'
[0.701s] Level 1:colcon.colcon_core.package_identification:_identify(CMakeFiles/cpp_node.dir) by extension 'python'
[0.702s] Level 1:colcon.colcon_core.package_identification:_identify(CMakeFiles/cpp_node.dir) by extensions ['python_setup_py']
[0.702s] Level 1:colcon.colcon_core.package_identification:_identify(CMakeFiles/cpp_node.dir) by extension 'python_setup_py'
[0.702s] Level 1:colcon.colcon_core.package_identification:_identify(CMakeFiles/cpp_node.dir/src) by extensions ['ignore', 'ignore_ament_install']
[0.702s] Level 1:colcon.colcon_core.package_identification:_identify(CMakeFiles/cpp_node.dir/src) by extension 'ignore'
[0.702s] Level 1:colcon.colcon_core.package_identification:_identify(CMakeFiles/cpp_node.dir/src) by extension 'ignore_ament_install'
[0.702s] Level 1:colcon.colcon_core.package_identification:_identify(CMakeFiles/cpp_node.dir/src) by extensions ['colcon_pkg']
[0.702s] Level 1:colcon.colcon_core.package_identification:_identify(CMakeFiles/cpp_node.dir/src) by extension 'colcon_pkg'
[0.702s] Level 1:colcon.colcon_core.package_identification:_identify(CMakeFiles/cpp_node.dir/src) by extensions ['colcon_meta']
[0.702s] Level 1:colcon.colcon_core.package_identification:_identify(CMakeFiles/cpp_node.dir/src) by extension 'colcon_meta'
[0.702s] Level 1:colcon.colcon_core.package_identification:_identify(CMakeFiles/cpp_node.dir/src) by extensions ['ros']
[0.702s] Level 1:colcon.colcon_core.package_identification:_identify(CMakeFiles/cpp_node.dir/src) by extension 'ros'
[0.702s] Level 1:colcon.colcon_core.package_identification:_identify(CMakeFiles/cpp_node.dir/src) by extensions ['cmake', 'python']
[0.702s] Level 1:colcon.colcon_core.package_identification:_identify(CMakeFiles/cpp_node.dir/src) by extension 'cmake'
[0.702s] Level 1:colcon.colcon_core.package_identification:_identify(CMakeFiles/cpp_node.dir/src) by extension 'python'
[0.702s] Level 1:colcon.colcon_core.package_identification:_identify(CMakeFiles/cpp_node.dir/src) by extensions ['python_setup_py']
[0.702s] Level 1:colcon.colcon_core.package_identification:_identify(CMakeFiles/cpp_node.dir/src) by extension 'python_setup_py'
[0.702s] Level 1:colcon.colcon_core.package_identification:_identify(CMakeFiles/demo_cpp_pkg_uninstall.dir) by extensions ['ignore', 'ignore_ament_install']
[0.702s] Level 1:colcon.colcon_core.package_identification:_identify(CMakeFiles/demo_cpp_pkg_uninstall.dir) by extension 'ignore'
[0.702s] Level 1:colcon.colcon_core.package_identification:_identify(CMakeFiles/demo_cpp_pkg_uninstall.dir) by extension 'ignore_ament_install'
[0.703s] Level 1:colcon.colcon_core.package_identification:_identify(CMakeFiles/demo_cpp_pkg_uninstall.dir) by extensions ['colcon_pkg']
[0.703s] Level 1:colcon.colcon_core.package_identification:_identify(CMakeFiles/demo_cpp_pkg_uninstall.dir) by extension 'colcon_pkg'
[0.703s] Level 1:colcon.colcon_core.package_identification:_identify(CMakeFiles/demo_cpp_pkg_uninstall.dir) by extensions ['colcon_meta']
[0.703s] Level 1:colcon.colcon_core.package_identification:_identify(CMakeFiles/demo_cpp_pkg_uninstall.dir) by extension 'colcon_meta'
[0.703s] Level 1:colcon.colcon_core.package_identification:_identify(CMakeFiles/demo_cpp_pkg_uninstall.dir) by extensions ['ros']
[0.703s] Level 1:colcon.colcon_core.package_identification:_identify(CMakeFiles/demo_cpp_pkg_uninstall.dir) by extension 'ros'
[0.703s] Level 1:colcon.colcon_core.package_identification:_identify(CMakeFiles/demo_cpp_pkg_uninstall.dir) by extensions ['cmake', 'python']
[0.703s] Level 1:colcon.colcon_core.package_identification:_identify(CMakeFiles/demo_cpp_pkg_uninstall.dir) by extension 'cmake'
[0.703s] Level 1:colcon.colcon_core.package_identification:_identify(CMakeFiles/demo_cpp_pkg_uninstall.dir) by extension 'python'
[0.703s] Level 1:colcon.colcon_core.package_identification:_identify(CMakeFiles/demo_cpp_pkg_uninstall.dir) by extensions ['python_setup_py']
[0.703s] Level 1:colcon.colcon_core.package_identification:_identify(CMakeFiles/demo_cpp_pkg_uninstall.dir) by extension 'python_setup_py'
[0.703s] Level 1:colcon.colcon_core.package_identification:_identify(CMakeFiles/uninstall.dir) by extensions ['ignore', 'ignore_ament_install']
[0.703s] Level 1:colcon.colcon_core.package_identification:_identify(CMakeFiles/uninstall.dir) by extension 'ignore'
[0.703s] Level 1:colcon.colcon_core.package_identification:_identify(CMakeFiles/uninstall.dir) by extension 'ignore_ament_install'
[0.703s] Level 1:colcon.colcon_core.package_identification:_identify(CMakeFiles/uninstall.dir) by extensions ['colcon_pkg']
[0.703s] Level 1:colcon.colcon_core.package_identification:_identify(CMakeFiles/uninstall.dir) by extension 'colcon_pkg'
[0.703s] Level 1:colcon.colcon_core.package_identification:_identify(CMakeFiles/uninstall.dir) by extensions ['colcon_meta']
[0.703s] Level 1:colcon.colcon_core.package_identification:_identify(CMakeFiles/uninstall.dir) by extension 'colcon_meta'
[0.703s] Level 1:colcon.colcon_core.package_identification:_identify(CMakeFiles/uninstall.dir) by extensions ['ros']
[0.703s] Level 1:colcon.colcon_core.package_identification:_identify(CMakeFiles/uninstall.dir) by extension 'ros'
[0.704s] Level 1:colcon.colcon_core.package_identification:_identify(CMakeFiles/uninstall.dir) by extensions ['cmake', 'python']
[0.704s] Level 1:colcon.colcon_core.package_identification:_identify(CMakeFiles/uninstall.dir) by extension 'cmake'
[0.704s] Level 1:colcon.colcon_core.package_identification:_identify(CMakeFiles/uninstall.dir) by extension 'python'
[0.704s] Level 1:colcon.colcon_core.package_identification:_identify(CMakeFiles/uninstall.dir) by extensions ['python_setup_py']
[0.704s] Level 1:colcon.colcon_core.package_identification:_identify(CMakeFiles/uninstall.dir) by extension 'python_setup_py'
[0.704s] Level 1:colcon.colcon_core.package_identification:_identify(ament_cmake_core) by extensions ['ignore', 'ignore_ament_install']
[0.704s] Level 1:colcon.colcon_core.package_identification:_identify(ament_cmake_core) by extension 'ignore'
[0.704s] Level 1:colcon.colcon_core.package_identification:_identify(ament_cmake_core) by extension 'ignore_ament_install'
[0.704s] Level 1:colcon.colcon_core.package_identification:_identify(ament_cmake_core) by extensions ['colcon_pkg']
[0.704s] Level 1:colcon.colcon_core.package_identification:_identify(ament_cmake_core) by extension 'colcon_pkg'
[0.704s] Level 1:colcon.colcon_core.package_identification:_identify(ament_cmake_core) by extensions ['colcon_meta']
[0.704s] Level 1:colcon.colcon_core.package_identification:_identify(ament_cmake_core) by extension 'colcon_meta'
[0.704s] Level 1:colcon.colcon_core.package_identification:_identify(ament_cmake_core) by extensions ['ros']
[0.704s] Level 1:colcon.colcon_core.package_identification:_identify(ament_cmake_core) by extension 'ros'
[0.704s] Level 1:colcon.colcon_core.package_identification:_identify(ament_cmake_core) by extensions ['cmake', 'python']
[0.704s] Level 1:colcon.colcon_core.package_identification:_identify(ament_cmake_core) by extension 'cmake'
[0.704s] Level 1:colcon.colcon_core.package_identification:_identify(ament_cmake_core) by extension 'python'
[0.704s] Level 1:colcon.colcon_core.package_identification:_identify(ament_cmake_core) by extensions ['python_setup_py']
[0.704s] Level 1:colcon.colcon_core.package_identification:_identify(ament_cmake_core) by extension 'python_setup_py'
[0.705s] Level 1:colcon.colcon_core.package_identification:_identify(ament_cmake_core/stamps) by extensions ['ignore', 'ignore_ament_install']
[0.705s] Level 1:colcon.colcon_core.package_identification:_identify(ament_cmake_core/stamps) by extension 'ignore'
[0.705s] Level 1:colcon.colcon_core.package_identification:_identify(ament_cmake_core/stamps) by extension 'ignore_ament_install'
[0.705s] Level 1:colcon.colcon_core.package_identification:_identify(ament_cmake_core/stamps) by extensions ['colcon_pkg']
[0.705s] Level 1:colcon.colcon_core.package_identification:_identify(ament_cmake_core/stamps) by extension 'colcon_pkg'
[0.705s] Level 1:colcon.colcon_core.package_identification:_identify(ament_cmake_core/stamps) by extensions ['colcon_meta']
[0.705s] Level 1:colcon.colcon_core.package_identification:_identify(ament_cmake_core/stamps) by extension 'colcon_meta'
[0.705s] Level 1:colcon.colcon_core.package_identification:_identify(ament_cmake_core/stamps) by extensions ['ros']
[0.705s] Level 1:colcon.colcon_core.package_identification:_identify(ament_cmake_core/stamps) by extension 'ros'
[0.705s] Level 1:colcon.colcon_core.package_identification:_identify(ament_cmake_core/stamps) by extensions ['cmake', 'python']
[0.705s] Level 1:colcon.colcon_core.package_identification:_identify(ament_cmake_core/stamps) by extension 'cmake'
[0.705s] Level 1:colcon.colcon_core.package_identification:_identify(ament_cmake_core/stamps) by extension 'python'
[0.705s] Level 1:colcon.colcon_core.package_identification:_identify(ament_cmake_core/stamps) by extensions ['python_setup_py']
[0.705s] Level 1:colcon.colcon_core.package_identification:_identify(ament_cmake_core/stamps) by extension 'python_setup_py'
[0.705s] Level 1:colcon.colcon_core.package_identification:_identify(ament_cmake_environment_hooks) by extensions ['ignore', 'ignore_ament_install']
[0.705s] Level 1:colcon.colcon_core.package_identification:_identify(ament_cmake_environment_hooks) by extension 'ignore'
[0.705s] Level 1:colcon.colcon_core.package_identification:_identify(ament_cmake_environment_hooks) by extension 'ignore_ament_install'
[0.705s] Level 1:colcon.colcon_core.package_identification:_identify(ament_cmake_environment_hooks) by extensions ['colcon_pkg']
[0.705s] Level 1:colcon.colcon_core.package_identification:_identify(ament_cmake_environment_hooks) by extension 'colcon_pkg'
[0.706s] Level 1:colcon.colcon_core.package_identification:_identify(ament_cmake_environment_hooks) by extensions ['colcon_meta']
[0.706s] Level 1:colcon.colcon_core.package_identification:_identify(ament_cmake_environment_hooks) by extension 'colcon_meta'
[0.706s] Level 1:colcon.colcon_core.package_identification:_identify(ament_cmake_environment_hooks) by extensions ['ros']
[0.706s] Level 1:colcon.colcon_core.package_identification:_identify(ament_cmake_environment_hooks) by extension 'ros'
[0.706s] Level 1:colcon.colcon_core.package_identification:_identify(ament_cmake_environment_hooks) by extensions ['cmake', 'python']
[0.706s] Level 1:colcon.colcon_core.package_identification:_identify(ament_cmake_environment_hooks) by extension 'cmake'
[0.706s] Level 1:colcon.colcon_core.package_identification:_identify(ament_cmake_environment_hooks) by extension 'python'
[0.706s] Level 1:colcon.colcon_core.package_identification:_identify(ament_cmake_environment_hooks) by extensions ['python_setup_py']
[0.706s] Level 1:colcon.colcon_core.package_identification:_identify(ament_cmake_environment_hooks) by extension 'python_setup_py'
[0.706s] Level 1:colcon.colcon_core.package_identification:_identify(ament_cmake_index) by extensions ['ignore', 'ignore_ament_install']
[0.706s] Level 1:colcon.colcon_core.package_identification:_identify(ament_cmake_index) by extension 'ignore'
[0.706s] Level 1:colcon.colcon_core.package_identification:_identify(ament_cmake_index) by extension 'ignore_ament_install'
[0.706s] Level 1:colcon.colcon_core.package_identification:_identify(ament_cmake_index) by extensions ['colcon_pkg']
[0.706s] Level 1:colcon.colcon_core.package_identification:_identify(ament_cmake_index) by extension 'colcon_pkg'
[0.706s] Level 1:colcon.colcon_core.package_identification:_identify(ament_cmake_index) by extensions ['colcon_meta']
[0.706s] Level 1:colcon.colcon_core.package_identification:_identify(ament_cmake_index) by extension 'colcon_meta'
[0.706s] Level 1:colcon.colcon_core.package_identification:_identify(ament_cmake_index) by extensions ['ros']
[0.706s] Level 1:colcon.colcon_core.package_identification:_identify(ament_cmake_index) by extension 'ros'
[0.707s] Level 1:colcon.colcon_core.package_identification:_identify(ament_cmake_index) by extensions ['cmake', 'python']
[0.707s] Level 1:colcon.colcon_core.package_identification:_identify(ament_cmake_index) by extension 'cmake'
[0.707s] Level 1:colcon.colcon_core.package_identification:_identify(ament_cmake_index) by extension 'python'
[0.707s] Level 1:colcon.colcon_core.package_identification:_identify(ament_cmake_index) by extensions ['python_setup_py']
[0.707s] Level 1:colcon.colcon_core.package_identification:_identify(ament_cmake_index) by extension 'python_setup_py'
[0.707s] Level 1:colcon.colcon_core.package_identification:_identify(ament_cmake_index/share) by extensions ['ignore', 'ignore_ament_install']
[0.707s] Level 1:colcon.colcon_core.package_identification:_identify(ament_cmake_index/share) by extension 'ignore'
[0.707s] Level 1:colcon.colcon_core.package_identification:_identify(ament_cmake_index/share) by extension 'ignore_ament_install'
[0.707s] Level 1:colcon.colcon_core.package_identification:_identify(ament_cmake_index/share) by extensions ['colcon_pkg']
[0.707s] Level 1:colcon.colcon_core.package_identification:_identify(ament_cmake_index/share) by extension 'colcon_pkg'
[0.707s] Level 1:colcon.colcon_core.package_identification:_identify(ament_cmake_index/share) by extensions ['colcon_meta']
[0.707s] Level 1:colcon.colcon_core.package_identification:_identify(ament_cmake_index/share) by extension 'colcon_meta'
[0.707s] Level 1:colcon.colcon_core.package_identification:_identify(ament_cmake_index/share) by extensions ['ros']
[0.707s] Level 1:colcon.colcon_core.package_identification:_identify(ament_cmake_index/share) by extension 'ros'
[0.707s] Level 1:colcon.colcon_core.package_identification:_identify(ament_cmake_index/share) by extensions ['cmake', 'python']
[0.707s] Level 1:colcon.colcon_core.package_identification:_identify(ament_cmake_index/share) by extension 'cmake'
[0.707s] Level 1:colcon.colcon_core.package_identification:_identify(ament_cmake_index/share) by extension 'python'
[0.707s] Level 1:colcon.colcon_core.package_identification:_identify(ament_cmake_index/share) by extensions ['python_setup_py']
[0.707s] Level 1:colcon.colcon_core.package_identification:_identify(ament_cmake_index/share) by extension 'python_setup_py'
[0.708s] Level 1:colcon.colcon_core.package_identification:_identify(ament_cmake_index/share/ament_index) by extensions ['ignore', 'ignore_ament_install']
[0.708s] Level 1:colcon.colcon_core.package_identification:_identify(ament_cmake_index/share/ament_index) by extension 'ignore'
[0.708s] Level 1:colcon.colcon_core.package_identification:_identify(ament_cmake_index/share/ament_index) by extension 'ignore_ament_install'
[0.708s] Level 1:colcon.colcon_core.package_identification:_identify(ament_cmake_index/share/ament_index) by extensions ['colcon_pkg']
[0.708s] Level 1:colcon.colcon_core.package_identification:_identify(ament_cmake_index/share/ament_index) by extension 'colcon_pkg'
[0.708s] Level 1:colcon.colcon_core.package_identification:_identify(ament_cmake_index/share/ament_index) by extensions ['colcon_meta']
[0.708s] Level 1:colcon.colcon_core.package_identification:_identify(ament_cmake_index/share/ament_index) by extension 'colcon_meta'
[0.708s] Level 1:colcon.colcon_core.package_identification:_identify(ament_cmake_index/share/ament_index) by extensions ['ros']
[0.708s] Level 1:colcon.colcon_core.package_identification:_identify(ament_cmake_index/share/ament_index) by extension 'ros'
[0.708s] Level 1:colcon.colcon_core.package_identification:_identify(ament_cmake_index/share/ament_index) by extensions ['cmake', 'python']
[0.708s] Level 1:colcon.colcon_core.package_identification:_identify(ament_cmake_index/share/ament_index) by extension 'cmake'
[0.708s] Level 1:colcon.colcon_core.package_identification:_identify(ament_cmake_index/share/ament_index) by extension 'python'
[0.708s] Level 1:colcon.colcon_core.package_identification:_identify(ament_cmake_index/share/ament_index) by extensions ['python_setup_py']
[0.708s] Level 1:colcon.colcon_core.package_identification:_identify(ament_cmake_index/share/ament_index) by extension 'python_setup_py'
[0.708s] Level 1:colcon.colcon_core.package_identification:_identify(ament_cmake_index/share/ament_index/resource_index) by extensions ['ignore', 'ignore_ament_install']
[0.709s] Level 1:colcon.colcon_core.package_identification:_identify(ament_cmake_index/share/ament_index/resource_index) by extension 'ignore'
[0.709s] Level 1:colcon.colcon_core.package_identification:_identify(ament_cmake_index/share/ament_index/resource_index) by extension 'ignore_ament_install'
[0.709s] Level 1:colcon.colcon_core.package_identification:_identify(ament_cmake_index/share/ament_index/resource_index) by extensions ['colcon_pkg']
[0.709s] Level 1:colcon.colcon_core.package_identification:_identify(ament_cmake_index/share/ament_index/resource_index) by extension 'colcon_pkg'
[0.709s] Level 1:colcon.colcon_core.package_identification:_identify(ament_cmake_index/share/ament_index/resource_index) by extensions ['colcon_meta']
[0.709s] Level 1:colcon.colcon_core.package_identification:_identify(ament_cmake_index/share/ament_index/resource_index) by extension 'colcon_meta'
[0.709s] Level 1:colcon.colcon_core.package_identification:_identify(ament_cmake_index/share/ament_index/resource_index) by extensions ['ros']
[0.709s] Level 1:colcon.colcon_core.package_identification:_identify(ament_cmake_index/share/ament_index/resource_index) by extension 'ros'
[0.709s] Level 1:colcon.colcon_core.package_identification:_identify(ament_cmake_index/share/ament_index/resource_index) by extensions ['cmake', 'python']
[0.709s] Level 1:colcon.colcon_core.package_identification:_identify(ament_cmake_index/share/ament_index/resource_index) by extension 'cmake'
[0.709s] Level 1:colcon.colcon_core.package_identification:_identify(ament_cmake_index/share/ament_index/resource_index) by extension 'python'
[0.709s] Level 1:colcon.colcon_core.package_identification:_identify(ament_cmake_index/share/ament_index/resource_index) by extensions ['python_setup_py']
[0.709s] Level 1:colcon.colcon_core.package_identification:_identify(ament_cmake_index/share/ament_index/resource_index) by extension 'python_setup_py'
[0.709s] Level 1:colcon.colcon_core.package_identification:_identify(ament_cmake_index/share/ament_index/resource_index/package_run_dependencies) by extensions ['ignore', 'ignore_ament_install']
[0.709s] Level 1:colcon.colcon_core.package_identification:_identify(ament_cmake_index/share/ament_index/resource_index/package_run_dependencies) by extension 'ignore'
[0.709s] Level 1:colcon.colcon_core.package_identification:_identify(ament_cmake_index/share/ament_index/resource_index/package_run_dependencies) by extension 'ignore_ament_install'
[0.709s] Level 1:colcon.colcon_core.package_identification:_identify(ament_cmake_index/share/ament_index/resource_index/package_run_dependencies) by extensions ['colcon_pkg']
[0.709s] Level 1:colcon.colcon_core.package_identification:_identify(ament_cmake_index/share/ament_index/resource_index/package_run_dependencies) by extension 'colcon_pkg'
[0.709s] Level 1:colcon.colcon_core.package_identification:_identify(ament_cmake_index/share/ament_index/resource_index/package_run_dependencies) by extensions ['colcon_meta']
[0.709s] Level 1:colcon.colcon_core.package_identification:_identify(ament_cmake_index/share/ament_index/resource_index/package_run_dependencies) by extension 'colcon_meta'
[0.710s] Level 1:colcon.colcon_core.package_identification:_identify(ament_cmake_index/share/ament_index/resource_index/package_run_dependencies) by extensions ['ros']
[0.710s] Level 1:colcon.colcon_core.package_identification:_identify(ament_cmake_index/share/ament_index/resource_index/package_run_dependencies) by extension 'ros'
[0.710s] Level 1:colcon.colcon_core.package_identification:_identify(ament_cmake_index/share/ament_index/resource_index/package_run_dependencies) by extensions ['cmake', 'python']
[0.710s] Level 1:colcon.colcon_core.package_identification:_identify(ament_cmake_index/share/ament_index/resource_index/package_run_dependencies) by extension 'cmake'
[0.710s] Level 1:colcon.colcon_core.package_identification:_identify(ament_cmake_index/share/ament_index/resource_index/package_run_dependencies) by extension 'python'
[0.710s] Level 1:colcon.colcon_core.package_identification:_identify(ament_cmake_index/share/ament_index/resource_index/package_run_dependencies) by extensions ['python_setup_py']
[0.710s] Level 1:colcon.colcon_core.package_identification:_identify(ament_cmake_index/share/ament_index/resource_index/package_run_dependencies) by extension 'python_setup_py'
[0.710s] Level 1:colcon.colcon_core.package_identification:_identify(ament_cmake_index/share/ament_index/resource_index/packages) by extensions ['ignore', 'ignore_ament_install']
[0.711s] Level 1:colcon.colcon_core.package_identification:_identify(ament_cmake_index/share/ament_index/resource_index/packages) by extension 'ignore'
[0.711s] Level 1:colcon.colcon_core.package_identification:_identify(ament_cmake_index/share/ament_index/resource_index/packages) by extension 'ignore_ament_install'
[0.711s] Level 1:colcon.colcon_core.package_identification:_identify(ament_cmake_index/share/ament_index/resource_index/packages) by extensions ['colcon_pkg']
[0.711s] Level 1:colcon.colcon_core.package_identification:_identify(ament_cmake_index/share/ament_index/resource_index/packages) by extension 'colcon_pkg'
[0.711s] Level 1:colcon.colcon_core.package_identification:_identify(ament_cmake_index/share/ament_index/resource_index/packages) by extensions ['colcon_meta']
[0.711s] Level 1:colcon.colcon_core.package_identification:_identify(ament_cmake_index/share/ament_index/resource_index/packages) by extension 'colcon_meta'
[0.711s] Level 1:colcon.colcon_core.package_identification:_identify(ament_cmake_index/share/ament_index/resource_index/packages) by extensions ['ros']
[0.711s] Level 1:colcon.colcon_core.package_identification:_identify(ament_cmake_index/share/ament_index/resource_index/packages) by extension 'ros'
[0.711s] Level 1:colcon.colcon_core.package_identification:_identify(ament_cmake_index/share/ament_index/resource_index/packages) by extensions ['cmake', 'python']
[0.711s] Level 1:colcon.colcon_core.package_identification:_identify(ament_cmake_index/share/ament_index/resource_index/packages) by extension 'cmake'
[0.711s] Level 1:colcon.colcon_core.package_identification:_identify(ament_cmake_index/share/ament_index/resource_index/packages) by extension 'python'
[0.711s] Level 1:colcon.colcon_core.package_identification:_identify(ament_cmake_index/share/ament_index/resource_index/packages) by extensions ['python_setup_py']
[0.711s] Level 1:colcon.colcon_core.package_identification:_identify(ament_cmake_index/share/ament_index/resource_index/packages) by extension 'python_setup_py'
[0.711s] Level 1:colcon.colcon_core.package_identification:_identify(ament_cmake_index/share/ament_index/resource_index/parent_prefix_path) by extensions ['ignore', 'ignore_ament_install']
[0.711s] Level 1:colcon.colcon_core.package_identification:_identify(ament_cmake_index/share/ament_index/resource_index/parent_prefix_path) by extension 'ignore'
[0.711s] Level 1:colcon.colcon_core.package_identification:_identify(ament_cmake_index/share/ament_index/resource_index/parent_prefix_path) by extension 'ignore_ament_install'
[0.712s] Level 1:colcon.colcon_core.package_identification:_identify(ament_cmake_index/share/ament_index/resource_index/parent_prefix_path) by extensions ['colcon_pkg']
[0.712s] Level 1:colcon.colcon_core.package_identification:_identify(ament_cmake_index/share/ament_index/resource_index/parent_prefix_path) by extension 'colcon_pkg'
[0.712s] Level 1:colcon.colcon_core.package_identification:_identify(ament_cmake_index/share/ament_index/resource_index/parent_prefix_path) by extensions ['colcon_meta']
[0.712s] Level 1:colcon.colcon_core.package_identification:_identify(ament_cmake_index/share/ament_index/resource_index/parent_prefix_path) by extension 'colcon_meta'
[0.712s] Level 1:colcon.colcon_core.package_identification:_identify(ament_cmake_index/share/ament_index/resource_index/parent_prefix_path) by extensions ['ros']
[0.712s] Level 1:colcon.colcon_core.package_identification:_identify(ament_cmake_index/share/ament_index/resource_index/parent_prefix_path) by extension 'ros'
[0.712s] Level 1:colcon.colcon_core.package_identification:_identify(ament_cmake_index/share/ament_index/resource_index/parent_prefix_path) by extensions ['cmake', 'python']
[0.712s] Level 1:colcon.colcon_core.package_identification:_identify(ament_cmake_index/share/ament_index/resource_index/parent_prefix_path) by extension 'cmake'
[0.712s] Level 1:colcon.colcon_core.package_identification:_identify(ament_cmake_index/share/ament_index/resource_index/parent_prefix_path) by extension 'python'
[0.712s] Level 1:colcon.colcon_core.package_identification:_identify(ament_cmake_index/share/ament_index/resource_index/parent_prefix_path) by extensions ['python_setup_py']
[0.712s] Level 1:colcon.colcon_core.package_identification:_identify(ament_cmake_index/share/ament_index/resource_index/parent_prefix_path) by extension 'python_setup_py'
[0.712s] Level 1:colcon.colcon_core.package_identification:_identify(ament_cmake_package_templates) by extensions ['ignore', 'ignore_ament_install']
[0.712s] Level 1:colcon.colcon_core.package_identification:_identify(ament_cmake_package_templates) by extension 'ignore'
[0.712s] Level 1:colcon.colcon_core.package_identification:_identify(ament_cmake_package_templates) by extension 'ignore_ament_install'
[0.712s] Level 1:colcon.colcon_core.package_identification:_identify(ament_cmake_package_templates) by extensions ['colcon_pkg']
[0.712s] Level 1:colcon.colcon_core.package_identification:_identify(ament_cmake_package_templates) by extension 'colcon_pkg'
[0.712s] Level 1:colcon.colcon_core.package_identification:_identify(ament_cmake_package_templates) by extensions ['colcon_meta']
[0.712s] Level 1:colcon.colcon_core.package_identification:_identify(ament_cmake_package_templates) by extension 'colcon_meta'
[0.712s] Level 1:colcon.colcon_core.package_identification:_identify(ament_cmake_package_templates) by extensions ['ros']
[0.712s] Level 1:colcon.colcon_core.package_identification:_identify(ament_cmake_package_templates) by extension 'ros'
[0.712s] Level 1:colcon.colcon_core.package_identification:_identify(ament_cmake_package_templates) by extensions ['cmake', 'python']
[0.713s] Level 1:colcon.colcon_core.package_identification:_identify(ament_cmake_package_templates) by extension 'cmake'
[0.713s] Level 1:colcon.colcon_core.package_identification:_identify(ament_cmake_package_templates) by extension 'python'
[0.713s] Level 1:colcon.colcon_core.package_identification:_identify(ament_cmake_package_templates) by extensions ['python_setup_py']
[0.713s] Level 1:colcon.colcon_core.package_identification:_identify(ament_cmake_package_templates) by extension 'python_setup_py'
[0.713s] Level 1:colcon.colcon_core.package_identification:_identify(ament_cmake_uninstall_target) by extensions ['ignore', 'ignore_ament_install']
[0.713s] Level 1:colcon.colcon_core.package_identification:_identify(ament_cmake_uninstall_target) by extension 'ignore'
[0.713s] Level 1:colcon.colcon_core.package_identification:_identify(ament_cmake_uninstall_target) by extension 'ignore_ament_install'
[0.713s] Level 1:colcon.colcon_core.package_identification:_identify(ament_cmake_uninstall_target) by extensions ['colcon_pkg']
[0.713s] Level 1:colcon.colcon_core.package_identification:_identify(ament_cmake_uninstall_target) by extension 'colcon_pkg'
[0.713s] Level 1:colcon.colcon_core.package_identification:_identify(ament_cmake_uninstall_target) by extensions ['colcon_meta']
[0.713s] Level 1:colcon.colcon_core.package_identification:_identify(ament_cmake_uninstall_target) by extension 'colcon_meta'
[0.713s] Level 1:colcon.colcon_core.package_identification:_identify(ament_cmake_uninstall_target) by extensions ['ros']
[0.713s] Level 1:colcon.colcon_core.package_identification:_identify(ament_cmake_uninstall_target) by extension 'ros'
[0.713s] Level 1:colcon.colcon_core.package_identification:_identify(ament_cmake_uninstall_target) by extensions ['cmake', 'python']
[0.713s] Level 1:colcon.colcon_core.package_identification:_identify(ament_cmake_uninstall_target) by extension 'cmake'
[0.713s] Level 1:colcon.colcon_core.package_identification:_identify(ament_cmake_uninstall_target) by extension 'python'
[0.713s] Level 1:colcon.colcon_core.package_identification:_identify(ament_cmake_uninstall_target) by extensions ['python_setup_py']
[0.713s] Level 1:colcon.colcon_core.package_identification:_identify(ament_cmake_uninstall_target) by extension 'python_setup_py'
[0.713s] Level 1:colcon.colcon_core.package_identification:_identify(ament_copyright) by extensions ['ignore', 'ignore_ament_install']
[0.713s] Level 1:colcon.colcon_core.package_identification:_identify(ament_copyright) by extension 'ignore'
[0.714s] Level 1:colcon.colcon_core.package_identification:_identify(ament_copyright) by extension 'ignore_ament_install'
[0.714s] Level 1:colcon.colcon_core.package_identification:_identify(ament_copyright) by extensions ['colcon_pkg']
[0.714s] Level 1:colcon.colcon_core.package_identification:_identify(ament_copyright) by extension 'colcon_pkg'
[0.714s] Level 1:colcon.colcon_core.package_identification:_identify(ament_copyright) by extensions ['colcon_meta']
[0.714s] Level 1:colcon.colcon_core.package_identification:_identify(ament_copyright) by extension 'colcon_meta'
[0.714s] Level 1:colcon.colcon_core.package_identification:_identify(ament_copyright) by extensions ['ros']
[0.714s] Level 1:colcon.colcon_core.package_identification:_identify(ament_copyright) by extension 'ros'
[0.714s] Level 1:colcon.colcon_core.package_identification:_identify(ament_copyright) by extensions ['cmake', 'python']
[0.714s] Level 1:colcon.colcon_core.package_identification:_identify(ament_copyright) by extension 'cmake'
[0.714s] Level 1:colcon.colcon_core.package_identification:_identify(ament_copyright) by extension 'python'
[0.714s] Level 1:colcon.colcon_core.package_identification:_identify(ament_copyright) by extensions ['python_setup_py']
[0.714s] Level 1:colcon.colcon_core.package_identification:_identify(ament_copyright) by extension 'python_setup_py'
[0.714s] Level 1:colcon.colcon_core.package_identification:_identify(ament_cppcheck) by extensions ['ignore', 'ignore_ament_install']
[0.714s] Level 1:colcon.colcon_core.package_identification:_identify(ament_cppcheck) by extension 'ignore'
[0.714s] Level 1:colcon.colcon_core.package_identification:_identify(ament_cppcheck) by extension 'ignore_ament_install'
[0.714s] Level 1:colcon.colcon_core.package_identification:_identify(ament_cppcheck) by extensions ['colcon_pkg']
[0.714s] Level 1:colcon.colcon_core.package_identification:_identify(ament_cppcheck) by extension 'colcon_pkg'
[0.714s] Level 1:colcon.colcon_core.package_identification:_identify(ament_cppcheck) by extensions ['colcon_meta']
[0.714s] Level 1:colcon.colcon_core.package_identification:_identify(ament_cppcheck) by extension 'colcon_meta'
[0.714s] Level 1:colcon.colcon_core.package_identification:_identify(ament_cppcheck) by extensions ['ros']
[0.714s] Level 1:colcon.colcon_core.package_identification:_identify(ament_cppcheck) by extension 'ros'
[0.714s] Level 1:colcon.colcon_core.package_identification:_identify(ament_cppcheck) by extensions ['cmake', 'python']
[0.715s] Level 1:colcon.colcon_core.package_identification:_identify(ament_cppcheck) by extension 'cmake'
[0.715s] Level 1:colcon.colcon_core.package_identification:_identify(ament_cppcheck) by extension 'python'
[0.715s] Level 1:colcon.colcon_core.package_identification:_identify(ament_cppcheck) by extensions ['python_setup_py']
[0.715s] Level 1:colcon.colcon_core.package_identification:_identify(ament_cppcheck) by extension 'python_setup_py'
[0.715s] Level 1:colcon.colcon_core.package_identification:_identify(ament_cpplint) by extensions ['ignore', 'ignore_ament_install']
[0.715s] Level 1:colcon.colcon_core.package_identification:_identify(ament_cpplint) by extension 'ignore'
[0.715s] Level 1:colcon.colcon_core.package_identification:_identify(ament_cpplint) by extension 'ignore_ament_install'
[0.715s] Level 1:colcon.colcon_core.package_identification:_identify(ament_cpplint) by extensions ['colcon_pkg']
[0.715s] Level 1:colcon.colcon_core.package_identification:_identify(ament_cpplint) by extension 'colcon_pkg'
[0.715s] Level 1:colcon.colcon_core.package_identification:_identify(ament_cpplint) by extensions ['colcon_meta']
[0.715s] Level 1:colcon.colcon_core.package_identification:_identify(ament_cpplint) by extension 'colcon_meta'
[0.715s] Level 1:colcon.colcon_core.package_identification:_identify(ament_cpplint) by extensions ['ros']
[0.715s] Level 1:colcon.colcon_core.package_identification:_identify(ament_cpplint) by extension 'ros'
[0.715s] Level 1:colcon.colcon_core.package_identification:_identify(ament_cpplint) by extensions ['cmake', 'python']
[0.715s] Level 1:colcon.colcon_core.package_identification:_identify(ament_cpplint) by extension 'cmake'
[0.715s] Level 1:colcon.colcon_core.package_identification:_identify(ament_cpplint) by extension 'python'
[0.715s] Level 1:colcon.colcon_core.package_identification:_identify(ament_cpplint) by extensions ['python_setup_py']
[0.715s] Level 1:colcon.colcon_core.package_identification:_identify(ament_cpplint) by extension 'python_setup_py'
[0.715s] Level 1:colcon.colcon_core.package_identification:_identify(ament_lint_cmake) by extensions ['ignore', 'ignore_ament_install']
[0.715s] Level 1:colcon.colcon_core.package_identification:_identify(ament_lint_cmake) by extension 'ignore'
[0.716s] Level 1:colcon.colcon_core.package_identification:_identify(ament_lint_cmake) by extension 'ignore_ament_install'
[0.716s] Level 1:colcon.colcon_core.package_identification:_identify(ament_lint_cmake) by extensions ['colcon_pkg']
[0.716s] Level 1:colcon.colcon_core.package_identification:_identify(ament_lint_cmake) by extension 'colcon_pkg'
[0.716s] Level 1:colcon.colcon_core.package_identification:_identify(ament_lint_cmake) by extensions ['colcon_meta']
[0.716s] Level 1:colcon.colcon_core.package_identification:_identify(ament_lint_cmake) by extension 'colcon_meta'
[0.716s] Level 1:colcon.colcon_core.package_identification:_identify(ament_lint_cmake) by extensions ['ros']
[0.716s] Level 1:colcon.colcon_core.package_identification:_identify(ament_lint_cmake) by extension 'ros'
[0.716s] Level 1:colcon.colcon_core.package_identification:_identify(ament_lint_cmake) by extensions ['cmake', 'python']
[0.716s] Level 1:colcon.colcon_core.package_identification:_identify(ament_lint_cmake) by extension 'cmake'
[0.716s] Level 1:colcon.colcon_core.package_identification:_identify(ament_lint_cmake) by extension 'python'
[0.716s] Level 1:colcon.colcon_core.package_identification:_identify(ament_lint_cmake) by extensions ['python_setup_py']
[0.716s] Level 1:colcon.colcon_core.package_identification:_identify(ament_lint_cmake) by extension 'python_setup_py'
[0.716s] Level 1:colcon.colcon_core.package_identification:_identify(ament_uncrustify) by extensions ['ignore', 'ignore_ament_install']
[0.716s] Level 1:colcon.colcon_core.package_identification:_identify(ament_uncrustify) by extension 'ignore'
[0.716s] Level 1:colcon.colcon_core.package_identification:_identify(ament_uncrustify) by extension 'ignore_ament_install'
[0.716s] Level 1:colcon.colcon_core.package_identification:_identify(ament_uncrustify) by extensions ['colcon_pkg']
[0.716s] Level 1:colcon.colcon_core.package_identification:_identify(ament_uncrustify) by extension 'colcon_pkg'
[0.716s] Level 1:colcon.colcon_core.package_identification:_identify(ament_uncrustify) by extensions ['colcon_meta']
[0.716s] Level 1:colcon.colcon_core.package_identification:_identify(ament_uncrustify) by extension 'colcon_meta'
[0.716s] Level 1:colcon.colcon_core.package_identification:_identify(ament_uncrustify) by extensions ['ros']
[0.716s] Level 1:colcon.colcon_core.package_identification:_identify(ament_uncrustify) by extension 'ros'
[0.717s] Level 1:colcon.colcon_core.package_identification:_identify(ament_uncrustify) by extensions ['cmake', 'python']
[0.717s] Level 1:colcon.colcon_core.package_identification:_identify(ament_uncrustify) by extension 'cmake'
[0.717s] Level 1:colcon.colcon_core.package_identification:_identify(ament_uncrustify) by extension 'python'
[0.717s] Level 1:colcon.colcon_core.package_identification:_identify(ament_uncrustify) by extensions ['python_setup_py']
[0.717s] Level 1:colcon.colcon_core.package_identification:_identify(ament_uncrustify) by extension 'python_setup_py'
[0.717s] Level 1:colcon.colcon_core.package_identification:_identify(ament_xmllint) by extensions ['ignore', 'ignore_ament_install']
[0.717s] Level 1:colcon.colcon_core.package_identification:_identify(ament_xmllint) by extension 'ignore'
[0.717s] Level 1:colcon.colcon_core.package_identification:_identify(ament_xmllint) by extension 'ignore_ament_install'
[0.717s] Level 1:colcon.colcon_core.package_identification:_identify(ament_xmllint) by extensions ['colcon_pkg']
[0.717s] Level 1:colcon.colcon_core.package_identification:_identify(ament_xmllint) by extension 'colcon_pkg'
[0.717s] Level 1:colcon.colcon_core.package_identification:_identify(ament_xmllint) by extensions ['colcon_meta']
[0.717s] Level 1:colcon.colcon_core.package_identification:_identify(ament_xmllint) by extension 'colcon_meta'
[0.717s] Level 1:colcon.colcon_core.package_identification:_identify(ament_xmllint) by extensions ['ros']
[0.717s] Level 1:colcon.colcon_core.package_identification:_identify(ament_xmllint) by extension 'ros'
[0.717s] Level 1:colcon.colcon_core.package_identification:_identify(ament_xmllint) by extensions ['cmake', 'python']
[0.717s] Level 1:colcon.colcon_core.package_identification:_identify(ament_xmllint) by extension 'cmake'
[0.717s] Level 1:colcon.colcon_core.package_identification:_identify(ament_xmllint) by extension 'python'
[0.717s] Level 1:colcon.colcon_core.package_identification:_identify(ament_xmllint) by extensions ['python_setup_py']
[0.717s] Level 1:colcon.colcon_core.package_identification:_identify(ament_xmllint) by extension 'python_setup_py'
[0.717s] Level 1:colcon.colcon_core.package_identification:_identify(build) by extensions ['ignore', 'ignore_ament_install']
[0.717s] Level 1:colcon.colcon_core.package_identification:_identify(build) by extension 'ignore'
[0.718s] Level 1:colcon.colcon_core.package_identification:_identify(build) ignored
[0.718s] Level 1:colcon.colcon_core.package_identification:_identify(install) by extensions ['ignore', 'ignore_ament_install']
[0.718s] Level 1:colcon.colcon_core.package_identification:_identify(install) by extension 'ignore'
[0.718s] Level 1:colcon.colcon_core.package_identification:_identify(install) ignored
[0.718s] Level 1:colcon.colcon_core.package_identification:_identify(log) by extensions ['ignore', 'ignore_ament_install']
[0.718s] Level 1:colcon.colcon_core.package_identification:_identify(log) by extension 'ignore'
[0.718s] Level 1:colcon.colcon_core.package_identification:_identify(log) ignored
[0.718s] Level 1:colcon.colcon_core.package_discovery:discover_packages(recursive) using defaults
[0.718s] Level 1:colcon.colcon_core.package_discovery:discover_packages(ignore) discover
[0.718s] Level 1:colcon.colcon_core.package_discovery:discover_packages(ignore) using defaults
[0.718s] Level 1:colcon.colcon_core.package_discovery:discover_packages(path) discover
[0.718s] Level 1:colcon.colcon_core.package_discovery:discover_packages(path) using defaults
[0.743s] Level 1:colcon.colcon_core.package_discovery:discover_packages(prefix_path) check parameters
[0.743s] Level 1:colcon.colcon_core.package_discovery:discover_packages(prefix_path) discover
[0.760s] DEBUG:colcon.colcon_installed_package_information.package_discovery:Found 1 installed packages in /home/ros2/CHAPT2/install
[0.761s] DEBUG:colcon.colcon_installed_package_information.package_discovery:Found 256 installed packages in /opt/ros/foxy
[0.762s] Level 1:colcon.colcon_core.package_discovery:discover_packages(prefix_path) using defaults
[3.162s] INFO:colcon.colcon_core.executor:Executing jobs using 'parallel' executor
[3.163s] DEBUG:colcon.colcon_parallel_executor.executor.parallel:run_until_complete
[3.164s] DEBUG:colcon.colcon_parallel_executor.executor.parallel:closing loop
[3.164s] DEBUG:colcon.colcon_parallel_executor.executor.parallel:loop closed
[3.164s] DEBUG:colcon.colcon_parallel_executor.executor.parallel:run_until_complete finished with '0'
[3.164s] DEBUG:colcon.colcon_core.event_reactor:joining thread
[3.173s] INFO:colcon.colcon_core.plugin_system:Skipping extension 'colcon_notification.desktop_notification.terminal_notifier': Not used on non-Darwin systems
[3.174s] INFO:colcon.colcon_core.plugin_system:Skipping extension 'colcon_notification.desktop_notification.win32': Not used on non-Windows systems
[3.174s] INFO:colcon.colcon_notification.desktop_notification:Sending desktop notification using 'notify2'
[3.573s] DEBUG:colcon.colcon_core.event_reactor:joined thread
[3.626s] INFO:colcon.colcon_core.plugin_system:Skipping extension 'colcon_core.shell.bat': Not used on non-Windows systems
[3.627s] INFO:colcon.colcon_core.shell:Creating prefix script '/home/ros2/CHAPT2/demo_cpp_pkg/build/install/local_setup.ps1'
[3.629s] INFO:colcon.colcon_core.shell:Creating prefix util module '/home/ros2/CHAPT2/demo_cpp_pkg/build/install/_local_setup_util_ps1.py'
[3.631s] INFO:colcon.colcon_core.shell:Creating prefix chain script '/home/ros2/CHAPT2/demo_cpp_pkg/build/install/setup.ps1'
[3.634s] INFO:colcon.colcon_core.shell:Creating prefix script '/home/ros2/CHAPT2/demo_cpp_pkg/build/install/local_setup.sh'
[3.636s] INFO:colcon.colcon_core.shell:Creating prefix util module '/home/ros2/CHAPT2/demo_cpp_pkg/build/install/_local_setup_util_sh.py'
[3.636s] INFO:colcon.colcon_core.shell:Creating prefix chain script '/home/ros2/CHAPT2/demo_cpp_pkg/build/install/setup.sh'
[3.639s] INFO:colcon.colcon_core.shell:Creating prefix script '/home/ros2/CHAPT2/demo_cpp_pkg/build/install/local_setup.bash'
[3.658s] INFO:colcon.colcon_core.shell:Creating prefix chain script '/home/ros2/CHAPT2/demo_cpp_pkg/build/install/setup.bash'
[3.660s] INFO:colcon.colcon_core.shell:Creating prefix script '/home/ros2/CHAPT2/demo_cpp_pkg/build/install/local_setup.zsh'
[3.661s] INFO:colcon.colcon_core.shell:Creating prefix chain script '/home/ros2/CHAPT2/demo_cpp_pkg/build/install/setup.zsh'
