[0.197s] DEBUG:colcon:Command line arguments: ['/usr/bin/colcon', 'build']
[0.198s] DEBUG:colcon:Parsed command line arguments: Namespace(allow_overriding=[], ament_cmake_args=None, base_paths=['.'], build_base='build', catkin_cmake_args=None, catkin_skip_building_tests=False, cmake_args=None, cmake_clean_cache=False, cmake_clean_first=False, cmake_force_configure=False, cmake_target=None, cmake_target_skip_unavailable=False, continue_on_error=False, event_handlers=None, executor='parallel', ignore_user_meta=False, install_base='install', log_base=None, log_level=None, main=<bound method BuildVerb.main of <colcon_core.verb.build.BuildVerb object at 0x7fb0c5319520>>, merge_install=False, metas=['./colcon.meta'], packages_above=None, packages_above_and_dependencies=None, packages_above_depth=None, packages_end=None, packages_ignore=None, packages_ignore_regex=None, packages_select=None, packages_select_build_failed=False, packages_select_by_dep=None, packages_select_regex=None, packages_select_test_failures=False, packages_skip=None, packages_skip_build_finished=False, packages_skip_by_dep=None, packages_skip_regex=None, packages_skip_test_passed=False, packages_skip_up_to=None, packages_start=None, packages_up_to=None, packages_up_to_regex=None, parallel_workers=2, paths=None, symlink_install=False, test_result_base=None, verb_extension=<colcon_core.verb.build.BuildVerb object at 0x7fb0c5319520>, verb_name='build', verb_parser=<colcon_defaults.argument_parser.defaults.DefaultArgumentsDecorator object at 0x7fb0c5327220>)
[0.348s] Level 1:colcon.colcon_core.package_discovery:discover_packages(colcon_meta) check parameters
[0.348s] Level 1:colcon.colcon_core.package_discovery:discover_packages(recursive) check parameters
[0.348s] Level 1:colcon.colcon_core.package_discovery:discover_packages(ignore) check parameters
[0.348s] Level 1:colcon.colcon_core.package_discovery:discover_packages(path) check parameters
[0.348s] Level 1:colcon.colcon_core.package_discovery:discover_packages(colcon_meta) discover
[0.348s] Level 1:colcon.colcon_core.package_discovery:discover_packages(recursive) discover
[0.348s] INFO:colcon.colcon_core.package_discovery:Crawling recursively for packages in '/home/ros2/CHAPT4/CHAPT4_WS'
[0.348s] Level 1:colcon.colcon_core.package_identification:_identify(.) by extensions ['ignore', 'ignore_ament_install']
[0.349s] Level 1:colcon.colcon_core.package_identification:_identify(.) by extension 'ignore'
[0.349s] Level 1:colcon.colcon_core.package_identification:_identify(.) by extension 'ignore_ament_install'
[0.349s] Level 1:colcon.colcon_core.package_identification:_identify(.) by extensions ['colcon_pkg']
[0.349s] Level 1:colcon.colcon_core.package_identification:_identify(.) by extension 'colcon_pkg'
[0.349s] Level 1:colcon.colcon_core.package_identification:_identify(.) by extensions ['colcon_meta']
[0.349s] Level 1:colcon.colcon_core.package_identification:_identify(.) by extension 'colcon_meta'
[0.349s] Level 1:colcon.colcon_core.package_identification:_identify(.) by extensions ['ros']
[0.349s] Level 1:colcon.colcon_core.package_identification:_identify(.) by extension 'ros'
[0.362s] Level 1:colcon.colcon_core.package_identification:_identify(.) by extensions ['cmake', 'python']
[0.362s] Level 1:colcon.colcon_core.package_identification:_identify(.) by extension 'cmake'
[0.362s] Level 1:colcon.colcon_core.package_identification:_identify(.) by extension 'python'
[0.362s] Level 1:colcon.colcon_core.package_identification:_identify(.) by extensions ['python_setup_py']
[0.362s] Level 1:colcon.colcon_core.package_identification:_identify(.) by extension 'python_setup_py'
[0.362s] Level 1:colcon.colcon_core.package_identification:_identify(build) by extensions ['ignore', 'ignore_ament_install']
[0.362s] Level 1:colcon.colcon_core.package_identification:_identify(build) by extension 'ignore'
[0.362s] Level 1:colcon.colcon_core.package_identification:_identify(build) ignored
[0.363s] Level 1:colcon.colcon_core.package_identification:_identify(install) by extensions ['ignore', 'ignore_ament_install']
[0.363s] Level 1:colcon.colcon_core.package_identification:_identify(install) by extension 'ignore'
[0.363s] Level 1:colcon.colcon_core.package_identification:_identify(install) ignored
[0.363s] Level 1:colcon.colcon_core.package_identification:_identify(log) by extensions ['ignore', 'ignore_ament_install']
[0.363s] Level 1:colcon.colcon_core.package_identification:_identify(log) by extension 'ignore'
[0.363s] Level 1:colcon.colcon_core.package_identification:_identify(log) ignored
[0.363s] Level 1:colcon.colcon_core.package_identification:_identify(src) by extensions ['ignore', 'ignore_ament_install']
[0.363s] Level 1:colcon.colcon_core.package_identification:_identify(src) by extension 'ignore'
[0.363s] Level 1:colcon.colcon_core.package_identification:_identify(src) by extension 'ignore_ament_install'
[0.363s] Level 1:colcon.colcon_core.package_identification:_identify(src) by extensions ['colcon_pkg']
[0.363s] Level 1:colcon.colcon_core.package_identification:_identify(src) by extension 'colcon_pkg'
[0.363s] Level 1:colcon.colcon_core.package_identification:_identify(src) by extensions ['colcon_meta']
[0.363s] Level 1:colcon.colcon_core.package_identification:_identify(src) by extension 'colcon_meta'
[0.363s] Level 1:colcon.colcon_core.package_identification:_identify(src) by extensions ['ros']
[0.363s] Level 1:colcon.colcon_core.package_identification:_identify(src) by extension 'ros'
[0.364s] Level 1:colcon.colcon_core.package_identification:_identify(src) by extensions ['cmake', 'python']
[0.364s] Level 1:colcon.colcon_core.package_identification:_identify(src) by extension 'cmake'
[0.364s] Level 1:colcon.colcon_core.package_identification:_identify(src) by extension 'python'
[0.364s] Level 1:colcon.colcon_core.package_identification:_identify(src) by extensions ['python_setup_py']
[0.364s] Level 1:colcon.colcon_core.package_identification:_identify(src) by extension 'python_setup_py'
[0.364s] Level 1:colcon.colcon_core.package_identification:_identify(src/chapt4_interfaces) by extensions ['ignore', 'ignore_ament_install']
[0.364s] Level 1:colcon.colcon_core.package_identification:_identify(src/chapt4_interfaces) by extension 'ignore'
[0.364s] Level 1:colcon.colcon_core.package_identification:_identify(src/chapt4_interfaces) by extension 'ignore_ament_install'
[0.364s] Level 1:colcon.colcon_core.package_identification:_identify(src/chapt4_interfaces) by extensions ['colcon_pkg']
[0.364s] Level 1:colcon.colcon_core.package_identification:_identify(src/chapt4_interfaces) by extension 'colcon_pkg'
[0.364s] Level 1:colcon.colcon_core.package_identification:_identify(src/chapt4_interfaces) by extensions ['colcon_meta']
[0.364s] Level 1:colcon.colcon_core.package_identification:_identify(src/chapt4_interfaces) by extension 'colcon_meta'
[0.364s] Level 1:colcon.colcon_core.package_identification:_identify(src/chapt4_interfaces) by extensions ['ros']
[0.364s] Level 1:colcon.colcon_core.package_identification:_identify(src/chapt4_interfaces) by extension 'ros'
[0.367s] DEBUG:colcon.colcon_core.package_identification:Package 'src/chapt4_interfaces' with type 'ros.ament_cmake' and name 'chapt4_interfaces'
[0.367s] Level 1:colcon.colcon_core.package_identification:_identify(src/demo_cpp_service) by extensions ['ignore', 'ignore_ament_install']
[0.367s] Level 1:colcon.colcon_core.package_identification:_identify(src/demo_cpp_service) by extension 'ignore'
[0.367s] Level 1:colcon.colcon_core.package_identification:_identify(src/demo_cpp_service) by extension 'ignore_ament_install'
[0.367s] Level 1:colcon.colcon_core.package_identification:_identify(src/demo_cpp_service) by extensions ['colcon_pkg']
[0.367s] Level 1:colcon.colcon_core.package_identification:_identify(src/demo_cpp_service) by extension 'colcon_pkg'
[0.367s] Level 1:colcon.colcon_core.package_identification:_identify(src/demo_cpp_service) by extensions ['colcon_meta']
[0.367s] Level 1:colcon.colcon_core.package_identification:_identify(src/demo_cpp_service) by extension 'colcon_meta'
[0.367s] Level 1:colcon.colcon_core.package_identification:_identify(src/demo_cpp_service) by extensions ['ros']
[0.368s] Level 1:colcon.colcon_core.package_identification:_identify(src/demo_cpp_service) by extension 'ros'
[0.368s] DEBUG:colcon.colcon_core.package_identification:Package 'src/demo_cpp_service' with type 'ros.ament_cmake' and name 'demo_cpp_service'
[0.368s] Level 1:colcon.colcon_core.package_identification:_identify(src/demo_python_service) by extensions ['ignore', 'ignore_ament_install']
[0.368s] Level 1:colcon.colcon_core.package_identification:_identify(src/demo_python_service) by extension 'ignore'
[0.369s] Level 1:colcon.colcon_core.package_identification:_identify(src/demo_python_service) by extension 'ignore_ament_install'
[0.369s] Level 1:colcon.colcon_core.package_identification:_identify(src/demo_python_service) by extensions ['colcon_pkg']
[0.369s] Level 1:colcon.colcon_core.package_identification:_identify(src/demo_python_service) by extension 'colcon_pkg'
[0.369s] Level 1:colcon.colcon_core.package_identification:_identify(src/demo_python_service) by extensions ['colcon_meta']
[0.369s] Level 1:colcon.colcon_core.package_identification:_identify(src/demo_python_service) by extension 'colcon_meta'
[0.369s] Level 1:colcon.colcon_core.package_identification:_identify(src/demo_python_service) by extensions ['ros']
[0.369s] Level 1:colcon.colcon_core.package_identification:_identify(src/demo_python_service) by extension 'ros'
[0.369s] DEBUG:colcon.colcon_core.package_identification:Package 'src/demo_python_service' with type 'ros.ament_python' and name 'demo_python_service'
[0.370s] Level 1:colcon.colcon_core.package_discovery:discover_packages(recursive) using defaults
[0.370s] Level 1:colcon.colcon_core.package_discovery:discover_packages(ignore) discover
[0.370s] Level 1:colcon.colcon_core.package_discovery:discover_packages(ignore) using defaults
[0.370s] Level 1:colcon.colcon_core.package_discovery:discover_packages(path) discover
[0.370s] Level 1:colcon.colcon_core.package_discovery:discover_packages(path) using defaults
[0.386s] Level 1:colcon.colcon_core.package_discovery:discover_packages(prefix_path) check parameters
[0.386s] Level 1:colcon.colcon_core.package_discovery:discover_packages(prefix_path) discover
[0.388s] DEBUG:colcon.colcon_installed_package_information.package_discovery:Found 256 installed packages in /opt/ros/foxy
[0.390s] Level 1:colcon.colcon_core.package_discovery:discover_packages(prefix_path) using defaults
[0.457s] Level 5:colcon.colcon_core.verb:set package 'chapt4_interfaces' build argument 'cmake_args' from command line to 'None'
[0.457s] Level 5:colcon.colcon_core.verb:set package 'chapt4_interfaces' build argument 'cmake_target' from command line to 'None'
[0.457s] Level 5:colcon.colcon_core.verb:set package 'chapt4_interfaces' build argument 'cmake_target_skip_unavailable' from command line to 'False'
[0.457s] Level 5:colcon.colcon_core.verb:set package 'chapt4_interfaces' build argument 'cmake_clean_cache' from command line to 'False'
[0.457s] Level 5:colcon.colcon_core.verb:set package 'chapt4_interfaces' build argument 'cmake_clean_first' from command line to 'False'
[0.457s] Level 5:colcon.colcon_core.verb:set package 'chapt4_interfaces' build argument 'cmake_force_configure' from command line to 'False'
[0.457s] Level 5:colcon.colcon_core.verb:set package 'chapt4_interfaces' build argument 'ament_cmake_args' from command line to 'None'
[0.457s] Level 5:colcon.colcon_core.verb:set package 'chapt4_interfaces' build argument 'catkin_cmake_args' from command line to 'None'
[0.457s] Level 5:colcon.colcon_core.verb:set package 'chapt4_interfaces' build argument 'catkin_skip_building_tests' from command line to 'False'
[0.457s] DEBUG:colcon.colcon_core.verb:Building package 'chapt4_interfaces' with the following arguments: {'ament_cmake_args': None, 'build_base': '/home/ros2/CHAPT4/CHAPT4_WS/build/chapt4_interfaces', 'catkin_cmake_args': None, 'catkin_skip_building_tests': False, 'cmake_args': None, 'cmake_clean_cache': False, 'cmake_clean_first': False, 'cmake_force_configure': False, 'cmake_target': None, 'cmake_target_skip_unavailable': False, 'install_base': '/home/ros2/CHAPT4/CHAPT4_WS/install/chapt4_interfaces', 'merge_install': False, 'path': '/home/ros2/CHAPT4/CHAPT4_WS/src/chapt4_interfaces', 'symlink_install': False, 'test_result_base': None}
[0.458s] Level 5:colcon.colcon_core.verb:set package 'demo_cpp_service' build argument 'cmake_args' from command line to 'None'
[0.458s] Level 5:colcon.colcon_core.verb:set package 'demo_cpp_service' build argument 'cmake_target' from command line to 'None'
[0.458s] Level 5:colcon.colcon_core.verb:set package 'demo_cpp_service' build argument 'cmake_target_skip_unavailable' from command line to 'False'
[0.458s] Level 5:colcon.colcon_core.verb:set package 'demo_cpp_service' build argument 'cmake_clean_cache' from command line to 'False'
[0.458s] Level 5:colcon.colcon_core.verb:set package 'demo_cpp_service' build argument 'cmake_clean_first' from command line to 'False'
[0.458s] Level 5:colcon.colcon_core.verb:set package 'demo_cpp_service' build argument 'cmake_force_configure' from command line to 'False'
[0.458s] Level 5:colcon.colcon_core.verb:set package 'demo_cpp_service' build argument 'ament_cmake_args' from command line to 'None'
[0.458s] Level 5:colcon.colcon_core.verb:set package 'demo_cpp_service' build argument 'catkin_cmake_args' from command line to 'None'
[0.458s] Level 5:colcon.colcon_core.verb:set package 'demo_cpp_service' build argument 'catkin_skip_building_tests' from command line to 'False'
[0.458s] DEBUG:colcon.colcon_core.verb:Building package 'demo_cpp_service' with the following arguments: {'ament_cmake_args': None, 'build_base': '/home/ros2/CHAPT4/CHAPT4_WS/build/demo_cpp_service', 'catkin_cmake_args': None, 'catkin_skip_building_tests': False, 'cmake_args': None, 'cmake_clean_cache': False, 'cmake_clean_first': False, 'cmake_force_configure': False, 'cmake_target': None, 'cmake_target_skip_unavailable': False, 'install_base': '/home/ros2/CHAPT4/CHAPT4_WS/install/demo_cpp_service', 'merge_install': False, 'path': '/home/ros2/CHAPT4/CHAPT4_WS/src/demo_cpp_service', 'symlink_install': False, 'test_result_base': None}
[0.458s] Level 5:colcon.colcon_core.verb:set package 'demo_python_service' build argument 'cmake_args' from command line to 'None'
[0.458s] Level 5:colcon.colcon_core.verb:set package 'demo_python_service' build argument 'cmake_target' from command line to 'None'
[0.458s] Level 5:colcon.colcon_core.verb:set package 'demo_python_service' build argument 'cmake_target_skip_unavailable' from command line to 'False'
[0.458s] Level 5:colcon.colcon_core.verb:set package 'demo_python_service' build argument 'cmake_clean_cache' from command line to 'False'
[0.458s] Level 5:colcon.colcon_core.verb:set package 'demo_python_service' build argument 'cmake_clean_first' from command line to 'False'
[0.458s] Level 5:colcon.colcon_core.verb:set package 'demo_python_service' build argument 'cmake_force_configure' from command line to 'False'
[0.458s] Level 5:colcon.colcon_core.verb:set package 'demo_python_service' build argument 'ament_cmake_args' from command line to 'None'
[0.458s] Level 5:colcon.colcon_core.verb:set package 'demo_python_service' build argument 'catkin_cmake_args' from command line to 'None'
[0.458s] Level 5:colcon.colcon_core.verb:set package 'demo_python_service' build argument 'catkin_skip_building_tests' from command line to 'False'
[0.459s] DEBUG:colcon.colcon_core.verb:Building package 'demo_python_service' with the following arguments: {'ament_cmake_args': None, 'build_base': '/home/ros2/CHAPT4/CHAPT4_WS/build/demo_python_service', 'catkin_cmake_args': None, 'catkin_skip_building_tests': False, 'cmake_args': None, 'cmake_clean_cache': False, 'cmake_clean_first': False, 'cmake_force_configure': False, 'cmake_target': None, 'cmake_target_skip_unavailable': False, 'install_base': '/home/ros2/CHAPT4/CHAPT4_WS/install/demo_python_service', 'merge_install': False, 'path': '/home/ros2/CHAPT4/CHAPT4_WS/src/demo_python_service', 'symlink_install': False, 'test_result_base': None}
[0.459s] INFO:colcon.colcon_core.executor:Executing jobs using 'parallel' executor
[0.459s] DEBUG:colcon.colcon_parallel_executor.executor.parallel:run_until_complete
[0.460s] INFO:colcon.colcon_ros.task.ament_cmake.build:Building ROS package in '/home/ros2/CHAPT4/CHAPT4_WS/src/chapt4_interfaces' with build type 'ament_cmake'
[0.461s] INFO:colcon.colcon_cmake.task.cmake.build:Building CMake package in '/home/ros2/CHAPT4/CHAPT4_WS/src/chapt4_interfaces'
[0.464s] INFO:colcon.colcon_core.plugin_system:Skipping extension 'colcon_core.shell.bat': Not used on non-Windows systems
[0.465s] INFO:colcon.colcon_core.shell:Skip shell extension 'powershell' for command environment: Not usable outside of PowerShell
[0.466s] DEBUG:colcon.colcon_core.shell:Skip shell extension 'dsv' for command environment
[0.499s] DEBUG:colcon.colcon_core.event_handler.log_command:Invoking command in '/home/ros2/CHAPT4/CHAPT4_WS/build/chapt4_interfaces': CMAKE_PREFIX_PATH=/opt/ros/foxy /usr/bin/cmake --build /home/ros2/CHAPT4/CHAPT4_WS/build/chapt4_interfaces -- -j2 -l2
[1.142s] DEBUG:colcon.colcon_core.event_handler.log_command:Invoked command in '/home/ros2/CHAPT4/CHAPT4_WS/build/chapt4_interfaces' returned '0': CMAKE_PREFIX_PATH=/opt/ros/foxy /usr/bin/cmake --build /home/ros2/CHAPT4/CHAPT4_WS/build/chapt4_interfaces -- -j2 -l2
[1.268s] DEBUG:colcon.colcon_core.event_handler.log_command:Invoking command in '/home/ros2/CHAPT4/CHAPT4_WS/build/chapt4_interfaces': CMAKE_PREFIX_PATH=/opt/ros/foxy /usr/bin/cmake --install /home/ros2/CHAPT4/CHAPT4_WS/build/chapt4_interfaces
[1.416s] Level 1:colcon.colcon_core.environment:create_environment_scripts_only(chapt4_interfaces)
[1.420s] Level 1:colcon.colcon_core.environment:checking '/home/ros2/CHAPT4/CHAPT4_WS/install/chapt4_interfaces' for CMake module files
[1.421s] Level 1:colcon.colcon_core.environment:checking '/home/ros2/CHAPT4/CHAPT4_WS/install/chapt4_interfaces' for CMake config files
[1.422s] Level 1:colcon.colcon_core.shell:create_environment_hook('chapt4_interfaces', 'cmake_prefix_path')
[1.422s] INFO:colcon.colcon_core.shell:Creating environment hook '/home/ros2/CHAPT4/CHAPT4_WS/install/chapt4_interfaces/share/chapt4_interfaces/hook/cmake_prefix_path.ps1'
[1.423s] INFO:colcon.colcon_core.shell:Creating environment descriptor '/home/ros2/CHAPT4/CHAPT4_WS/install/chapt4_interfaces/share/chapt4_interfaces/hook/cmake_prefix_path.dsv'
[1.430s] INFO:colcon.colcon_core.shell:Creating environment hook '/home/ros2/CHAPT4/CHAPT4_WS/install/chapt4_interfaces/share/chapt4_interfaces/hook/cmake_prefix_path.sh'
[1.430s] DEBUG:colcon.colcon_core.event_handler.log_command:Invoked command in '/home/ros2/CHAPT4/CHAPT4_WS/build/chapt4_interfaces' returned '0': CMAKE_PREFIX_PATH=/opt/ros/foxy /usr/bin/cmake --install /home/ros2/CHAPT4/CHAPT4_WS/build/chapt4_interfaces
[1.432s] Level 1:colcon.colcon_core.environment:checking '/home/ros2/CHAPT4/CHAPT4_WS/install/chapt4_interfaces/lib'
[1.432s] Level 1:colcon.colcon_core.shell:create_environment_hook('chapt4_interfaces', 'ld_library_path_lib')
[1.432s] INFO:colcon.colcon_core.shell:Creating environment hook '/home/ros2/CHAPT4/CHAPT4_WS/install/chapt4_interfaces/share/chapt4_interfaces/hook/ld_library_path_lib.ps1'
[1.433s] INFO:colcon.colcon_core.shell:Creating environment descriptor '/home/ros2/CHAPT4/CHAPT4_WS/install/chapt4_interfaces/share/chapt4_interfaces/hook/ld_library_path_lib.dsv'
[1.434s] INFO:colcon.colcon_core.shell:Creating environment hook '/home/ros2/CHAPT4/CHAPT4_WS/install/chapt4_interfaces/share/chapt4_interfaces/hook/ld_library_path_lib.sh'
[1.435s] Level 1:colcon.colcon_core.environment:checking '/home/ros2/CHAPT4/CHAPT4_WS/install/chapt4_interfaces/bin'
[1.435s] Level 1:colcon.colcon_core.environment:checking '/home/ros2/CHAPT4/CHAPT4_WS/install/chapt4_interfaces/lib/pkgconfig/chapt4_interfaces.pc'
[1.435s] Level 1:colcon.colcon_core.environment:checking '/home/ros2/CHAPT4/CHAPT4_WS/install/chapt4_interfaces/lib/python3.8/site-packages'
[1.435s] Level 1:colcon.colcon_core.shell:create_environment_hook('chapt4_interfaces', 'pythonpath')
[1.436s] INFO:colcon.colcon_core.shell:Creating environment hook '/home/ros2/CHAPT4/CHAPT4_WS/install/chapt4_interfaces/share/chapt4_interfaces/hook/pythonpath.ps1'
[1.436s] INFO:colcon.colcon_core.shell:Creating environment descriptor '/home/ros2/CHAPT4/CHAPT4_WS/install/chapt4_interfaces/share/chapt4_interfaces/hook/pythonpath.dsv'
[1.437s] INFO:colcon.colcon_core.shell:Creating environment hook '/home/ros2/CHAPT4/CHAPT4_WS/install/chapt4_interfaces/share/chapt4_interfaces/hook/pythonpath.sh'
[1.438s] Level 1:colcon.colcon_core.environment:checking '/home/ros2/CHAPT4/CHAPT4_WS/install/chapt4_interfaces/bin'
[1.438s] INFO:colcon.colcon_core.shell:Creating package script '/home/ros2/CHAPT4/CHAPT4_WS/install/chapt4_interfaces/share/chapt4_interfaces/package.ps1'
[1.444s] INFO:colcon.colcon_core.shell:Creating package descriptor '/home/ros2/CHAPT4/CHAPT4_WS/install/chapt4_interfaces/share/chapt4_interfaces/package.dsv'
[1.445s] INFO:colcon.colcon_core.shell:Creating package script '/home/ros2/CHAPT4/CHAPT4_WS/install/chapt4_interfaces/share/chapt4_interfaces/package.sh'
[1.446s] INFO:colcon.colcon_core.shell:Creating package script '/home/ros2/CHAPT4/CHAPT4_WS/install/chapt4_interfaces/share/chapt4_interfaces/package.bash'
[1.447s] INFO:colcon.colcon_core.shell:Creating package script '/home/ros2/CHAPT4/CHAPT4_WS/install/chapt4_interfaces/share/chapt4_interfaces/package.zsh'
[1.448s] Level 1:colcon.colcon_core.environment:create_file_with_runtime_dependencies(/home/ros2/CHAPT4/CHAPT4_WS/install/chapt4_interfaces/share/colcon-core/packages/chapt4_interfaces)
[1.540s] Level 1:colcon.colcon_core.environment:create_environment_scripts_only(chapt4_interfaces)
[1.541s] Level 1:colcon.colcon_core.environment:checking '/home/ros2/CHAPT4/CHAPT4_WS/install/chapt4_interfaces' for CMake module files
[1.541s] Level 1:colcon.colcon_core.environment:checking '/home/ros2/CHAPT4/CHAPT4_WS/install/chapt4_interfaces' for CMake config files
[1.542s] Level 1:colcon.colcon_core.shell:create_environment_hook('chapt4_interfaces', 'cmake_prefix_path')
[1.542s] INFO:colcon.colcon_core.shell:Creating environment hook '/home/ros2/CHAPT4/CHAPT4_WS/install/chapt4_interfaces/share/chapt4_interfaces/hook/cmake_prefix_path.ps1'
[1.542s] INFO:colcon.colcon_core.shell:Creating environment descriptor '/home/ros2/CHAPT4/CHAPT4_WS/install/chapt4_interfaces/share/chapt4_interfaces/hook/cmake_prefix_path.dsv'
[1.544s] INFO:colcon.colcon_core.shell:Creating environment hook '/home/ros2/CHAPT4/CHAPT4_WS/install/chapt4_interfaces/share/chapt4_interfaces/hook/cmake_prefix_path.sh'
[1.550s] Level 1:colcon.colcon_core.environment:checking '/home/ros2/CHAPT4/CHAPT4_WS/install/chapt4_interfaces/lib'
[1.550s] Level 1:colcon.colcon_core.shell:create_environment_hook('chapt4_interfaces', 'ld_library_path_lib')
[1.551s] INFO:colcon.colcon_core.shell:Creating environment hook '/home/ros2/CHAPT4/CHAPT4_WS/install/chapt4_interfaces/share/chapt4_interfaces/hook/ld_library_path_lib.ps1'
[1.552s] INFO:colcon.colcon_core.shell:Creating environment descriptor '/home/ros2/CHAPT4/CHAPT4_WS/install/chapt4_interfaces/share/chapt4_interfaces/hook/ld_library_path_lib.dsv'
[1.553s] INFO:colcon.colcon_core.shell:Creating environment hook '/home/ros2/CHAPT4/CHAPT4_WS/install/chapt4_interfaces/share/chapt4_interfaces/hook/ld_library_path_lib.sh'
[1.554s] Level 1:colcon.colcon_core.environment:checking '/home/ros2/CHAPT4/CHAPT4_WS/install/chapt4_interfaces/bin'
[1.554s] Level 1:colcon.colcon_core.environment:checking '/home/ros2/CHAPT4/CHAPT4_WS/install/chapt4_interfaces/lib/pkgconfig/chapt4_interfaces.pc'
[1.554s] Level 1:colcon.colcon_core.environment:checking '/home/ros2/CHAPT4/CHAPT4_WS/install/chapt4_interfaces/lib/python3.8/site-packages'
[1.554s] Level 1:colcon.colcon_core.shell:create_environment_hook('chapt4_interfaces', 'pythonpath')
[1.554s] INFO:colcon.colcon_core.shell:Creating environment hook '/home/ros2/CHAPT4/CHAPT4_WS/install/chapt4_interfaces/share/chapt4_interfaces/hook/pythonpath.ps1'
[1.555s] INFO:colcon.colcon_core.shell:Creating environment descriptor '/home/ros2/CHAPT4/CHAPT4_WS/install/chapt4_interfaces/share/chapt4_interfaces/hook/pythonpath.dsv'
[1.556s] INFO:colcon.colcon_core.shell:Creating environment hook '/home/ros2/CHAPT4/CHAPT4_WS/install/chapt4_interfaces/share/chapt4_interfaces/hook/pythonpath.sh'
[1.556s] Level 1:colcon.colcon_core.environment:checking '/home/ros2/CHAPT4/CHAPT4_WS/install/chapt4_interfaces/bin'
[1.557s] INFO:colcon.colcon_core.shell:Creating package script '/home/ros2/CHAPT4/CHAPT4_WS/install/chapt4_interfaces/share/chapt4_interfaces/package.ps1'
[1.559s] INFO:colcon.colcon_core.shell:Creating package descriptor '/home/ros2/CHAPT4/CHAPT4_WS/install/chapt4_interfaces/share/chapt4_interfaces/package.dsv'
[1.559s] INFO:colcon.colcon_core.shell:Creating package script '/home/ros2/CHAPT4/CHAPT4_WS/install/chapt4_interfaces/share/chapt4_interfaces/package.sh'
[1.561s] INFO:colcon.colcon_core.shell:Creating package script '/home/ros2/CHAPT4/CHAPT4_WS/install/chapt4_interfaces/share/chapt4_interfaces/package.bash'
[1.562s] INFO:colcon.colcon_core.shell:Creating package script '/home/ros2/CHAPT4/CHAPT4_WS/install/chapt4_interfaces/share/chapt4_interfaces/package.zsh'
[1.563s] Level 1:colcon.colcon_core.environment:create_file_with_runtime_dependencies(/home/ros2/CHAPT4/CHAPT4_WS/install/chapt4_interfaces/share/colcon-core/packages/chapt4_interfaces)
[1.564s] INFO:colcon.colcon_ros.task.ament_cmake.build:Building ROS package in '/home/ros2/CHAPT4/CHAPT4_WS/src/demo_cpp_service' with build type 'ament_cmake'
[1.564s] INFO:colcon.colcon_cmake.task.cmake.build:Building CMake package in '/home/ros2/CHAPT4/CHAPT4_WS/src/demo_cpp_service'
[1.565s] INFO:colcon.colcon_core.shell:Skip shell extension 'powershell' for command environment: Not usable outside of PowerShell
[1.565s] DEBUG:colcon.colcon_core.shell:Skip shell extension 'dsv' for command environment
[1.575s] INFO:colcon.colcon_ros.task.ament_python.build:Building ROS package in '/home/ros2/CHAPT4/CHAPT4_WS/src/demo_python_service' with build type 'ament_python'
[1.576s] Level 1:colcon.colcon_core.shell:create_environment_hook('demo_python_service', 'ament_prefix_path')
[1.576s] INFO:colcon.colcon_core.shell:Creating environment hook '/home/ros2/CHAPT4/CHAPT4_WS/install/demo_python_service/share/demo_python_service/hook/ament_prefix_path.ps1'
[1.579s] INFO:colcon.colcon_core.shell:Creating environment descriptor '/home/ros2/CHAPT4/CHAPT4_WS/install/demo_python_service/share/demo_python_service/hook/ament_prefix_path.dsv'
[1.580s] INFO:colcon.colcon_core.shell:Creating environment hook '/home/ros2/CHAPT4/CHAPT4_WS/install/demo_python_service/share/demo_python_service/hook/ament_prefix_path.sh'
[1.581s] INFO:colcon.colcon_core.shell:Skip shell extension 'powershell' for command environment: Not usable outside of PowerShell
[1.581s] DEBUG:colcon.colcon_core.shell:Skip shell extension 'dsv' for command environment
[1.597s] DEBUG:colcon.colcon_core.event_handler.log_command:Invoking command in '/home/ros2/CHAPT4/CHAPT4_WS/build/demo_cpp_service': AMENT_PREFIX_PATH=/home/ros2/CHAPT4/CHAPT4_WS/install/chapt4_interfaces:${AMENT_PREFIX_PATH} CMAKE_PREFIX_PATH=/home/ros2/CHAPT4/CHAPT4_WS/install/chapt4_interfaces:/opt/ros/foxy LD_LIBRARY_PATH=/home/ros2/CHAPT4/CHAPT4_WS/install/chapt4_interfaces/lib:${LD_LIBRARY_PATH} PYTHONPATH=/home/ros2/CHAPT4/CHAPT4_WS/install/chapt4_interfaces/lib/python3.8/site-packages:${PYTHONPATH} /usr/bin/cmake --build /home/ros2/CHAPT4/CHAPT4_WS/build/demo_cpp_service -- -j2 -l2
[2.076s] INFO:colcon.colcon_core.task.python.build:Building Python package in '/home/ros2/CHAPT4/CHAPT4_WS/src/demo_python_service'
[2.076s] INFO:colcon.colcon_core.shell:Skip shell extension 'powershell' for command environment: Not usable outside of PowerShell
[2.076s] DEBUG:colcon.colcon_core.shell:Skip shell extension 'dsv' for command environment
[2.979s] DEBUG:colcon.colcon_core.event_handler.log_command:Invoking command in '/home/ros2/CHAPT4/CHAPT4_WS/src/demo_python_service': AMENT_PREFIX_PATH=/home/ros2/CHAPT4/CHAPT4_WS/install/chapt4_interfaces:${AMENT_PREFIX_PATH} CMAKE_PREFIX_PATH=/home/ros2/CHAPT4/CHAPT4_WS/install/chapt4_interfaces LD_LIBRARY_PATH=/home/ros2/CHAPT4/CHAPT4_WS/install/chapt4_interfaces/lib:${LD_LIBRARY_PATH} PYTHONPATH=/home/ros2/CHAPT4/CHAPT4_WS/build/demo_python_service/prefix_override:/usr/lib/python3/dist-packages/colcon_core/task/python/colcon_distutils_commands:/home/ros2/CHAPT4/CHAPT4_WS/install/demo_python_service/lib/python3.8/site-packages:/home/ros2/CHAPT4/CHAPT4_WS/install/chapt4_interfaces/lib/python3.8/site-packages:${PYTHONPATH} /usr/bin/python3 -W ignore:setup.py install is deprecated setup.py egg_info --egg-base ../../build/demo_python_service build --build-base /home/ros2/CHAPT4/CHAPT4_WS/build/demo_python_service/build install --record /home/ros2/CHAPT4/CHAPT4_WS/build/demo_python_service/install.log --install-scripts $base/lib/demo_python_service --single-version-externally-managed install_data
[3.553s] Level 1:colcon.colcon_core.environment:checking '/home/ros2/CHAPT4/CHAPT4_WS/install/demo_python_service' for CMake module files
[3.553s] Level 1:colcon.colcon_core.environment:checking '/home/ros2/CHAPT4/CHAPT4_WS/install/demo_python_service' for CMake config files
[3.555s] Level 1:colcon.colcon_core.environment:checking '/home/ros2/CHAPT4/CHAPT4_WS/install/demo_python_service/lib'
[3.555s] Level 1:colcon.colcon_core.environment:checking '/home/ros2/CHAPT4/CHAPT4_WS/install/demo_python_service/bin'
[3.555s] Level 1:colcon.colcon_core.environment:checking '/home/ros2/CHAPT4/CHAPT4_WS/install/demo_python_service/lib/pkgconfig/demo_python_service.pc'
[3.555s] Level 1:colcon.colcon_core.environment:checking '/home/ros2/CHAPT4/CHAPT4_WS/install/demo_python_service/lib/python3.8/site-packages'
[3.555s] Level 1:colcon.colcon_core.shell:create_environment_hook('demo_python_service', 'pythonpath')
[3.557s] INFO:colcon.colcon_core.shell:Creating environment hook '/home/ros2/CHAPT4/CHAPT4_WS/install/demo_python_service/share/demo_python_service/hook/pythonpath.ps1'
[3.558s] DEBUG:colcon.colcon_core.event_handler.log_command:Invoked command in '/home/ros2/CHAPT4/CHAPT4_WS/src/demo_python_service' returned '0': AMENT_PREFIX_PATH=/home/ros2/CHAPT4/CHAPT4_WS/install/chapt4_interfaces:${AMENT_PREFIX_PATH} CMAKE_PREFIX_PATH=/home/ros2/CHAPT4/CHAPT4_WS/install/chapt4_interfaces LD_LIBRARY_PATH=/home/ros2/CHAPT4/CHAPT4_WS/install/chapt4_interfaces/lib:${LD_LIBRARY_PATH} PYTHONPATH=/home/ros2/CHAPT4/CHAPT4_WS/build/demo_python_service/prefix_override:/usr/lib/python3/dist-packages/colcon_core/task/python/colcon_distutils_commands:/home/ros2/CHAPT4/CHAPT4_WS/install/demo_python_service/lib/python3.8/site-packages:/home/ros2/CHAPT4/CHAPT4_WS/install/chapt4_interfaces/lib/python3.8/site-packages:${PYTHONPATH} /usr/bin/python3 -W ignore:setup.py install is deprecated setup.py egg_info --egg-base ../../build/demo_python_service build --build-base /home/ros2/CHAPT4/CHAPT4_WS/build/demo_python_service/build install --record /home/ros2/CHAPT4/CHAPT4_WS/build/demo_python_service/install.log --install-scripts $base/lib/demo_python_service --single-version-externally-managed install_data
[3.565s] INFO:colcon.colcon_core.shell:Creating environment descriptor '/home/ros2/CHAPT4/CHAPT4_WS/install/demo_python_service/share/demo_python_service/hook/pythonpath.dsv'
[3.566s] INFO:colcon.colcon_core.shell:Creating environment hook '/home/ros2/CHAPT4/CHAPT4_WS/install/demo_python_service/share/demo_python_service/hook/pythonpath.sh'
[3.567s] Level 1:colcon.colcon_core.environment:checking '/home/ros2/CHAPT4/CHAPT4_WS/install/demo_python_service/bin'
[3.567s] Level 1:colcon.colcon_core.environment:create_environment_scripts_only(demo_python_service)
[3.568s] INFO:colcon.colcon_core.shell:Creating package script '/home/ros2/CHAPT4/CHAPT4_WS/install/demo_python_service/share/demo_python_service/package.ps1'
[3.569s] INFO:colcon.colcon_core.shell:Creating package descriptor '/home/ros2/CHAPT4/CHAPT4_WS/install/demo_python_service/share/demo_python_service/package.dsv'
[3.570s] INFO:colcon.colcon_core.shell:Creating package script '/home/ros2/CHAPT4/CHAPT4_WS/install/demo_python_service/share/demo_python_service/package.sh'
[3.571s] INFO:colcon.colcon_core.shell:Creating package script '/home/ros2/CHAPT4/CHAPT4_WS/install/demo_python_service/share/demo_python_service/package.bash'
[3.571s] INFO:colcon.colcon_core.shell:Creating package script '/home/ros2/CHAPT4/CHAPT4_WS/install/demo_python_service/share/demo_python_service/package.zsh'
[3.580s] Level 1:colcon.colcon_core.environment:create_file_with_runtime_dependencies(/home/ros2/CHAPT4/CHAPT4_WS/install/demo_python_service/share/colcon-core/packages/demo_python_service)
[6.432s] DEBUG:colcon.colcon_core.event_handler.log_command:Invoked command in '/home/ros2/CHAPT4/CHAPT4_WS/build/demo_cpp_service' returned '2': AMENT_PREFIX_PATH=/home/ros2/CHAPT4/CHAPT4_WS/install/chapt4_interfaces:${AMENT_PREFIX_PATH} CMAKE_PREFIX_PATH=/home/ros2/CHAPT4/CHAPT4_WS/install/chapt4_interfaces:/opt/ros/foxy LD_LIBRARY_PATH=/home/ros2/CHAPT4/CHAPT4_WS/install/chapt4_interfaces/lib:${LD_LIBRARY_PATH} PYTHONPATH=/home/ros2/CHAPT4/CHAPT4_WS/install/chapt4_interfaces/lib/python3.8/site-packages:${PYTHONPATH} /usr/bin/cmake --build /home/ros2/CHAPT4/CHAPT4_WS/build/demo_cpp_service -- -j2 -l2
[6.459s] Level 1:colcon.colcon_core.environment:create_environment_scripts_only(demo_cpp_service)
[6.460s] Level 1:colcon.colcon_core.environment:checking '/home/ros2/CHAPT4/CHAPT4_WS/install/demo_cpp_service' for CMake module files
[6.460s] Level 1:colcon.colcon_core.environment:checking '/home/ros2/CHAPT4/CHAPT4_WS/install/demo_cpp_service' for CMake config files
[6.461s] Level 1:colcon.colcon_core.environment:checking '/home/ros2/CHAPT4/CHAPT4_WS/install/demo_cpp_service/bin'
[6.461s] Level 1:colcon.colcon_core.environment:checking '/home/ros2/CHAPT4/CHAPT4_WS/install/demo_cpp_service/lib/pkgconfig/demo_cpp_service.pc'
[6.461s] Level 1:colcon.colcon_core.environment:checking '/home/ros2/CHAPT4/CHAPT4_WS/install/demo_cpp_service/lib/python3.8/site-packages'
[6.461s] Level 1:colcon.colcon_core.environment:checking '/home/ros2/CHAPT4/CHAPT4_WS/install/demo_cpp_service/bin'
[6.462s] INFO:colcon.colcon_core.shell:Creating package script '/home/ros2/CHAPT4/CHAPT4_WS/install/demo_cpp_service/share/demo_cpp_service/package.ps1'
[6.463s] INFO:colcon.colcon_core.shell:Creating package descriptor '/home/ros2/CHAPT4/CHAPT4_WS/install/demo_cpp_service/share/demo_cpp_service/package.dsv'
[6.463s] INFO:colcon.colcon_core.shell:Creating package script '/home/ros2/CHAPT4/CHAPT4_WS/install/demo_cpp_service/share/demo_cpp_service/package.sh'
[6.464s] INFO:colcon.colcon_core.shell:Creating package script '/home/ros2/CHAPT4/CHAPT4_WS/install/demo_cpp_service/share/demo_cpp_service/package.bash'
[6.465s] INFO:colcon.colcon_core.shell:Creating package script '/home/ros2/CHAPT4/CHAPT4_WS/install/demo_cpp_service/share/demo_cpp_service/package.zsh'
[6.465s] Level 1:colcon.colcon_core.environment:create_file_with_runtime_dependencies(/home/ros2/CHAPT4/CHAPT4_WS/install/demo_cpp_service/share/colcon-core/packages/demo_cpp_service)
[6.469s] DEBUG:colcon.colcon_parallel_executor.executor.parallel:closing loop
[6.470s] DEBUG:colcon.colcon_parallel_executor.executor.parallel:loop closed
[6.470s] DEBUG:colcon.colcon_parallel_executor.executor.parallel:run_until_complete finished with '2'
[6.470s] DEBUG:colcon.colcon_core.event_reactor:joining thread
[6.481s] INFO:colcon.colcon_core.plugin_system:Skipping extension 'colcon_notification.desktop_notification.terminal_notifier': Not used on non-Darwin systems
[6.482s] INFO:colcon.colcon_core.plugin_system:Skipping extension 'colcon_notification.desktop_notification.win32': Not used on non-Windows systems
[6.482s] INFO:colcon.colcon_notification.desktop_notification:Sending desktop notification using 'notify2'
[6.501s] DEBUG:colcon.colcon_core.event_reactor:joined thread
[6.502s] INFO:colcon.colcon_core.shell:Creating prefix script '/home/ros2/CHAPT4/CHAPT4_WS/install/local_setup.ps1'
[6.503s] INFO:colcon.colcon_core.shell:Creating prefix util module '/home/ros2/CHAPT4/CHAPT4_WS/install/_local_setup_util_ps1.py'
[6.504s] INFO:colcon.colcon_core.shell:Creating prefix chain script '/home/ros2/CHAPT4/CHAPT4_WS/install/setup.ps1'
[6.505s] INFO:colcon.colcon_core.shell:Creating prefix script '/home/ros2/CHAPT4/CHAPT4_WS/install/local_setup.sh'
[6.506s] INFO:colcon.colcon_core.shell:Creating prefix util module '/home/ros2/CHAPT4/CHAPT4_WS/install/_local_setup_util_sh.py'
[6.507s] INFO:colcon.colcon_core.shell:Creating prefix chain script '/home/ros2/CHAPT4/CHAPT4_WS/install/setup.sh'
[6.508s] INFO:colcon.colcon_core.shell:Creating prefix script '/home/ros2/CHAPT4/CHAPT4_WS/install/local_setup.bash'
[6.512s] INFO:colcon.colcon_core.shell:Creating prefix chain script '/home/ros2/CHAPT4/CHAPT4_WS/install/setup.bash'
[6.514s] INFO:colcon.colcon_core.shell:Creating prefix script '/home/ros2/CHAPT4/CHAPT4_WS/install/local_setup.zsh'
[6.514s] INFO:colcon.colcon_core.shell:Creating prefix chain script '/home/ros2/CHAPT4/CHAPT4_WS/install/setup.zsh'
