[1.029s] Invoking command in '/home/ros2/CHAPT2/chapt2_ws/src/demo_python_pkg': AMENT_PREFIX_PATH=/home/ros2/CHAPT2/chapt2_ws/install/demo_cpp_pkg:${AMENT_PREFIX_PATH} CMAKE_PREFIX_PATH=/home/ros2/CHAPT2/chapt2_ws/install/demo_cpp_pkg:${CMAKE_PREFIX_PATH} PYTHONPATH=/home/ros2/CHAPT2/chapt2_ws/build/demo_python_pkg/prefix_override:/usr/lib/python3/dist-packages/colcon_core/task/python/colcon_distutils_commands:/home/ros2/CHAPT2/chapt2_ws/install/demo_python_pkg/lib/python3.8/site-packages:${PYTHONPATH} /usr/bin/python3 -W ignore:setup.py install is deprecated setup.py egg_info --egg-base ../../build/demo_python_pkg build --build-base /home/ros2/CHAPT2/chapt2_ws/build/demo_python_pkg/build install --record /home/ros2/CHAPT2/chapt2_ws/build/demo_python_pkg/install.log --install-scripts $base/lib/demo_python_pkg --single-version-externally-managed install_data
[1.323s] running egg_info
[1.324s] writing ../../build/demo_python_pkg/demo_python_pkg.egg-info/PKG-INFO
[1.324s] writing dependency_links to ../../build/demo_python_pkg/demo_python_pkg.egg-info/dependency_links.txt
[1.325s] writing entry points to ../../build/demo_python_pkg/demo_python_pkg.egg-info/entry_points.txt
[1.325s] writing requirements to ../../build/demo_python_pkg/demo_python_pkg.egg-info/requires.txt
[1.326s] writing top-level names to ../../build/demo_python_pkg/demo_python_pkg.egg-info/top_level.txt
[1.376s] reading manifest file '../../build/demo_python_pkg/demo_python_pkg.egg-info/SOURCES.txt'
[1.378s] writing manifest file '../../build/demo_python_pkg/demo_python_pkg.egg-info/SOURCES.txt'
[1.378s] running build
[1.378s] running build_py
[1.379s] running install
[1.380s] running install_lib
[1.382s] running install_data
[1.382s] copying package.xml -> /home/ros2/CHAPT2/chapt2_ws/install/demo_python_pkg/share/demo_python_pkg
[1.383s] running install_egg_info
[1.385s] removing '/home/ros2/CHAPT2/chapt2_ws/install/demo_python_pkg/lib/python3.8/site-packages/demo_python_pkg-0.0.0-py3.8.egg-info' (and everything under it)
[1.386s] Copying ../../build/demo_python_pkg/demo_python_pkg.egg-info to /home/ros2/CHAPT2/chapt2_ws/install/demo_python_pkg/lib/python3.8/site-packages/demo_python_pkg-0.0.0-py3.8.egg-info
[1.387s] running install_scripts
[1.414s] Installing python_node script to /home/ros2/CHAPT2/chapt2_ws/install/demo_python_pkg/lib/demo_python_pkg
[1.415s] writing list of installed files to '/home/ros2/CHAPT2/chapt2_ws/build/demo_python_pkg/install.log'
[1.466s] Invoked command in '/home/ros2/CHAPT2/chapt2_ws/src/demo_python_pkg' returned '0': AMENT_PREFIX_PATH=/home/ros2/CHAPT2/chapt2_ws/install/demo_cpp_pkg:${AMENT_PREFIX_PATH} CMAKE_PREFIX_PATH=/home/ros2/CHAPT2/chapt2_ws/install/demo_cpp_pkg:${CMAKE_PREFIX_PATH} PYTHONPATH=/home/ros2/CHAPT2/chapt2_ws/build/demo_python_pkg/prefix_override:/usr/lib/python3/dist-packages/colcon_core/task/python/colcon_distutils_commands:/home/ros2/CHAPT2/chapt2_ws/install/demo_python_pkg/lib/python3.8/site-packages:${PYTHONPATH} /usr/bin/python3 -W ignore:setup.py install is deprecated setup.py egg_info --egg-base ../../build/demo_python_pkg build --build-base /home/ros2/CHAPT2/chapt2_ws/build/demo_python_pkg/build install --record /home/ros2/CHAPT2/chapt2_ws/build/demo_python_pkg/install.log --install-scripts $base/lib/demo_python_pkg --single-version-externally-managed install_data
