[1.634s] Invoking command in '/home/ros2/CHAPT3/topic_ws/src/demo_python_topic': PYTHONPATH=/home/ros2/CHAPT3/topic_ws/build/demo_python_topic/prefix_override:/usr/lib/python3/dist-packages/colcon_core/task/python/colcon_distutils_commands:/home/ros2/CHAPT3/topic_ws/install/demo_python_topic/lib/python3.8/site-packages:${PYTHONPATH} /usr/bin/python3 -W ignore:setup.py install is deprecated setup.py egg_info --egg-base ../../build/demo_python_topic build --build-base /home/ros2/CHAPT3/topic_ws/build/demo_python_topic/build install --record /home/ros2/CHAPT3/topic_ws/build/demo_python_topic/install.log --install-scripts $base/lib/demo_python_topic --single-version-externally-managed install_data
[2.081s] running egg_info
[2.082s] writing ../../build/demo_python_topic/demo_python_topic.egg-info/PKG-INFO
[2.083s] writing dependency_links to ../../build/demo_python_topic/demo_python_topic.egg-info/dependency_links.txt
[2.083s] writing entry points to ../../build/demo_python_topic/demo_python_topic.egg-info/entry_points.txt
[2.083s] writing requirements to ../../build/demo_python_topic/demo_python_topic.egg-info/requires.txt
[2.083s] writing top-level names to ../../build/demo_python_topic/demo_python_topic.egg-info/top_level.txt
[2.199s] reading manifest file '../../build/demo_python_topic/demo_python_topic.egg-info/SOURCES.txt'
[2.205s] writing manifest file '../../build/demo_python_topic/demo_python_topic.egg-info/SOURCES.txt'
[2.205s] running build
[2.206s] running build_py
[2.206s] running install
[2.208s] running install_lib
[2.217s] running install_data
[2.218s] running install_egg_info
[2.225s] removing '/home/ros2/CHAPT3/topic_ws/install/demo_python_topic/lib/python3.8/site-packages/demo_python_topic-0.0.0-py3.8.egg-info' (and everything under it)
[2.237s] Copying ../../build/demo_python_topic/demo_python_topic.egg-info to /home/ros2/CHAPT3/topic_ws/install/demo_python_topic/lib/python3.8/site-packages/demo_python_topic-0.0.0-py3.8.egg-info
[2.239s] running install_scripts
[2.263s] Installing novel_pub_node script to /home/ros2/CHAPT3/topic_ws/install/demo_python_topic/lib/demo_python_topic
[2.264s] Installing novel_sub_node script to /home/ros2/CHAPT3/topic_ws/install/demo_python_topic/lib/demo_python_topic
[2.266s] writing list of installed files to '/home/ros2/CHAPT3/topic_ws/build/demo_python_topic/install.log'
[2.325s] Invoked command in '/home/ros2/CHAPT3/topic_ws/src/demo_python_topic' returned '0': PYTHONPATH=/home/ros2/CHAPT3/topic_ws/build/demo_python_topic/prefix_override:/usr/lib/python3/dist-packages/colcon_core/task/python/colcon_distutils_commands:/home/ros2/CHAPT3/topic_ws/install/demo_python_topic/lib/python3.8/site-packages:${PYTHONPATH} /usr/bin/python3 -W ignore:setup.py install is deprecated setup.py egg_info --egg-base ../../build/demo_python_topic build --build-base /home/ros2/CHAPT3/topic_ws/build/demo_python_topic/build install --record /home/ros2/CHAPT3/topic_ws/build/demo_python_topic/install.log --install-scripts $base/lib/demo_python_topic --single-version-externally-managed install_data
