[0.222s] DEBUG:colcon:Command line arguments: ['/usr/bin/colcon', 'build']
[0.222s] DEBUG:colcon:Parsed command line arguments: Namespace(allow_overriding=[], ament_cmake_args=None, base_paths=['.'], build_base='build', catkin_cmake_args=None, catkin_skip_building_tests=False, cmake_args=None, cmake_clean_cache=False, cmake_clean_first=False, cmake_force_configure=False, cmake_target=None, cmake_target_skip_unavailable=False, continue_on_error=False, event_handlers=None, executor='parallel', ignore_user_meta=False, install_base='install', log_base=None, log_level=None, main=<bound method BuildVerb.main of <colcon_core.verb.build.BuildVerb object at 0x7f471a7516d0>>, merge_install=False, metas=['./colcon.meta'], packages_above=None, packages_above_and_dependencies=None, packages_above_depth=None, packages_end=None, packages_ignore=None, packages_ignore_regex=None, packages_select=None, packages_select_build_failed=False, packages_select_by_dep=None, packages_select_regex=None, packages_select_test_failures=False, packages_skip=None, packages_skip_build_finished=False, packages_skip_by_dep=None, packages_skip_regex=None, packages_skip_test_passed=False, packages_skip_up_to=None, packages_start=None, packages_up_to=None, packages_up_to_regex=None, parallel_workers=2, paths=None, symlink_install=False, test_result_base=None, verb_extension=<colcon_core.verb.build.BuildVerb object at 0x7f471a7516d0>, verb_name='build', verb_parser=<colcon_defaults.argument_parser.defaults.DefaultArgumentsDecorator object at 0x7f471a75c3d0>)
[0.373s] Level 1:colcon.colcon_core.package_discovery:discover_packages(colcon_meta) check parameters
[0.373s] Level 1:colcon.colcon_core.package_discovery:discover_packages(recursive) check parameters
[0.373s] Level 1:colcon.colcon_core.package_discovery:discover_packages(ignore) check parameters
[0.373s] Level 1:colcon.colcon_core.package_discovery:discover_packages(path) check parameters
[0.373s] Level 1:colcon.colcon_core.package_discovery:discover_packages(colcon_meta) discover
[0.373s] Level 1:colcon.colcon_core.package_discovery:discover_packages(recursive) discover
[0.373s] INFO:colcon.colcon_core.package_discovery:Crawling recursively for packages in '/home/ros2/CHAPT4/CHAPT4_WS'
[0.373s] Level 1:colcon.colcon_core.package_identification:_identify(.) by extensions ['ignore', 'ignore_ament_install']
[0.374s] Level 1:colcon.colcon_core.package_identification:_identify(.) by extension 'ignore'
[0.374s] Level 1:colcon.colcon_core.package_identification:_identify(.) by extension 'ignore_ament_install'
[0.374s] Level 1:colcon.colcon_core.package_identification:_identify(.) by extensions ['colcon_pkg']
[0.374s] Level 1:colcon.colcon_core.package_identification:_identify(.) by extension 'colcon_pkg'
[0.374s] Level 1:colcon.colcon_core.package_identification:_identify(.) by extensions ['colcon_meta']
[0.374s] Level 1:colcon.colcon_core.package_identification:_identify(.) by extension 'colcon_meta'
[0.374s] Level 1:colcon.colcon_core.package_identification:_identify(.) by extensions ['ros']
[0.374s] Level 1:colcon.colcon_core.package_identification:_identify(.) by extension 'ros'
[0.383s] Level 1:colcon.colcon_core.package_identification:_identify(.) by extensions ['cmake', 'python']
[0.383s] Level 1:colcon.colcon_core.package_identification:_identify(.) by extension 'cmake'
[0.383s] Level 1:colcon.colcon_core.package_identification:_identify(.) by extension 'python'
[0.383s] Level 1:colcon.colcon_core.package_identification:_identify(.) by extensions ['python_setup_py']
[0.383s] Level 1:colcon.colcon_core.package_identification:_identify(.) by extension 'python_setup_py'
[0.384s] Level 1:colcon.colcon_core.package_identification:_identify(build) by extensions ['ignore', 'ignore_ament_install']
[0.384s] Level 1:colcon.colcon_core.package_identification:_identify(build) by extension 'ignore'
[0.384s] Level 1:colcon.colcon_core.package_identification:_identify(build) ignored
[0.384s] Level 1:colcon.colcon_core.package_identification:_identify(install) by extensions ['ignore', 'ignore_ament_install']
[0.384s] Level 1:colcon.colcon_core.package_identification:_identify(install) by extension 'ignore'
[0.384s] Level 1:colcon.colcon_core.package_identification:_identify(install) ignored
[0.384s] Level 1:colcon.colcon_core.package_identification:_identify(log) by extensions ['ignore', 'ignore_ament_install']
[0.384s] Level 1:colcon.colcon_core.package_identification:_identify(log) by extension 'ignore'
[0.384s] Level 1:colcon.colcon_core.package_identification:_identify(log) ignored
[0.384s] Level 1:colcon.colcon_core.package_identification:_identify(src) by extensions ['ignore', 'ignore_ament_install']
[0.384s] Level 1:colcon.colcon_core.package_identification:_identify(src) by extension 'ignore'
[0.384s] Level 1:colcon.colcon_core.package_identification:_identify(src) by extension 'ignore_ament_install'
[0.385s] Level 1:colcon.colcon_core.package_identification:_identify(src) by extensions ['colcon_pkg']
[0.385s] Level 1:colcon.colcon_core.package_identification:_identify(src) by extension 'colcon_pkg'
[0.385s] Level 1:colcon.colcon_core.package_identification:_identify(src) by extensions ['colcon_meta']
[0.385s] Level 1:colcon.colcon_core.package_identification:_identify(src) by extension 'colcon_meta'
[0.385s] Level 1:colcon.colcon_core.package_identification:_identify(src) by extensions ['ros']
[0.385s] Level 1:colcon.colcon_core.package_identification:_identify(src) by extension 'ros'
[0.385s] Level 1:colcon.colcon_core.package_identification:_identify(src) by extensions ['cmake', 'python']
[0.385s] Level 1:colcon.colcon_core.package_identification:_identify(src) by extension 'cmake'
[0.385s] Level 1:colcon.colcon_core.package_identification:_identify(src) by extension 'python'
[0.385s] Level 1:colcon.colcon_core.package_identification:_identify(src) by extensions ['python_setup_py']
[0.385s] Level 1:colcon.colcon_core.package_identification:_identify(src) by extension 'python_setup_py'
[0.385s] Level 1:colcon.colcon_core.package_identification:_identify(src/chapt4_interfaces) by extensions ['ignore', 'ignore_ament_install']
[0.385s] Level 1:colcon.colcon_core.package_identification:_identify(src/chapt4_interfaces) by extension 'ignore'
[0.385s] Level 1:colcon.colcon_core.package_identification:_identify(src/chapt4_interfaces) by extension 'ignore_ament_install'
[0.385s] Level 1:colcon.colcon_core.package_identification:_identify(src/chapt4_interfaces) by extensions ['colcon_pkg']
[0.385s] Level 1:colcon.colcon_core.package_identification:_identify(src/chapt4_interfaces) by extension 'colcon_pkg'
[0.385s] Level 1:colcon.colcon_core.package_identification:_identify(src/chapt4_interfaces) by extensions ['colcon_meta']
[0.385s] Level 1:colcon.colcon_core.package_identification:_identify(src/chapt4_interfaces) by extension 'colcon_meta'
[0.385s] Level 1:colcon.colcon_core.package_identification:_identify(src/chapt4_interfaces) by extensions ['ros']
[0.385s] Level 1:colcon.colcon_core.package_identification:_identify(src/chapt4_interfaces) by extension 'ros'
[0.388s] DEBUG:colcon.colcon_core.package_identification:Package 'src/chapt4_interfaces' with type 'ros.ament_cmake' and name 'chapt4_interfaces'
[0.388s] Level 1:colcon.colcon_core.package_identification:_identify(src/demo_python_service) by extensions ['ignore', 'ignore_ament_install']
[0.388s] Level 1:colcon.colcon_core.package_identification:_identify(src/demo_python_service) by extension 'ignore'
[0.388s] Level 1:colcon.colcon_core.package_identification:_identify(src/demo_python_service) by extension 'ignore_ament_install'
[0.388s] Level 1:colcon.colcon_core.package_identification:_identify(src/demo_python_service) by extensions ['colcon_pkg']
[0.388s] Level 1:colcon.colcon_core.package_identification:_identify(src/demo_python_service) by extension 'colcon_pkg'
[0.388s] Level 1:colcon.colcon_core.package_identification:_identify(src/demo_python_service) by extensions ['colcon_meta']
[0.388s] Level 1:colcon.colcon_core.package_identification:_identify(src/demo_python_service) by extension 'colcon_meta'
[0.388s] Level 1:colcon.colcon_core.package_identification:_identify(src/demo_python_service) by extensions ['ros']
[0.388s] Level 1:colcon.colcon_core.package_identification:_identify(src/demo_python_service) by extension 'ros'
[0.389s] DEBUG:colcon.colcon_core.package_identification:Package 'src/demo_python_service' with type 'ros.ament_python' and name 'demo_python_service'
[0.389s] Level 1:colcon.colcon_core.package_discovery:discover_packages(recursive) using defaults
[0.389s] Level 1:colcon.colcon_core.package_discovery:discover_packages(ignore) discover
[0.389s] Level 1:colcon.colcon_core.package_discovery:discover_packages(ignore) using defaults
[0.389s] Level 1:colcon.colcon_core.package_discovery:discover_packages(path) discover
[0.389s] Level 1:colcon.colcon_core.package_discovery:discover_packages(path) using defaults
[0.408s] Level 1:colcon.colcon_core.package_discovery:discover_packages(prefix_path) check parameters
[0.408s] Level 1:colcon.colcon_core.package_discovery:discover_packages(prefix_path) discover
[0.409s] DEBUG:colcon.colcon_installed_package_information.package_discovery:Found 2 installed packages in /home/ros2/CHAPT4/CHAPT4_WS/install
[0.410s] DEBUG:colcon.colcon_installed_package_information.package_discovery:Found 256 installed packages in /opt/ros/foxy
[0.411s] Level 1:colcon.colcon_core.package_discovery:discover_packages(prefix_path) using defaults
[0.478s] Level 5:colcon.colcon_core.verb:set package 'chapt4_interfaces' build argument 'cmake_args' from command line to 'None'
[0.478s] Level 5:colcon.colcon_core.verb:set package 'chapt4_interfaces' build argument 'cmake_target' from command line to 'None'
[0.478s] Level 5:colcon.colcon_core.verb:set package 'chapt4_interfaces' build argument 'cmake_target_skip_unavailable' from command line to 'False'
[0.478s] Level 5:colcon.colcon_core.verb:set package 'chapt4_interfaces' build argument 'cmake_clean_cache' from command line to 'False'
[0.478s] Level 5:colcon.colcon_core.verb:set package 'chapt4_interfaces' build argument 'cmake_clean_first' from command line to 'False'
[0.478s] Level 5:colcon.colcon_core.verb:set package 'chapt4_interfaces' build argument 'cmake_force_configure' from command line to 'False'
[0.478s] Level 5:colcon.colcon_core.verb:set package 'chapt4_interfaces' build argument 'ament_cmake_args' from command line to 'None'
[0.478s] Level 5:colcon.colcon_core.verb:set package 'chapt4_interfaces' build argument 'catkin_cmake_args' from command line to 'None'
[0.478s] Level 5:colcon.colcon_core.verb:set package 'chapt4_interfaces' build argument 'catkin_skip_building_tests' from command line to 'False'
[0.478s] DEBUG:colcon.colcon_core.verb:Building package 'chapt4_interfaces' with the following arguments: {'ament_cmake_args': None, 'build_base': '/home/ros2/CHAPT4/CHAPT4_WS/build/chapt4_interfaces', 'catkin_cmake_args': None, 'catkin_skip_building_tests': False, 'cmake_args': None, 'cmake_clean_cache': False, 'cmake_clean_first': False, 'cmake_force_configure': False, 'cmake_target': None, 'cmake_target_skip_unavailable': False, 'install_base': '/home/ros2/CHAPT4/CHAPT4_WS/install/chapt4_interfaces', 'merge_install': False, 'path': '/home/ros2/CHAPT4/CHAPT4_WS/src/chapt4_interfaces', 'symlink_install': False, 'test_result_base': None}
[0.479s] Level 5:colcon.colcon_core.verb:set package 'demo_python_service' build argument 'cmake_args' from command line to 'None'
[0.480s] Level 5:colcon.colcon_core.verb:set package 'demo_python_service' build argument 'cmake_target' from command line to 'None'
[0.480s] Level 5:colcon.colcon_core.verb:set package 'demo_python_service' build argument 'cmake_target_skip_unavailable' from command line to 'False'
[0.480s] Level 5:colcon.colcon_core.verb:set package 'demo_python_service' build argument 'cmake_clean_cache' from command line to 'False'
[0.480s] Level 5:colcon.colcon_core.verb:set package 'demo_python_service' build argument 'cmake_clean_first' from command line to 'False'
[0.480s] Level 5:colcon.colcon_core.verb:set package 'demo_python_service' build argument 'cmake_force_configure' from command line to 'False'
[0.480s] Level 5:colcon.colcon_core.verb:set package 'demo_python_service' build argument 'ament_cmake_args' from command line to 'None'
[0.480s] Level 5:colcon.colcon_core.verb:set package 'demo_python_service' build argument 'catkin_cmake_args' from command line to 'None'
[0.480s] Level 5:colcon.colcon_core.verb:set package 'demo_python_service' build argument 'catkin_skip_building_tests' from command line to 'False'
[0.480s] DEBUG:colcon.colcon_core.verb:Building package 'demo_python_service' with the following arguments: {'ament_cmake_args': None, 'build_base': '/home/ros2/CHAPT4/CHAPT4_WS/build/demo_python_service', 'catkin_cmake_args': None, 'catkin_skip_building_tests': False, 'cmake_args': None, 'cmake_clean_cache': False, 'cmake_clean_first': False, 'cmake_force_configure': False, 'cmake_target': None, 'cmake_target_skip_unavailable': False, 'install_base': '/home/ros2/CHAPT4/CHAPT4_WS/install/demo_python_service', 'merge_install': False, 'path': '/home/ros2/CHAPT4/CHAPT4_WS/src/demo_python_service', 'symlink_install': False, 'test_result_base': None}
[0.480s] INFO:colcon.colcon_core.executor:Executing jobs using 'parallel' executor
[0.481s] DEBUG:colcon.colcon_parallel_executor.executor.parallel:run_until_complete
[0.481s] INFO:colcon.colcon_ros.task.ament_cmake.build:Building ROS package in '/home/ros2/CHAPT4/CHAPT4_WS/src/chapt4_interfaces' with build type 'ament_cmake'
[0.481s] INFO:colcon.colcon_cmake.task.cmake.build:Building CMake package in '/home/ros2/CHAPT4/CHAPT4_WS/src/chapt4_interfaces'
[0.483s] INFO:colcon.colcon_core.plugin_system:Skipping extension 'colcon_core.shell.bat': Not used on non-Windows systems
[0.484s] INFO:colcon.colcon_core.shell:Skip shell extension 'powershell' for command environment: Not usable outside of PowerShell
[0.484s] DEBUG:colcon.colcon_core.shell:Skip shell extension 'dsv' for command environment
[0.502s] DEBUG:colcon.colcon_core.event_handler.log_command:Invoking command in '/home/ros2/CHAPT4/CHAPT4_WS/build/chapt4_interfaces': CMAKE_PREFIX_PATH=${CMAKE_PREFIX_PATH}:/home/ros2/CHAPT4/CHAPT4_WS/install/demo_python_service:/opt/ros/foxy /usr/bin/cmake --build /home/ros2/CHAPT4/CHAPT4_WS/build/chapt4_interfaces -- -j2 -l2
[0.884s] DEBUG:colcon.colcon_core.event_handler.log_command:Invoked command in '/home/ros2/CHAPT4/CHAPT4_WS/build/chapt4_interfaces' returned '0': CMAKE_PREFIX_PATH=${CMAKE_PREFIX_PATH}:/home/ros2/CHAPT4/CHAPT4_WS/install/demo_python_service:/opt/ros/foxy /usr/bin/cmake --build /home/ros2/CHAPT4/CHAPT4_WS/build/chapt4_interfaces -- -j2 -l2
[0.969s] DEBUG:colcon.colcon_core.event_handler.log_command:Invoking command in '/home/ros2/CHAPT4/CHAPT4_WS/build/chapt4_interfaces': CMAKE_PREFIX_PATH=${CMAKE_PREFIX_PATH}:/home/ros2/CHAPT4/CHAPT4_WS/install/demo_python_service:/opt/ros/foxy /usr/bin/cmake --install /home/ros2/CHAPT4/CHAPT4_WS/build/chapt4_interfaces
[1.077s] Level 1:colcon.colcon_core.environment:create_environment_scripts_only(chapt4_interfaces)
[1.081s] Level 1:colcon.colcon_core.environment:checking '/home/ros2/CHAPT4/CHAPT4_WS/install/chapt4_interfaces' for CMake module files
[1.081s] DEBUG:colcon.colcon_core.event_handler.log_command:Invoked command in '/home/ros2/CHAPT4/CHAPT4_WS/build/chapt4_interfaces' returned '0': CMAKE_PREFIX_PATH=${CMAKE_PREFIX_PATH}:/home/ros2/CHAPT4/CHAPT4_WS/install/demo_python_service:/opt/ros/foxy /usr/bin/cmake --install /home/ros2/CHAPT4/CHAPT4_WS/build/chapt4_interfaces
[1.082s] Level 1:colcon.colcon_core.environment:checking '/home/ros2/CHAPT4/CHAPT4_WS/install/chapt4_interfaces' for CMake config files
[1.082s] Level 1:colcon.colcon_core.shell:create_environment_hook('chapt4_interfaces', 'cmake_prefix_path')
[1.083s] INFO:colcon.colcon_core.shell:Creating environment hook '/home/ros2/CHAPT4/CHAPT4_WS/install/chapt4_interfaces/share/chapt4_interfaces/hook/cmake_prefix_path.ps1'
[1.083s] INFO:colcon.colcon_core.shell:Creating environment descriptor '/home/ros2/CHAPT4/CHAPT4_WS/install/chapt4_interfaces/share/chapt4_interfaces/hook/cmake_prefix_path.dsv'
[1.084s] INFO:colcon.colcon_core.shell:Creating environment hook '/home/ros2/CHAPT4/CHAPT4_WS/install/chapt4_interfaces/share/chapt4_interfaces/hook/cmake_prefix_path.sh'
[1.085s] Level 1:colcon.colcon_core.environment:checking '/home/ros2/CHAPT4/CHAPT4_WS/install/chapt4_interfaces/lib'
[1.085s] Level 1:colcon.colcon_core.shell:create_environment_hook('chapt4_interfaces', 'ld_library_path_lib')
[1.085s] INFO:colcon.colcon_core.shell:Creating environment hook '/home/ros2/CHAPT4/CHAPT4_WS/install/chapt4_interfaces/share/chapt4_interfaces/hook/ld_library_path_lib.ps1'
[1.086s] INFO:colcon.colcon_core.shell:Creating environment descriptor '/home/ros2/CHAPT4/CHAPT4_WS/install/chapt4_interfaces/share/chapt4_interfaces/hook/ld_library_path_lib.dsv'
[1.087s] INFO:colcon.colcon_core.shell:Creating environment hook '/home/ros2/CHAPT4/CHAPT4_WS/install/chapt4_interfaces/share/chapt4_interfaces/hook/ld_library_path_lib.sh'
[1.087s] Level 1:colcon.colcon_core.environment:checking '/home/ros2/CHAPT4/CHAPT4_WS/install/chapt4_interfaces/bin'
[1.087s] Level 1:colcon.colcon_core.environment:checking '/home/ros2/CHAPT4/CHAPT4_WS/install/chapt4_interfaces/lib/pkgconfig/chapt4_interfaces.pc'
[1.088s] Level 1:colcon.colcon_core.environment:checking '/home/ros2/CHAPT4/CHAPT4_WS/install/chapt4_interfaces/lib/python3.8/site-packages'
[1.088s] Level 1:colcon.colcon_core.shell:create_environment_hook('chapt4_interfaces', 'pythonpath')
[1.088s] INFO:colcon.colcon_core.shell:Creating environment hook '/home/ros2/CHAPT4/CHAPT4_WS/install/chapt4_interfaces/share/chapt4_interfaces/hook/pythonpath.ps1'
[1.089s] INFO:colcon.colcon_core.shell:Creating environment descriptor '/home/ros2/CHAPT4/CHAPT4_WS/install/chapt4_interfaces/share/chapt4_interfaces/hook/pythonpath.dsv'
[1.090s] INFO:colcon.colcon_core.shell:Creating environment hook '/home/ros2/CHAPT4/CHAPT4_WS/install/chapt4_interfaces/share/chapt4_interfaces/hook/pythonpath.sh'
[1.091s] Level 1:colcon.colcon_core.environment:checking '/home/ros2/CHAPT4/CHAPT4_WS/install/chapt4_interfaces/bin'
[1.091s] INFO:colcon.colcon_core.shell:Creating package script '/home/ros2/CHAPT4/CHAPT4_WS/install/chapt4_interfaces/share/chapt4_interfaces/package.ps1'
[1.093s] INFO:colcon.colcon_core.shell:Creating package descriptor '/home/ros2/CHAPT4/CHAPT4_WS/install/chapt4_interfaces/share/chapt4_interfaces/package.dsv'
[1.094s] INFO:colcon.colcon_core.shell:Creating package script '/home/ros2/CHAPT4/CHAPT4_WS/install/chapt4_interfaces/share/chapt4_interfaces/package.sh'
[1.095s] INFO:colcon.colcon_core.shell:Creating package script '/home/ros2/CHAPT4/CHAPT4_WS/install/chapt4_interfaces/share/chapt4_interfaces/package.bash'
[1.096s] INFO:colcon.colcon_core.shell:Creating package script '/home/ros2/CHAPT4/CHAPT4_WS/install/chapt4_interfaces/share/chapt4_interfaces/package.zsh'
[1.097s] Level 1:colcon.colcon_core.environment:create_file_with_runtime_dependencies(/home/ros2/CHAPT4/CHAPT4_WS/install/chapt4_interfaces/share/colcon-core/packages/chapt4_interfaces)
[1.156s] Level 1:colcon.colcon_core.environment:create_environment_scripts_only(chapt4_interfaces)
[1.156s] Level 1:colcon.colcon_core.environment:checking '/home/ros2/CHAPT4/CHAPT4_WS/install/chapt4_interfaces' for CMake module files
[1.157s] Level 1:colcon.colcon_core.environment:checking '/home/ros2/CHAPT4/CHAPT4_WS/install/chapt4_interfaces' for CMake config files
[1.158s] Level 1:colcon.colcon_core.shell:create_environment_hook('chapt4_interfaces', 'cmake_prefix_path')
[1.158s] INFO:colcon.colcon_core.shell:Creating environment hook '/home/ros2/CHAPT4/CHAPT4_WS/install/chapt4_interfaces/share/chapt4_interfaces/hook/cmake_prefix_path.ps1'
[1.160s] INFO:colcon.colcon_core.shell:Creating environment descriptor '/home/ros2/CHAPT4/CHAPT4_WS/install/chapt4_interfaces/share/chapt4_interfaces/hook/cmake_prefix_path.dsv'
[1.160s] INFO:colcon.colcon_core.shell:Creating environment hook '/home/ros2/CHAPT4/CHAPT4_WS/install/chapt4_interfaces/share/chapt4_interfaces/hook/cmake_prefix_path.sh'
[1.161s] Level 1:colcon.colcon_core.environment:checking '/home/ros2/CHAPT4/CHAPT4_WS/install/chapt4_interfaces/lib'
[1.161s] Level 1:colcon.colcon_core.shell:create_environment_hook('chapt4_interfaces', 'ld_library_path_lib')
[1.162s] INFO:colcon.colcon_core.shell:Creating environment hook '/home/ros2/CHAPT4/CHAPT4_WS/install/chapt4_interfaces/share/chapt4_interfaces/hook/ld_library_path_lib.ps1'
[1.163s] INFO:colcon.colcon_core.shell:Creating environment descriptor '/home/ros2/CHAPT4/CHAPT4_WS/install/chapt4_interfaces/share/chapt4_interfaces/hook/ld_library_path_lib.dsv'
[1.164s] INFO:colcon.colcon_core.shell:Creating environment hook '/home/ros2/CHAPT4/CHAPT4_WS/install/chapt4_interfaces/share/chapt4_interfaces/hook/ld_library_path_lib.sh'
[1.164s] Level 1:colcon.colcon_core.environment:checking '/home/ros2/CHAPT4/CHAPT4_WS/install/chapt4_interfaces/bin'
[1.164s] Level 1:colcon.colcon_core.environment:checking '/home/ros2/CHAPT4/CHAPT4_WS/install/chapt4_interfaces/lib/pkgconfig/chapt4_interfaces.pc'
[1.165s] Level 1:colcon.colcon_core.environment:checking '/home/ros2/CHAPT4/CHAPT4_WS/install/chapt4_interfaces/lib/python3.8/site-packages'
[1.165s] Level 1:colcon.colcon_core.shell:create_environment_hook('chapt4_interfaces', 'pythonpath')
[1.165s] INFO:colcon.colcon_core.shell:Creating environment hook '/home/ros2/CHAPT4/CHAPT4_WS/install/chapt4_interfaces/share/chapt4_interfaces/hook/pythonpath.ps1'
[1.166s] INFO:colcon.colcon_core.shell:Creating environment descriptor '/home/ros2/CHAPT4/CHAPT4_WS/install/chapt4_interfaces/share/chapt4_interfaces/hook/pythonpath.dsv'
[1.166s] INFO:colcon.colcon_core.shell:Creating environment hook '/home/ros2/CHAPT4/CHAPT4_WS/install/chapt4_interfaces/share/chapt4_interfaces/hook/pythonpath.sh'
[1.166s] Level 1:colcon.colcon_core.environment:checking '/home/ros2/CHAPT4/CHAPT4_WS/install/chapt4_interfaces/bin'
[1.167s] INFO:colcon.colcon_core.shell:Creating package script '/home/ros2/CHAPT4/CHAPT4_WS/install/chapt4_interfaces/share/chapt4_interfaces/package.ps1'
[1.167s] INFO:colcon.colcon_core.shell:Creating package descriptor '/home/ros2/CHAPT4/CHAPT4_WS/install/chapt4_interfaces/share/chapt4_interfaces/package.dsv'
[1.168s] INFO:colcon.colcon_core.shell:Creating package script '/home/ros2/CHAPT4/CHAPT4_WS/install/chapt4_interfaces/share/chapt4_interfaces/package.sh'
[1.168s] INFO:colcon.colcon_core.shell:Creating package script '/home/ros2/CHAPT4/CHAPT4_WS/install/chapt4_interfaces/share/chapt4_interfaces/package.bash'
[1.169s] INFO:colcon.colcon_core.shell:Creating package script '/home/ros2/CHAPT4/CHAPT4_WS/install/chapt4_interfaces/share/chapt4_interfaces/package.zsh'
[1.169s] Level 1:colcon.colcon_core.environment:create_file_with_runtime_dependencies(/home/ros2/CHAPT4/CHAPT4_WS/install/chapt4_interfaces/share/colcon-core/packages/chapt4_interfaces)
[1.170s] INFO:colcon.colcon_ros.task.ament_python.build:Building ROS package in '/home/ros2/CHAPT4/CHAPT4_WS/src/demo_python_service' with build type 'ament_python'
[1.170s] Level 1:colcon.colcon_core.shell:create_environment_hook('demo_python_service', 'ament_prefix_path')
[1.171s] INFO:colcon.colcon_core.shell:Creating environment hook '/home/ros2/CHAPT4/CHAPT4_WS/install/demo_python_service/share/demo_python_service/hook/ament_prefix_path.ps1'
[1.172s] INFO:colcon.colcon_core.shell:Creating environment descriptor '/home/ros2/CHAPT4/CHAPT4_WS/install/demo_python_service/share/demo_python_service/hook/ament_prefix_path.dsv'
[1.172s] INFO:colcon.colcon_core.shell:Creating environment hook '/home/ros2/CHAPT4/CHAPT4_WS/install/demo_python_service/share/demo_python_service/hook/ament_prefix_path.sh'
[1.173s] INFO:colcon.colcon_core.shell:Skip shell extension 'powershell' for command environment: Not usable outside of PowerShell
[1.173s] DEBUG:colcon.colcon_core.shell:Skip shell extension 'dsv' for command environment
[1.444s] INFO:colcon.colcon_core.task.python.build:Building Python package in '/home/ros2/CHAPT4/CHAPT4_WS/src/demo_python_service'
[1.445s] INFO:colcon.colcon_core.shell:Skip shell extension 'powershell' for command environment: Not usable outside of PowerShell
[1.445s] DEBUG:colcon.colcon_core.shell:Skip shell extension 'dsv' for command environment
[1.845s] DEBUG:colcon.colcon_core.event_handler.log_command:Invoking command in '/home/ros2/CHAPT4/CHAPT4_WS/src/demo_python_service': PYTHONPATH=/home/ros2/CHAPT4/CHAPT4_WS/build/demo_python_service/prefix_override:/usr/lib/python3/dist-packages/colcon_core/task/python/colcon_distutils_commands:/home/ros2/CHAPT4/CHAPT4_WS/install/demo_python_service/lib/python3.8/site-packages:/home/ros2/CHAPT4/CHAPT4_WS/install/chapt4_interfaces/lib/python3.8/site-packages:/home/ros2/CHAPT4/CHAPT4_WS/install/demo_python_service/lib/python3.8/site-packages:/opt/ros/foxy/lib/python3.8/site-packages /usr/bin/python3 -W ignore:setup.py install is deprecated setup.py egg_info --egg-base ../../build/demo_python_service build --build-base /home/ros2/CHAPT4/CHAPT4_WS/build/demo_python_service/build install --record /home/ros2/CHAPT4/CHAPT4_WS/build/demo_python_service/install.log --install-scripts $base/lib/demo_python_service --single-version-externally-managed install_data
[2.153s] Level 1:colcon.colcon_core.environment:checking '/home/ros2/CHAPT4/CHAPT4_WS/install/demo_python_service' for CMake module files
[2.154s] DEBUG:colcon.colcon_core.event_handler.log_command:Invoked command in '/home/ros2/CHAPT4/CHAPT4_WS/src/demo_python_service' returned '0': PYTHONPATH=/home/ros2/CHAPT4/CHAPT4_WS/build/demo_python_service/prefix_override:/usr/lib/python3/dist-packages/colcon_core/task/python/colcon_distutils_commands:/home/ros2/CHAPT4/CHAPT4_WS/install/demo_python_service/lib/python3.8/site-packages:/home/ros2/CHAPT4/CHAPT4_WS/install/chapt4_interfaces/lib/python3.8/site-packages:/home/ros2/CHAPT4/CHAPT4_WS/install/demo_python_service/lib/python3.8/site-packages:/opt/ros/foxy/lib/python3.8/site-packages /usr/bin/python3 -W ignore:setup.py install is deprecated setup.py egg_info --egg-base ../../build/demo_python_service build --build-base /home/ros2/CHAPT4/CHAPT4_WS/build/demo_python_service/build install --record /home/ros2/CHAPT4/CHAPT4_WS/build/demo_python_service/install.log --install-scripts $base/lib/demo_python_service --single-version-externally-managed install_data
[2.154s] Level 1:colcon.colcon_core.environment:checking '/home/ros2/CHAPT4/CHAPT4_WS/install/demo_python_service' for CMake config files
[2.155s] Level 1:colcon.colcon_core.environment:checking '/home/ros2/CHAPT4/CHAPT4_WS/install/demo_python_service/lib'
[2.156s] Level 1:colcon.colcon_core.environment:checking '/home/ros2/CHAPT4/CHAPT4_WS/install/demo_python_service/bin'
[2.156s] Level 1:colcon.colcon_core.environment:checking '/home/ros2/CHAPT4/CHAPT4_WS/install/demo_python_service/lib/pkgconfig/demo_python_service.pc'
[2.156s] Level 1:colcon.colcon_core.environment:checking '/home/ros2/CHAPT4/CHAPT4_WS/install/demo_python_service/lib/python3.8/site-packages'
[2.156s] Level 1:colcon.colcon_core.shell:create_environment_hook('demo_python_service', 'pythonpath')
[2.157s] INFO:colcon.colcon_core.shell:Creating environment hook '/home/ros2/CHAPT4/CHAPT4_WS/install/demo_python_service/share/demo_python_service/hook/pythonpath.ps1'
[2.158s] INFO:colcon.colcon_core.shell:Creating environment descriptor '/home/ros2/CHAPT4/CHAPT4_WS/install/demo_python_service/share/demo_python_service/hook/pythonpath.dsv'
[2.158s] INFO:colcon.colcon_core.shell:Creating environment hook '/home/ros2/CHAPT4/CHAPT4_WS/install/demo_python_service/share/demo_python_service/hook/pythonpath.sh'
[2.159s] Level 1:colcon.colcon_core.environment:checking '/home/ros2/CHAPT4/CHAPT4_WS/install/demo_python_service/bin'
[2.160s] Level 1:colcon.colcon_core.environment:create_environment_scripts_only(demo_python_service)
[2.160s] INFO:colcon.colcon_core.shell:Creating package script '/home/ros2/CHAPT4/CHAPT4_WS/install/demo_python_service/share/demo_python_service/package.ps1'
[2.161s] INFO:colcon.colcon_core.shell:Creating package descriptor '/home/ros2/CHAPT4/CHAPT4_WS/install/demo_python_service/share/demo_python_service/package.dsv'
[2.162s] INFO:colcon.colcon_core.shell:Creating package script '/home/ros2/CHAPT4/CHAPT4_WS/install/demo_python_service/share/demo_python_service/package.sh'
[2.163s] INFO:colcon.colcon_core.shell:Creating package script '/home/ros2/CHAPT4/CHAPT4_WS/install/demo_python_service/share/demo_python_service/package.bash'
[2.163s] INFO:colcon.colcon_core.shell:Creating package script '/home/ros2/CHAPT4/CHAPT4_WS/install/demo_python_service/share/demo_python_service/package.zsh'
[2.165s] Level 1:colcon.colcon_core.environment:create_file_with_runtime_dependencies(/home/ros2/CHAPT4/CHAPT4_WS/install/demo_python_service/share/colcon-core/packages/demo_python_service)
[2.166s] DEBUG:colcon.colcon_parallel_executor.executor.parallel:closing loop
[2.167s] DEBUG:colcon.colcon_parallel_executor.executor.parallel:loop closed
[2.167s] DEBUG:colcon.colcon_parallel_executor.executor.parallel:run_until_complete finished with '0'
[2.167s] DEBUG:colcon.colcon_core.event_reactor:joining thread
[2.174s] INFO:colcon.colcon_core.plugin_system:Skipping extension 'colcon_notification.desktop_notification.terminal_notifier': Not used on non-Darwin systems
[2.174s] INFO:colcon.colcon_core.plugin_system:Skipping extension 'colcon_notification.desktop_notification.win32': Not used on non-Windows systems
[2.175s] INFO:colcon.colcon_notification.desktop_notification:Sending desktop notification using 'notify2'
[2.199s] DEBUG:colcon.colcon_core.event_reactor:joined thread
[2.199s] INFO:colcon.colcon_core.shell:Creating prefix script '/home/ros2/CHAPT4/CHAPT4_WS/install/local_setup.ps1'
[2.200s] INFO:colcon.colcon_core.shell:Creating prefix util module '/home/ros2/CHAPT4/CHAPT4_WS/install/_local_setup_util_ps1.py'
[2.202s] INFO:colcon.colcon_core.shell:Creating prefix chain script '/home/ros2/CHAPT4/CHAPT4_WS/install/setup.ps1'
[2.203s] INFO:colcon.colcon_core.shell:Creating prefix script '/home/ros2/CHAPT4/CHAPT4_WS/install/local_setup.sh'
[2.210s] INFO:colcon.colcon_core.shell:Creating prefix util module '/home/ros2/CHAPT4/CHAPT4_WS/install/_local_setup_util_sh.py'
[2.211s] INFO:colcon.colcon_core.shell:Creating prefix chain script '/home/ros2/CHAPT4/CHAPT4_WS/install/setup.sh'
[2.213s] INFO:colcon.colcon_core.shell:Creating prefix script '/home/ros2/CHAPT4/CHAPT4_WS/install/local_setup.bash'
[2.214s] INFO:colcon.colcon_core.shell:Creating prefix chain script '/home/ros2/CHAPT4/CHAPT4_WS/install/setup.bash'
[2.216s] INFO:colcon.colcon_core.shell:Creating prefix script '/home/ros2/CHAPT4/CHAPT4_WS/install/local_setup.zsh'
[2.217s] INFO:colcon.colcon_core.shell:Creating prefix chain script '/home/ros2/CHAPT4/CHAPT4_WS/install/setup.zsh'
