[1.538s] Invoking command in '/home/ros2/CHAPT4/CHAPT4_WS/src/demo_python_service': CMAKE_PREFIX_PATH=/home/ros2/CHAPT4/CHAPT4_WS/install/chapt4_interfaces:/home/ros2/CHAPT4/CHAPT4_WS/install/demo_cpp_service PYTHONPATH=/home/ros2/CHAPT4/CHAPT4_WS/build/demo_python_service/prefix_override:/usr/lib/python3/dist-packages/colcon_core/task/python/colcon_distutils_commands:/home/ros2/CHAPT4/CHAPT4_WS/install/demo_python_service/lib/python3.8/site-packages:/home/ros2/CHAPT4/CHAPT4_WS/install/chapt4_interfaces/lib/python3.8/site-packages:/home/ros2/CHAPT4/CHAPT4_WS/install/demo_python_service/lib/python3.8/site-packages:/opt/ros/foxy/lib/python3.8/site-packages /usr/bin/python3 -W ignore:setup.py install is deprecated setup.py egg_info --egg-base ../../build/demo_python_service build --build-base /home/ros2/CHAPT4/CHAPT4_WS/build/demo_python_service/build install --record /home/ros2/CHAPT4/CHAPT4_WS/build/demo_python_service/install.log --install-scripts $base/lib/demo_python_service --single-version-externally-managed install_data
[2.062s] running egg_info
[2.063s] writing ../../build/demo_python_service/demo_python_service.egg-info/PKG-INFO
[2.064s] writing dependency_links to ../../build/demo_python_service/demo_python_service.egg-info/dependency_links.txt
[2.065s] writing entry points to ../../build/demo_python_service/demo_python_service.egg-info/entry_points.txt
[2.065s] writing requirements to ../../build/demo_python_service/demo_python_service.egg-info/requires.txt
[2.066s] writing top-level names to ../../build/demo_python_service/demo_python_service.egg-info/top_level.txt
[2.140s] reading manifest file '../../build/demo_python_service/demo_python_service.egg-info/SOURCES.txt'
[2.141s] writing manifest file '../../build/demo_python_service/demo_python_service.egg-info/SOURCES.txt'
[2.141s] running build
[2.141s] running build_py
[2.144s] running install
[2.145s] running install_lib
[2.147s] running install_data
[2.148s] running install_egg_info
[2.151s] removing '/home/ros2/CHAPT4/CHAPT4_WS/install/demo_python_service/lib/python3.8/site-packages/demo_python_service-0.0.0-py3.8.egg-info' (and everything under it)
[2.152s] Copying ../../build/demo_python_service/demo_python_service.egg-info to /home/ros2/CHAPT4/CHAPT4_WS/install/demo_python_service/lib/python3.8/site-packages/demo_python_service-0.0.0-py3.8.egg-info
[2.158s] running install_scripts
[2.199s] Installing face_detect_client_node script to /home/ros2/CHAPT4/CHAPT4_WS/install/demo_python_service/lib/demo_python_service
[2.200s] Installing face_detect_node script to /home/ros2/CHAPT4/CHAPT4_WS/install/demo_python_service/lib/demo_python_service
[2.202s] Installing learn_face_detect script to /home/ros2/CHAPT4/CHAPT4_WS/install/demo_python_service/lib/demo_python_service
[2.203s] writing list of installed files to '/home/ros2/CHAPT4/CHAPT4_WS/build/demo_python_service/install.log'
[2.260s] Invoked command in '/home/ros2/CHAPT4/CHAPT4_WS/src/demo_python_service' returned '0': CMAKE_PREFIX_PATH=/home/ros2/CHAPT4/CHAPT4_WS/install/chapt4_interfaces:/home/ros2/CHAPT4/CHAPT4_WS/install/demo_cpp_service PYTHONPATH=/home/ros2/CHAPT4/CHAPT4_WS/build/demo_python_service/prefix_override:/usr/lib/python3/dist-packages/colcon_core/task/python/colcon_distutils_commands:/home/ros2/CHAPT4/CHAPT4_WS/install/demo_python_service/lib/python3.8/site-packages:/home/ros2/CHAPT4/CHAPT4_WS/install/chapt4_interfaces/lib/python3.8/site-packages:/home/ros2/CHAPT4/CHAPT4_WS/install/demo_python_service/lib/python3.8/site-packages:/opt/ros/foxy/lib/python3.8/site-packages /usr/bin/python3 -W ignore:setup.py install is deprecated setup.py egg_info --egg-base ../../build/demo_python_service build --build-base /home/ros2/CHAPT4/CHAPT4_WS/build/demo_python_service/build install --record /home/ros2/CHAPT4/CHAPT4_WS/build/demo_python_service/install.log --install-scripts $base/lib/demo_python_service --single-version-externally-managed install_data
