[0.384s] DEBUG:colcon:Command line arguments: ['/usr/bin/colcon', 'build']
[0.384s] DEBUG:colcon:Parsed command line arguments: Namespace(allow_overriding=[], ament_cmake_args=None, base_paths=['.'], build_base='build', catkin_cmake_args=None, catkin_skip_building_tests=False, cmake_args=None, cmake_clean_cache=False, cmake_clean_first=False, cmake_force_configure=False, cmake_target=None, cmake_target_skip_unavailable=False, continue_on_error=False, event_handlers=None, executor='parallel', ignore_user_meta=False, install_base='install', log_base=None, log_level=None, main=<bound method BuildVerb.main of <colcon_core.verb.build.BuildVerb object at 0x7fe939a2d610>>, merge_install=False, metas=['./colcon.meta'], packages_above=None, packages_above_and_dependencies=None, packages_above_depth=None, packages_end=None, packages_ignore=None, packages_ignore_regex=None, packages_select=None, packages_select_build_failed=False, packages_select_by_dep=None, packages_select_regex=None, packages_select_test_failures=False, packages_skip=None, packages_skip_build_finished=False, packages_skip_by_dep=None, packages_skip_regex=None, packages_skip_test_passed=False, packages_skip_up_to=None, packages_start=None, packages_up_to=None, packages_up_to_regex=None, parallel_workers=2, paths=None, symlink_install=False, test_result_base=None, verb_extension=<colcon_core.verb.build.BuildVerb object at 0x7fe939a2d610>, verb_name='build', verb_parser=<colcon_defaults.argument_parser.defaults.DefaultArgumentsDecorator object at 0x7fe939a3a310>)
[0.794s] Level 1:colcon.colcon_core.package_discovery:discover_packages(colcon_meta) check parameters
[0.795s] Level 1:colcon.colcon_core.package_discovery:discover_packages(recursive) check parameters
[0.795s] Level 1:colcon.colcon_core.package_discovery:discover_packages(ignore) check parameters
[0.795s] Level 1:colcon.colcon_core.package_discovery:discover_packages(path) check parameters
[0.795s] Level 1:colcon.colcon_core.package_discovery:discover_packages(colcon_meta) discover
[0.795s] Level 1:colcon.colcon_core.package_discovery:discover_packages(recursive) discover
[0.795s] INFO:colcon.colcon_core.package_discovery:Crawling recursively for packages in '/home/ros2/CHAPT6/chapt6_ws'
[0.795s] Level 1:colcon.colcon_core.package_identification:_identify(.) by extensions ['ignore', 'ignore_ament_install']
[0.795s] Level 1:colcon.colcon_core.package_identification:_identify(.) by extension 'ignore'
[0.795s] Level 1:colcon.colcon_core.package_identification:_identify(.) by extension 'ignore_ament_install'
[0.795s] Level 1:colcon.colcon_core.package_identification:_identify(.) by extensions ['colcon_pkg']
[0.795s] Level 1:colcon.colcon_core.package_identification:_identify(.) by extension 'colcon_pkg'
[0.795s] Level 1:colcon.colcon_core.package_identification:_identify(.) by extensions ['colcon_meta']
[0.795s] Level 1:colcon.colcon_core.package_identification:_identify(.) by extension 'colcon_meta'
[0.795s] Level 1:colcon.colcon_core.package_identification:_identify(.) by extensions ['ros']
[0.795s] Level 1:colcon.colcon_core.package_identification:_identify(.) by extension 'ros'
[0.808s] Level 1:colcon.colcon_core.package_identification:_identify(.) by extensions ['cmake', 'python']
[0.808s] Level 1:colcon.colcon_core.package_identification:_identify(.) by extension 'cmake'
[0.808s] Level 1:colcon.colcon_core.package_identification:_identify(.) by extension 'python'
[0.808s] Level 1:colcon.colcon_core.package_identification:_identify(.) by extensions ['python_setup_py']
[0.808s] Level 1:colcon.colcon_core.package_identification:_identify(.) by extension 'python_setup_py'
[0.809s] Level 1:colcon.colcon_core.package_identification:_identify(build) by extensions ['ignore', 'ignore_ament_install']
[0.809s] Level 1:colcon.colcon_core.package_identification:_identify(build) by extension 'ignore'
[0.809s] Level 1:colcon.colcon_core.package_identification:_identify(build) ignored
[0.809s] Level 1:colcon.colcon_core.package_identification:_identify(install) by extensions ['ignore', 'ignore_ament_install']
[0.809s] Level 1:colcon.colcon_core.package_identification:_identify(install) by extension 'ignore'
[0.809s] Level 1:colcon.colcon_core.package_identification:_identify(install) ignored
[0.809s] Level 1:colcon.colcon_core.package_identification:_identify(log) by extensions ['ignore', 'ignore_ament_install']
[0.809s] Level 1:colcon.colcon_core.package_identification:_identify(log) by extension 'ignore'
[0.809s] Level 1:colcon.colcon_core.package_identification:_identify(log) ignored
[0.809s] Level 1:colcon.colcon_core.package_identification:_identify(src) by extensions ['ignore', 'ignore_ament_install']
[0.809s] Level 1:colcon.colcon_core.package_identification:_identify(src) by extension 'ignore'
[0.809s] Level 1:colcon.colcon_core.package_identification:_identify(src) by extension 'ignore_ament_install'
[0.809s] Level 1:colcon.colcon_core.package_identification:_identify(src) by extensions ['colcon_pkg']
[0.809s] Level 1:colcon.colcon_core.package_identification:_identify(src) by extension 'colcon_pkg'
[0.810s] Level 1:colcon.colcon_core.package_identification:_identify(src) by extensions ['colcon_meta']
[0.810s] Level 1:colcon.colcon_core.package_identification:_identify(src) by extension 'colcon_meta'
[0.810s] Level 1:colcon.colcon_core.package_identification:_identify(src) by extensions ['ros']
[0.810s] Level 1:colcon.colcon_core.package_identification:_identify(src) by extension 'ros'
[0.810s] Level 1:colcon.colcon_core.package_identification:_identify(src) by extensions ['cmake', 'python']
[0.810s] Level 1:colcon.colcon_core.package_identification:_identify(src) by extension 'cmake'
[0.810s] Level 1:colcon.colcon_core.package_identification:_identify(src) by extension 'python'
[0.810s] Level 1:colcon.colcon_core.package_identification:_identify(src) by extensions ['python_setup_py']
[0.810s] Level 1:colcon.colcon_core.package_identification:_identify(src) by extension 'python_setup_py'
[0.810s] Level 1:colcon.colcon_core.package_identification:_identify(src/fishbot_description) by extensions ['ignore', 'ignore_ament_install']
[0.810s] Level 1:colcon.colcon_core.package_identification:_identify(src/fishbot_description) by extension 'ignore'
[0.810s] Level 1:colcon.colcon_core.package_identification:_identify(src/fishbot_description) by extension 'ignore_ament_install'
[0.810s] Level 1:colcon.colcon_core.package_identification:_identify(src/fishbot_description) by extensions ['colcon_pkg']
[0.810s] Level 1:colcon.colcon_core.package_identification:_identify(src/fishbot_description) by extension 'colcon_pkg'
[0.810s] Level 1:colcon.colcon_core.package_identification:_identify(src/fishbot_description) by extensions ['colcon_meta']
[0.810s] Level 1:colcon.colcon_core.package_identification:_identify(src/fishbot_description) by extension 'colcon_meta'
[0.810s] Level 1:colcon.colcon_core.package_identification:_identify(src/fishbot_description) by extensions ['ros']
[0.810s] Level 1:colcon.colcon_core.package_identification:_identify(src/fishbot_description) by extension 'ros'
[0.871s] DEBUG:colcon.colcon_core.package_identification:Package 'src/fishbot_description' with type 'ros.ament_cmake' and name 'fishbot_description'
[0.871s] Level 1:colcon.colcon_core.package_discovery:discover_packages(recursive) using defaults
[0.871s] Level 1:colcon.colcon_core.package_discovery:discover_packages(ignore) discover
[0.871s] Level 1:colcon.colcon_core.package_discovery:discover_packages(ignore) using defaults
[0.871s] Level 1:colcon.colcon_core.package_discovery:discover_packages(path) discover
[0.871s] Level 1:colcon.colcon_core.package_discovery:discover_packages(path) using defaults
[1.008s] Level 1:colcon.colcon_core.package_discovery:discover_packages(prefix_path) check parameters
[1.008s] Level 1:colcon.colcon_core.package_discovery:discover_packages(prefix_path) discover
[1.014s] DEBUG:colcon.colcon_installed_package_information.package_discovery:Found 257 installed packages in /opt/ros/foxy
[1.016s] Level 1:colcon.colcon_core.package_discovery:discover_packages(prefix_path) using defaults
[1.704s] Level 5:colcon.colcon_core.verb:set package 'fishbot_description' build argument 'cmake_args' from command line to 'None'
[1.705s] Level 5:colcon.colcon_core.verb:set package 'fishbot_description' build argument 'cmake_target' from command line to 'None'
[1.705s] Level 5:colcon.colcon_core.verb:set package 'fishbot_description' build argument 'cmake_target_skip_unavailable' from command line to 'False'
[1.705s] Level 5:colcon.colcon_core.verb:set package 'fishbot_description' build argument 'cmake_clean_cache' from command line to 'False'
[1.705s] Level 5:colcon.colcon_core.verb:set package 'fishbot_description' build argument 'cmake_clean_first' from command line to 'False'
[1.705s] Level 5:colcon.colcon_core.verb:set package 'fishbot_description' build argument 'cmake_force_configure' from command line to 'False'
[1.705s] Level 5:colcon.colcon_core.verb:set package 'fishbot_description' build argument 'ament_cmake_args' from command line to 'None'
[1.705s] Level 5:colcon.colcon_core.verb:set package 'fishbot_description' build argument 'catkin_cmake_args' from command line to 'None'
[1.705s] Level 5:colcon.colcon_core.verb:set package 'fishbot_description' build argument 'catkin_skip_building_tests' from command line to 'False'
[1.705s] DEBUG:colcon.colcon_core.verb:Building package 'fishbot_description' with the following arguments: {'ament_cmake_args': None, 'build_base': '/home/ros2/CHAPT6/chapt6_ws/build/fishbot_description', 'catkin_cmake_args': None, 'catkin_skip_building_tests': False, 'cmake_args': None, 'cmake_clean_cache': False, 'cmake_clean_first': False, 'cmake_force_configure': False, 'cmake_target': None, 'cmake_target_skip_unavailable': False, 'install_base': '/home/ros2/CHAPT6/chapt6_ws/install/fishbot_description', 'merge_install': False, 'path': '/home/ros2/CHAPT6/chapt6_ws/src/fishbot_description', 'symlink_install': False, 'test_result_base': None}
[1.705s] INFO:colcon.colcon_core.executor:Executing jobs using 'parallel' executor
[1.706s] DEBUG:colcon.colcon_parallel_executor.executor.parallel:run_until_complete
[1.706s] INFO:colcon.colcon_ros.task.ament_cmake.build:Building ROS package in '/home/ros2/CHAPT6/chapt6_ws/src/fishbot_description' with build type 'ament_cmake'
[1.706s] INFO:colcon.colcon_cmake.task.cmake.build:Building CMake package in '/home/ros2/CHAPT6/chapt6_ws/src/fishbot_description'
[1.712s] INFO:colcon.colcon_core.plugin_system:Skipping extension 'colcon_core.shell.bat': Not used on non-Windows systems
[1.712s] INFO:colcon.colcon_core.shell:Skip shell extension 'powershell' for command environment: Not usable outside of PowerShell
[1.712s] DEBUG:colcon.colcon_core.shell:Skip shell extension 'dsv' for command environment
[1.751s] DEBUG:colcon.colcon_core.event_handler.log_command:Invoking command in '/home/ros2/CHAPT6/chapt6_ws/build/fishbot_description': CMAKE_PREFIX_PATH=/opt/ros/foxy /usr/bin/cmake /home/ros2/CHAPT6/chapt6_ws/src/fishbot_description -DCMAKE_INSTALL_PREFIX=/home/ros2/CHAPT6/chapt6_ws/install/fishbot_description
[6.491s] DEBUG:colcon.colcon_core.event_handler.log_command:Invoked command in '/home/ros2/CHAPT6/chapt6_ws/build/fishbot_description' returned '0': CMAKE_PREFIX_PATH=/opt/ros/foxy /usr/bin/cmake /home/ros2/CHAPT6/chapt6_ws/src/fishbot_description -DCMAKE_INSTALL_PREFIX=/home/ros2/CHAPT6/chapt6_ws/install/fishbot_description
[6.495s] DEBUG:colcon.colcon_core.event_handler.log_command:Invoking command in '/home/ros2/CHAPT6/chapt6_ws/build/fishbot_description': CMAKE_PREFIX_PATH=/opt/ros/foxy /usr/bin/cmake --build /home/ros2/CHAPT6/chapt6_ws/build/fishbot_description -- -j2 -l2
[6.600s] DEBUG:colcon.colcon_core.event_handler.log_command:Invoked command in '/home/ros2/CHAPT6/chapt6_ws/build/fishbot_description' returned '0': CMAKE_PREFIX_PATH=/opt/ros/foxy /usr/bin/cmake --build /home/ros2/CHAPT6/chapt6_ws/build/fishbot_description -- -j2 -l2
[6.683s] DEBUG:colcon.colcon_core.event_handler.log_command:Invoking command in '/home/ros2/CHAPT6/chapt6_ws/build/fishbot_description': CMAKE_PREFIX_PATH=/opt/ros/foxy /usr/bin/cmake --install /home/ros2/CHAPT6/chapt6_ws/build/fishbot_description
[6.735s] Level 1:colcon.colcon_core.environment:create_environment_scripts_only(fishbot_description)
[6.736s] DEBUG:colcon.colcon_core.event_handler.log_command:Invoked command in '/home/ros2/CHAPT6/chapt6_ws/build/fishbot_description' returned '0': CMAKE_PREFIX_PATH=/opt/ros/foxy /usr/bin/cmake --install /home/ros2/CHAPT6/chapt6_ws/build/fishbot_description
[6.782s] Level 1:colcon.colcon_core.environment:checking '/home/ros2/CHAPT6/chapt6_ws/install/fishbot_description' for CMake module files
[6.785s] Level 1:colcon.colcon_core.environment:checking '/home/ros2/CHAPT6/chapt6_ws/install/fishbot_description' for CMake config files
[6.786s] Level 1:colcon.colcon_core.shell:create_environment_hook('fishbot_description', 'cmake_prefix_path')
[6.787s] INFO:colcon.colcon_core.shell:Creating environment hook '/home/ros2/CHAPT6/chapt6_ws/install/fishbot_description/share/fishbot_description/hook/cmake_prefix_path.ps1'
[6.803s] INFO:colcon.colcon_core.shell:Creating environment descriptor '/home/ros2/CHAPT6/chapt6_ws/install/fishbot_description/share/fishbot_description/hook/cmake_prefix_path.dsv'
[6.828s] INFO:colcon.colcon_core.shell:Creating environment hook '/home/ros2/CHAPT6/chapt6_ws/install/fishbot_description/share/fishbot_description/hook/cmake_prefix_path.sh'
[6.829s] Level 1:colcon.colcon_core.environment:checking '/home/ros2/CHAPT6/chapt6_ws/install/fishbot_description/bin'
[6.830s] Level 1:colcon.colcon_core.environment:checking '/home/ros2/CHAPT6/chapt6_ws/install/fishbot_description/lib/pkgconfig/fishbot_description.pc'
[6.830s] Level 1:colcon.colcon_core.environment:checking '/home/ros2/CHAPT6/chapt6_ws/install/fishbot_description/lib/python3.8/site-packages'
[6.830s] Level 1:colcon.colcon_core.environment:checking '/home/ros2/CHAPT6/chapt6_ws/install/fishbot_description/bin'
[6.830s] INFO:colcon.colcon_core.shell:Creating package script '/home/ros2/CHAPT6/chapt6_ws/install/fishbot_description/share/fishbot_description/package.ps1'
[6.832s] INFO:colcon.colcon_core.shell:Creating package descriptor '/home/ros2/CHAPT6/chapt6_ws/install/fishbot_description/share/fishbot_description/package.dsv'
[6.833s] INFO:colcon.colcon_core.shell:Creating package script '/home/ros2/CHAPT6/chapt6_ws/install/fishbot_description/share/fishbot_description/package.sh'
[6.834s] INFO:colcon.colcon_core.shell:Creating package script '/home/ros2/CHAPT6/chapt6_ws/install/fishbot_description/share/fishbot_description/package.bash'
[6.853s] INFO:colcon.colcon_core.shell:Creating package script '/home/ros2/CHAPT6/chapt6_ws/install/fishbot_description/share/fishbot_description/package.zsh'
[6.855s] Level 1:colcon.colcon_core.environment:create_file_with_runtime_dependencies(/home/ros2/CHAPT6/chapt6_ws/install/fishbot_description/share/colcon-core/packages/fishbot_description)
[6.896s] Level 1:colcon.colcon_core.environment:create_environment_scripts_only(fishbot_description)
[6.896s] Level 1:colcon.colcon_core.environment:checking '/home/ros2/CHAPT6/chapt6_ws/install/fishbot_description' for CMake module files
[6.897s] Level 1:colcon.colcon_core.environment:checking '/home/ros2/CHAPT6/chapt6_ws/install/fishbot_description' for CMake config files
[6.898s] Level 1:colcon.colcon_core.shell:create_environment_hook('fishbot_description', 'cmake_prefix_path')
[6.898s] INFO:colcon.colcon_core.shell:Creating environment hook '/home/ros2/CHAPT6/chapt6_ws/install/fishbot_description/share/fishbot_description/hook/cmake_prefix_path.ps1'
[6.899s] INFO:colcon.colcon_core.shell:Creating environment descriptor '/home/ros2/CHAPT6/chapt6_ws/install/fishbot_description/share/fishbot_description/hook/cmake_prefix_path.dsv'
[6.900s] INFO:colcon.colcon_core.shell:Creating environment hook '/home/ros2/CHAPT6/chapt6_ws/install/fishbot_description/share/fishbot_description/hook/cmake_prefix_path.sh'
[6.900s] Level 1:colcon.colcon_core.environment:checking '/home/ros2/CHAPT6/chapt6_ws/install/fishbot_description/bin'
[6.901s] Level 1:colcon.colcon_core.environment:checking '/home/ros2/CHAPT6/chapt6_ws/install/fishbot_description/lib/pkgconfig/fishbot_description.pc'
[6.901s] Level 1:colcon.colcon_core.environment:checking '/home/ros2/CHAPT6/chapt6_ws/install/fishbot_description/lib/python3.8/site-packages'
[6.901s] Level 1:colcon.colcon_core.environment:checking '/home/ros2/CHAPT6/chapt6_ws/install/fishbot_description/bin'
[6.901s] INFO:colcon.colcon_core.shell:Creating package script '/home/ros2/CHAPT6/chapt6_ws/install/fishbot_description/share/fishbot_description/package.ps1'
[6.902s] INFO:colcon.colcon_core.shell:Creating package descriptor '/home/ros2/CHAPT6/chapt6_ws/install/fishbot_description/share/fishbot_description/package.dsv'
[6.903s] INFO:colcon.colcon_core.shell:Creating package script '/home/ros2/CHAPT6/chapt6_ws/install/fishbot_description/share/fishbot_description/package.sh'
[6.903s] INFO:colcon.colcon_core.shell:Creating package script '/home/ros2/CHAPT6/chapt6_ws/install/fishbot_description/share/fishbot_description/package.bash'
[6.904s] INFO:colcon.colcon_core.shell:Creating package script '/home/ros2/CHAPT6/chapt6_ws/install/fishbot_description/share/fishbot_description/package.zsh'
[6.904s] Level 1:colcon.colcon_core.environment:create_file_with_runtime_dependencies(/home/ros2/CHAPT6/chapt6_ws/install/fishbot_description/share/colcon-core/packages/fishbot_description)
[6.906s] DEBUG:colcon.colcon_parallel_executor.executor.parallel:closing loop
[6.906s] DEBUG:colcon.colcon_parallel_executor.executor.parallel:loop closed
[6.906s] DEBUG:colcon.colcon_parallel_executor.executor.parallel:run_until_complete finished with '0'
[6.906s] DEBUG:colcon.colcon_core.event_reactor:joining thread
[6.995s] INFO:colcon.colcon_core.plugin_system:Skipping extension 'colcon_notification.desktop_notification.terminal_notifier': Not used on non-Darwin systems
[6.995s] INFO:colcon.colcon_core.plugin_system:Skipping extension 'colcon_notification.desktop_notification.win32': Not used on non-Windows systems
[6.995s] INFO:colcon.colcon_notification.desktop_notification:Sending desktop notification using 'notify2'
[7.190s] DEBUG:colcon.colcon_core.event_reactor:joined thread
[7.191s] INFO:colcon.colcon_core.shell:Creating prefix script '/home/ros2/CHAPT6/chapt6_ws/install/local_setup.ps1'
[7.193s] INFO:colcon.colcon_core.shell:Creating prefix util module '/home/ros2/CHAPT6/chapt6_ws/install/_local_setup_util_ps1.py'
[7.215s] INFO:colcon.colcon_core.shell:Creating prefix chain script '/home/ros2/CHAPT6/chapt6_ws/install/setup.ps1'
[7.230s] INFO:colcon.colcon_core.shell:Creating prefix script '/home/ros2/CHAPT6/chapt6_ws/install/local_setup.sh'
[7.231s] INFO:colcon.colcon_core.shell:Creating prefix util module '/home/ros2/CHAPT6/chapt6_ws/install/_local_setup_util_sh.py'
[7.232s] INFO:colcon.colcon_core.shell:Creating prefix chain script '/home/ros2/CHAPT6/chapt6_ws/install/setup.sh'
[7.233s] INFO:colcon.colcon_core.shell:Creating prefix script '/home/ros2/CHAPT6/chapt6_ws/install/local_setup.bash'
[7.235s] INFO:colcon.colcon_core.shell:Creating prefix chain script '/home/ros2/CHAPT6/chapt6_ws/install/setup.bash'
[7.238s] INFO:colcon.colcon_core.shell:Creating prefix script '/home/ros2/CHAPT6/chapt6_ws/install/local_setup.zsh'
[7.240s] INFO:colcon.colcon_core.shell:Creating prefix chain script '/home/ros2/CHAPT6/chapt6_ws/install/setup.zsh'
