[0.015s] Invoking command in '/home/ros2/CHAPT2/chapt2_ws/build/demo_cpp_pkg': CMAKE_PREFIX_PATH=${CMAKE_PREFIX_PATH}:/home/ros2/CHAPT2/chapt2_ws/install/demo_python_pkg:/opt/ros/foxy /usr/bin/cmake --build /home/ros2/CHAPT2/chapt2_ws/build/demo_cpp_pkg -- -j2 -l2
[0.052s] -- Found ament_cmake: 0.9.12 (/opt/ros/foxy/share/ament_cmake/cmake)
[0.085s] -- Using PYTHON_EXECUTABLE: /usr/bin/python3
[0.325s] -- Found rclcpp: 2.4.3 (/opt/ros/foxy/share/rclcpp/cmake)
[0.377s] -- Using all available rosidl_typesupport_c: rosidl_typesupport_fastrtps_c;rosidl_typesupport_introspection_c
[0.383s] -- Found rosidl_adapter: 1.3.1 (/opt/ros/foxy/share/rosidl_adapter/cmake)
[0.514s] -- Using all available rosidl_typesupport_cpp: rosidl_typesupport_fastrtps_cpp;rosidl_typesupport_introspection_cpp
[0.574s] -- Found rmw_implementation_cmake: 1.0.4 (/opt/ros/foxy/share/rmw_implementation_cmake/cmake)
[0.576s] -- Using RMW implementation 'rmw_fastrtps_cpp' as default
[0.734s] CMake Error at CMakeLists.txt:46 (install):
[0.734s]   install TARGETS given target "earn_shared_ptr" which does not exist.
[0.734s] 
[0.734s] 
[0.735s] -- Found ament_lint_auto: 0.9.8 (/opt/ros/foxy/share/ament_lint_auto/cmake)
[0.799s] -- Added test 'copyright' to check source files copyright and LICENSE
[0.807s] -- Added test 'cppcheck' to perform static code analysis on C / C++ code
[0.808s] -- Configured cppcheck include dirs: /home/ros2/CHAPT2/chapt2_ws/src/demo_cpp_pkg/include
[0.808s] -- Configured cppcheck exclude dirs and/or files: 
[0.816s] -- Added test 'cpplint' to check C / C++ code against the Google style
[0.816s] -- Configured cpplint exclude dirs and/or files: 
[0.817s] -- Added test 'flake8' to check Python code syntax and style conventions
[0.819s] -- Added test 'lint_cmake' to check CMake code style
[0.823s] -- Added test 'pep257' to check Python code against some of the style conventions in PEP 257
[0.833s] -- Added test 'uncrustify' to check C / C++ code style
[0.833s] -- Configured uncrustify additional arguments: 
[0.834s] -- Added test 'xmllint' to check XML markup files
[0.837s] -- Configuring incomplete, errors occurred!
[0.837s] See also "/home/ros2/CHAPT2/chapt2_ws/build/demo_cpp_pkg/CMakeFiles/CMakeOutput.log".
[0.837s] See also "/home/ros2/CHAPT2/chapt2_ws/build/demo_cpp_pkg/CMakeFiles/CMakeError.log".
[0.843s] make: *** [Makefile:486：cmake_check_build_system] 错误 1
[0.847s] Invoked command in '/home/ros2/CHAPT2/chapt2_ws/build/demo_cpp_pkg' returned '2': CMAKE_PREFIX_PATH=${CMAKE_PREFIX_PATH}:/home/ros2/CHAPT2/chapt2_ws/install/demo_python_pkg:/opt/ros/foxy /usr/bin/cmake --build /home/ros2/CHAPT2/chapt2_ws/build/demo_cpp_pkg -- -j2 -l2
