[35m[1mScanning dependencies of target partol_client[0m
[ 25%] [32mBuilding CXX object CMakeFiles/partol_client.dir/src/partol_client.cpp.o[0m
In file included from [01m[K/opt/ros/foxy/include/rclcpp/client.hpp:40[m[K,
                 from [01m[K/opt/ros/foxy/include/rclcpp/callback_group.hpp:23[m[K,
                 from [01m[K/opt/ros/foxy/include/rclcpp/any_executable.hpp:20[m[K,
                 from [01m[K/opt/ros/foxy/include/rclcpp/memory_strategy.hpp:24[m[K,
                 from [01m[K/opt/ros/foxy/include/rclcpp/memory_strategies.hpp:18[m[K,
                 from [01m[K/opt/ros/foxy/include/rclcpp/executor_options.hpp:20[m[K,
                 from [01m[K/opt/ros/foxy/include/rclcpp/executor.hpp:33[m[K,
                 from [01m[K/opt/ros/foxy/include/rclcpp/executors/multi_threaded_executor.hpp:26[m[K,
                 from [01m[K/opt/ros/foxy/include/rclcpp/executors.hpp:21[m[K,
                 from [01m[K/opt/ros/foxy/include/rclcpp/rclcpp.hpp:146[m[K,
                 from [01m[K/home/ros2/CHAPT4/CHAPT4_WS/src/demo_cpp_service/src/partol_client.cpp:1[m[K:
[01m[K/home/ros2/CHAPT4/CHAPT4_WS/src/demo_cpp_service/src/partol_client.cpp:[m[K In lambda function:
[01m[K/home/ros2/CHAPT4/CHAPT4_WS/src/demo_cpp_service/src/partol_client.cpp:30:86:[m[K [01;31m[Kerror: [m[K‘[01m[Kusing SharedPtr = class std::shared_ptr<rclcpp::Client<chapt4_interfaces::srv::Partol> >[m[K’ {aka ‘[01m[Kclass std::shared_ptr<rclcpp::Client<chapt4_interfaces::srv::Partol> >[m[K’} has no member named ‘[01m[Kc_str[m[K’
   30 | (), "正在请求服务: %s", partol_client_.[01;31m[Kc_str[m[K());
      |                                              [01;31m[K^~~~~[m[K

make[2]: *** [CMakeFiles/partol_client.dir/build.make:63：CMakeFiles/partol_client.dir/src/partol_client.cpp.o] 错误 1
make[1]: *** [CMakeFiles/Makefile2:80：CMakeFiles/partol_client.dir/all] 错误 2
make: *** [Makefile:141：all] 错误 2
