[0.013s] Invoking command in '/home/ros2/CHAPT4/CHAPT4_WS/build/chapt4_interfaces': CMAKE_PREFIX_PATH=/opt/ros/foxy /usr/bin/cmake --build /home/ros2/CHAPT4/CHAPT4_WS/build/chapt4_interfaces -- -j2 -l2
[0.075s] -- Found ament_cmake: 0.9.12 (/opt/ros/foxy/share/ament_cmake/cmake)
[0.108s] -- Using PYTHON_EXECUTABLE: /usr/bin/python3
[0.312s] -- Found sensor_msgs: 2.0.5 (/opt/ros/foxy/share/sensor_msgs/cmake)
[0.340s] -- Using all available rosidl_typesupport_c: rosidl_typesupport_fastrtps_c;rosidl_typesupport_introspection_c
[0.344s] -- Found rosidl_adapter: 1.3.1 (/opt/ros/foxy/share/rosidl_adapter/cmake)
[0.479s] -- Using all available rosidl_typesupport_cpp: rosidl_typesupport_fastrtps_cpp;rosidl_typesupport_introspection_cpp
[0.672s] -- Found rosidl_default_generators: 1.0.1 (/opt/ros/foxy/share/rosidl_default_generators/cmake)
[0.681s] -- Found turtlesim: 1.2.6 (/opt/ros/foxy/share/turtlesim/cmake)
[0.786s] -- Found chapt4_interfaces: 0.0.0 (/home/ros2/CHAPT4/CHAPT4_WS/install/chapt4_interfaces/share/chapt4_interfaces/cmake)
[0.966s] -- Found rclcpp: 2.4.3 (/opt/ros/foxy/share/rclcpp/cmake)
[1.157s] -- Found rmw_implementation_cmake: 1.0.4 (/opt/ros/foxy/share/rmw_implementation_cmake/cmake)
[1.161s] -- Using RMW implementation 'rmw_fastrtps_cpp' as default
[1.207s] -- Looking for pthread.h
[2.589s] -- Looking for pthread.h - found
[2.597s] -- Performing Test CMAKE_HAVE_LIBC_PTHREAD
[2.732s] -- Performing Test CMAKE_HAVE_LIBC_PTHREAD - Failed
[2.733s] -- Looking for pthread_create in pthreads
[2.849s] -- Looking for pthread_create in pthreads - not found
[2.850s] -- Looking for pthread_create in pthread
[2.948s] -- Looking for pthread_create in pthread - found
[2.949s] -- Found Threads: TRUE  
[3.361s] -- Found PythonInterp: /usr/bin/python3 (found version "3.8.10") 
[3.869s] -- Found ament_cmake_ros: 0.9.2 (/opt/ros/foxy/share/ament_cmake_ros/cmake)
[4.241s] -- Using all available rosidl_typesupport_c: rosidl_typesupport_fastrtps_c;rosidl_typesupport_introspection_c
[4.451s] -- Using all available rosidl_typesupport_cpp: rosidl_typesupport_fastrtps_cpp;rosidl_typesupport_introspection_cpp
[4.476s] -- Found PythonInterp: /usr/bin/python3 (found suitable version "3.8.10", minimum required is "3.5") 
[4.479s] -- Found python_cmake_module: 0.8.1 (/opt/ros/foxy/share/python_cmake_module/cmake)
[4.560s] -- Using PYTHON_EXECUTABLE: /usr/bin/python3
[4.560s] -- Using PYTHON_INCLUDE_DIRS: /usr/include/python3.8
[4.560s] -- Using PYTHON_LIBRARIES: /usr/lib/x86_64-linux-gnu/libpython3.8.so
[4.670s] -- Found ament_lint_auto: 0.9.8 (/opt/ros/foxy/share/ament_lint_auto/cmake)
[4.790s] -- Added test 'copyright' to check source files copyright and LICENSE
[4.793s] -- Added test 'lint_cmake' to check CMake code style
[4.795s] -- Added test 'xmllint' to check XML markup files
[4.806s] -- Configuring done
[4.808s] CMake Error at CMakeLists.txt:27 (add_executable):
[4.809s]   Cannot find source file:
[4.809s] 
[4.809s]     src/turtle_contorl.cpp
[4.809s] 
[4.809s]   Tried extensions .c .C .c++ .cc .cpp .cxx .cu .m .M .mm .h .hh .h++ .hm
[4.809s]   .hpp .hxx .in .txx
[4.809s] 
[4.809s] 
[4.813s] CMake Error at CMakeLists.txt:27 (add_executable):
[4.813s]   No SOURCES given to target: turtle_contorl
[4.813s] 
[4.813s] 
[4.813s] CMake Generate step failed.  Build files cannot be regenerated correctly.
[4.821s] make: *** [Makefile:988：cmake_check_build_system] 错误 1
[4.823s] Invoked command in '/home/ros2/CHAPT4/CHAPT4_WS/build/chapt4_interfaces' returned '2': CMAKE_PREFIX_PATH=/opt/ros/foxy /usr/bin/cmake --build /home/ros2/CHAPT4/CHAPT4_WS/build/chapt4_interfaces -- -j2 -l2
