[3.614s] Invoking command in '/home/ros2/CHAPT4/CHAPT4_WS/src/demo_python_service': AMENT_PREFIX_PATH=/home/ros2/CHAPT4/CHAPT4_WS/install/chapt4_interfaces:${AMENT_PREFIX_PATH} CMAKE_PREFIX_PATH=/home/ros2/CHAPT4/CHAPT4_WS/install/chapt4_interfaces LD_LIBRARY_PATH=/home/ros2/CHAPT4/CHAPT4_WS/install/chapt4_interfaces/lib:${LD_LIBRARY_PATH} PYTHONPATH=/home/ros2/CHAPT4/CHAPT4_WS/build/demo_python_service/prefix_override:/usr/lib/python3/dist-packages/colcon_core/task/python/colcon_distutils_commands:/home/ros2/CHAPT4/CHAPT4_WS/install/demo_python_service/lib/python3.8/site-packages:/home/ros2/CHAPT4/CHAPT4_WS/install/chapt4_interfaces/lib/python3.8/site-packages:${PYTHONPATH} /usr/bin/python3 -W ignore:setup.py install is deprecated setup.py egg_info --egg-base ../../build/demo_python_service build --build-base /home/ros2/CHAPT4/CHAPT4_WS/build/demo_python_service/build install --record /home/ros2/CHAPT4/CHAPT4_WS/build/demo_python_service/install.log --install-scripts $base/lib/demo_python_service --single-version-externally-managed install_data
[3.930s] running egg_info
[3.936s] writing ../../build/demo_python_service/demo_python_service.egg-info/PKG-INFO
[3.938s] writing dependency_links to ../../build/demo_python_service/demo_python_service.egg-info/dependency_links.txt
[3.941s] writing entry points to ../../build/demo_python_service/demo_python_service.egg-info/entry_points.txt
[3.942s] writing requirements to ../../build/demo_python_service/demo_python_service.egg-info/requires.txt
[3.943s] writing top-level names to ../../build/demo_python_service/demo_python_service.egg-info/top_level.txt
[4.067s] reading manifest file '../../build/demo_python_service/demo_python_service.egg-info/SOURCES.txt'
[4.088s] writing manifest file '../../build/demo_python_service/demo_python_service.egg-info/SOURCES.txt'
[4.089s] running build
[4.089s] running build_py
[4.090s] running install
[4.103s] running install_lib
[4.103s] running install_data
[4.164s] running install_egg_info
[4.172s] removing '/home/ros2/CHAPT4/CHAPT4_WS/install/demo_python_service/lib/python3.8/site-packages/demo_python_service-0.0.0-py3.8.egg-info' (and everything under it)
[4.173s] Copying ../../build/demo_python_service/demo_python_service.egg-info to /home/ros2/CHAPT4/CHAPT4_WS/install/demo_python_service/lib/python3.8/site-packages/demo_python_service-0.0.0-py3.8.egg-info
[4.192s] running install_scripts
[4.239s] Installing face_detect_client_node script to /home/ros2/CHAPT4/CHAPT4_WS/install/demo_python_service/lib/demo_python_service
[4.239s] Installing face_detect_node script to /home/ros2/CHAPT4/CHAPT4_WS/install/demo_python_service/lib/demo_python_service
[4.242s] Installing learn_face_detect script to /home/ros2/CHAPT4/CHAPT4_WS/install/demo_python_service/lib/demo_python_service
[4.251s] writing list of installed files to '/home/ros2/CHAPT4/CHAPT4_WS/build/demo_python_service/install.log'
[4.306s] Invoked command in '/home/ros2/CHAPT4/CHAPT4_WS/src/demo_python_service' returned '0': AMENT_PREFIX_PATH=/home/ros2/CHAPT4/CHAPT4_WS/install/chapt4_interfaces:${AMENT_PREFIX_PATH} CMAKE_PREFIX_PATH=/home/ros2/CHAPT4/CHAPT4_WS/install/chapt4_interfaces LD_LIBRARY_PATH=/home/ros2/CHAPT4/CHAPT4_WS/install/chapt4_interfaces/lib:${LD_LIBRARY_PATH} PYTHONPATH=/home/ros2/CHAPT4/CHAPT4_WS/build/demo_python_service/prefix_override:/usr/lib/python3/dist-packages/colcon_core/task/python/colcon_distutils_commands:/home/ros2/CHAPT4/CHAPT4_WS/install/demo_python_service/lib/python3.8/site-packages:/home/ros2/CHAPT4/CHAPT4_WS/install/chapt4_interfaces/lib/python3.8/site-packages:${PYTHONPATH} /usr/bin/python3 -W ignore:setup.py install is deprecated setup.py egg_info --egg-base ../../build/demo_python_service build --build-base /home/ros2/CHAPT4/CHAPT4_WS/build/demo_python_service/build install --record /home/ros2/CHAPT4/CHAPT4_WS/build/demo_python_service/install.log --install-scripts $base/lib/demo_python_service --single-version-externally-managed install_data
