[0.213s] DEBUG:colcon:Command line arguments: ['/usr/bin/colcon', 'build']
[0.213s] DEBUG:colcon:Parsed command line arguments: Namespace(allow_overriding=[], ament_cmake_args=None, base_paths=['.'], build_base='build', catkin_cmake_args=None, catkin_skip_building_tests=False, cmake_args=None, cmake_clean_cache=False, cmake_clean_first=False, cmake_force_configure=False, cmake_target=None, cmake_target_skip_unavailable=False, continue_on_error=False, event_handlers=None, executor='parallel', ignore_user_meta=False, install_base='install', log_base=None, log_level=None, main=<bound method BuildVerb.main of <colcon_core.verb.build.BuildVerb object at 0x7f5412199400>>, merge_install=False, metas=['./colcon.meta'], packages_above=None, packages_above_and_dependencies=None, packages_above_depth=None, packages_end=None, packages_ignore=None, packages_ignore_regex=None, packages_select=None, packages_select_build_failed=False, packages_select_by_dep=None, packages_select_regex=None, packages_select_test_failures=False, packages_skip=None, packages_skip_build_finished=False, packages_skip_by_dep=None, packages_skip_regex=None, packages_skip_test_passed=False, packages_skip_up_to=None, packages_start=None, packages_up_to=None, packages_up_to_regex=None, parallel_workers=2, paths=None, symlink_install=False, test_result_base=None, verb_extension=<colcon_core.verb.build.BuildVerb object at 0x7f5412199400>, verb_name='build', verb_parser=<colcon_defaults.argument_parser.defaults.DefaultArgumentsDecorator object at 0x7f54121a6100>)
[0.369s] Level 1:colcon.colcon_core.package_discovery:discover_packages(colcon_meta) check parameters
[0.369s] Level 1:colcon.colcon_core.package_discovery:discover_packages(recursive) check parameters
[0.369s] Level 1:colcon.colcon_core.package_discovery:discover_packages(ignore) check parameters
[0.369s] Level 1:colcon.colcon_core.package_discovery:discover_packages(path) check parameters
[0.369s] Level 1:colcon.colcon_core.package_discovery:discover_packages(colcon_meta) discover
[0.369s] Level 1:colcon.colcon_core.package_discovery:discover_packages(recursive) discover
[0.369s] INFO:colcon.colcon_core.package_discovery:Crawling recursively for packages in '/home/ros2/CHAPT2/chapt2_ws'
[0.369s] Level 1:colcon.colcon_core.package_identification:_identify(.) by extensions ['ignore', 'ignore_ament_install']
[0.369s] Level 1:colcon.colcon_core.package_identification:_identify(.) by extension 'ignore'
[0.369s] Level 1:colcon.colcon_core.package_identification:_identify(.) by extension 'ignore_ament_install'
[0.369s] Level 1:colcon.colcon_core.package_identification:_identify(.) by extensions ['colcon_pkg']
[0.369s] Level 1:colcon.colcon_core.package_identification:_identify(.) by extension 'colcon_pkg'
[0.369s] Level 1:colcon.colcon_core.package_identification:_identify(.) by extensions ['colcon_meta']
[0.370s] Level 1:colcon.colcon_core.package_identification:_identify(.) by extension 'colcon_meta'
[0.370s] Level 1:colcon.colcon_core.package_identification:_identify(.) by extensions ['ros']
[0.370s] Level 1:colcon.colcon_core.package_identification:_identify(.) by extension 'ros'
[0.382s] Level 1:colcon.colcon_core.package_identification:_identify(.) by extensions ['cmake', 'python']
[0.383s] Level 1:colcon.colcon_core.package_identification:_identify(.) by extension 'cmake'
[0.383s] Level 1:colcon.colcon_core.package_identification:_identify(.) by extension 'python'
[0.383s] Level 1:colcon.colcon_core.package_identification:_identify(.) by extensions ['python_setup_py']
[0.383s] Level 1:colcon.colcon_core.package_identification:_identify(.) by extension 'python_setup_py'
[0.383s] Level 1:colcon.colcon_core.package_identification:_identify(build) by extensions ['ignore', 'ignore_ament_install']
[0.383s] Level 1:colcon.colcon_core.package_identification:_identify(build) by extension 'ignore'
[0.383s] Level 1:colcon.colcon_core.package_identification:_identify(build) ignored
[0.383s] Level 1:colcon.colcon_core.package_identification:_identify(install) by extensions ['ignore', 'ignore_ament_install']
[0.383s] Level 1:colcon.colcon_core.package_identification:_identify(install) by extension 'ignore'
[0.383s] Level 1:colcon.colcon_core.package_identification:_identify(install) ignored
[0.383s] Level 1:colcon.colcon_core.package_identification:_identify(log) by extensions ['ignore', 'ignore_ament_install']
[0.383s] Level 1:colcon.colcon_core.package_identification:_identify(log) by extension 'ignore'
[0.384s] Level 1:colcon.colcon_core.package_identification:_identify(log) ignored
[0.384s] Level 1:colcon.colcon_core.package_identification:_identify(src) by extensions ['ignore', 'ignore_ament_install']
[0.384s] Level 1:colcon.colcon_core.package_identification:_identify(src) by extension 'ignore'
[0.384s] Level 1:colcon.colcon_core.package_identification:_identify(src) by extension 'ignore_ament_install'
[0.384s] Level 1:colcon.colcon_core.package_identification:_identify(src) by extensions ['colcon_pkg']
[0.384s] Level 1:colcon.colcon_core.package_identification:_identify(src) by extension 'colcon_pkg'
[0.384s] Level 1:colcon.colcon_core.package_identification:_identify(src) by extensions ['colcon_meta']
[0.384s] Level 1:colcon.colcon_core.package_identification:_identify(src) by extension 'colcon_meta'
[0.384s] Level 1:colcon.colcon_core.package_identification:_identify(src) by extensions ['ros']
[0.384s] Level 1:colcon.colcon_core.package_identification:_identify(src) by extension 'ros'
[0.384s] Level 1:colcon.colcon_core.package_identification:_identify(src) by extensions ['cmake', 'python']
[0.384s] Level 1:colcon.colcon_core.package_identification:_identify(src) by extension 'cmake'
[0.384s] Level 1:colcon.colcon_core.package_identification:_identify(src) by extension 'python'
[0.384s] Level 1:colcon.colcon_core.package_identification:_identify(src) by extensions ['python_setup_py']
[0.384s] Level 1:colcon.colcon_core.package_identification:_identify(src) by extension 'python_setup_py'
[0.384s] Level 1:colcon.colcon_core.package_identification:_identify(src/demo_cpp_pkg) by extensions ['ignore', 'ignore_ament_install']
[0.384s] Level 1:colcon.colcon_core.package_identification:_identify(src/demo_cpp_pkg) by extension 'ignore'
[0.385s] Level 1:colcon.colcon_core.package_identification:_identify(src/demo_cpp_pkg) by extension 'ignore_ament_install'
[0.385s] Level 1:colcon.colcon_core.package_identification:_identify(src/demo_cpp_pkg) by extensions ['colcon_pkg']
[0.385s] Level 1:colcon.colcon_core.package_identification:_identify(src/demo_cpp_pkg) by extension 'colcon_pkg'
[0.385s] Level 1:colcon.colcon_core.package_identification:_identify(src/demo_cpp_pkg) by extensions ['colcon_meta']
[0.385s] Level 1:colcon.colcon_core.package_identification:_identify(src/demo_cpp_pkg) by extension 'colcon_meta'
[0.385s] Level 1:colcon.colcon_core.package_identification:_identify(src/demo_cpp_pkg) by extensions ['ros']
[0.385s] Level 1:colcon.colcon_core.package_identification:_identify(src/demo_cpp_pkg) by extension 'ros'
[0.387s] DEBUG:colcon.colcon_core.package_identification:Package 'src/demo_cpp_pkg' with type 'ros.ament_cmake' and name 'demo_cpp_pkg'
[0.387s] Level 1:colcon.colcon_core.package_identification:_identify(src/demo_python_pkg) by extensions ['ignore', 'ignore_ament_install']
[0.387s] Level 1:colcon.colcon_core.package_identification:_identify(src/demo_python_pkg) by extension 'ignore'
[0.387s] Level 1:colcon.colcon_core.package_identification:_identify(src/demo_python_pkg) by extension 'ignore_ament_install'
[0.387s] Level 1:colcon.colcon_core.package_identification:_identify(src/demo_python_pkg) by extensions ['colcon_pkg']
[0.387s] Level 1:colcon.colcon_core.package_identification:_identify(src/demo_python_pkg) by extension 'colcon_pkg'
[0.387s] Level 1:colcon.colcon_core.package_identification:_identify(src/demo_python_pkg) by extensions ['colcon_meta']
[0.387s] Level 1:colcon.colcon_core.package_identification:_identify(src/demo_python_pkg) by extension 'colcon_meta'
[0.387s] Level 1:colcon.colcon_core.package_identification:_identify(src/demo_python_pkg) by extensions ['ros']
[0.387s] Level 1:colcon.colcon_core.package_identification:_identify(src/demo_python_pkg) by extension 'ros'
[0.388s] DEBUG:colcon.colcon_core.package_identification:Package 'src/demo_python_pkg' with type 'ros.ament_python' and name 'demo_python_pkg'
[0.388s] Level 1:colcon.colcon_core.package_discovery:discover_packages(recursive) using defaults
[0.388s] Level 1:colcon.colcon_core.package_discovery:discover_packages(ignore) discover
[0.388s] Level 1:colcon.colcon_core.package_discovery:discover_packages(ignore) using defaults
[0.388s] Level 1:colcon.colcon_core.package_discovery:discover_packages(path) discover
[0.388s] Level 1:colcon.colcon_core.package_discovery:discover_packages(path) using defaults
[0.411s] Level 1:colcon.colcon_core.package_discovery:discover_packages(prefix_path) check parameters
[0.411s] Level 1:colcon.colcon_core.package_discovery:discover_packages(prefix_path) discover
[0.413s] WARNING:colcon.colcon_core.prefix_path.colcon:The path '/home/ros2/CHAPT2/install' in the environment variable COLCON_PREFIX_PATH doesn't exist
[0.414s] WARNING:colcon.colcon_ros.prefix_path.ament:The path '/home/ros2/CHAPT2/install/demo_cpp_pkg' in the environment variable AMENT_PREFIX_PATH doesn't exist
[0.414s] WARNING:colcon.colcon_ros.prefix_path.ament:The path '/home/ros2/CHAPT2/install/demo_python_pkg' in the environment variable AMENT_PREFIX_PATH doesn't exist
[0.414s] WARNING:colcon.colcon_ros.prefix_path.catkin:The path '/home/ros2/CHAPT2/install/demo_cpp_pkg' in the environment variable CMAKE_PREFIX_PATH doesn't exist
[0.416s] DEBUG:colcon.colcon_installed_package_information.package_discovery:Found 2 installed packages in /home/ros2/CHAPT2/chapt2_ws/install
[0.417s] DEBUG:colcon.colcon_installed_package_information.package_discovery:Found 256 installed packages in /opt/ros/foxy
[0.421s] Level 1:colcon.colcon_core.package_discovery:discover_packages(prefix_path) using defaults
[0.547s] Level 5:colcon.colcon_core.verb:set package 'demo_cpp_pkg' build argument 'cmake_args' from command line to 'None'
[0.548s] Level 5:colcon.colcon_core.verb:set package 'demo_cpp_pkg' build argument 'cmake_target' from command line to 'None'
[0.548s] Level 5:colcon.colcon_core.verb:set package 'demo_cpp_pkg' build argument 'cmake_target_skip_unavailable' from command line to 'False'
[0.548s] Level 5:colcon.colcon_core.verb:set package 'demo_cpp_pkg' build argument 'cmake_clean_cache' from command line to 'False'
[0.548s] Level 5:colcon.colcon_core.verb:set package 'demo_cpp_pkg' build argument 'cmake_clean_first' from command line to 'False'
[0.548s] Level 5:colcon.colcon_core.verb:set package 'demo_cpp_pkg' build argument 'cmake_force_configure' from command line to 'False'
[0.548s] Level 5:colcon.colcon_core.verb:set package 'demo_cpp_pkg' build argument 'ament_cmake_args' from command line to 'None'
[0.548s] Level 5:colcon.colcon_core.verb:set package 'demo_cpp_pkg' build argument 'catkin_cmake_args' from command line to 'None'
[0.548s] Level 5:colcon.colcon_core.verb:set package 'demo_cpp_pkg' build argument 'catkin_skip_building_tests' from command line to 'False'
[0.548s] DEBUG:colcon.colcon_core.verb:Building package 'demo_cpp_pkg' with the following arguments: {'ament_cmake_args': None, 'build_base': '/home/ros2/CHAPT2/chapt2_ws/build/demo_cpp_pkg', 'catkin_cmake_args': None, 'catkin_skip_building_tests': False, 'cmake_args': None, 'cmake_clean_cache': False, 'cmake_clean_first': False, 'cmake_force_configure': False, 'cmake_target': None, 'cmake_target_skip_unavailable': False, 'install_base': '/home/ros2/CHAPT2/chapt2_ws/install/demo_cpp_pkg', 'merge_install': False, 'path': '/home/ros2/CHAPT2/chapt2_ws/src/demo_cpp_pkg', 'symlink_install': False, 'test_result_base': None}
[0.549s] Level 5:colcon.colcon_core.verb:set package 'demo_python_pkg' build argument 'cmake_args' from command line to 'None'
[0.550s] Level 5:colcon.colcon_core.verb:set package 'demo_python_pkg' build argument 'cmake_target' from command line to 'None'
[0.550s] Level 5:colcon.colcon_core.verb:set package 'demo_python_pkg' build argument 'cmake_target_skip_unavailable' from command line to 'False'
[0.550s] Level 5:colcon.colcon_core.verb:set package 'demo_python_pkg' build argument 'cmake_clean_cache' from command line to 'False'
[0.550s] Level 5:colcon.colcon_core.verb:set package 'demo_python_pkg' build argument 'cmake_clean_first' from command line to 'False'
[0.550s] Level 5:colcon.colcon_core.verb:set package 'demo_python_pkg' build argument 'cmake_force_configure' from command line to 'False'
[0.550s] Level 5:colcon.colcon_core.verb:set package 'demo_python_pkg' build argument 'ament_cmake_args' from command line to 'None'
[0.550s] Level 5:colcon.colcon_core.verb:set package 'demo_python_pkg' build argument 'catkin_cmake_args' from command line to 'None'
[0.550s] Level 5:colcon.colcon_core.verb:set package 'demo_python_pkg' build argument 'catkin_skip_building_tests' from command line to 'False'
[0.550s] DEBUG:colcon.colcon_core.verb:Building package 'demo_python_pkg' with the following arguments: {'ament_cmake_args': None, 'build_base': '/home/ros2/CHAPT2/chapt2_ws/build/demo_python_pkg', 'catkin_cmake_args': None, 'catkin_skip_building_tests': False, 'cmake_args': None, 'cmake_clean_cache': False, 'cmake_clean_first': False, 'cmake_force_configure': False, 'cmake_target': None, 'cmake_target_skip_unavailable': False, 'install_base': '/home/ros2/CHAPT2/chapt2_ws/install/demo_python_pkg', 'merge_install': False, 'path': '/home/ros2/CHAPT2/chapt2_ws/src/demo_python_pkg', 'symlink_install': False, 'test_result_base': None}
[0.550s] INFO:colcon.colcon_core.executor:Executing jobs using 'parallel' executor
[0.551s] DEBUG:colcon.colcon_parallel_executor.executor.parallel:run_until_complete
[0.551s] INFO:colcon.colcon_ros.task.ament_cmake.build:Building ROS package in '/home/ros2/CHAPT2/chapt2_ws/src/demo_cpp_pkg' with build type 'ament_cmake'
[0.552s] INFO:colcon.colcon_cmake.task.cmake.build:Building CMake package in '/home/ros2/CHAPT2/chapt2_ws/src/demo_cpp_pkg'
[0.553s] INFO:colcon.colcon_core.plugin_system:Skipping extension 'colcon_core.shell.bat': Not used on non-Windows systems
[0.554s] INFO:colcon.colcon_core.shell:Skip shell extension 'powershell' for command environment: Not usable outside of PowerShell
[0.554s] DEBUG:colcon.colcon_core.shell:Skip shell extension 'dsv' for command environment
[0.572s] DEBUG:colcon.colcon_core.event_handler.log_command:Invoking command in '/home/ros2/CHAPT2/chapt2_ws/build/demo_cpp_pkg': CMAKE_PREFIX_PATH=${CMAKE_PREFIX_PATH}:/home/ros2/CHAPT2/chapt2_ws/install/demo_python_pkg:/home/ros2/CHAPT2/install/demo_python_pkg:/opt/ros/foxy /usr/bin/cmake --build /home/ros2/CHAPT2/chapt2_ws/build/demo_cpp_pkg -- -j2 -l2
[0.707s] DEBUG:colcon.colcon_core.event_handler.log_command:Invoked command in '/home/ros2/CHAPT2/chapt2_ws/build/demo_cpp_pkg' returned '0': CMAKE_PREFIX_PATH=${CMAKE_PREFIX_PATH}:/home/ros2/CHAPT2/chapt2_ws/install/demo_python_pkg:/home/ros2/CHAPT2/install/demo_python_pkg:/opt/ros/foxy /usr/bin/cmake --build /home/ros2/CHAPT2/chapt2_ws/build/demo_cpp_pkg -- -j2 -l2
[0.771s] DEBUG:colcon.colcon_core.event_handler.log_command:Invoking command in '/home/ros2/CHAPT2/chapt2_ws/build/demo_cpp_pkg': CMAKE_PREFIX_PATH=${CMAKE_PREFIX_PATH}:/home/ros2/CHAPT2/chapt2_ws/install/demo_python_pkg:/home/ros2/CHAPT2/install/demo_python_pkg:/opt/ros/foxy /usr/bin/cmake --install /home/ros2/CHAPT2/chapt2_ws/build/demo_cpp_pkg
[0.796s] Level 1:colcon.colcon_core.environment:create_environment_scripts_only(demo_cpp_pkg)
[0.800s] Level 1:colcon.colcon_core.environment:checking '/home/ros2/CHAPT2/chapt2_ws/install/demo_cpp_pkg' for CMake module files
[0.801s] Level 1:colcon.colcon_core.environment:checking '/home/ros2/CHAPT2/chapt2_ws/install/demo_cpp_pkg' for CMake config files
[0.801s] Level 1:colcon.colcon_core.shell:create_environment_hook('demo_cpp_pkg', 'cmake_prefix_path')
[0.801s] INFO:colcon.colcon_core.shell:Creating environment hook '/home/ros2/CHAPT2/chapt2_ws/install/demo_cpp_pkg/share/demo_cpp_pkg/hook/cmake_prefix_path.ps1'
[0.802s] INFO:colcon.colcon_core.shell:Creating environment descriptor '/home/ros2/CHAPT2/chapt2_ws/install/demo_cpp_pkg/share/demo_cpp_pkg/hook/cmake_prefix_path.dsv'
[0.803s] DEBUG:colcon.colcon_core.event_handler.log_command:Invoked command in '/home/ros2/CHAPT2/chapt2_ws/build/demo_cpp_pkg' returned '0': CMAKE_PREFIX_PATH=${CMAKE_PREFIX_PATH}:/home/ros2/CHAPT2/chapt2_ws/install/demo_python_pkg:/home/ros2/CHAPT2/install/demo_python_pkg:/opt/ros/foxy /usr/bin/cmake --install /home/ros2/CHAPT2/chapt2_ws/build/demo_cpp_pkg
[0.804s] INFO:colcon.colcon_core.shell:Creating environment hook '/home/ros2/CHAPT2/chapt2_ws/install/demo_cpp_pkg/share/demo_cpp_pkg/hook/cmake_prefix_path.sh'
[0.805s] Level 1:colcon.colcon_core.environment:checking '/home/ros2/CHAPT2/chapt2_ws/install/demo_cpp_pkg/lib'
[0.805s] Level 1:colcon.colcon_core.environment:checking '/home/ros2/CHAPT2/chapt2_ws/install/demo_cpp_pkg/bin'
[0.805s] Level 1:colcon.colcon_core.environment:checking '/home/ros2/CHAPT2/chapt2_ws/install/demo_cpp_pkg/lib/pkgconfig/demo_cpp_pkg.pc'
[0.806s] Level 1:colcon.colcon_core.environment:checking '/home/ros2/CHAPT2/chapt2_ws/install/demo_cpp_pkg/lib/python3.8/site-packages'
[0.806s] Level 1:colcon.colcon_core.environment:checking '/home/ros2/CHAPT2/chapt2_ws/install/demo_cpp_pkg/bin'
[0.806s] INFO:colcon.colcon_core.shell:Creating package script '/home/ros2/CHAPT2/chapt2_ws/install/demo_cpp_pkg/share/demo_cpp_pkg/package.ps1'
[0.808s] INFO:colcon.colcon_core.shell:Creating package descriptor '/home/ros2/CHAPT2/chapt2_ws/install/demo_cpp_pkg/share/demo_cpp_pkg/package.dsv'
[0.809s] INFO:colcon.colcon_core.shell:Creating package script '/home/ros2/CHAPT2/chapt2_ws/install/demo_cpp_pkg/share/demo_cpp_pkg/package.sh'
[0.810s] INFO:colcon.colcon_core.shell:Creating package script '/home/ros2/CHAPT2/chapt2_ws/install/demo_cpp_pkg/share/demo_cpp_pkg/package.bash'
[0.812s] INFO:colcon.colcon_core.shell:Creating package script '/home/ros2/CHAPT2/chapt2_ws/install/demo_cpp_pkg/share/demo_cpp_pkg/package.zsh'
[0.813s] Level 1:colcon.colcon_core.environment:create_file_with_runtime_dependencies(/home/ros2/CHAPT2/chapt2_ws/install/demo_cpp_pkg/share/colcon-core/packages/demo_cpp_pkg)
[0.867s] Level 1:colcon.colcon_core.environment:create_environment_scripts_only(demo_cpp_pkg)
[0.867s] Level 1:colcon.colcon_core.environment:checking '/home/ros2/CHAPT2/chapt2_ws/install/demo_cpp_pkg' for CMake module files
[0.868s] Level 1:colcon.colcon_core.environment:checking '/home/ros2/CHAPT2/chapt2_ws/install/demo_cpp_pkg' for CMake config files
[0.869s] Level 1:colcon.colcon_core.shell:create_environment_hook('demo_cpp_pkg', 'cmake_prefix_path')
[0.869s] INFO:colcon.colcon_core.shell:Creating environment hook '/home/ros2/CHAPT2/chapt2_ws/install/demo_cpp_pkg/share/demo_cpp_pkg/hook/cmake_prefix_path.ps1'
[0.870s] INFO:colcon.colcon_core.shell:Creating environment descriptor '/home/ros2/CHAPT2/chapt2_ws/install/demo_cpp_pkg/share/demo_cpp_pkg/hook/cmake_prefix_path.dsv'
[0.872s] INFO:colcon.colcon_core.shell:Creating environment hook '/home/ros2/CHAPT2/chapt2_ws/install/demo_cpp_pkg/share/demo_cpp_pkg/hook/cmake_prefix_path.sh'
[0.874s] Level 1:colcon.colcon_core.environment:checking '/home/ros2/CHAPT2/chapt2_ws/install/demo_cpp_pkg/lib'
[0.874s] Level 1:colcon.colcon_core.environment:checking '/home/ros2/CHAPT2/chapt2_ws/install/demo_cpp_pkg/bin'
[0.874s] Level 1:colcon.colcon_core.environment:checking '/home/ros2/CHAPT2/chapt2_ws/install/demo_cpp_pkg/lib/pkgconfig/demo_cpp_pkg.pc'
[0.875s] Level 1:colcon.colcon_core.environment:checking '/home/ros2/CHAPT2/chapt2_ws/install/demo_cpp_pkg/lib/python3.8/site-packages'
[0.875s] Level 1:colcon.colcon_core.environment:checking '/home/ros2/CHAPT2/chapt2_ws/install/demo_cpp_pkg/bin'
[0.876s] INFO:colcon.colcon_core.shell:Creating package script '/home/ros2/CHAPT2/chapt2_ws/install/demo_cpp_pkg/share/demo_cpp_pkg/package.ps1'
[0.883s] INFO:colcon.colcon_core.shell:Creating package descriptor '/home/ros2/CHAPT2/chapt2_ws/install/demo_cpp_pkg/share/demo_cpp_pkg/package.dsv'
[0.884s] INFO:colcon.colcon_core.shell:Creating package script '/home/ros2/CHAPT2/chapt2_ws/install/demo_cpp_pkg/share/demo_cpp_pkg/package.sh'
[0.885s] INFO:colcon.colcon_core.shell:Creating package script '/home/ros2/CHAPT2/chapt2_ws/install/demo_cpp_pkg/share/demo_cpp_pkg/package.bash'
[0.885s] INFO:colcon.colcon_core.shell:Creating package script '/home/ros2/CHAPT2/chapt2_ws/install/demo_cpp_pkg/share/demo_cpp_pkg/package.zsh'
[0.890s] Level 1:colcon.colcon_core.environment:create_file_with_runtime_dependencies(/home/ros2/CHAPT2/chapt2_ws/install/demo_cpp_pkg/share/colcon-core/packages/demo_cpp_pkg)
[0.894s] INFO:colcon.colcon_ros.task.ament_python.build:Building ROS package in '/home/ros2/CHAPT2/chapt2_ws/src/demo_python_pkg' with build type 'ament_python'
[0.895s] Level 1:colcon.colcon_core.shell:create_environment_hook('demo_python_pkg', 'ament_prefix_path')
[0.895s] INFO:colcon.colcon_core.shell:Creating environment hook '/home/ros2/CHAPT2/chapt2_ws/install/demo_python_pkg/share/demo_python_pkg/hook/ament_prefix_path.ps1'
[0.897s] INFO:colcon.colcon_core.shell:Creating environment descriptor '/home/ros2/CHAPT2/chapt2_ws/install/demo_python_pkg/share/demo_python_pkg/hook/ament_prefix_path.dsv'
[0.897s] INFO:colcon.colcon_core.shell:Creating environment hook '/home/ros2/CHAPT2/chapt2_ws/install/demo_python_pkg/share/demo_python_pkg/hook/ament_prefix_path.sh'
[0.899s] INFO:colcon.colcon_core.shell:Skip shell extension 'powershell' for command environment: Not usable outside of PowerShell
[0.899s] DEBUG:colcon.colcon_core.shell:Skip shell extension 'dsv' for command environment
[1.246s] INFO:colcon.colcon_core.task.python.build:Building Python package in '/home/ros2/CHAPT2/chapt2_ws/src/demo_python_pkg'
[1.247s] INFO:colcon.colcon_core.shell:Skip shell extension 'powershell' for command environment: Not usable outside of PowerShell
[1.247s] DEBUG:colcon.colcon_core.shell:Skip shell extension 'dsv' for command environment
[1.776s] DEBUG:colcon.colcon_core.event_handler.log_command:Invoking command in '/home/ros2/CHAPT2/chapt2_ws/src/demo_python_pkg': PYTHONPATH=/home/ros2/CHAPT2/chapt2_ws/build/demo_python_pkg/prefix_override:/usr/lib/python3/dist-packages/colcon_core/task/python/colcon_distutils_commands:/home/ros2/CHAPT2/chapt2_ws/install/demo_python_pkg/lib/python3.8/site-packages:${PYTHONPATH} /usr/bin/python3 -W ignore:setup.py install is deprecated setup.py egg_info --egg-base ../../build/demo_python_pkg build --build-base /home/ros2/CHAPT2/chapt2_ws/build/demo_python_pkg/build install --record /home/ros2/CHAPT2/chapt2_ws/build/demo_python_pkg/install.log --install-scripts $base/lib/demo_python_pkg --single-version-externally-managed install_data
[2.166s] Level 1:colcon.colcon_core.environment:checking '/home/ros2/CHAPT2/chapt2_ws/install/demo_python_pkg' for CMake module files
[2.166s] DEBUG:colcon.colcon_core.event_handler.log_command:Invoked command in '/home/ros2/CHAPT2/chapt2_ws/src/demo_python_pkg' returned '0': PYTHONPATH=/home/ros2/CHAPT2/chapt2_ws/build/demo_python_pkg/prefix_override:/usr/lib/python3/dist-packages/colcon_core/task/python/colcon_distutils_commands:/home/ros2/CHAPT2/chapt2_ws/install/demo_python_pkg/lib/python3.8/site-packages:${PYTHONPATH} /usr/bin/python3 -W ignore:setup.py install is deprecated setup.py egg_info --egg-base ../../build/demo_python_pkg build --build-base /home/ros2/CHAPT2/chapt2_ws/build/demo_python_pkg/build install --record /home/ros2/CHAPT2/chapt2_ws/build/demo_python_pkg/install.log --install-scripts $base/lib/demo_python_pkg --single-version-externally-managed install_data
[2.167s] Level 1:colcon.colcon_core.environment:checking '/home/ros2/CHAPT2/chapt2_ws/install/demo_python_pkg' for CMake config files
[2.168s] Level 1:colcon.colcon_core.environment:checking '/home/ros2/CHAPT2/chapt2_ws/install/demo_python_pkg/lib'
[2.168s] Level 1:colcon.colcon_core.environment:checking '/home/ros2/CHAPT2/chapt2_ws/install/demo_python_pkg/bin'
[2.168s] Level 1:colcon.colcon_core.environment:checking '/home/ros2/CHAPT2/chapt2_ws/install/demo_python_pkg/lib/pkgconfig/demo_python_pkg.pc'
[2.168s] Level 1:colcon.colcon_core.environment:checking '/home/ros2/CHAPT2/chapt2_ws/install/demo_python_pkg/lib/python3.8/site-packages'
[2.168s] Level 1:colcon.colcon_core.shell:create_environment_hook('demo_python_pkg', 'pythonpath')
[2.169s] INFO:colcon.colcon_core.shell:Creating environment hook '/home/ros2/CHAPT2/chapt2_ws/install/demo_python_pkg/share/demo_python_pkg/hook/pythonpath.ps1'
[2.170s] INFO:colcon.colcon_core.shell:Creating environment descriptor '/home/ros2/CHAPT2/chapt2_ws/install/demo_python_pkg/share/demo_python_pkg/hook/pythonpath.dsv'
[2.170s] INFO:colcon.colcon_core.shell:Creating environment hook '/home/ros2/CHAPT2/chapt2_ws/install/demo_python_pkg/share/demo_python_pkg/hook/pythonpath.sh'
[2.171s] Level 1:colcon.colcon_core.environment:checking '/home/ros2/CHAPT2/chapt2_ws/install/demo_python_pkg/bin'
[2.171s] Level 1:colcon.colcon_core.environment:create_environment_scripts_only(demo_python_pkg)
[2.171s] INFO:colcon.colcon_core.shell:Creating package script '/home/ros2/CHAPT2/chapt2_ws/install/demo_python_pkg/share/demo_python_pkg/package.ps1'
[2.172s] INFO:colcon.colcon_core.shell:Creating package descriptor '/home/ros2/CHAPT2/chapt2_ws/install/demo_python_pkg/share/demo_python_pkg/package.dsv'
[2.173s] INFO:colcon.colcon_core.shell:Creating package script '/home/ros2/CHAPT2/chapt2_ws/install/demo_python_pkg/share/demo_python_pkg/package.sh'
[2.174s] INFO:colcon.colcon_core.shell:Creating package script '/home/ros2/CHAPT2/chapt2_ws/install/demo_python_pkg/share/demo_python_pkg/package.bash'
[2.175s] INFO:colcon.colcon_core.shell:Creating package script '/home/ros2/CHAPT2/chapt2_ws/install/demo_python_pkg/share/demo_python_pkg/package.zsh'
[2.175s] Level 1:colcon.colcon_core.environment:create_file_with_runtime_dependencies(/home/ros2/CHAPT2/chapt2_ws/install/demo_python_pkg/share/colcon-core/packages/demo_python_pkg)
[2.176s] DEBUG:colcon.colcon_parallel_executor.executor.parallel:closing loop
[2.176s] DEBUG:colcon.colcon_parallel_executor.executor.parallel:loop closed
[2.177s] DEBUG:colcon.colcon_parallel_executor.executor.parallel:run_until_complete finished with '0'
[2.177s] DEBUG:colcon.colcon_core.event_reactor:joining thread
[2.184s] INFO:colcon.colcon_core.plugin_system:Skipping extension 'colcon_notification.desktop_notification.terminal_notifier': Not used on non-Darwin systems
[2.184s] INFO:colcon.colcon_core.plugin_system:Skipping extension 'colcon_notification.desktop_notification.win32': Not used on non-Windows systems
[2.184s] INFO:colcon.colcon_notification.desktop_notification:Sending desktop notification using 'notify2'
[2.210s] DEBUG:colcon.colcon_core.event_reactor:joined thread
[2.210s] INFO:colcon.colcon_core.shell:Creating prefix script '/home/ros2/CHAPT2/chapt2_ws/install/local_setup.ps1'
[2.212s] INFO:colcon.colcon_core.shell:Creating prefix util module '/home/ros2/CHAPT2/chapt2_ws/install/_local_setup_util_ps1.py'
[2.214s] INFO:colcon.colcon_core.shell:Creating prefix chain script '/home/ros2/CHAPT2/chapt2_ws/install/setup.ps1'
[2.216s] INFO:colcon.colcon_core.shell:Creating prefix script '/home/ros2/CHAPT2/chapt2_ws/install/local_setup.sh'
[2.220s] INFO:colcon.colcon_core.shell:Creating prefix util module '/home/ros2/CHAPT2/chapt2_ws/install/_local_setup_util_sh.py'
[2.221s] INFO:colcon.colcon_core.shell:Creating prefix chain script '/home/ros2/CHAPT2/chapt2_ws/install/setup.sh'
[2.223s] INFO:colcon.colcon_core.shell:Creating prefix script '/home/ros2/CHAPT2/chapt2_ws/install/local_setup.bash'
[2.223s] INFO:colcon.colcon_core.shell:Creating prefix chain script '/home/ros2/CHAPT2/chapt2_ws/install/setup.bash'
[2.227s] INFO:colcon.colcon_core.shell:Creating prefix script '/home/ros2/CHAPT2/chapt2_ws/install/local_setup.zsh'
[2.229s] INFO:colcon.colcon_core.shell:Creating prefix chain script '/home/ros2/CHAPT2/chapt2_ws/install/setup.zsh'
