[1.307s] Invoking command in '/home/ros2/CHAPT3/topic_ws/src/demo_python_topic': PYTHONPATH=/home/ros2/CHAPT3/topic_ws/build/demo_python_topic/prefix_override:/usr/lib/python3/dist-packages/colcon_core/task/python/colcon_distutils_commands:/home/ros2/CHAPT3/topic_ws/install/demo_python_topic/lib/python3.8/site-packages:${PYTHONPATH} /usr/bin/python3 -W ignore:setup.py install is deprecated setup.py egg_info --egg-base ../../build/demo_python_topic build --build-base /home/ros2/CHAPT3/topic_ws/build/demo_python_topic/build install --record /home/ros2/CHAPT3/topic_ws/build/demo_python_topic/install.log --install-scripts $base/lib/demo_python_topic --single-version-externally-managed install_data
[1.898s] running egg_info
[1.898s] writing ../../build/demo_python_topic/demo_python_topic.egg-info/PKG-INFO
[1.900s] writing dependency_links to ../../build/demo_python_topic/demo_python_topic.egg-info/dependency_links.txt
[1.904s] writing entry points to ../../build/demo_python_topic/demo_python_topic.egg-info/entry_points.txt
[1.904s] writing requirements to ../../build/demo_python_topic/demo_python_topic.egg-info/requires.txt
[1.904s] writing top-level names to ../../build/demo_python_topic/demo_python_topic.egg-info/top_level.txt
[1.976s] reading manifest file '../../build/demo_python_topic/demo_python_topic.egg-info/SOURCES.txt'
[1.979s] writing manifest file '../../build/demo_python_topic/demo_python_topic.egg-info/SOURCES.txt'
[1.980s] running build
[1.986s] running build_py
[1.987s] running install
[1.987s] running install_lib
[2.004s] running install_data
[2.004s] running install_egg_info
[2.004s] removing '/home/ros2/CHAPT3/topic_ws/install/demo_python_topic/lib/python3.8/site-packages/demo_python_topic-0.0.0-py3.8.egg-info' (and everything under it)
[2.005s] Copying ../../build/demo_python_topic/demo_python_topic.egg-info to /home/ros2/CHAPT3/topic_ws/install/demo_python_topic/lib/python3.8/site-packages/demo_python_topic-0.0.0-py3.8.egg-info
[2.006s] running install_scripts
[2.053s] Installing novel_pub_node script to /home/ros2/CHAPT3/topic_ws/install/demo_python_topic/lib/demo_python_topic
[2.055s] Installing novel_sub_node script to /home/ros2/CHAPT3/topic_ws/install/demo_python_topic/lib/demo_python_topic
[2.059s] writing list of installed files to '/home/ros2/CHAPT3/topic_ws/build/demo_python_topic/install.log'
[2.109s] Invoked command in '/home/ros2/CHAPT3/topic_ws/src/demo_python_topic' returned '0': PYTHONPATH=/home/ros2/CHAPT3/topic_ws/build/demo_python_topic/prefix_override:/usr/lib/python3/dist-packages/colcon_core/task/python/colcon_distutils_commands:/home/ros2/CHAPT3/topic_ws/install/demo_python_topic/lib/python3.8/site-packages:${PYTHONPATH} /usr/bin/python3 -W ignore:setup.py install is deprecated setup.py egg_info --egg-base ../../build/demo_python_topic build --build-base /home/ros2/CHAPT3/topic_ws/build/demo_python_topic/build install --record /home/ros2/CHAPT3/topic_ws/build/demo_python_topic/install.log --install-scripts $base/lib/demo_python_topic --single-version-externally-managed install_data
