[1.127s] Invoking command in '/home/ros2/CHAPT4/CHAPT4_WS/src/demo_python_service': AMENT_PREFIX_PATH=/home/ros2/CHAPT4/CHAPT4_WS/install/chapt4_interfaces:${AMENT_PREFIX_PATH} CMAKE_PREFIX_PATH=/home/ros2/CHAPT4/CHAPT4_WS/install/chapt4_interfaces LD_LIBRARY_PATH=/home/ros2/CHAPT4/CHAPT4_WS/install/chapt4_interfaces/lib:${LD_LIBRARY_PATH} PYTHONPATH=/home/ros2/CHAPT4/CHAPT4_WS/build/demo_python_service/prefix_override:/usr/lib/python3/dist-packages/colcon_core/task/python/colcon_distutils_commands:/home/ros2/CHAPT4/CHAPT4_WS/install/demo_python_service/lib/python3.8/site-packages:/home/ros2/CHAPT4/CHAPT4_WS/install/chapt4_interfaces/lib/python3.8/site-packages:${PYTHONPATH} /usr/bin/python3 -W ignore:setup.py install is deprecated setup.py egg_info --egg-base ../../build/demo_python_service build --build-base /home/ros2/CHAPT4/CHAPT4_WS/build/demo_python_service/build install --record /home/ros2/CHAPT4/CHAPT4_WS/build/demo_python_service/install.log --install-scripts $base/lib/demo_python_service --single-version-externally-managed install_data
[1.415s] running egg_info
[1.415s] writing ../../build/demo_python_service/demo_python_service.egg-info/PKG-INFO
[1.418s] writing dependency_links to ../../build/demo_python_service/demo_python_service.egg-info/dependency_links.txt
[1.418s] writing entry points to ../../build/demo_python_service/demo_python_service.egg-info/entry_points.txt
[1.419s] writing requirements to ../../build/demo_python_service/demo_python_service.egg-info/requires.txt
[1.419s] writing top-level names to ../../build/demo_python_service/demo_python_service.egg-info/top_level.txt
[1.456s] reading manifest file '../../build/demo_python_service/demo_python_service.egg-info/SOURCES.txt'
[1.462s] writing manifest file '../../build/demo_python_service/demo_python_service.egg-info/SOURCES.txt'
[1.464s] running build
[1.464s] running build_py
[1.464s] copying demo_python_service/face_detect_node.py -> /home/ros2/CHAPT4/CHAPT4_WS/build/demo_python_service/build/lib/demo_python_service
[1.465s] running install
[1.466s] running install_lib
[1.468s] copying /home/ros2/CHAPT4/CHAPT4_WS/build/demo_python_service/build/lib/demo_python_service/face_detect_node.py -> /home/ros2/CHAPT4/CHAPT4_WS/install/demo_python_service/lib/python3.8/site-packages/demo_python_service
[1.469s] byte-compiling /home/ros2/CHAPT4/CHAPT4_WS/install/demo_python_service/lib/python3.8/site-packages/demo_python_service/face_detect_node.py to face_detect_node.cpython-38.pyc
[1.478s] running install_data
[1.479s] running install_egg_info
[1.484s] removing '/home/ros2/CHAPT4/CHAPT4_WS/install/demo_python_service/lib/python3.8/site-packages/demo_python_service-0.0.0-py3.8.egg-info' (and everything under it)
[1.484s] Copying ../../build/demo_python_service/demo_python_service.egg-info to /home/ros2/CHAPT4/CHAPT4_WS/install/demo_python_service/lib/python3.8/site-packages/demo_python_service-0.0.0-py3.8.egg-info
[1.486s] running install_scripts
[1.509s] Installing face_detect_client_node script to /home/ros2/CHAPT4/CHAPT4_WS/install/demo_python_service/lib/demo_python_service
[1.510s] Installing face_detect_node script to /home/ros2/CHAPT4/CHAPT4_WS/install/demo_python_service/lib/demo_python_service
[1.510s] Installing learn_face_detect script to /home/ros2/CHAPT4/CHAPT4_WS/install/demo_python_service/lib/demo_python_service
[1.511s] writing list of installed files to '/home/ros2/CHAPT4/CHAPT4_WS/build/demo_python_service/install.log'
[1.559s] Invoked command in '/home/ros2/CHAPT4/CHAPT4_WS/src/demo_python_service' returned '0': AMENT_PREFIX_PATH=/home/ros2/CHAPT4/CHAPT4_WS/install/chapt4_interfaces:${AMENT_PREFIX_PATH} CMAKE_PREFIX_PATH=/home/ros2/CHAPT4/CHAPT4_WS/install/chapt4_interfaces LD_LIBRARY_PATH=/home/ros2/CHAPT4/CHAPT4_WS/install/chapt4_interfaces/lib:${LD_LIBRARY_PATH} PYTHONPATH=/home/ros2/CHAPT4/CHAPT4_WS/build/demo_python_service/prefix_override:/usr/lib/python3/dist-packages/colcon_core/task/python/colcon_distutils_commands:/home/ros2/CHAPT4/CHAPT4_WS/install/demo_python_service/lib/python3.8/site-packages:/home/ros2/CHAPT4/CHAPT4_WS/install/chapt4_interfaces/lib/python3.8/site-packages:${PYTHONPATH} /usr/bin/python3 -W ignore:setup.py install is deprecated setup.py egg_info --egg-base ../../build/demo_python_service build --build-base /home/ros2/CHAPT4/CHAPT4_WS/build/demo_python_service/build install --record /home/ros2/CHAPT4/CHAPT4_WS/build/demo_python_service/install.log --install-scripts $base/lib/demo_python_service --single-version-externally-managed install_data
