-- Found ament_cmake: 0.9.12 (/opt/ros/foxy/share/ament_cmake/cmake)
-- Using PYTHON_EXECUTABLE: /usr/bin/python3
-- Found rclcpp: 2.4.3 (/opt/ros/foxy/share/rclcpp/cmake)
-- Using all available rosidl_typesupport_c: rosidl_typesupport_fastrtps_c;rosidl_typesupport_introspection_c
-- Found rosidl_adapter: 1.3.1 (/opt/ros/foxy/share/rosidl_adapter/cmake)
-- Using all available rosidl_typesupport_cpp: rosidl_typesupport_fastrtps_cpp;rosidl_typesupport_introspection_cpp
-- Found rmw_implementation_cmake: 1.0.4 (/opt/ros/foxy/share/rmw_implementation_cmake/cmake)
-- Using RMW implementation 'rmw_fastrtps_cpp' as default
-- Found ament_lint_auto: 0.9.8 (/opt/ros/foxy/share/ament_lint_auto/cmake)
-- Added test 'copyright' to check source files copyright and LICENSE
-- Added test 'cppcheck' to perform static code analysis on C / C++ code
-- Configured cppcheck include dirs: /home/ros2/CHAPT2/chapt2_ws/src/demo_cpp_pkg/include
-- Configured cppcheck exclude dirs and/or files: 
-- Added test 'cpplint' to check C / C++ code against the Google style
-- Configured cpplint exclude dirs and/or files: 
-- Added test 'flake8' to check Python code syntax and style conventions
-- Added test 'lint_cmake' to check CMake code style
-- Added test 'pep257' to check Python code against some of the style conventions in PEP 257
-- Added test 'uncrustify' to check C / C++ code style
-- Configured uncrustify additional arguments: 
-- Added test 'xmllint' to check XML markup files
-- Configuring done
-- Generating done
-- Build files have been written to: /home/ros2/CHAPT2/chapt2_ws/build/demo_cpp_pkg
[35m[1mScanning dependencies of target learn_lambda[0m
[35m[1mScanning dependencies of target person_node[0m
[  8%] [32mBuilding CXX object CMakeFiles/learn_lambda.dir/src/learn_lambda.cpp.o[0m
[ 16%] [32mBuilding CXX object CMakeFiles/person_node.dir/src/person_node.cpp.o[0m
[ 25%] [32m[1mLinking CXX executable learn_lambda[0m
[ 25%] Built target learn_lambda
[35m[1mScanning dependencies of target learn_shared_ptr[0m
[ 33%] [32mBuilding CXX object CMakeFiles/learn_shared_ptr.dir/src/learn_shared_ptr.cpp.o[0m
[ 41%] [32m[1mLinking CXX executable learn_shared_ptr[0m
[ 41%] Built target learn_shared_ptr
[35m[1mScanning dependencies of target learn_func[0m
[ 50%] [32mBuilding CXX object CMakeFiles/learn_func.dir/src/learn_func.cpp.o[0m
[ 58%] [32m[1mLinking CXX executable learn_func[0m
[ 58%] Built target learn_func
[35m[1mScanning dependencies of target cpp_node[0m
[ 66%] [32mBuilding CXX object CMakeFiles/cpp_node.dir/src/cpp_node.cpp.o[0m
[ 75%] [32m[1mLinking CXX executable person_node[0m
[ 75%] Built target person_node
[35m[1mScanning dependencies of target learn_thread[0m
[ 83%] [32mBuilding CXX object CMakeFiles/learn_thread.dir/src/learn_thread.cpp.o[0m
[ 91%] [32m[1mLinking CXX executable cpp_node[0m
[ 91%] Built target cpp_node
[100%] [32m[1mLinking CXX executable learn_thread[0m
/usr/bin/ld: CMakeFiles/learn_thread.dir/src/learn_thread.cpp.o: in function `std::thread::thread<std::_Bind<void (Download::*(Download*, std::_Placeholder<1>, std::_Placeholder<2>, std::_Placeholder<3>))(std::__cxx11::basic_string<char, std::char_traits<char>, std::allocator<char> > const&, std::__cxx11::basic_string<char, std::char_traits<char>, std::allocator<char> > const&, std::function<void (std::__cxx11::basic_string<char, std::char_traits<char>, std::allocator<char> > const&, std::__cxx11::basic_string<char, std::char_traits<char>, std::allocator<char> > const&)> const&)>&, std::__cxx11::basic_string<char, std::char_traits<char>, std::allocator<char> > const&, std::__cxx11::basic_string<char, std::char_traits<char>, std::allocator<char> > const&, std::function<void (std::__cxx11::basic_string<char, std::char_traits<char>, std::allocator<char> > const&, std::__cxx11::basic_string<char, std::char_traits<char>, std::allocator<char> > const&)> const&, void>(std::_Bind<void (Download::*(Download*, std::_Placeholder<1>, std::_Placeholder<2>, std::_Placeholder<3>))(std::__cxx11::basic_string<char, std::char_traits<char>, std::allocator<char> > const&, std::__cxx11::basic_string<char, std::char_traits<char>, std::allocator<char> > const&, std::function<void (std::__cxx11::basic_string<char, std::char_traits<char>, std::allocator<char> > const&, std::__cxx11::basic_string<char, std::char_traits<char>, std::allocator<char> > const&)> const&)>&, std::__cxx11::basic_string<char, std::char_traits<char>, std::allocator<char> > const&, std::__cxx11::basic_string<char, std::char_traits<char>, std::allocator<char> > const&, std::function<void (std::__cxx11::basic_string<char, std::char_traits<char>, std::allocator<char> > const&, std::__cxx11::basic_string<char, std::char_traits<char>, std::allocator<char> > const&)> const&)':
learn_thread.cpp:(.text._ZNSt6threadC2IRSt5_BindIFM8DownloadFvRKNSt7__cxx1112basic_stringIcSt11char_traitsIcESaIcEEESA_RKSt8functionIFvSA_SA_EEEPS2_St12_PlaceholderILi1EESJ_ILi2EESJ_ILi3EEEEJSA_SA_SF_EvEEOT_DpOT0_[_ZNSt6threadC5IRSt5_BindIFM8DownloadFvRKNSt7__cxx1112basic_stringIcSt11char_traitsIcESaIcEEESA_RKSt8functionIFvSA_SA_EEEPS2_St12_PlaceholderILi1EESJ_ILi2EESJ_ILi3EEEEJSA_SA_SF_EvEEOT_DpOT0_]+0x58): undefined reference to `pthread_create'
collect2: error: ld returned 1 exit status
make[2]: *** [CMakeFiles/learn_thread.dir/build.make:84：learn_thread] 错误 1
make[1]: *** [CMakeFiles/Makefile2:277：CMakeFiles/learn_thread.dir/all] 错误 2
make: *** [Makefile:141：all] 错误 2
