[0.356s] DEBUG:colcon:Command line arguments: ['/usr/bin/colcon', 'build']
[0.356s] DEBUG:colcon:Parsed command line arguments: Namespace(allow_overriding=[], ament_cmake_args=None, base_paths=['.'], build_base='build', catkin_cmake_args=None, catkin_skip_building_tests=False, cmake_args=None, cmake_clean_cache=False, cmake_clean_first=False, cmake_force_configure=False, cmake_target=None, cmake_target_skip_unavailable=False, continue_on_error=False, event_handlers=None, executor='parallel', ignore_user_meta=False, install_base='install', log_base=None, log_level=None, main=<bound method BuildVerb.main of <colcon_core.verb.build.BuildVerb object at 0x7efeb4711460>>, merge_install=False, metas=['./colcon.meta'], packages_above=None, packages_above_and_dependencies=None, packages_above_depth=None, packages_end=None, packages_ignore=None, packages_ignore_regex=None, packages_select=None, packages_select_build_failed=False, packages_select_by_dep=None, packages_select_regex=None, packages_select_test_failures=False, packages_skip=None, packages_skip_build_finished=False, packages_skip_by_dep=None, packages_skip_regex=None, packages_skip_test_passed=False, packages_skip_up_to=None, packages_start=None, packages_up_to=None, packages_up_to_regex=None, parallel_workers=2, paths=None, symlink_install=False, test_result_base=None, verb_extension=<colcon_core.verb.build.BuildVerb object at 0x7efeb4711460>, verb_name='build', verb_parser=<colcon_defaults.argument_parser.defaults.DefaultArgumentsDecorator object at 0x7efeb4720160>)
[0.606s] Level 1:colcon.colcon_core.package_discovery:discover_packages(colcon_meta) check parameters
[0.606s] Level 1:colcon.colcon_core.package_discovery:discover_packages(recursive) check parameters
[0.606s] Level 1:colcon.colcon_core.package_discovery:discover_packages(ignore) check parameters
[0.606s] Level 1:colcon.colcon_core.package_discovery:discover_packages(path) check parameters
[0.606s] Level 1:colcon.colcon_core.package_discovery:discover_packages(colcon_meta) discover
[0.607s] Level 1:colcon.colcon_core.package_discovery:discover_packages(recursive) discover
[0.607s] INFO:colcon.colcon_core.package_discovery:Crawling recursively for packages in '/home/ros2/CHAPT3/topic_ws'
[0.607s] Level 1:colcon.colcon_core.package_identification:_identify(.) by extensions ['ignore', 'ignore_ament_install']
[0.607s] Level 1:colcon.colcon_core.package_identification:_identify(.) by extension 'ignore'
[0.607s] Level 1:colcon.colcon_core.package_identification:_identify(.) by extension 'ignore_ament_install'
[0.607s] Level 1:colcon.colcon_core.package_identification:_identify(.) by extensions ['colcon_pkg']
[0.607s] Level 1:colcon.colcon_core.package_identification:_identify(.) by extension 'colcon_pkg'
[0.608s] Level 1:colcon.colcon_core.package_identification:_identify(.) by extensions ['colcon_meta']
[0.608s] Level 1:colcon.colcon_core.package_identification:_identify(.) by extension 'colcon_meta'
[0.608s] Level 1:colcon.colcon_core.package_identification:_identify(.) by extensions ['ros']
[0.608s] Level 1:colcon.colcon_core.package_identification:_identify(.) by extension 'ros'
[0.633s] Level 1:colcon.colcon_core.package_identification:_identify(.) by extensions ['cmake', 'python']
[0.633s] Level 1:colcon.colcon_core.package_identification:_identify(.) by extension 'cmake'
[0.633s] Level 1:colcon.colcon_core.package_identification:_identify(.) by extension 'python'
[0.633s] Level 1:colcon.colcon_core.package_identification:_identify(.) by extensions ['python_setup_py']
[0.633s] Level 1:colcon.colcon_core.package_identification:_identify(.) by extension 'python_setup_py'
[0.633s] Level 1:colcon.colcon_core.package_identification:_identify(build) by extensions ['ignore', 'ignore_ament_install']
[0.634s] Level 1:colcon.colcon_core.package_identification:_identify(build) by extension 'ignore'
[0.634s] Level 1:colcon.colcon_core.package_identification:_identify(build) ignored
[0.634s] Level 1:colcon.colcon_core.package_identification:_identify(install) by extensions ['ignore', 'ignore_ament_install']
[0.634s] Level 1:colcon.colcon_core.package_identification:_identify(install) by extension 'ignore'
[0.634s] Level 1:colcon.colcon_core.package_identification:_identify(install) ignored
[0.634s] Level 1:colcon.colcon_core.package_identification:_identify(log) by extensions ['ignore', 'ignore_ament_install']
[0.634s] Level 1:colcon.colcon_core.package_identification:_identify(log) by extension 'ignore'
[0.634s] Level 1:colcon.colcon_core.package_identification:_identify(log) ignored
[0.634s] Level 1:colcon.colcon_core.package_identification:_identify(src) by extensions ['ignore', 'ignore_ament_install']
[0.635s] Level 1:colcon.colcon_core.package_identification:_identify(src) by extension 'ignore'
[0.635s] Level 1:colcon.colcon_core.package_identification:_identify(src) by extension 'ignore_ament_install'
[0.635s] Level 1:colcon.colcon_core.package_identification:_identify(src) by extensions ['colcon_pkg']
[0.635s] Level 1:colcon.colcon_core.package_identification:_identify(src) by extension 'colcon_pkg'
[0.635s] Level 1:colcon.colcon_core.package_identification:_identify(src) by extensions ['colcon_meta']
[0.635s] Level 1:colcon.colcon_core.package_identification:_identify(src) by extension 'colcon_meta'
[0.635s] Level 1:colcon.colcon_core.package_identification:_identify(src) by extensions ['ros']
[0.635s] Level 1:colcon.colcon_core.package_identification:_identify(src) by extension 'ros'
[0.635s] Level 1:colcon.colcon_core.package_identification:_identify(src) by extensions ['cmake', 'python']
[0.635s] Level 1:colcon.colcon_core.package_identification:_identify(src) by extension 'cmake'
[0.635s] Level 1:colcon.colcon_core.package_identification:_identify(src) by extension 'python'
[0.635s] Level 1:colcon.colcon_core.package_identification:_identify(src) by extensions ['python_setup_py']
[0.635s] Level 1:colcon.colcon_core.package_identification:_identify(src) by extension 'python_setup_py'
[0.635s] Level 1:colcon.colcon_core.package_identification:_identify(src/demo_python_topic) by extensions ['ignore', 'ignore_ament_install']
[0.635s] Level 1:colcon.colcon_core.package_identification:_identify(src/demo_python_topic) by extension 'ignore'
[0.635s] Level 1:colcon.colcon_core.package_identification:_identify(src/demo_python_topic) by extension 'ignore_ament_install'
[0.635s] Level 1:colcon.colcon_core.package_identification:_identify(src/demo_python_topic) by extensions ['colcon_pkg']
[0.636s] Level 1:colcon.colcon_core.package_identification:_identify(src/demo_python_topic) by extension 'colcon_pkg'
[0.636s] Level 1:colcon.colcon_core.package_identification:_identify(src/demo_python_topic) by extensions ['colcon_meta']
[0.636s] Level 1:colcon.colcon_core.package_identification:_identify(src/demo_python_topic) by extension 'colcon_meta'
[0.636s] Level 1:colcon.colcon_core.package_identification:_identify(src/demo_python_topic) by extensions ['ros']
[0.636s] Level 1:colcon.colcon_core.package_identification:_identify(src/demo_python_topic) by extension 'ros'
[0.639s] DEBUG:colcon.colcon_core.package_identification:Package 'src/demo_python_topic' with type 'ros.ament_python' and name 'demo_python_topic'
[0.639s] Level 1:colcon.colcon_core.package_discovery:discover_packages(recursive) using defaults
[0.639s] Level 1:colcon.colcon_core.package_discovery:discover_packages(ignore) discover
[0.639s] Level 1:colcon.colcon_core.package_discovery:discover_packages(ignore) using defaults
[0.639s] Level 1:colcon.colcon_core.package_discovery:discover_packages(path) discover
[0.639s] Level 1:colcon.colcon_core.package_discovery:discover_packages(path) using defaults
[0.657s] Level 1:colcon.colcon_core.package_discovery:discover_packages(prefix_path) check parameters
[0.657s] Level 1:colcon.colcon_core.package_discovery:discover_packages(prefix_path) discover
[0.660s] DEBUG:colcon.colcon_installed_package_information.package_discovery:Found 256 installed packages in /opt/ros/foxy
[0.661s] Level 1:colcon.colcon_core.package_discovery:discover_packages(prefix_path) using defaults
[0.736s] Level 5:colcon.colcon_core.verb:set package 'demo_python_topic' build argument 'cmake_args' from command line to 'None'
[0.737s] Level 5:colcon.colcon_core.verb:set package 'demo_python_topic' build argument 'cmake_target' from command line to 'None'
[0.737s] Level 5:colcon.colcon_core.verb:set package 'demo_python_topic' build argument 'cmake_target_skip_unavailable' from command line to 'False'
[0.737s] Level 5:colcon.colcon_core.verb:set package 'demo_python_topic' build argument 'cmake_clean_cache' from command line to 'False'
[0.737s] Level 5:colcon.colcon_core.verb:set package 'demo_python_topic' build argument 'cmake_clean_first' from command line to 'False'
[0.737s] Level 5:colcon.colcon_core.verb:set package 'demo_python_topic' build argument 'cmake_force_configure' from command line to 'False'
[0.737s] Level 5:colcon.colcon_core.verb:set package 'demo_python_topic' build argument 'ament_cmake_args' from command line to 'None'
[0.737s] Level 5:colcon.colcon_core.verb:set package 'demo_python_topic' build argument 'catkin_cmake_args' from command line to 'None'
[0.737s] Level 5:colcon.colcon_core.verb:set package 'demo_python_topic' build argument 'catkin_skip_building_tests' from command line to 'False'
[0.737s] DEBUG:colcon.colcon_core.verb:Building package 'demo_python_topic' with the following arguments: {'ament_cmake_args': None, 'build_base': '/home/ros2/CHAPT3/topic_ws/build/demo_python_topic', 'catkin_cmake_args': None, 'catkin_skip_building_tests': False, 'cmake_args': None, 'cmake_clean_cache': False, 'cmake_clean_first': False, 'cmake_force_configure': False, 'cmake_target': None, 'cmake_target_skip_unavailable': False, 'install_base': '/home/ros2/CHAPT3/topic_ws/install/demo_python_topic', 'merge_install': False, 'path': '/home/ros2/CHAPT3/topic_ws/src/demo_python_topic', 'symlink_install': False, 'test_result_base': None}
[0.737s] INFO:colcon.colcon_core.executor:Executing jobs using 'parallel' executor
[0.738s] DEBUG:colcon.colcon_parallel_executor.executor.parallel:run_until_complete
[0.738s] INFO:colcon.colcon_ros.task.ament_python.build:Building ROS package in '/home/ros2/CHAPT3/topic_ws/src/demo_python_topic' with build type 'ament_python'
[0.739s] Level 1:colcon.colcon_core.shell:create_environment_hook('demo_python_topic', 'ament_prefix_path')
[0.740s] INFO:colcon.colcon_core.plugin_system:Skipping extension 'colcon_core.shell.bat': Not used on non-Windows systems
[0.741s] INFO:colcon.colcon_core.shell:Creating environment hook '/home/ros2/CHAPT3/topic_ws/install/demo_python_topic/share/demo_python_topic/hook/ament_prefix_path.ps1'
[0.741s] INFO:colcon.colcon_core.shell:Creating environment descriptor '/home/ros2/CHAPT3/topic_ws/install/demo_python_topic/share/demo_python_topic/hook/ament_prefix_path.dsv'
[0.742s] INFO:colcon.colcon_core.shell:Creating environment hook '/home/ros2/CHAPT3/topic_ws/install/demo_python_topic/share/demo_python_topic/hook/ament_prefix_path.sh'
[0.743s] INFO:colcon.colcon_core.shell:Skip shell extension 'powershell' for command environment: Not usable outside of PowerShell
[0.743s] DEBUG:colcon.colcon_core.shell:Skip shell extension 'dsv' for command environment
[1.053s] INFO:colcon.colcon_core.task.python.build:Building Python package in '/home/ros2/CHAPT3/topic_ws/src/demo_python_topic'
[1.054s] INFO:colcon.colcon_core.shell:Skip shell extension 'powershell' for command environment: Not usable outside of PowerShell
[1.054s] DEBUG:colcon.colcon_core.shell:Skip shell extension 'dsv' for command environment
[1.686s] DEBUG:colcon.colcon_core.event_handler.log_command:Invoking command in '/home/ros2/CHAPT3/topic_ws/src/demo_python_topic': PYTHONPATH=/home/ros2/CHAPT3/topic_ws/build/demo_python_topic/prefix_override:/usr/lib/python3/dist-packages/colcon_core/task/python/colcon_distutils_commands:/home/ros2/CHAPT3/topic_ws/install/demo_python_topic/lib/python3.8/site-packages:${PYTHONPATH} /usr/bin/python3 -W ignore:setup.py install is deprecated setup.py egg_info --egg-base ../../build/demo_python_topic build --build-base /home/ros2/CHAPT3/topic_ws/build/demo_python_topic/build install --record /home/ros2/CHAPT3/topic_ws/build/demo_python_topic/install.log --install-scripts $base/lib/demo_python_topic --single-version-externally-managed install_data
[2.030s] DEBUG:colcon.colcon_core.event_handler.log_command:Invoked command in '/home/ros2/CHAPT3/topic_ws/src/demo_python_topic' returned '0': PYTHONPATH=/home/ros2/CHAPT3/topic_ws/build/demo_python_topic/prefix_override:/usr/lib/python3/dist-packages/colcon_core/task/python/colcon_distutils_commands:/home/ros2/CHAPT3/topic_ws/install/demo_python_topic/lib/python3.8/site-packages:${PYTHONPATH} /usr/bin/python3 -W ignore:setup.py install is deprecated setup.py egg_info --egg-base ../../build/demo_python_topic build --build-base /home/ros2/CHAPT3/topic_ws/build/demo_python_topic/build install --record /home/ros2/CHAPT3/topic_ws/build/demo_python_topic/install.log --install-scripts $base/lib/demo_python_topic --single-version-externally-managed install_data
[2.031s] Level 1:colcon.colcon_core.environment:checking '/home/ros2/CHAPT3/topic_ws/install/demo_python_topic' for CMake module files
[2.031s] Level 1:colcon.colcon_core.environment:checking '/home/ros2/CHAPT3/topic_ws/install/demo_python_topic' for CMake config files
[2.032s] Level 1:colcon.colcon_core.environment:checking '/home/ros2/CHAPT3/topic_ws/install/demo_python_topic/lib'
[2.032s] Level 1:colcon.colcon_core.environment:checking '/home/ros2/CHAPT3/topic_ws/install/demo_python_topic/bin'
[2.032s] Level 1:colcon.colcon_core.environment:checking '/home/ros2/CHAPT3/topic_ws/install/demo_python_topic/lib/pkgconfig/demo_python_topic.pc'
[2.033s] Level 1:colcon.colcon_core.environment:checking '/home/ros2/CHAPT3/topic_ws/install/demo_python_topic/lib/python3.8/site-packages'
[2.033s] Level 1:colcon.colcon_core.shell:create_environment_hook('demo_python_topic', 'pythonpath')
[2.033s] INFO:colcon.colcon_core.shell:Creating environment hook '/home/ros2/CHAPT3/topic_ws/install/demo_python_topic/share/demo_python_topic/hook/pythonpath.ps1'
[2.034s] INFO:colcon.colcon_core.shell:Creating environment descriptor '/home/ros2/CHAPT3/topic_ws/install/demo_python_topic/share/demo_python_topic/hook/pythonpath.dsv'
[2.034s] INFO:colcon.colcon_core.shell:Creating environment hook '/home/ros2/CHAPT3/topic_ws/install/demo_python_topic/share/demo_python_topic/hook/pythonpath.sh'
[2.035s] Level 1:colcon.colcon_core.environment:checking '/home/ros2/CHAPT3/topic_ws/install/demo_python_topic/bin'
[2.035s] Level 1:colcon.colcon_core.environment:create_environment_scripts_only(demo_python_topic)
[2.036s] INFO:colcon.colcon_core.shell:Creating package script '/home/ros2/CHAPT3/topic_ws/install/demo_python_topic/share/demo_python_topic/package.ps1'
[2.037s] INFO:colcon.colcon_core.shell:Creating package descriptor '/home/ros2/CHAPT3/topic_ws/install/demo_python_topic/share/demo_python_topic/package.dsv'
[2.038s] INFO:colcon.colcon_core.shell:Creating package script '/home/ros2/CHAPT3/topic_ws/install/demo_python_topic/share/demo_python_topic/package.sh'
[2.040s] INFO:colcon.colcon_core.shell:Creating package script '/home/ros2/CHAPT3/topic_ws/install/demo_python_topic/share/demo_python_topic/package.bash'
[2.044s] INFO:colcon.colcon_core.shell:Creating package script '/home/ros2/CHAPT3/topic_ws/install/demo_python_topic/share/demo_python_topic/package.zsh'
[2.046s] Level 1:colcon.colcon_core.environment:create_file_with_runtime_dependencies(/home/ros2/CHAPT3/topic_ws/install/demo_python_topic/share/colcon-core/packages/demo_python_topic)
[2.047s] DEBUG:colcon.colcon_parallel_executor.executor.parallel:closing loop
[2.048s] DEBUG:colcon.colcon_parallel_executor.executor.parallel:loop closed
[2.048s] DEBUG:colcon.colcon_parallel_executor.executor.parallel:run_until_complete finished with '0'
[2.048s] DEBUG:colcon.colcon_core.event_reactor:joining thread
[2.058s] INFO:colcon.colcon_core.plugin_system:Skipping extension 'colcon_notification.desktop_notification.terminal_notifier': Not used on non-Darwin systems
[2.058s] INFO:colcon.colcon_core.plugin_system:Skipping extension 'colcon_notification.desktop_notification.win32': Not used on non-Windows systems
[2.058s] INFO:colcon.colcon_notification.desktop_notification:Sending desktop notification using 'notify2'
[2.077s] DEBUG:colcon.colcon_core.event_reactor:joined thread
[2.077s] INFO:colcon.colcon_core.shell:Creating prefix script '/home/ros2/CHAPT3/topic_ws/install/local_setup.ps1'
[2.079s] INFO:colcon.colcon_core.shell:Creating prefix util module '/home/ros2/CHAPT3/topic_ws/install/_local_setup_util_ps1.py'
[2.080s] INFO:colcon.colcon_core.shell:Creating prefix chain script '/home/ros2/CHAPT3/topic_ws/install/setup.ps1'
[2.082s] INFO:colcon.colcon_core.shell:Creating prefix script '/home/ros2/CHAPT3/topic_ws/install/local_setup.sh'
[2.082s] INFO:colcon.colcon_core.shell:Creating prefix util module '/home/ros2/CHAPT3/topic_ws/install/_local_setup_util_sh.py'
[2.083s] INFO:colcon.colcon_core.shell:Creating prefix chain script '/home/ros2/CHAPT3/topic_ws/install/setup.sh'
[2.084s] INFO:colcon.colcon_core.shell:Creating prefix script '/home/ros2/CHAPT3/topic_ws/install/local_setup.bash'
[2.084s] INFO:colcon.colcon_core.shell:Creating prefix chain script '/home/ros2/CHAPT3/topic_ws/install/setup.bash'
[2.094s] INFO:colcon.colcon_core.shell:Creating prefix script '/home/ros2/CHAPT3/topic_ws/install/local_setup.zsh'
[2.096s] INFO:colcon.colcon_core.shell:Creating prefix chain script '/home/ros2/CHAPT3/topic_ws/install/setup.zsh'
