[0.013s] Invoking command in '/home/ros2/CHAPT2/chapt2_ws/build/demo_cpp_pkg': CMAKE_PREFIX_PATH=/opt/ros/foxy /usr/bin/cmake --build /home/ros2/CHAPT2/chapt2_ws/build/demo_cpp_pkg -- -j2 -l2
[0.231s] -- Found ament_cmake: 0.9.12 (/opt/ros/foxy/share/ament_cmake/cmake)
[0.366s] -- Using PYTHON_EXECUTABLE: /usr/bin/python3
[0.636s] -- Found rclcpp: 2.4.3 (/opt/ros/foxy/share/rclcpp/cmake)
[0.836s] -- Using all available rosidl_typesupport_c: rosidl_typesupport_fastrtps_c;rosidl_typesupport_introspection_c
[0.854s] -- Found rosidl_adapter: 1.3.1 (/opt/ros/foxy/share/rosidl_adapter/cmake)
[1.162s] -- Using all available rosidl_typesupport_cpp: rosidl_typesupport_fastrtps_cpp;rosidl_typesupport_introspection_cpp
[1.262s] -- Found rmw_implementation_cmake: 1.0.4 (/opt/ros/foxy/share/rmw_implementation_cmake/cmake)
[1.265s] -- Using RMW implementation 'rmw_fastrtps_cpp' as default
[1.550s] -- Found ament_lint_auto: 0.9.8 (/opt/ros/foxy/share/ament_lint_auto/cmake)
[1.635s] -- Added test 'copyright' to check source files copyright and LICENSE
[1.773s] -- Added test 'cppcheck' to perform static code analysis on C / C++ code
[1.773s] -- Configured cppcheck include dirs: /home/ros2/CHAPT2/chapt2_ws/src/demo_cpp_pkg/include
[1.773s] -- Configured cppcheck exclude dirs and/or files: 
[1.783s] -- Added test 'cpplint' to check C / C++ code against the Google style
[1.783s] -- Configured cpplint exclude dirs and/or files: 
[1.784s] -- Added test 'flake8' to check Python code syntax and style conventions
[1.786s] -- Added test 'lint_cmake' to check CMake code style
[1.787s] -- Added test 'pep257' to check Python code against some of the style conventions in PEP 257
[1.795s] -- Added test 'uncrustify' to check C / C++ code style
[1.795s] -- Configured uncrustify additional arguments: 
[1.796s] -- Added test 'xmllint' to check XML markup files
[1.799s] -- Configuring done
[1.815s] -- Generating done
[1.818s] -- Build files have been written to: /home/ros2/CHAPT2/chapt2_ws/build/demo_cpp_pkg
[1.884s] [ 16%] Built target learn_lambda
[1.891s] [ 33%] Built target person_node
[1.904s] [ 50%] Built target learn_shared_ptr
[1.917s] [ 66%] Built target learn_func
[1.942s] [ 83%] Built target cpp_node
[1.962s] [ 91%] [32m[1mLinking CXX executable learn_thread[0m
[2.201s] [100%] Built target learn_thread
[2.220s] Invoked command in '/home/ros2/CHAPT2/chapt2_ws/build/demo_cpp_pkg' returned '0': CMAKE_PREFIX_PATH=/opt/ros/foxy /usr/bin/cmake --build /home/ros2/CHAPT2/chapt2_ws/build/demo_cpp_pkg -- -j2 -l2
[2.285s] Invoking command in '/home/ros2/CHAPT2/chapt2_ws/build/demo_cpp_pkg': CMAKE_PREFIX_PATH=/opt/ros/foxy /usr/bin/cmake --install /home/ros2/CHAPT2/chapt2_ws/build/demo_cpp_pkg
[2.296s] -- Install configuration: ""
[2.296s] -- Installing: /home/ros2/CHAPT2/chapt2_ws/install/demo_cpp_pkg/lib/demo_cpp_pkg/cpp_node
[2.298s] -- Set runtime path of "/home/ros2/CHAPT2/chapt2_ws/install/demo_cpp_pkg/lib/demo_cpp_pkg/cpp_node" to ""
[2.298s] -- Installing: /home/ros2/CHAPT2/chapt2_ws/install/demo_cpp_pkg/lib/demo_cpp_pkg/person_node
[2.299s] -- Set runtime path of "/home/ros2/CHAPT2/chapt2_ws/install/demo_cpp_pkg/lib/demo_cpp_pkg/person_node" to ""
[2.300s] -- Installing: /home/ros2/CHAPT2/chapt2_ws/install/demo_cpp_pkg/lib/demo_cpp_pkg/learn_shared_ptr
[2.301s] -- Installing: /home/ros2/CHAPT2/chapt2_ws/install/demo_cpp_pkg/lib/demo_cpp_pkg/learn_lambda
[2.302s] -- Up-to-date: /home/ros2/CHAPT2/chapt2_ws/install/demo_cpp_pkg/lib/demo_cpp_pkg/learn_func
[2.302s] -- Installing: /home/ros2/CHAPT2/chapt2_ws/install/demo_cpp_pkg/lib/demo_cpp_pkg/learn_thread
[2.304s] -- Up-to-date: /home/ros2/CHAPT2/chapt2_ws/install/demo_cpp_pkg/share/ament_index/resource_index/package_run_dependencies/demo_cpp_pkg
[2.304s] -- Installing: /home/ros2/CHAPT2/chapt2_ws/install/demo_cpp_pkg/share/ament_index/resource_index/parent_prefix_path/demo_cpp_pkg
[2.304s] -- Up-to-date: /home/ros2/CHAPT2/chapt2_ws/install/demo_cpp_pkg/share/demo_cpp_pkg/environment/ament_prefix_path.sh
[2.304s] -- Installing: /home/ros2/CHAPT2/chapt2_ws/install/demo_cpp_pkg/share/demo_cpp_pkg/environment/ament_prefix_path.dsv
[2.305s] -- Up-to-date: /home/ros2/CHAPT2/chapt2_ws/install/demo_cpp_pkg/share/demo_cpp_pkg/environment/path.sh
[2.305s] -- Installing: /home/ros2/CHAPT2/chapt2_ws/install/demo_cpp_pkg/share/demo_cpp_pkg/environment/path.dsv
[2.305s] -- Up-to-date: /home/ros2/CHAPT2/chapt2_ws/install/demo_cpp_pkg/share/demo_cpp_pkg/local_setup.bash
[2.306s] -- Up-to-date: /home/ros2/CHAPT2/chapt2_ws/install/demo_cpp_pkg/share/demo_cpp_pkg/local_setup.sh
[2.306s] -- Up-to-date: /home/ros2/CHAPT2/chapt2_ws/install/demo_cpp_pkg/share/demo_cpp_pkg/local_setup.zsh
[2.306s] -- Installing: /home/ros2/CHAPT2/chapt2_ws/install/demo_cpp_pkg/share/demo_cpp_pkg/local_setup.dsv
[2.306s] -- Installing: /home/ros2/CHAPT2/chapt2_ws/install/demo_cpp_pkg/share/demo_cpp_pkg/package.dsv
[2.306s] -- Up-to-date: /home/ros2/CHAPT2/chapt2_ws/install/demo_cpp_pkg/share/ament_index/resource_index/packages/demo_cpp_pkg
[2.306s] -- Up-to-date: /home/ros2/CHAPT2/chapt2_ws/install/demo_cpp_pkg/share/demo_cpp_pkg/cmake/demo_cpp_pkgConfig.cmake
[2.307s] -- Up-to-date: /home/ros2/CHAPT2/chapt2_ws/install/demo_cpp_pkg/share/demo_cpp_pkg/cmake/demo_cpp_pkgConfig-version.cmake
[2.307s] -- Up-to-date: /home/ros2/CHAPT2/chapt2_ws/install/demo_cpp_pkg/share/demo_cpp_pkg/package.xml
[2.315s] Invoked command in '/home/ros2/CHAPT2/chapt2_ws/build/demo_cpp_pkg' returned '0': CMAKE_PREFIX_PATH=/opt/ros/foxy /usr/bin/cmake --install /home/ros2/CHAPT2/chapt2_ws/build/demo_cpp_pkg
