[0.205s] DEBUG:colcon:Command line arguments: ['/usr/bin/colcon', 'build']
[0.205s] DEBUG:colcon:Parsed command line arguments: Namespace(allow_overriding=[], ament_cmake_args=None, base_paths=['.'], build_base='build', catkin_cmake_args=None, catkin_skip_building_tests=False, cmake_args=None, cmake_clean_cache=False, cmake_clean_first=False, cmake_force_configure=False, cmake_target=None, cmake_target_skip_unavailable=False, continue_on_error=False, event_handlers=None, executor='parallel', ignore_user_meta=False, install_base='install', log_base=None, log_level=None, main=<bound method BuildVerb.main of <colcon_core.verb.build.BuildVerb object at 0x7f6ea8fab5e0>>, merge_install=False, metas=['./colcon.meta'], packages_above=None, packages_above_and_dependencies=None, packages_above_depth=None, packages_end=None, packages_ignore=None, packages_ignore_regex=None, packages_select=None, packages_select_build_failed=False, packages_select_by_dep=None, packages_select_regex=None, packages_select_test_failures=False, packages_skip=None, packages_skip_build_finished=False, packages_skip_by_dep=None, packages_skip_regex=None, packages_skip_test_passed=False, packages_skip_up_to=None, packages_start=None, packages_up_to=None, packages_up_to_regex=None, parallel_workers=2, paths=None, symlink_install=False, test_result_base=None, verb_extension=<colcon_core.verb.build.BuildVerb object at 0x7f6ea8fab5e0>, verb_name='build', verb_parser=<colcon_defaults.argument_parser.defaults.DefaultArgumentsDecorator object at 0x7f6ea8fb82e0>)
[0.366s] Level 1:colcon.colcon_core.package_discovery:discover_packages(colcon_meta) check parameters
[0.367s] Level 1:colcon.colcon_core.package_discovery:discover_packages(recursive) check parameters
[0.367s] Level 1:colcon.colcon_core.package_discovery:discover_packages(ignore) check parameters
[0.367s] Level 1:colcon.colcon_core.package_discovery:discover_packages(path) check parameters
[0.367s] Level 1:colcon.colcon_core.package_discovery:discover_packages(colcon_meta) discover
[0.367s] Level 1:colcon.colcon_core.package_discovery:discover_packages(recursive) discover
[0.367s] INFO:colcon.colcon_core.package_discovery:Crawling recursively for packages in '/home/ros2/CHAPT3/topic_ws'
[0.367s] Level 1:colcon.colcon_core.package_identification:_identify(.) by extensions ['ignore', 'ignore_ament_install']
[0.367s] Level 1:colcon.colcon_core.package_identification:_identify(.) by extension 'ignore'
[0.367s] Level 1:colcon.colcon_core.package_identification:_identify(.) by extension 'ignore_ament_install'
[0.367s] Level 1:colcon.colcon_core.package_identification:_identify(.) by extensions ['colcon_pkg']
[0.367s] Level 1:colcon.colcon_core.package_identification:_identify(.) by extension 'colcon_pkg'
[0.367s] Level 1:colcon.colcon_core.package_identification:_identify(.) by extensions ['colcon_meta']
[0.368s] Level 1:colcon.colcon_core.package_identification:_identify(.) by extension 'colcon_meta'
[0.368s] Level 1:colcon.colcon_core.package_identification:_identify(.) by extensions ['ros']
[0.368s] Level 1:colcon.colcon_core.package_identification:_identify(.) by extension 'ros'
[0.381s] Level 1:colcon.colcon_core.package_identification:_identify(.) by extensions ['cmake', 'python']
[0.381s] Level 1:colcon.colcon_core.package_identification:_identify(.) by extension 'cmake'
[0.381s] Level 1:colcon.colcon_core.package_identification:_identify(.) by extension 'python'
[0.382s] Level 1:colcon.colcon_core.package_identification:_identify(.) by extensions ['python_setup_py']
[0.382s] Level 1:colcon.colcon_core.package_identification:_identify(.) by extension 'python_setup_py'
[0.382s] Level 1:colcon.colcon_core.package_identification:_identify(build) by extensions ['ignore', 'ignore_ament_install']
[0.382s] Level 1:colcon.colcon_core.package_identification:_identify(build) by extension 'ignore'
[0.382s] Level 1:colcon.colcon_core.package_identification:_identify(build) ignored
[0.382s] Level 1:colcon.colcon_core.package_identification:_identify(install) by extensions ['ignore', 'ignore_ament_install']
[0.382s] Level 1:colcon.colcon_core.package_identification:_identify(install) by extension 'ignore'
[0.382s] Level 1:colcon.colcon_core.package_identification:_identify(install) ignored
[0.382s] Level 1:colcon.colcon_core.package_identification:_identify(log) by extensions ['ignore', 'ignore_ament_install']
[0.383s] Level 1:colcon.colcon_core.package_identification:_identify(log) by extension 'ignore'
[0.383s] Level 1:colcon.colcon_core.package_identification:_identify(log) ignored
[0.383s] Level 1:colcon.colcon_core.package_identification:_identify(src) by extensions ['ignore', 'ignore_ament_install']
[0.383s] Level 1:colcon.colcon_core.package_identification:_identify(src) by extension 'ignore'
[0.383s] Level 1:colcon.colcon_core.package_identification:_identify(src) by extension 'ignore_ament_install'
[0.383s] Level 1:colcon.colcon_core.package_identification:_identify(src) by extensions ['colcon_pkg']
[0.383s] Level 1:colcon.colcon_core.package_identification:_identify(src) by extension 'colcon_pkg'
[0.383s] Level 1:colcon.colcon_core.package_identification:_identify(src) by extensions ['colcon_meta']
[0.383s] Level 1:colcon.colcon_core.package_identification:_identify(src) by extension 'colcon_meta'
[0.383s] Level 1:colcon.colcon_core.package_identification:_identify(src) by extensions ['ros']
[0.383s] Level 1:colcon.colcon_core.package_identification:_identify(src) by extension 'ros'
[0.383s] Level 1:colcon.colcon_core.package_identification:_identify(src) by extensions ['cmake', 'python']
[0.383s] Level 1:colcon.colcon_core.package_identification:_identify(src) by extension 'cmake'
[0.383s] Level 1:colcon.colcon_core.package_identification:_identify(src) by extension 'python'
[0.383s] Level 1:colcon.colcon_core.package_identification:_identify(src) by extensions ['python_setup_py']
[0.383s] Level 1:colcon.colcon_core.package_identification:_identify(src) by extension 'python_setup_py'
[0.383s] Level 1:colcon.colcon_core.package_identification:_identify(src/demo_cpp_topic) by extensions ['ignore', 'ignore_ament_install']
[0.384s] Level 1:colcon.colcon_core.package_identification:_identify(src/demo_cpp_topic) by extension 'ignore'
[0.384s] Level 1:colcon.colcon_core.package_identification:_identify(src/demo_cpp_topic) by extension 'ignore_ament_install'
[0.384s] Level 1:colcon.colcon_core.package_identification:_identify(src/demo_cpp_topic) by extensions ['colcon_pkg']
[0.384s] Level 1:colcon.colcon_core.package_identification:_identify(src/demo_cpp_topic) by extension 'colcon_pkg'
[0.384s] Level 1:colcon.colcon_core.package_identification:_identify(src/demo_cpp_topic) by extensions ['colcon_meta']
[0.384s] Level 1:colcon.colcon_core.package_identification:_identify(src/demo_cpp_topic) by extension 'colcon_meta'
[0.384s] Level 1:colcon.colcon_core.package_identification:_identify(src/demo_cpp_topic) by extensions ['ros']
[0.384s] Level 1:colcon.colcon_core.package_identification:_identify(src/demo_cpp_topic) by extension 'ros'
[0.386s] DEBUG:colcon.colcon_core.package_identification:Package 'src/demo_cpp_topic' with type 'ros.ament_cmake' and name 'demo_cpp_topic'
[0.387s] Level 1:colcon.colcon_core.package_identification:_identify(src/demo_python_topic) by extensions ['ignore', 'ignore_ament_install']
[0.387s] Level 1:colcon.colcon_core.package_identification:_identify(src/demo_python_topic) by extension 'ignore'
[0.387s] Level 1:colcon.colcon_core.package_identification:_identify(src/demo_python_topic) by extension 'ignore_ament_install'
[0.387s] Level 1:colcon.colcon_core.package_identification:_identify(src/demo_python_topic) by extensions ['colcon_pkg']
[0.387s] Level 1:colcon.colcon_core.package_identification:_identify(src/demo_python_topic) by extension 'colcon_pkg'
[0.387s] Level 1:colcon.colcon_core.package_identification:_identify(src/demo_python_topic) by extensions ['colcon_meta']
[0.387s] Level 1:colcon.colcon_core.package_identification:_identify(src/demo_python_topic) by extension 'colcon_meta'
[0.387s] Level 1:colcon.colcon_core.package_identification:_identify(src/demo_python_topic) by extensions ['ros']
[0.387s] Level 1:colcon.colcon_core.package_identification:_identify(src/demo_python_topic) by extension 'ros'
[0.388s] DEBUG:colcon.colcon_core.package_identification:Package 'src/demo_python_topic' with type 'ros.ament_python' and name 'demo_python_topic'
[0.388s] Level 1:colcon.colcon_core.package_discovery:discover_packages(recursive) using defaults
[0.388s] Level 1:colcon.colcon_core.package_discovery:discover_packages(ignore) discover
[0.388s] Level 1:colcon.colcon_core.package_discovery:discover_packages(ignore) using defaults
[0.388s] Level 1:colcon.colcon_core.package_discovery:discover_packages(path) discover
[0.388s] Level 1:colcon.colcon_core.package_discovery:discover_packages(path) using defaults
[0.409s] Level 1:colcon.colcon_core.package_discovery:discover_packages(prefix_path) check parameters
[0.409s] Level 1:colcon.colcon_core.package_discovery:discover_packages(prefix_path) discover
[0.411s] DEBUG:colcon.colcon_installed_package_information.package_discovery:Found 2 installed packages in /home/ros2/CHAPT3/topic_ws/install
[0.413s] DEBUG:colcon.colcon_installed_package_information.package_discovery:Found 256 installed packages in /opt/ros/foxy
[0.414s] Level 1:colcon.colcon_core.package_discovery:discover_packages(prefix_path) using defaults
[0.510s] Level 5:colcon.colcon_core.verb:set package 'demo_cpp_topic' build argument 'cmake_args' from command line to 'None'
[0.510s] Level 5:colcon.colcon_core.verb:set package 'demo_cpp_topic' build argument 'cmake_target' from command line to 'None'
[0.510s] Level 5:colcon.colcon_core.verb:set package 'demo_cpp_topic' build argument 'cmake_target_skip_unavailable' from command line to 'False'
[0.510s] Level 5:colcon.colcon_core.verb:set package 'demo_cpp_topic' build argument 'cmake_clean_cache' from command line to 'False'
[0.510s] Level 5:colcon.colcon_core.verb:set package 'demo_cpp_topic' build argument 'cmake_clean_first' from command line to 'False'
[0.510s] Level 5:colcon.colcon_core.verb:set package 'demo_cpp_topic' build argument 'cmake_force_configure' from command line to 'False'
[0.510s] Level 5:colcon.colcon_core.verb:set package 'demo_cpp_topic' build argument 'ament_cmake_args' from command line to 'None'
[0.510s] Level 5:colcon.colcon_core.verb:set package 'demo_cpp_topic' build argument 'catkin_cmake_args' from command line to 'None'
[0.510s] Level 5:colcon.colcon_core.verb:set package 'demo_cpp_topic' build argument 'catkin_skip_building_tests' from command line to 'False'
[0.510s] DEBUG:colcon.colcon_core.verb:Building package 'demo_cpp_topic' with the following arguments: {'ament_cmake_args': None, 'build_base': '/home/ros2/CHAPT3/topic_ws/build/demo_cpp_topic', 'catkin_cmake_args': None, 'catkin_skip_building_tests': False, 'cmake_args': None, 'cmake_clean_cache': False, 'cmake_clean_first': False, 'cmake_force_configure': False, 'cmake_target': None, 'cmake_target_skip_unavailable': False, 'install_base': '/home/ros2/CHAPT3/topic_ws/install/demo_cpp_topic', 'merge_install': False, 'path': '/home/ros2/CHAPT3/topic_ws/src/demo_cpp_topic', 'symlink_install': False, 'test_result_base': None}
[0.510s] Level 5:colcon.colcon_core.verb:set package 'demo_python_topic' build argument 'cmake_args' from command line to 'None'
[0.511s] Level 5:colcon.colcon_core.verb:set package 'demo_python_topic' build argument 'cmake_target' from command line to 'None'
[0.511s] Level 5:colcon.colcon_core.verb:set package 'demo_python_topic' build argument 'cmake_target_skip_unavailable' from command line to 'False'
[0.511s] Level 5:colcon.colcon_core.verb:set package 'demo_python_topic' build argument 'cmake_clean_cache' from command line to 'False'
[0.511s] Level 5:colcon.colcon_core.verb:set package 'demo_python_topic' build argument 'cmake_clean_first' from command line to 'False'
[0.511s] Level 5:colcon.colcon_core.verb:set package 'demo_python_topic' build argument 'cmake_force_configure' from command line to 'False'
[0.511s] Level 5:colcon.colcon_core.verb:set package 'demo_python_topic' build argument 'ament_cmake_args' from command line to 'None'
[0.511s] Level 5:colcon.colcon_core.verb:set package 'demo_python_topic' build argument 'catkin_cmake_args' from command line to 'None'
[0.511s] Level 5:colcon.colcon_core.verb:set package 'demo_python_topic' build argument 'catkin_skip_building_tests' from command line to 'False'
[0.511s] DEBUG:colcon.colcon_core.verb:Building package 'demo_python_topic' with the following arguments: {'ament_cmake_args': None, 'build_base': '/home/ros2/CHAPT3/topic_ws/build/demo_python_topic', 'catkin_cmake_args': None, 'catkin_skip_building_tests': False, 'cmake_args': None, 'cmake_clean_cache': False, 'cmake_clean_first': False, 'cmake_force_configure': False, 'cmake_target': None, 'cmake_target_skip_unavailable': False, 'install_base': '/home/ros2/CHAPT3/topic_ws/install/demo_python_topic', 'merge_install': False, 'path': '/home/ros2/CHAPT3/topic_ws/src/demo_python_topic', 'symlink_install': False, 'test_result_base': None}
[0.511s] INFO:colcon.colcon_core.executor:Executing jobs using 'parallel' executor
[0.512s] DEBUG:colcon.colcon_parallel_executor.executor.parallel:run_until_complete
[0.512s] INFO:colcon.colcon_ros.task.ament_cmake.build:Building ROS package in '/home/ros2/CHAPT3/topic_ws/src/demo_cpp_topic' with build type 'ament_cmake'
[0.512s] INFO:colcon.colcon_cmake.task.cmake.build:Building CMake package in '/home/ros2/CHAPT3/topic_ws/src/demo_cpp_topic'
[0.515s] INFO:colcon.colcon_core.plugin_system:Skipping extension 'colcon_core.shell.bat': Not used on non-Windows systems
[0.516s] INFO:colcon.colcon_core.shell:Skip shell extension 'powershell' for command environment: Not usable outside of PowerShell
[0.516s] DEBUG:colcon.colcon_core.shell:Skip shell extension 'dsv' for command environment
[0.521s] INFO:colcon.colcon_ros.task.ament_python.build:Building ROS package in '/home/ros2/CHAPT3/topic_ws/src/demo_python_topic' with build type 'ament_python'
[0.521s] Level 1:colcon.colcon_core.shell:create_environment_hook('demo_python_topic', 'ament_prefix_path')
[0.521s] INFO:colcon.colcon_core.shell:Creating environment hook '/home/ros2/CHAPT3/topic_ws/install/demo_python_topic/share/demo_python_topic/hook/ament_prefix_path.ps1'
[0.522s] INFO:colcon.colcon_core.shell:Creating environment descriptor '/home/ros2/CHAPT3/topic_ws/install/demo_python_topic/share/demo_python_topic/hook/ament_prefix_path.dsv'
[0.523s] INFO:colcon.colcon_core.shell:Creating environment hook '/home/ros2/CHAPT3/topic_ws/install/demo_python_topic/share/demo_python_topic/hook/ament_prefix_path.sh'
[0.524s] INFO:colcon.colcon_core.shell:Skip shell extension 'powershell' for command environment: Not usable outside of PowerShell
[0.524s] DEBUG:colcon.colcon_core.shell:Skip shell extension 'dsv' for command environment
[0.545s] DEBUG:colcon.colcon_core.event_handler.log_command:Invoking command in '/home/ros2/CHAPT3/topic_ws/build/demo_cpp_topic': CMAKE_PREFIX_PATH=${CMAKE_PREFIX_PATH}:/home/ros2/CHAPT3/topic_ws/install/demo_python_topic:/opt/ros/foxy /usr/bin/cmake --build /home/ros2/CHAPT3/topic_ws/build/demo_cpp_topic -- -j2 -l2
[1.063s] INFO:colcon.colcon_core.task.python.build:Building Python package in '/home/ros2/CHAPT3/topic_ws/src/demo_python_topic'
[1.064s] INFO:colcon.colcon_core.shell:Skip shell extension 'powershell' for command environment: Not usable outside of PowerShell
[1.065s] DEBUG:colcon.colcon_core.shell:Skip shell extension 'dsv' for command environment
[1.087s] DEBUG:colcon.colcon_core.event_handler.log_command:Invoked command in '/home/ros2/CHAPT3/topic_ws/build/demo_cpp_topic' returned '0': CMAKE_PREFIX_PATH=${CMAKE_PREFIX_PATH}:/home/ros2/CHAPT3/topic_ws/install/demo_python_topic:/opt/ros/foxy /usr/bin/cmake --build /home/ros2/CHAPT3/topic_ws/build/demo_cpp_topic -- -j2 -l2
[1.275s] DEBUG:colcon.colcon_core.event_handler.log_command:Invoking command in '/home/ros2/CHAPT3/topic_ws/build/demo_cpp_topic': CMAKE_PREFIX_PATH=${CMAKE_PREFIX_PATH}:/home/ros2/CHAPT3/topic_ws/install/demo_python_topic:/opt/ros/foxy /usr/bin/cmake --install /home/ros2/CHAPT3/topic_ws/build/demo_cpp_topic
[1.328s] Level 1:colcon.colcon_core.environment:create_environment_scripts_only(demo_cpp_topic)
[1.331s] DEBUG:colcon.colcon_core.event_handler.log_command:Invoked command in '/home/ros2/CHAPT3/topic_ws/build/demo_cpp_topic' returned '0': CMAKE_PREFIX_PATH=${CMAKE_PREFIX_PATH}:/home/ros2/CHAPT3/topic_ws/install/demo_python_topic:/opt/ros/foxy /usr/bin/cmake --install /home/ros2/CHAPT3/topic_ws/build/demo_cpp_topic
[1.333s] Level 1:colcon.colcon_core.environment:checking '/home/ros2/CHAPT3/topic_ws/install/demo_cpp_topic' for CMake module files
[1.333s] Level 1:colcon.colcon_core.environment:checking '/home/ros2/CHAPT3/topic_ws/install/demo_cpp_topic' for CMake config files
[1.334s] Level 1:colcon.colcon_core.shell:create_environment_hook('demo_cpp_topic', 'cmake_prefix_path')
[1.334s] INFO:colcon.colcon_core.shell:Creating environment hook '/home/ros2/CHAPT3/topic_ws/install/demo_cpp_topic/share/demo_cpp_topic/hook/cmake_prefix_path.ps1'
[1.339s] INFO:colcon.colcon_core.shell:Creating environment descriptor '/home/ros2/CHAPT3/topic_ws/install/demo_cpp_topic/share/demo_cpp_topic/hook/cmake_prefix_path.dsv'
[1.339s] INFO:colcon.colcon_core.shell:Creating environment hook '/home/ros2/CHAPT3/topic_ws/install/demo_cpp_topic/share/demo_cpp_topic/hook/cmake_prefix_path.sh'
[1.341s] Level 1:colcon.colcon_core.environment:checking '/home/ros2/CHAPT3/topic_ws/install/demo_cpp_topic/lib'
[1.341s] Level 1:colcon.colcon_core.environment:checking '/home/ros2/CHAPT3/topic_ws/install/demo_cpp_topic/bin'
[1.341s] Level 1:colcon.colcon_core.environment:checking '/home/ros2/CHAPT3/topic_ws/install/demo_cpp_topic/lib/pkgconfig/demo_cpp_topic.pc'
[1.341s] Level 1:colcon.colcon_core.environment:checking '/home/ros2/CHAPT3/topic_ws/install/demo_cpp_topic/lib/python3.8/site-packages'
[1.341s] Level 1:colcon.colcon_core.environment:checking '/home/ros2/CHAPT3/topic_ws/install/demo_cpp_topic/bin'
[1.342s] INFO:colcon.colcon_core.shell:Creating package script '/home/ros2/CHAPT3/topic_ws/install/demo_cpp_topic/share/demo_cpp_topic/package.ps1'
[1.347s] INFO:colcon.colcon_core.shell:Creating package descriptor '/home/ros2/CHAPT3/topic_ws/install/demo_cpp_topic/share/demo_cpp_topic/package.dsv'
[1.348s] INFO:colcon.colcon_core.shell:Creating package script '/home/ros2/CHAPT3/topic_ws/install/demo_cpp_topic/share/demo_cpp_topic/package.sh'
[1.349s] INFO:colcon.colcon_core.shell:Creating package script '/home/ros2/CHAPT3/topic_ws/install/demo_cpp_topic/share/demo_cpp_topic/package.bash'
[1.355s] INFO:colcon.colcon_core.shell:Creating package script '/home/ros2/CHAPT3/topic_ws/install/demo_cpp_topic/share/demo_cpp_topic/package.zsh'
[1.357s] Level 1:colcon.colcon_core.environment:create_file_with_runtime_dependencies(/home/ros2/CHAPT3/topic_ws/install/demo_cpp_topic/share/colcon-core/packages/demo_cpp_topic)
[1.520s] Level 1:colcon.colcon_core.environment:create_environment_scripts_only(demo_cpp_topic)
[1.521s] Level 1:colcon.colcon_core.environment:checking '/home/ros2/CHAPT3/topic_ws/install/demo_cpp_topic' for CMake module files
[1.521s] Level 1:colcon.colcon_core.environment:checking '/home/ros2/CHAPT3/topic_ws/install/demo_cpp_topic' for CMake config files
[1.522s] Level 1:colcon.colcon_core.shell:create_environment_hook('demo_cpp_topic', 'cmake_prefix_path')
[1.522s] INFO:colcon.colcon_core.shell:Creating environment hook '/home/ros2/CHAPT3/topic_ws/install/demo_cpp_topic/share/demo_cpp_topic/hook/cmake_prefix_path.ps1'
[1.523s] INFO:colcon.colcon_core.shell:Creating environment descriptor '/home/ros2/CHAPT3/topic_ws/install/demo_cpp_topic/share/demo_cpp_topic/hook/cmake_prefix_path.dsv'
[1.524s] INFO:colcon.colcon_core.shell:Creating environment hook '/home/ros2/CHAPT3/topic_ws/install/demo_cpp_topic/share/demo_cpp_topic/hook/cmake_prefix_path.sh'
[1.524s] Level 1:colcon.colcon_core.environment:checking '/home/ros2/CHAPT3/topic_ws/install/demo_cpp_topic/lib'
[1.524s] Level 1:colcon.colcon_core.environment:checking '/home/ros2/CHAPT3/topic_ws/install/demo_cpp_topic/bin'
[1.524s] Level 1:colcon.colcon_core.environment:checking '/home/ros2/CHAPT3/topic_ws/install/demo_cpp_topic/lib/pkgconfig/demo_cpp_topic.pc'
[1.525s] Level 1:colcon.colcon_core.environment:checking '/home/ros2/CHAPT3/topic_ws/install/demo_cpp_topic/lib/python3.8/site-packages'
[1.525s] Level 1:colcon.colcon_core.environment:checking '/home/ros2/CHAPT3/topic_ws/install/demo_cpp_topic/bin'
[1.525s] INFO:colcon.colcon_core.shell:Creating package script '/home/ros2/CHAPT3/topic_ws/install/demo_cpp_topic/share/demo_cpp_topic/package.ps1'
[1.526s] INFO:colcon.colcon_core.shell:Creating package descriptor '/home/ros2/CHAPT3/topic_ws/install/demo_cpp_topic/share/demo_cpp_topic/package.dsv'
[1.530s] INFO:colcon.colcon_core.shell:Creating package script '/home/ros2/CHAPT3/topic_ws/install/demo_cpp_topic/share/demo_cpp_topic/package.sh'
[1.535s] INFO:colcon.colcon_core.shell:Creating package script '/home/ros2/CHAPT3/topic_ws/install/demo_cpp_topic/share/demo_cpp_topic/package.bash'
[1.536s] INFO:colcon.colcon_core.shell:Creating package script '/home/ros2/CHAPT3/topic_ws/install/demo_cpp_topic/share/demo_cpp_topic/package.zsh'
[1.537s] Level 1:colcon.colcon_core.environment:create_file_with_runtime_dependencies(/home/ros2/CHAPT3/topic_ws/install/demo_cpp_topic/share/colcon-core/packages/demo_cpp_topic)
[1.800s] DEBUG:colcon.colcon_core.event_handler.log_command:Invoking command in '/home/ros2/CHAPT3/topic_ws/src/demo_python_topic': PYTHONPATH=/home/ros2/CHAPT3/topic_ws/build/demo_python_topic/prefix_override:/usr/lib/python3/dist-packages/colcon_core/task/python/colcon_distutils_commands:/home/ros2/CHAPT3/topic_ws/install/demo_python_topic/lib/python3.8/site-packages:${PYTHONPATH} /usr/bin/python3 -W ignore:setup.py install is deprecated setup.py egg_info --egg-base ../../build/demo_python_topic build --build-base /home/ros2/CHAPT3/topic_ws/build/demo_python_topic/build install --record /home/ros2/CHAPT3/topic_ws/build/demo_python_topic/install.log --install-scripts $base/lib/demo_python_topic --single-version-externally-managed install_data
[2.183s] Level 1:colcon.colcon_core.environment:checking '/home/ros2/CHAPT3/topic_ws/install/demo_python_topic' for CMake module files
[2.183s] Level 1:colcon.colcon_core.environment:checking '/home/ros2/CHAPT3/topic_ws/install/demo_python_topic' for CMake config files
[2.184s] Level 1:colcon.colcon_core.environment:checking '/home/ros2/CHAPT3/topic_ws/install/demo_python_topic/lib'
[2.184s] Level 1:colcon.colcon_core.environment:checking '/home/ros2/CHAPT3/topic_ws/install/demo_python_topic/bin'
[2.185s] Level 1:colcon.colcon_core.environment:checking '/home/ros2/CHAPT3/topic_ws/install/demo_python_topic/lib/pkgconfig/demo_python_topic.pc'
[2.185s] Level 1:colcon.colcon_core.environment:checking '/home/ros2/CHAPT3/topic_ws/install/demo_python_topic/lib/python3.8/site-packages'
[2.185s] Level 1:colcon.colcon_core.shell:create_environment_hook('demo_python_topic', 'pythonpath')
[2.185s] INFO:colcon.colcon_core.shell:Creating environment hook '/home/ros2/CHAPT3/topic_ws/install/demo_python_topic/share/demo_python_topic/hook/pythonpath.ps1'
[2.189s] DEBUG:colcon.colcon_core.event_handler.log_command:Invoked command in '/home/ros2/CHAPT3/topic_ws/src/demo_python_topic' returned '0': PYTHONPATH=/home/ros2/CHAPT3/topic_ws/build/demo_python_topic/prefix_override:/usr/lib/python3/dist-packages/colcon_core/task/python/colcon_distutils_commands:/home/ros2/CHAPT3/topic_ws/install/demo_python_topic/lib/python3.8/site-packages:${PYTHONPATH} /usr/bin/python3 -W ignore:setup.py install is deprecated setup.py egg_info --egg-base ../../build/demo_python_topic build --build-base /home/ros2/CHAPT3/topic_ws/build/demo_python_topic/build install --record /home/ros2/CHAPT3/topic_ws/build/demo_python_topic/install.log --install-scripts $base/lib/demo_python_topic --single-version-externally-managed install_data
[2.190s] INFO:colcon.colcon_core.shell:Creating environment descriptor '/home/ros2/CHAPT3/topic_ws/install/demo_python_topic/share/demo_python_topic/hook/pythonpath.dsv'
[2.191s] INFO:colcon.colcon_core.shell:Creating environment hook '/home/ros2/CHAPT3/topic_ws/install/demo_python_topic/share/demo_python_topic/hook/pythonpath.sh'
[2.192s] Level 1:colcon.colcon_core.environment:checking '/home/ros2/CHAPT3/topic_ws/install/demo_python_topic/bin'
[2.192s] Level 1:colcon.colcon_core.environment:create_environment_scripts_only(demo_python_topic)
[2.192s] INFO:colcon.colcon_core.shell:Creating package script '/home/ros2/CHAPT3/topic_ws/install/demo_python_topic/share/demo_python_topic/package.ps1'
[2.193s] INFO:colcon.colcon_core.shell:Creating package descriptor '/home/ros2/CHAPT3/topic_ws/install/demo_python_topic/share/demo_python_topic/package.dsv'
[2.194s] INFO:colcon.colcon_core.shell:Creating package script '/home/ros2/CHAPT3/topic_ws/install/demo_python_topic/share/demo_python_topic/package.sh'
[2.194s] INFO:colcon.colcon_core.shell:Creating package script '/home/ros2/CHAPT3/topic_ws/install/demo_python_topic/share/demo_python_topic/package.bash'
[2.195s] INFO:colcon.colcon_core.shell:Creating package script '/home/ros2/CHAPT3/topic_ws/install/demo_python_topic/share/demo_python_topic/package.zsh'
[2.196s] Level 1:colcon.colcon_core.environment:create_file_with_runtime_dependencies(/home/ros2/CHAPT3/topic_ws/install/demo_python_topic/share/colcon-core/packages/demo_python_topic)
[2.197s] DEBUG:colcon.colcon_parallel_executor.executor.parallel:closing loop
[2.198s] DEBUG:colcon.colcon_parallel_executor.executor.parallel:loop closed
[2.198s] DEBUG:colcon.colcon_parallel_executor.executor.parallel:run_until_complete finished with '0'
[2.198s] DEBUG:colcon.colcon_core.event_reactor:joining thread
[2.207s] INFO:colcon.colcon_core.plugin_system:Skipping extension 'colcon_notification.desktop_notification.terminal_notifier': Not used on non-Darwin systems
[2.207s] INFO:colcon.colcon_core.plugin_system:Skipping extension 'colcon_notification.desktop_notification.win32': Not used on non-Windows systems
[2.208s] INFO:colcon.colcon_notification.desktop_notification:Sending desktop notification using 'notify2'
[2.235s] DEBUG:colcon.colcon_core.event_reactor:joined thread
[2.235s] INFO:colcon.colcon_core.shell:Creating prefix script '/home/ros2/CHAPT3/topic_ws/install/local_setup.ps1'
[2.237s] INFO:colcon.colcon_core.shell:Creating prefix util module '/home/ros2/CHAPT3/topic_ws/install/_local_setup_util_ps1.py'
[2.240s] INFO:colcon.colcon_core.shell:Creating prefix chain script '/home/ros2/CHAPT3/topic_ws/install/setup.ps1'
[2.243s] INFO:colcon.colcon_core.shell:Creating prefix script '/home/ros2/CHAPT3/topic_ws/install/local_setup.sh'
[2.244s] INFO:colcon.colcon_core.shell:Creating prefix util module '/home/ros2/CHAPT3/topic_ws/install/_local_setup_util_sh.py'
[2.246s] INFO:colcon.colcon_core.shell:Creating prefix chain script '/home/ros2/CHAPT3/topic_ws/install/setup.sh'
[2.250s] INFO:colcon.colcon_core.shell:Creating prefix script '/home/ros2/CHAPT3/topic_ws/install/local_setup.bash'
[2.251s] INFO:colcon.colcon_core.shell:Creating prefix chain script '/home/ros2/CHAPT3/topic_ws/install/setup.bash'
[2.254s] INFO:colcon.colcon_core.shell:Creating prefix script '/home/ros2/CHAPT3/topic_ws/install/local_setup.zsh'
[2.255s] INFO:colcon.colcon_core.shell:Creating prefix chain script '/home/ros2/CHAPT3/topic_ws/install/setup.zsh'
