[0.025s] Invoking command in '/home/ros2/CHAPT3/topic_ws/build/demo_cpp_topic': CMAKE_PREFIX_PATH=${CMAKE_PREFIX_PATH}:/home/ros2/CHAPT3/topic_ws/install/demo_python_topic:/opt/ros/foxy /usr/bin/cmake --build /home/ros2/CHAPT3/topic_ws/build/demo_cpp_topic -- -j2 -l2
[0.169s] [35m[1mScanning dependencies of target turtle_contrl[0m
[0.244s] [ 25%] [32mBuilding CXX object CMakeFiles/turtle_contrl.dir/src/turtle_contrl.cpp.o[0m
[7.424s] [ 50%] [32m[1mLinking CXX executable turtle_contrl[0m
[7.810s] [ 50%] Built target turtle_contrl
[7.872s] [100%] Built target turtle_circle
[7.885s] Invoked command in '/home/ros2/CHAPT3/topic_ws/build/demo_cpp_topic' returned '0': CMAKE_PREFIX_PATH=${CMAKE_PREFIX_PATH}:/home/ros2/CHAPT3/topic_ws/install/demo_python_topic:/opt/ros/foxy /usr/bin/cmake --build /home/ros2/CHAPT3/topic_ws/build/demo_cpp_topic -- -j2 -l2
[7.953s] Invoking command in '/home/ros2/CHAPT3/topic_ws/build/demo_cpp_topic': CMAKE_PREFIX_PATH=${CMAKE_PREFIX_PATH}:/home/ros2/CHAPT3/topic_ws/install/demo_python_topic:/opt/ros/foxy /usr/bin/cmake --install /home/ros2/CHAPT3/topic_ws/build/demo_cpp_topic
[7.973s] -- Install configuration: ""
[7.974s] -- Up-to-date: /home/ros2/CHAPT3/topic_ws/install/demo_cpp_topic/lib/demo_cpp_topic/turtle_circle
[7.975s] -- Installing: /home/ros2/CHAPT3/topic_ws/install/demo_cpp_topic/lib/demo_cpp_topic/turtle_contrl
[7.979s] -- Set runtime path of "/home/ros2/CHAPT3/topic_ws/install/demo_cpp_topic/lib/demo_cpp_topic/turtle_contrl" to ""
[7.980s] -- Up-to-date: /home/ros2/CHAPT3/topic_ws/install/demo_cpp_topic/share/ament_index/resource_index/package_run_dependencies/demo_cpp_topic
[7.981s] -- Up-to-date: /home/ros2/CHAPT3/topic_ws/install/demo_cpp_topic/share/ament_index/resource_index/parent_prefix_path/demo_cpp_topic
[7.982s] -- Up-to-date: /home/ros2/CHAPT3/topic_ws/install/demo_cpp_topic/share/demo_cpp_topic/environment/ament_prefix_path.sh
[7.982s] -- Up-to-date: /home/ros2/CHAPT3/topic_ws/install/demo_cpp_topic/share/demo_cpp_topic/environment/ament_prefix_path.dsv
[7.983s] -- Up-to-date: /home/ros2/CHAPT3/topic_ws/install/demo_cpp_topic/share/demo_cpp_topic/environment/path.sh
[7.984s] -- Up-to-date: /home/ros2/CHAPT3/topic_ws/install/demo_cpp_topic/share/demo_cpp_topic/environment/path.dsv
[7.984s] -- Up-to-date: /home/ros2/CHAPT3/topic_ws/install/demo_cpp_topic/share/demo_cpp_topic/local_setup.bash
[7.984s] -- Up-to-date: /home/ros2/CHAPT3/topic_ws/install/demo_cpp_topic/share/demo_cpp_topic/local_setup.sh
[7.986s] -- Up-to-date: /home/ros2/CHAPT3/topic_ws/install/demo_cpp_topic/share/demo_cpp_topic/local_setup.zsh
[7.986s] -- Up-to-date: /home/ros2/CHAPT3/topic_ws/install/demo_cpp_topic/share/demo_cpp_topic/local_setup.dsv
[7.986s] -- Installing: /home/ros2/CHAPT3/topic_ws/install/demo_cpp_topic/share/demo_cpp_topic/package.dsv
[7.986s] -- Up-to-date: /home/ros2/CHAPT3/topic_ws/install/demo_cpp_topic/share/ament_index/resource_index/packages/demo_cpp_topic
[7.987s] -- Up-to-date: /home/ros2/CHAPT3/topic_ws/install/demo_cpp_topic/share/demo_cpp_topic/cmake/demo_cpp_topicConfig.cmake
[7.987s] -- Up-to-date: /home/ros2/CHAPT3/topic_ws/install/demo_cpp_topic/share/demo_cpp_topic/cmake/demo_cpp_topicConfig-version.cmake
[7.987s] -- Up-to-date: /home/ros2/CHAPT3/topic_ws/install/demo_cpp_topic/share/demo_cpp_topic/package.xml
[7.995s] Invoked command in '/home/ros2/CHAPT3/topic_ws/build/demo_cpp_topic' returned '0': CMAKE_PREFIX_PATH=${CMAKE_PREFIX_PATH}:/home/ros2/CHAPT3/topic_ws/install/demo_python_topic:/opt/ros/foxy /usr/bin/cmake --install /home/ros2/CHAPT3/topic_ws/build/demo_cpp_topic
