-- Found ament_cmake: 0.9.12 (/opt/ros/foxy/share/ament_cmake/cmake)
-- Using PYTHON_EXECUTABLE: /usr/bin/python3
-- Found chapt4_interfaces: 0.0.0 (/home/ros2/CHAPT4/CHAPT4_WS/install/chapt4_interfaces/share/chapt4_interfaces/cmake)
-- Using all available rosidl_typesupport_c: rosidl_typesupport_fastrtps_c;rosidl_typesupport_introspection_c
-- Found rosidl_adapter: 1.3.1 (/opt/ros/foxy/share/rosidl_adapter/cmake)
-- Using all available rosidl_typesupport_cpp: rosidl_typesupport_fastrtps_cpp;rosidl_typesupport_introspection_cpp
-- Found rclcpp: 2.4.3 (/opt/ros/foxy/share/rclcpp/cmake)
-- Found rmw_implementation_cmake: 1.0.4 (/opt/ros/foxy/share/rmw_implementation_cmake/cmake)
-- Using RMW implementation 'rmw_fastrtps_cpp' as default
CMake Error at CMakeLists.txt:22 (find_package):
  By not providing "Findgeomety_msg.cmake" in CMAKE_MODULE_PATH this project
  has asked CMake to find a package configuration file provided by
  "geomety_msg", but CMake did not find one.

  Could not find a package configuration file provided by "geomety_msg" with
  any of the following names:

    geomety_msgConfig.cmake
    geomety_msg-config.cmake

  Add the installation prefix of "geomety_msg" to CMAKE_PREFIX_PATH or set
  "geomety_msg_DIR" to a directory containing one of the above files.  If
  "geomety_msg" provides a separate development package or SDK, be sure it
  has been installed.


-- Configuring incomplete, errors occurred!
See also "/home/ros2/CHAPT4/CHAPT4_WS/build/demo_cpp_service/CMakeFiles/CMakeOutput.log".
See also "/home/ros2/CHAPT4/CHAPT4_WS/build/demo_cpp_service/CMakeFiles/CMakeError.log".
