[0.829s] Invoking command in '/home/ros2/CHAPT2/chapt2_ws/src/demo_python_pkg': PYTHONPATH=/home/ros2/CHAPT2/chapt2_ws/build/demo_python_pkg/prefix_override:/usr/lib/python3/dist-packages/colcon_core/task/python/colcon_distutils_commands:/home/ros2/CHAPT2/chapt2_ws/install/demo_python_pkg/lib/python3.8/site-packages:${PYTHONPATH} /usr/bin/python3 -W ignore:setup.py install is deprecated setup.py egg_info --egg-base ../../build/demo_python_pkg build --build-base /home/ros2/CHAPT2/chapt2_ws/build/demo_python_pkg/build install --record /home/ros2/CHAPT2/chapt2_ws/build/demo_python_pkg/install.log --install-scripts $base/lib/demo_python_pkg --single-version-externally-managed install_data
[1.079s] running egg_info
[1.081s] writing ../../build/demo_python_pkg/demo_python_pkg.egg-info/PKG-INFO
[1.085s] writing dependency_links to ../../build/demo_python_pkg/demo_python_pkg.egg-info/dependency_links.txt
[1.088s] writing entry points to ../../build/demo_python_pkg/demo_python_pkg.egg-info/entry_points.txt
[1.089s] writing requirements to ../../build/demo_python_pkg/demo_python_pkg.egg-info/requires.txt
[1.090s] writing top-level names to ../../build/demo_python_pkg/demo_python_pkg.egg-info/top_level.txt
[1.128s] reading manifest file '../../build/demo_python_pkg/demo_python_pkg.egg-info/SOURCES.txt'
[1.129s] writing manifest file '../../build/demo_python_pkg/demo_python_pkg.egg-info/SOURCES.txt'
[1.130s] running build
[1.131s] running build_py
[1.132s] copying demo_python_pkg/person_node.py -> /home/ros2/CHAPT2/chapt2_ws/build/demo_python_pkg/build/lib/demo_python_pkg
[1.133s] running install
[1.135s] running install_lib
[1.137s] copying /home/ros2/CHAPT2/chapt2_ws/build/demo_python_pkg/build/lib/demo_python_pkg/person_node.py -> /home/ros2/CHAPT2/chapt2_ws/install/demo_python_pkg/lib/python3.8/site-packages/demo_python_pkg
[1.139s] byte-compiling /home/ros2/CHAPT2/chapt2_ws/install/demo_python_pkg/lib/python3.8/site-packages/demo_python_pkg/person_node.py to person_node.cpython-38.pyc
[1.143s] running install_data
[1.143s] running install_egg_info
[1.146s] removing '/home/ros2/CHAPT2/chapt2_ws/install/demo_python_pkg/lib/python3.8/site-packages/demo_python_pkg-0.0.0-py3.8.egg-info' (and everything under it)
[1.147s] Copying ../../build/demo_python_pkg/demo_python_pkg.egg-info to /home/ros2/CHAPT2/chapt2_ws/install/demo_python_pkg/lib/python3.8/site-packages/demo_python_pkg-0.0.0-py3.8.egg-info
[1.149s] running install_scripts
[1.168s] Installing person_node script to /home/ros2/CHAPT2/chapt2_ws/install/demo_python_pkg/lib/demo_python_pkg
[1.170s] Installing python_node script to /home/ros2/CHAPT2/chapt2_ws/install/demo_python_pkg/lib/demo_python_pkg
[1.171s] writing list of installed files to '/home/ros2/CHAPT2/chapt2_ws/build/demo_python_pkg/install.log'
[1.208s] Invoked command in '/home/ros2/CHAPT2/chapt2_ws/src/demo_python_pkg' returned '0': PYTHONPATH=/home/ros2/CHAPT2/chapt2_ws/build/demo_python_pkg/prefix_override:/usr/lib/python3/dist-packages/colcon_core/task/python/colcon_distutils_commands:/home/ros2/CHAPT2/chapt2_ws/install/demo_python_pkg/lib/python3.8/site-packages:${PYTHONPATH} /usr/bin/python3 -W ignore:setup.py install is deprecated setup.py egg_info --egg-base ../../build/demo_python_pkg build --build-base /home/ros2/CHAPT2/chapt2_ws/build/demo_python_pkg/build install --record /home/ros2/CHAPT2/chapt2_ws/build/demo_python_pkg/install.log --install-scripts $base/lib/demo_python_pkg --single-version-externally-managed install_data
