[0.268s] DEBUG:colcon:Command line arguments: ['/usr/bin/colcon', 'build']
[0.268s] DEBUG:colcon:Parsed command line arguments: Namespace(allow_overriding=[], ament_cmake_args=None, base_paths=['.'], build_base='build', catkin_cmake_args=None, catkin_skip_building_tests=False, cmake_args=None, cmake_clean_cache=False, cmake_clean_first=False, cmake_force_configure=False, cmake_target=None, cmake_target_skip_unavailable=False, continue_on_error=False, event_handlers=None, executor='parallel', ignore_user_meta=False, install_base='install', log_base=None, log_level=None, main=<bound method BuildVerb.main of <colcon_core.verb.build.BuildVerb object at 0x7ffb4c3496d0>>, merge_install=False, metas=['./colcon.meta'], packages_above=None, packages_above_and_dependencies=None, packages_above_depth=None, packages_end=None, packages_ignore=None, packages_ignore_regex=None, packages_select=None, packages_select_build_failed=False, packages_select_by_dep=None, packages_select_regex=None, packages_select_test_failures=False, packages_skip=None, packages_skip_build_finished=False, packages_skip_by_dep=None, packages_skip_regex=None, packages_skip_test_passed=False, packages_skip_up_to=None, packages_start=None, packages_up_to=None, packages_up_to_regex=None, parallel_workers=2, paths=None, symlink_install=False, test_result_base=None, verb_extension=<colcon_core.verb.build.BuildVerb object at 0x7ffb4c3496d0>, verb_name='build', verb_parser=<colcon_defaults.argument_parser.defaults.DefaultArgumentsDecorator object at 0x7ffb4c3543d0>)
[0.431s] Level 1:colcon.colcon_core.package_discovery:discover_packages(colcon_meta) check parameters
[0.431s] Level 1:colcon.colcon_core.package_discovery:discover_packages(recursive) check parameters
[0.431s] Level 1:colcon.colcon_core.package_discovery:discover_packages(ignore) check parameters
[0.431s] Level 1:colcon.colcon_core.package_discovery:discover_packages(path) check parameters
[0.431s] Level 1:colcon.colcon_core.package_discovery:discover_packages(colcon_meta) discover
[0.431s] Level 1:colcon.colcon_core.package_discovery:discover_packages(recursive) discover
[0.431s] INFO:colcon.colcon_core.package_discovery:Crawling recursively for packages in '/home/ros2/CHAPT4/CHAPT4_WS'
[0.432s] Level 1:colcon.colcon_core.package_identification:_identify(.) by extensions ['ignore', 'ignore_ament_install']
[0.432s] Level 1:colcon.colcon_core.package_identification:_identify(.) by extension 'ignore'
[0.432s] Level 1:colcon.colcon_core.package_identification:_identify(.) by extension 'ignore_ament_install'
[0.432s] Level 1:colcon.colcon_core.package_identification:_identify(.) by extensions ['colcon_pkg']
[0.432s] Level 1:colcon.colcon_core.package_identification:_identify(.) by extension 'colcon_pkg'
[0.432s] Level 1:colcon.colcon_core.package_identification:_identify(.) by extensions ['colcon_meta']
[0.432s] Level 1:colcon.colcon_core.package_identification:_identify(.) by extension 'colcon_meta'
[0.432s] Level 1:colcon.colcon_core.package_identification:_identify(.) by extensions ['ros']
[0.432s] Level 1:colcon.colcon_core.package_identification:_identify(.) by extension 'ros'
[0.443s] Level 1:colcon.colcon_core.package_identification:_identify(.) by extensions ['cmake', 'python']
[0.443s] Level 1:colcon.colcon_core.package_identification:_identify(.) by extension 'cmake'
[0.443s] Level 1:colcon.colcon_core.package_identification:_identify(.) by extension 'python'
[0.443s] Level 1:colcon.colcon_core.package_identification:_identify(.) by extensions ['python_setup_py']
[0.443s] Level 1:colcon.colcon_core.package_identification:_identify(.) by extension 'python_setup_py'
[0.443s] Level 1:colcon.colcon_core.package_identification:_identify(build) by extensions ['ignore', 'ignore_ament_install']
[0.443s] Level 1:colcon.colcon_core.package_identification:_identify(build) by extension 'ignore'
[0.444s] Level 1:colcon.colcon_core.package_identification:_identify(build) ignored
[0.444s] Level 1:colcon.colcon_core.package_identification:_identify(install) by extensions ['ignore', 'ignore_ament_install']
[0.444s] Level 1:colcon.colcon_core.package_identification:_identify(install) by extension 'ignore'
[0.444s] Level 1:colcon.colcon_core.package_identification:_identify(install) ignored
[0.444s] Level 1:colcon.colcon_core.package_identification:_identify(log) by extensions ['ignore', 'ignore_ament_install']
[0.444s] Level 1:colcon.colcon_core.package_identification:_identify(log) by extension 'ignore'
[0.444s] Level 1:colcon.colcon_core.package_identification:_identify(log) ignored
[0.444s] Level 1:colcon.colcon_core.package_identification:_identify(src) by extensions ['ignore', 'ignore_ament_install']
[0.444s] Level 1:colcon.colcon_core.package_identification:_identify(src) by extension 'ignore'
[0.445s] Level 1:colcon.colcon_core.package_identification:_identify(src) by extension 'ignore_ament_install'
[0.445s] Level 1:colcon.colcon_core.package_identification:_identify(src) by extensions ['colcon_pkg']
[0.445s] Level 1:colcon.colcon_core.package_identification:_identify(src) by extension 'colcon_pkg'
[0.445s] Level 1:colcon.colcon_core.package_identification:_identify(src) by extensions ['colcon_meta']
[0.445s] Level 1:colcon.colcon_core.package_identification:_identify(src) by extension 'colcon_meta'
[0.445s] Level 1:colcon.colcon_core.package_identification:_identify(src) by extensions ['ros']
[0.445s] Level 1:colcon.colcon_core.package_identification:_identify(src) by extension 'ros'
[0.445s] Level 1:colcon.colcon_core.package_identification:_identify(src) by extensions ['cmake', 'python']
[0.445s] Level 1:colcon.colcon_core.package_identification:_identify(src) by extension 'cmake'
[0.445s] Level 1:colcon.colcon_core.package_identification:_identify(src) by extension 'python'
[0.445s] Level 1:colcon.colcon_core.package_identification:_identify(src) by extensions ['python_setup_py']
[0.445s] Level 1:colcon.colcon_core.package_identification:_identify(src) by extension 'python_setup_py'
[0.445s] Level 1:colcon.colcon_core.package_identification:_identify(src/chapt4_interfaces) by extensions ['ignore', 'ignore_ament_install']
[0.445s] Level 1:colcon.colcon_core.package_identification:_identify(src/chapt4_interfaces) by extension 'ignore'
[0.445s] Level 1:colcon.colcon_core.package_identification:_identify(src/chapt4_interfaces) by extension 'ignore_ament_install'
[0.445s] Level 1:colcon.colcon_core.package_identification:_identify(src/chapt4_interfaces) by extensions ['colcon_pkg']
[0.446s] Level 1:colcon.colcon_core.package_identification:_identify(src/chapt4_interfaces) by extension 'colcon_pkg'
[0.446s] Level 1:colcon.colcon_core.package_identification:_identify(src/chapt4_interfaces) by extensions ['colcon_meta']
[0.446s] Level 1:colcon.colcon_core.package_identification:_identify(src/chapt4_interfaces) by extension 'colcon_meta'
[0.446s] Level 1:colcon.colcon_core.package_identification:_identify(src/chapt4_interfaces) by extensions ['ros']
[0.446s] Level 1:colcon.colcon_core.package_identification:_identify(src/chapt4_interfaces) by extension 'ros'
[0.449s] DEBUG:colcon.colcon_core.package_identification:Package 'src/chapt4_interfaces' with type 'ros.ament_cmake' and name 'chapt4_interfaces'
[0.449s] Level 1:colcon.colcon_core.package_identification:_identify(src/demo_cpp_service) by extensions ['ignore', 'ignore_ament_install']
[0.449s] Level 1:colcon.colcon_core.package_identification:_identify(src/demo_cpp_service) by extension 'ignore'
[0.449s] Level 1:colcon.colcon_core.package_identification:_identify(src/demo_cpp_service) by extension 'ignore_ament_install'
[0.449s] Level 1:colcon.colcon_core.package_identification:_identify(src/demo_cpp_service) by extensions ['colcon_pkg']
[0.449s] Level 1:colcon.colcon_core.package_identification:_identify(src/demo_cpp_service) by extension 'colcon_pkg'
[0.450s] Level 1:colcon.colcon_core.package_identification:_identify(src/demo_cpp_service) by extensions ['colcon_meta']
[0.450s] Level 1:colcon.colcon_core.package_identification:_identify(src/demo_cpp_service) by extension 'colcon_meta'
[0.450s] Level 1:colcon.colcon_core.package_identification:_identify(src/demo_cpp_service) by extensions ['ros']
[0.450s] Level 1:colcon.colcon_core.package_identification:_identify(src/demo_cpp_service) by extension 'ros'
[0.452s] DEBUG:colcon.colcon_core.package_identification:Package 'src/demo_cpp_service' with type 'ros.ament_cmake' and name 'demo_cpp_service'
[0.452s] Level 1:colcon.colcon_core.package_identification:_identify(src/demo_python_service) by extensions ['ignore', 'ignore_ament_install']
[0.452s] Level 1:colcon.colcon_core.package_identification:_identify(src/demo_python_service) by extension 'ignore'
[0.452s] Level 1:colcon.colcon_core.package_identification:_identify(src/demo_python_service) by extension 'ignore_ament_install'
[0.452s] Level 1:colcon.colcon_core.package_identification:_identify(src/demo_python_service) by extensions ['colcon_pkg']
[0.453s] Level 1:colcon.colcon_core.package_identification:_identify(src/demo_python_service) by extension 'colcon_pkg'
[0.453s] Level 1:colcon.colcon_core.package_identification:_identify(src/demo_python_service) by extensions ['colcon_meta']
[0.453s] Level 1:colcon.colcon_core.package_identification:_identify(src/demo_python_service) by extension 'colcon_meta'
[0.453s] Level 1:colcon.colcon_core.package_identification:_identify(src/demo_python_service) by extensions ['ros']
[0.453s] Level 1:colcon.colcon_core.package_identification:_identify(src/demo_python_service) by extension 'ros'
[0.455s] DEBUG:colcon.colcon_core.package_identification:Package 'src/demo_python_service' with type 'ros.ament_python' and name 'demo_python_service'
[0.455s] Level 1:colcon.colcon_core.package_discovery:discover_packages(recursive) using defaults
[0.455s] Level 1:colcon.colcon_core.package_discovery:discover_packages(ignore) discover
[0.455s] Level 1:colcon.colcon_core.package_discovery:discover_packages(ignore) using defaults
[0.455s] Level 1:colcon.colcon_core.package_discovery:discover_packages(path) discover
[0.455s] Level 1:colcon.colcon_core.package_discovery:discover_packages(path) using defaults
[0.471s] Level 1:colcon.colcon_core.package_discovery:discover_packages(prefix_path) check parameters
[0.471s] Level 1:colcon.colcon_core.package_discovery:discover_packages(prefix_path) discover
[0.473s] DEBUG:colcon.colcon_installed_package_information.package_discovery:Found 3 installed packages in /home/ros2/CHAPT4/CHAPT4_WS/install
[0.476s] DEBUG:colcon.colcon_installed_package_information.package_discovery:Found 256 installed packages in /opt/ros/foxy
[0.478s] Level 1:colcon.colcon_core.package_discovery:discover_packages(prefix_path) using defaults
[0.557s] Level 5:colcon.colcon_core.verb:set package 'chapt4_interfaces' build argument 'cmake_args' from command line to 'None'
[0.557s] Level 5:colcon.colcon_core.verb:set package 'chapt4_interfaces' build argument 'cmake_target' from command line to 'None'
[0.557s] Level 5:colcon.colcon_core.verb:set package 'chapt4_interfaces' build argument 'cmake_target_skip_unavailable' from command line to 'False'
[0.557s] Level 5:colcon.colcon_core.verb:set package 'chapt4_interfaces' build argument 'cmake_clean_cache' from command line to 'False'
[0.557s] Level 5:colcon.colcon_core.verb:set package 'chapt4_interfaces' build argument 'cmake_clean_first' from command line to 'False'
[0.557s] Level 5:colcon.colcon_core.verb:set package 'chapt4_interfaces' build argument 'cmake_force_configure' from command line to 'False'
[0.557s] Level 5:colcon.colcon_core.verb:set package 'chapt4_interfaces' build argument 'ament_cmake_args' from command line to 'None'
[0.557s] Level 5:colcon.colcon_core.verb:set package 'chapt4_interfaces' build argument 'catkin_cmake_args' from command line to 'None'
[0.557s] Level 5:colcon.colcon_core.verb:set package 'chapt4_interfaces' build argument 'catkin_skip_building_tests' from command line to 'False'
[0.557s] DEBUG:colcon.colcon_core.verb:Building package 'chapt4_interfaces' with the following arguments: {'ament_cmake_args': None, 'build_base': '/home/ros2/CHAPT4/CHAPT4_WS/build/chapt4_interfaces', 'catkin_cmake_args': None, 'catkin_skip_building_tests': False, 'cmake_args': None, 'cmake_clean_cache': False, 'cmake_clean_first': False, 'cmake_force_configure': False, 'cmake_target': None, 'cmake_target_skip_unavailable': False, 'install_base': '/home/ros2/CHAPT4/CHAPT4_WS/install/chapt4_interfaces', 'merge_install': False, 'path': '/home/ros2/CHAPT4/CHAPT4_WS/src/chapt4_interfaces', 'symlink_install': False, 'test_result_base': None}
[0.558s] Level 5:colcon.colcon_core.verb:set package 'demo_cpp_service' build argument 'cmake_args' from command line to 'None'
[0.558s] Level 5:colcon.colcon_core.verb:set package 'demo_cpp_service' build argument 'cmake_target' from command line to 'None'
[0.558s] Level 5:colcon.colcon_core.verb:set package 'demo_cpp_service' build argument 'cmake_target_skip_unavailable' from command line to 'False'
[0.558s] Level 5:colcon.colcon_core.verb:set package 'demo_cpp_service' build argument 'cmake_clean_cache' from command line to 'False'
[0.558s] Level 5:colcon.colcon_core.verb:set package 'demo_cpp_service' build argument 'cmake_clean_first' from command line to 'False'
[0.558s] Level 5:colcon.colcon_core.verb:set package 'demo_cpp_service' build argument 'cmake_force_configure' from command line to 'False'
[0.558s] Level 5:colcon.colcon_core.verb:set package 'demo_cpp_service' build argument 'ament_cmake_args' from command line to 'None'
[0.558s] Level 5:colcon.colcon_core.verb:set package 'demo_cpp_service' build argument 'catkin_cmake_args' from command line to 'None'
[0.558s] Level 5:colcon.colcon_core.verb:set package 'demo_cpp_service' build argument 'catkin_skip_building_tests' from command line to 'False'
[0.558s] DEBUG:colcon.colcon_core.verb:Building package 'demo_cpp_service' with the following arguments: {'ament_cmake_args': None, 'build_base': '/home/ros2/CHAPT4/CHAPT4_WS/build/demo_cpp_service', 'catkin_cmake_args': None, 'catkin_skip_building_tests': False, 'cmake_args': None, 'cmake_clean_cache': False, 'cmake_clean_first': False, 'cmake_force_configure': False, 'cmake_target': None, 'cmake_target_skip_unavailable': False, 'install_base': '/home/ros2/CHAPT4/CHAPT4_WS/install/demo_cpp_service', 'merge_install': False, 'path': '/home/ros2/CHAPT4/CHAPT4_WS/src/demo_cpp_service', 'symlink_install': False, 'test_result_base': None}
[0.558s] Level 5:colcon.colcon_core.verb:set package 'demo_python_service' build argument 'cmake_args' from command line to 'None'
[0.558s] Level 5:colcon.colcon_core.verb:set package 'demo_python_service' build argument 'cmake_target' from command line to 'None'
[0.558s] Level 5:colcon.colcon_core.verb:set package 'demo_python_service' build argument 'cmake_target_skip_unavailable' from command line to 'False'
[0.558s] Level 5:colcon.colcon_core.verb:set package 'demo_python_service' build argument 'cmake_clean_cache' from command line to 'False'
[0.558s] Level 5:colcon.colcon_core.verb:set package 'demo_python_service' build argument 'cmake_clean_first' from command line to 'False'
[0.558s] Level 5:colcon.colcon_core.verb:set package 'demo_python_service' build argument 'cmake_force_configure' from command line to 'False'
[0.558s] Level 5:colcon.colcon_core.verb:set package 'demo_python_service' build argument 'ament_cmake_args' from command line to 'None'
[0.559s] Level 5:colcon.colcon_core.verb:set package 'demo_python_service' build argument 'catkin_cmake_args' from command line to 'None'
[0.559s] Level 5:colcon.colcon_core.verb:set package 'demo_python_service' build argument 'catkin_skip_building_tests' from command line to 'False'
[0.559s] DEBUG:colcon.colcon_core.verb:Building package 'demo_python_service' with the following arguments: {'ament_cmake_args': None, 'build_base': '/home/ros2/CHAPT4/CHAPT4_WS/build/demo_python_service', 'catkin_cmake_args': None, 'catkin_skip_building_tests': False, 'cmake_args': None, 'cmake_clean_cache': False, 'cmake_clean_first': False, 'cmake_force_configure': False, 'cmake_target': None, 'cmake_target_skip_unavailable': False, 'install_base': '/home/ros2/CHAPT4/CHAPT4_WS/install/demo_python_service', 'merge_install': False, 'path': '/home/ros2/CHAPT4/CHAPT4_WS/src/demo_python_service', 'symlink_install': False, 'test_result_base': None}
[0.559s] INFO:colcon.colcon_core.executor:Executing jobs using 'parallel' executor
[0.560s] DEBUG:colcon.colcon_parallel_executor.executor.parallel:run_until_complete
[0.560s] INFO:colcon.colcon_ros.task.ament_cmake.build:Building ROS package in '/home/ros2/CHAPT4/CHAPT4_WS/src/chapt4_interfaces' with build type 'ament_cmake'
[0.560s] INFO:colcon.colcon_cmake.task.cmake.build:Building CMake package in '/home/ros2/CHAPT4/CHAPT4_WS/src/chapt4_interfaces'
[0.562s] INFO:colcon.colcon_core.plugin_system:Skipping extension 'colcon_core.shell.bat': Not used on non-Windows systems
[0.562s] INFO:colcon.colcon_core.shell:Skip shell extension 'powershell' for command environment: Not usable outside of PowerShell
[0.562s] DEBUG:colcon.colcon_core.shell:Skip shell extension 'dsv' for command environment
[0.584s] DEBUG:colcon.colcon_core.event_handler.log_command:Invoking command in '/home/ros2/CHAPT4/CHAPT4_WS/build/chapt4_interfaces': CMAKE_PREFIX_PATH=${CMAKE_PREFIX_PATH}:/home/ros2/CHAPT4/CHAPT4_WS/install/demo_python_service:/opt/ros/foxy /usr/bin/cmake --build /home/ros2/CHAPT4/CHAPT4_WS/build/chapt4_interfaces -- -j2 -l2
[1.265s] DEBUG:colcon.colcon_core.event_handler.log_command:Invoked command in '/home/ros2/CHAPT4/CHAPT4_WS/build/chapt4_interfaces' returned '0': CMAKE_PREFIX_PATH=${CMAKE_PREFIX_PATH}:/home/ros2/CHAPT4/CHAPT4_WS/install/demo_python_service:/opt/ros/foxy /usr/bin/cmake --build /home/ros2/CHAPT4/CHAPT4_WS/build/chapt4_interfaces -- -j2 -l2
[1.388s] DEBUG:colcon.colcon_core.event_handler.log_command:Invoking command in '/home/ros2/CHAPT4/CHAPT4_WS/build/chapt4_interfaces': CMAKE_PREFIX_PATH=${CMAKE_PREFIX_PATH}:/home/ros2/CHAPT4/CHAPT4_WS/install/demo_python_service:/opt/ros/foxy /usr/bin/cmake --install /home/ros2/CHAPT4/CHAPT4_WS/build/chapt4_interfaces
[1.555s] Level 1:colcon.colcon_core.environment:create_environment_scripts_only(chapt4_interfaces)
[1.559s] Level 1:colcon.colcon_core.environment:checking '/home/ros2/CHAPT4/CHAPT4_WS/install/chapt4_interfaces' for CMake module files
[1.564s] DEBUG:colcon.colcon_core.event_handler.log_command:Invoked command in '/home/ros2/CHAPT4/CHAPT4_WS/build/chapt4_interfaces' returned '0': CMAKE_PREFIX_PATH=${CMAKE_PREFIX_PATH}:/home/ros2/CHAPT4/CHAPT4_WS/install/demo_python_service:/opt/ros/foxy /usr/bin/cmake --install /home/ros2/CHAPT4/CHAPT4_WS/build/chapt4_interfaces
[1.564s] Level 1:colcon.colcon_core.environment:checking '/home/ros2/CHAPT4/CHAPT4_WS/install/chapt4_interfaces' for CMake config files
[1.565s] Level 1:colcon.colcon_core.shell:create_environment_hook('chapt4_interfaces', 'cmake_prefix_path')
[1.565s] INFO:colcon.colcon_core.shell:Creating environment hook '/home/ros2/CHAPT4/CHAPT4_WS/install/chapt4_interfaces/share/chapt4_interfaces/hook/cmake_prefix_path.ps1'
[1.566s] INFO:colcon.colcon_core.shell:Creating environment descriptor '/home/ros2/CHAPT4/CHAPT4_WS/install/chapt4_interfaces/share/chapt4_interfaces/hook/cmake_prefix_path.dsv'
[1.567s] INFO:colcon.colcon_core.shell:Creating environment hook '/home/ros2/CHAPT4/CHAPT4_WS/install/chapt4_interfaces/share/chapt4_interfaces/hook/cmake_prefix_path.sh'
[1.568s] Level 1:colcon.colcon_core.environment:checking '/home/ros2/CHAPT4/CHAPT4_WS/install/chapt4_interfaces/lib'
[1.568s] Level 1:colcon.colcon_core.shell:create_environment_hook('chapt4_interfaces', 'ld_library_path_lib')
[1.569s] INFO:colcon.colcon_core.shell:Creating environment hook '/home/ros2/CHAPT4/CHAPT4_WS/install/chapt4_interfaces/share/chapt4_interfaces/hook/ld_library_path_lib.ps1'
[1.569s] INFO:colcon.colcon_core.shell:Creating environment descriptor '/home/ros2/CHAPT4/CHAPT4_WS/install/chapt4_interfaces/share/chapt4_interfaces/hook/ld_library_path_lib.dsv'
[1.572s] INFO:colcon.colcon_core.shell:Creating environment hook '/home/ros2/CHAPT4/CHAPT4_WS/install/chapt4_interfaces/share/chapt4_interfaces/hook/ld_library_path_lib.sh'
[1.573s] Level 1:colcon.colcon_core.environment:checking '/home/ros2/CHAPT4/CHAPT4_WS/install/chapt4_interfaces/bin'
[1.573s] Level 1:colcon.colcon_core.environment:checking '/home/ros2/CHAPT4/CHAPT4_WS/install/chapt4_interfaces/lib/pkgconfig/chapt4_interfaces.pc'
[1.573s] Level 1:colcon.colcon_core.environment:checking '/home/ros2/CHAPT4/CHAPT4_WS/install/chapt4_interfaces/lib/python3.8/site-packages'
[1.573s] Level 1:colcon.colcon_core.shell:create_environment_hook('chapt4_interfaces', 'pythonpath')
[1.574s] INFO:colcon.colcon_core.shell:Creating environment hook '/home/ros2/CHAPT4/CHAPT4_WS/install/chapt4_interfaces/share/chapt4_interfaces/hook/pythonpath.ps1'
[1.574s] INFO:colcon.colcon_core.shell:Creating environment descriptor '/home/ros2/CHAPT4/CHAPT4_WS/install/chapt4_interfaces/share/chapt4_interfaces/hook/pythonpath.dsv'
[1.574s] INFO:colcon.colcon_core.shell:Creating environment hook '/home/ros2/CHAPT4/CHAPT4_WS/install/chapt4_interfaces/share/chapt4_interfaces/hook/pythonpath.sh'
[1.577s] Level 1:colcon.colcon_core.environment:checking '/home/ros2/CHAPT4/CHAPT4_WS/install/chapt4_interfaces/bin'
[1.578s] INFO:colcon.colcon_core.shell:Creating package script '/home/ros2/CHAPT4/CHAPT4_WS/install/chapt4_interfaces/share/chapt4_interfaces/package.ps1'
[1.579s] INFO:colcon.colcon_core.shell:Creating package descriptor '/home/ros2/CHAPT4/CHAPT4_WS/install/chapt4_interfaces/share/chapt4_interfaces/package.dsv'
[1.580s] INFO:colcon.colcon_core.shell:Creating package script '/home/ros2/CHAPT4/CHAPT4_WS/install/chapt4_interfaces/share/chapt4_interfaces/package.sh'
[1.581s] INFO:colcon.colcon_core.shell:Creating package script '/home/ros2/CHAPT4/CHAPT4_WS/install/chapt4_interfaces/share/chapt4_interfaces/package.bash'
[1.581s] INFO:colcon.colcon_core.shell:Creating package script '/home/ros2/CHAPT4/CHAPT4_WS/install/chapt4_interfaces/share/chapt4_interfaces/package.zsh'
[1.582s] Level 1:colcon.colcon_core.environment:create_file_with_runtime_dependencies(/home/ros2/CHAPT4/CHAPT4_WS/install/chapt4_interfaces/share/colcon-core/packages/chapt4_interfaces)
[1.735s] Level 1:colcon.colcon_core.environment:create_environment_scripts_only(chapt4_interfaces)
[1.736s] Level 1:colcon.colcon_core.environment:checking '/home/ros2/CHAPT4/CHAPT4_WS/install/chapt4_interfaces' for CMake module files
[1.736s] Level 1:colcon.colcon_core.environment:checking '/home/ros2/CHAPT4/CHAPT4_WS/install/chapt4_interfaces' for CMake config files
[1.737s] Level 1:colcon.colcon_core.shell:create_environment_hook('chapt4_interfaces', 'cmake_prefix_path')
[1.737s] INFO:colcon.colcon_core.shell:Creating environment hook '/home/ros2/CHAPT4/CHAPT4_WS/install/chapt4_interfaces/share/chapt4_interfaces/hook/cmake_prefix_path.ps1'
[1.738s] INFO:colcon.colcon_core.shell:Creating environment descriptor '/home/ros2/CHAPT4/CHAPT4_WS/install/chapt4_interfaces/share/chapt4_interfaces/hook/cmake_prefix_path.dsv'
[1.738s] INFO:colcon.colcon_core.shell:Creating environment hook '/home/ros2/CHAPT4/CHAPT4_WS/install/chapt4_interfaces/share/chapt4_interfaces/hook/cmake_prefix_path.sh'
[1.739s] Level 1:colcon.colcon_core.environment:checking '/home/ros2/CHAPT4/CHAPT4_WS/install/chapt4_interfaces/lib'
[1.739s] Level 1:colcon.colcon_core.shell:create_environment_hook('chapt4_interfaces', 'ld_library_path_lib')
[1.740s] INFO:colcon.colcon_core.shell:Creating environment hook '/home/ros2/CHAPT4/CHAPT4_WS/install/chapt4_interfaces/share/chapt4_interfaces/hook/ld_library_path_lib.ps1'
[1.740s] INFO:colcon.colcon_core.shell:Creating environment descriptor '/home/ros2/CHAPT4/CHAPT4_WS/install/chapt4_interfaces/share/chapt4_interfaces/hook/ld_library_path_lib.dsv'
[1.741s] INFO:colcon.colcon_core.shell:Creating environment hook '/home/ros2/CHAPT4/CHAPT4_WS/install/chapt4_interfaces/share/chapt4_interfaces/hook/ld_library_path_lib.sh'
[1.741s] Level 1:colcon.colcon_core.environment:checking '/home/ros2/CHAPT4/CHAPT4_WS/install/chapt4_interfaces/bin'
[1.741s] Level 1:colcon.colcon_core.environment:checking '/home/ros2/CHAPT4/CHAPT4_WS/install/chapt4_interfaces/lib/pkgconfig/chapt4_interfaces.pc'
[1.742s] Level 1:colcon.colcon_core.environment:checking '/home/ros2/CHAPT4/CHAPT4_WS/install/chapt4_interfaces/lib/python3.8/site-packages'
[1.742s] Level 1:colcon.colcon_core.shell:create_environment_hook('chapt4_interfaces', 'pythonpath')
[1.742s] INFO:colcon.colcon_core.shell:Creating environment hook '/home/ros2/CHAPT4/CHAPT4_WS/install/chapt4_interfaces/share/chapt4_interfaces/hook/pythonpath.ps1'
[1.742s] INFO:colcon.colcon_core.shell:Creating environment descriptor '/home/ros2/CHAPT4/CHAPT4_WS/install/chapt4_interfaces/share/chapt4_interfaces/hook/pythonpath.dsv'
[1.743s] INFO:colcon.colcon_core.shell:Creating environment hook '/home/ros2/CHAPT4/CHAPT4_WS/install/chapt4_interfaces/share/chapt4_interfaces/hook/pythonpath.sh'
[1.746s] Level 1:colcon.colcon_core.environment:checking '/home/ros2/CHAPT4/CHAPT4_WS/install/chapt4_interfaces/bin'
[1.747s] INFO:colcon.colcon_core.shell:Creating package script '/home/ros2/CHAPT4/CHAPT4_WS/install/chapt4_interfaces/share/chapt4_interfaces/package.ps1'
[1.748s] INFO:colcon.colcon_core.shell:Creating package descriptor '/home/ros2/CHAPT4/CHAPT4_WS/install/chapt4_interfaces/share/chapt4_interfaces/package.dsv'
[1.748s] INFO:colcon.colcon_core.shell:Creating package script '/home/ros2/CHAPT4/CHAPT4_WS/install/chapt4_interfaces/share/chapt4_interfaces/package.sh'
[1.750s] INFO:colcon.colcon_core.shell:Creating package script '/home/ros2/CHAPT4/CHAPT4_WS/install/chapt4_interfaces/share/chapt4_interfaces/package.bash'
[1.751s] INFO:colcon.colcon_core.shell:Creating package script '/home/ros2/CHAPT4/CHAPT4_WS/install/chapt4_interfaces/share/chapt4_interfaces/package.zsh'
[1.751s] Level 1:colcon.colcon_core.environment:create_file_with_runtime_dependencies(/home/ros2/CHAPT4/CHAPT4_WS/install/chapt4_interfaces/share/colcon-core/packages/chapt4_interfaces)
[1.752s] INFO:colcon.colcon_ros.task.ament_cmake.build:Building ROS package in '/home/ros2/CHAPT4/CHAPT4_WS/src/demo_cpp_service' with build type 'ament_cmake'
[1.754s] INFO:colcon.colcon_cmake.task.cmake.build:Building CMake package in '/home/ros2/CHAPT4/CHAPT4_WS/src/demo_cpp_service'
[1.755s] INFO:colcon.colcon_core.shell:Skip shell extension 'powershell' for command environment: Not usable outside of PowerShell
[1.755s] DEBUG:colcon.colcon_core.shell:Skip shell extension 'dsv' for command environment
[1.763s] INFO:colcon.colcon_ros.task.ament_python.build:Building ROS package in '/home/ros2/CHAPT4/CHAPT4_WS/src/demo_python_service' with build type 'ament_python'
[1.764s] Level 1:colcon.colcon_core.shell:create_environment_hook('demo_python_service', 'ament_prefix_path')
[1.764s] INFO:colcon.colcon_core.shell:Creating environment hook '/home/ros2/CHAPT4/CHAPT4_WS/install/demo_python_service/share/demo_python_service/hook/ament_prefix_path.ps1'
[1.766s] INFO:colcon.colcon_core.shell:Creating environment descriptor '/home/ros2/CHAPT4/CHAPT4_WS/install/demo_python_service/share/demo_python_service/hook/ament_prefix_path.dsv'
[1.767s] INFO:colcon.colcon_core.shell:Creating environment hook '/home/ros2/CHAPT4/CHAPT4_WS/install/demo_python_service/share/demo_python_service/hook/ament_prefix_path.sh'
[1.768s] INFO:colcon.colcon_core.shell:Skip shell extension 'powershell' for command environment: Not usable outside of PowerShell
[1.768s] DEBUG:colcon.colcon_core.shell:Skip shell extension 'dsv' for command environment
[2.079s] INFO:colcon.colcon_core.task.python.build:Building Python package in '/home/ros2/CHAPT4/CHAPT4_WS/src/demo_python_service'
[2.080s] INFO:colcon.colcon_core.shell:Skip shell extension 'powershell' for command environment: Not usable outside of PowerShell
[2.080s] DEBUG:colcon.colcon_core.shell:Skip shell extension 'dsv' for command environment
[2.100s] DEBUG:colcon.colcon_core.event_handler.log_command:Invoking command in '/home/ros2/CHAPT4/CHAPT4_WS/build/demo_cpp_service': CMAKE_PREFIX_PATH=/home/ros2/CHAPT4/CHAPT4_WS/install/chapt4_interfaces:/home/ros2/CHAPT4/CHAPT4_WS/install/demo_cpp_service:/home/ros2/CHAPT4/CHAPT4_WS/install/demo_python_service:/opt/ros/foxy PYTHONPATH=/home/ros2/CHAPT4/CHAPT4_WS/install/chapt4_interfaces/lib/python3.8/site-packages:/home/ros2/CHAPT4/CHAPT4_WS/install/demo_python_service/lib/python3.8/site-packages:/opt/ros/foxy/lib/python3.8/site-packages /usr/bin/cmake --build /home/ros2/CHAPT4/CHAPT4_WS/build/demo_cpp_service -- -j2 -l2
[2.871s] DEBUG:colcon.colcon_core.event_handler.log_command:Invoking command in '/home/ros2/CHAPT4/CHAPT4_WS/src/demo_python_service': CMAKE_PREFIX_PATH=/home/ros2/CHAPT4/CHAPT4_WS/install/chapt4_interfaces:/home/ros2/CHAPT4/CHAPT4_WS/install/demo_cpp_service PYTHONPATH=/home/ros2/CHAPT4/CHAPT4_WS/build/demo_python_service/prefix_override:/usr/lib/python3/dist-packages/colcon_core/task/python/colcon_distutils_commands:/home/ros2/CHAPT4/CHAPT4_WS/install/demo_python_service/lib/python3.8/site-packages:/home/ros2/CHAPT4/CHAPT4_WS/install/chapt4_interfaces/lib/python3.8/site-packages:/home/ros2/CHAPT4/CHAPT4_WS/install/demo_python_service/lib/python3.8/site-packages:/opt/ros/foxy/lib/python3.8/site-packages /usr/bin/python3 -W ignore:setup.py install is deprecated setup.py egg_info --egg-base ../../build/demo_python_service build --build-base /home/ros2/CHAPT4/CHAPT4_WS/build/demo_python_service/build install --record /home/ros2/CHAPT4/CHAPT4_WS/build/demo_python_service/install.log --install-scripts $base/lib/demo_python_service --single-version-externally-managed install_data
[3.447s] Level 1:colcon.colcon_core.environment:checking '/home/ros2/CHAPT4/CHAPT4_WS/install/demo_python_service' for CMake module files
[3.447s] Level 1:colcon.colcon_core.environment:checking '/home/ros2/CHAPT4/CHAPT4_WS/install/demo_python_service' for CMake config files
[3.449s] Level 1:colcon.colcon_core.environment:checking '/home/ros2/CHAPT4/CHAPT4_WS/install/demo_python_service/lib'
[3.449s] Level 1:colcon.colcon_core.environment:checking '/home/ros2/CHAPT4/CHAPT4_WS/install/demo_python_service/bin'
[3.449s] Level 1:colcon.colcon_core.environment:checking '/home/ros2/CHAPT4/CHAPT4_WS/install/demo_python_service/lib/pkgconfig/demo_python_service.pc'
[3.449s] Level 1:colcon.colcon_core.environment:checking '/home/ros2/CHAPT4/CHAPT4_WS/install/demo_python_service/lib/python3.8/site-packages'
[3.449s] Level 1:colcon.colcon_core.shell:create_environment_hook('demo_python_service', 'pythonpath')
[3.450s] INFO:colcon.colcon_core.shell:Creating environment hook '/home/ros2/CHAPT4/CHAPT4_WS/install/demo_python_service/share/demo_python_service/hook/pythonpath.ps1'
[3.451s] INFO:colcon.colcon_core.shell:Creating environment descriptor '/home/ros2/CHAPT4/CHAPT4_WS/install/demo_python_service/share/demo_python_service/hook/pythonpath.dsv'
[3.448s] DEBUG:colcon.colcon_core.event_handler.log_command:Invoked command in '/home/ros2/CHAPT4/CHAPT4_WS/src/demo_python_service' returned '0': CMAKE_PREFIX_PATH=/home/ros2/CHAPT4/CHAPT4_WS/install/chapt4_interfaces:/home/ros2/CHAPT4/CHAPT4_WS/install/demo_cpp_service PYTHONPATH=/home/ros2/CHAPT4/CHAPT4_WS/build/demo_python_service/prefix_override:/usr/lib/python3/dist-packages/colcon_core/task/python/colcon_distutils_commands:/home/ros2/CHAPT4/CHAPT4_WS/install/demo_python_service/lib/python3.8/site-packages:/home/ros2/CHAPT4/CHAPT4_WS/install/chapt4_interfaces/lib/python3.8/site-packages:/home/ros2/CHAPT4/CHAPT4_WS/install/demo_python_service/lib/python3.8/site-packages:/opt/ros/foxy/lib/python3.8/site-packages /usr/bin/python3 -W ignore:setup.py install is deprecated setup.py egg_info --egg-base ../../build/demo_python_service build --build-base /home/ros2/CHAPT4/CHAPT4_WS/build/demo_python_service/build install --record /home/ros2/CHAPT4/CHAPT4_WS/build/demo_python_service/install.log --install-scripts $base/lib/demo_python_service --single-version-externally-managed install_data
[3.451s] INFO:colcon.colcon_core.shell:Creating environment hook '/home/ros2/CHAPT4/CHAPT4_WS/install/demo_python_service/share/demo_python_service/hook/pythonpath.sh'
[3.452s] Level 1:colcon.colcon_core.environment:checking '/home/ros2/CHAPT4/CHAPT4_WS/install/demo_python_service/bin'
[3.453s] Level 1:colcon.colcon_core.environment:create_environment_scripts_only(demo_python_service)
[3.453s] INFO:colcon.colcon_core.shell:Creating package script '/home/ros2/CHAPT4/CHAPT4_WS/install/demo_python_service/share/demo_python_service/package.ps1'
[3.454s] INFO:colcon.colcon_core.shell:Creating package descriptor '/home/ros2/CHAPT4/CHAPT4_WS/install/demo_python_service/share/demo_python_service/package.dsv'
[3.459s] INFO:colcon.colcon_core.shell:Creating package script '/home/ros2/CHAPT4/CHAPT4_WS/install/demo_python_service/share/demo_python_service/package.sh'
[3.461s] INFO:colcon.colcon_core.shell:Creating package script '/home/ros2/CHAPT4/CHAPT4_WS/install/demo_python_service/share/demo_python_service/package.bash'
[3.461s] INFO:colcon.colcon_core.shell:Creating package script '/home/ros2/CHAPT4/CHAPT4_WS/install/demo_python_service/share/demo_python_service/package.zsh'
[3.462s] Level 1:colcon.colcon_core.environment:create_file_with_runtime_dependencies(/home/ros2/CHAPT4/CHAPT4_WS/install/demo_python_service/share/colcon-core/packages/demo_python_service)
[13.134s] DEBUG:colcon.colcon_core.event_handler.log_command:Invoked command in '/home/ros2/CHAPT4/CHAPT4_WS/build/demo_cpp_service' returned '0': CMAKE_PREFIX_PATH=/home/ros2/CHAPT4/CHAPT4_WS/install/chapt4_interfaces:/home/ros2/CHAPT4/CHAPT4_WS/install/demo_cpp_service:/home/ros2/CHAPT4/CHAPT4_WS/install/demo_python_service:/opt/ros/foxy PYTHONPATH=/home/ros2/CHAPT4/CHAPT4_WS/install/chapt4_interfaces/lib/python3.8/site-packages:/home/ros2/CHAPT4/CHAPT4_WS/install/demo_python_service/lib/python3.8/site-packages:/opt/ros/foxy/lib/python3.8/site-packages /usr/bin/cmake --build /home/ros2/CHAPT4/CHAPT4_WS/build/demo_cpp_service -- -j2 -l2
[13.178s] DEBUG:colcon.colcon_core.event_handler.log_command:Invoking command in '/home/ros2/CHAPT4/CHAPT4_WS/build/demo_cpp_service': CMAKE_PREFIX_PATH=/home/ros2/CHAPT4/CHAPT4_WS/install/chapt4_interfaces:/home/ros2/CHAPT4/CHAPT4_WS/install/demo_cpp_service:/home/ros2/CHAPT4/CHAPT4_WS/install/demo_python_service:/opt/ros/foxy PYTHONPATH=/home/ros2/CHAPT4/CHAPT4_WS/install/chapt4_interfaces/lib/python3.8/site-packages:/home/ros2/CHAPT4/CHAPT4_WS/install/demo_python_service/lib/python3.8/site-packages:/opt/ros/foxy/lib/python3.8/site-packages /usr/bin/cmake --install /home/ros2/CHAPT4/CHAPT4_WS/build/demo_cpp_service
[13.204s] Level 1:colcon.colcon_core.environment:create_environment_scripts_only(demo_cpp_service)
[13.205s] Level 1:colcon.colcon_core.environment:checking '/home/ros2/CHAPT4/CHAPT4_WS/install/demo_cpp_service' for CMake module files
[13.205s] Level 1:colcon.colcon_core.environment:checking '/home/ros2/CHAPT4/CHAPT4_WS/install/demo_cpp_service' for CMake config files
[13.206s] Level 1:colcon.colcon_core.shell:create_environment_hook('demo_cpp_service', 'cmake_prefix_path')
[13.206s] INFO:colcon.colcon_core.shell:Creating environment hook '/home/ros2/CHAPT4/CHAPT4_WS/install/demo_cpp_service/share/demo_cpp_service/hook/cmake_prefix_path.ps1'
[13.208s] DEBUG:colcon.colcon_core.event_handler.log_command:Invoked command in '/home/ros2/CHAPT4/CHAPT4_WS/build/demo_cpp_service' returned '0': CMAKE_PREFIX_PATH=/home/ros2/CHAPT4/CHAPT4_WS/install/chapt4_interfaces:/home/ros2/CHAPT4/CHAPT4_WS/install/demo_cpp_service:/home/ros2/CHAPT4/CHAPT4_WS/install/demo_python_service:/opt/ros/foxy PYTHONPATH=/home/ros2/CHAPT4/CHAPT4_WS/install/chapt4_interfaces/lib/python3.8/site-packages:/home/ros2/CHAPT4/CHAPT4_WS/install/demo_python_service/lib/python3.8/site-packages:/opt/ros/foxy/lib/python3.8/site-packages /usr/bin/cmake --install /home/ros2/CHAPT4/CHAPT4_WS/build/demo_cpp_service
[13.210s] INFO:colcon.colcon_core.shell:Creating environment descriptor '/home/ros2/CHAPT4/CHAPT4_WS/install/demo_cpp_service/share/demo_cpp_service/hook/cmake_prefix_path.dsv'
[13.213s] INFO:colcon.colcon_core.shell:Creating environment hook '/home/ros2/CHAPT4/CHAPT4_WS/install/demo_cpp_service/share/demo_cpp_service/hook/cmake_prefix_path.sh'
[13.215s] Level 1:colcon.colcon_core.environment:checking '/home/ros2/CHAPT4/CHAPT4_WS/install/demo_cpp_service/bin'
[13.215s] Level 1:colcon.colcon_core.environment:checking '/home/ros2/CHAPT4/CHAPT4_WS/install/demo_cpp_service/lib/pkgconfig/demo_cpp_service.pc'
[13.215s] Level 1:colcon.colcon_core.environment:checking '/home/ros2/CHAPT4/CHAPT4_WS/install/demo_cpp_service/lib/python3.8/site-packages'
[13.216s] Level 1:colcon.colcon_core.environment:checking '/home/ros2/CHAPT4/CHAPT4_WS/install/demo_cpp_service/bin'
[13.216s] INFO:colcon.colcon_core.shell:Creating package script '/home/ros2/CHAPT4/CHAPT4_WS/install/demo_cpp_service/share/demo_cpp_service/package.ps1'
[13.217s] INFO:colcon.colcon_core.shell:Creating package descriptor '/home/ros2/CHAPT4/CHAPT4_WS/install/demo_cpp_service/share/demo_cpp_service/package.dsv'
[13.218s] INFO:colcon.colcon_core.shell:Creating package script '/home/ros2/CHAPT4/CHAPT4_WS/install/demo_cpp_service/share/demo_cpp_service/package.sh'
[13.219s] INFO:colcon.colcon_core.shell:Creating package script '/home/ros2/CHAPT4/CHAPT4_WS/install/demo_cpp_service/share/demo_cpp_service/package.bash'
[13.220s] INFO:colcon.colcon_core.shell:Creating package script '/home/ros2/CHAPT4/CHAPT4_WS/install/demo_cpp_service/share/demo_cpp_service/package.zsh'
[13.221s] Level 1:colcon.colcon_core.environment:create_file_with_runtime_dependencies(/home/ros2/CHAPT4/CHAPT4_WS/install/demo_cpp_service/share/colcon-core/packages/demo_cpp_service)
[13.250s] Level 1:colcon.colcon_core.environment:create_environment_scripts_only(demo_cpp_service)
[13.250s] Level 1:colcon.colcon_core.environment:checking '/home/ros2/CHAPT4/CHAPT4_WS/install/demo_cpp_service' for CMake module files
[13.251s] Level 1:colcon.colcon_core.environment:checking '/home/ros2/CHAPT4/CHAPT4_WS/install/demo_cpp_service' for CMake config files
[13.251s] Level 1:colcon.colcon_core.shell:create_environment_hook('demo_cpp_service', 'cmake_prefix_path')
[13.251s] INFO:colcon.colcon_core.shell:Creating environment hook '/home/ros2/CHAPT4/CHAPT4_WS/install/demo_cpp_service/share/demo_cpp_service/hook/cmake_prefix_path.ps1'
[13.252s] INFO:colcon.colcon_core.shell:Creating environment descriptor '/home/ros2/CHAPT4/CHAPT4_WS/install/demo_cpp_service/share/demo_cpp_service/hook/cmake_prefix_path.dsv'
[13.253s] INFO:colcon.colcon_core.shell:Creating environment hook '/home/ros2/CHAPT4/CHAPT4_WS/install/demo_cpp_service/share/demo_cpp_service/hook/cmake_prefix_path.sh'
[13.254s] Level 1:colcon.colcon_core.environment:checking '/home/ros2/CHAPT4/CHAPT4_WS/install/demo_cpp_service/bin'
[13.254s] Level 1:colcon.colcon_core.environment:checking '/home/ros2/CHAPT4/CHAPT4_WS/install/demo_cpp_service/lib/pkgconfig/demo_cpp_service.pc'
[13.255s] Level 1:colcon.colcon_core.environment:checking '/home/ros2/CHAPT4/CHAPT4_WS/install/demo_cpp_service/lib/python3.8/site-packages'
[13.255s] Level 1:colcon.colcon_core.environment:checking '/home/ros2/CHAPT4/CHAPT4_WS/install/demo_cpp_service/bin'
[13.255s] INFO:colcon.colcon_core.shell:Creating package script '/home/ros2/CHAPT4/CHAPT4_WS/install/demo_cpp_service/share/demo_cpp_service/package.ps1'
[13.256s] INFO:colcon.colcon_core.shell:Creating package descriptor '/home/ros2/CHAPT4/CHAPT4_WS/install/demo_cpp_service/share/demo_cpp_service/package.dsv'
[13.256s] INFO:colcon.colcon_core.shell:Creating package script '/home/ros2/CHAPT4/CHAPT4_WS/install/demo_cpp_service/share/demo_cpp_service/package.sh'
[13.257s] INFO:colcon.colcon_core.shell:Creating package script '/home/ros2/CHAPT4/CHAPT4_WS/install/demo_cpp_service/share/demo_cpp_service/package.bash'
[13.257s] INFO:colcon.colcon_core.shell:Creating package script '/home/ros2/CHAPT4/CHAPT4_WS/install/demo_cpp_service/share/demo_cpp_service/package.zsh'
[13.258s] Level 1:colcon.colcon_core.environment:create_file_with_runtime_dependencies(/home/ros2/CHAPT4/CHAPT4_WS/install/demo_cpp_service/share/colcon-core/packages/demo_cpp_service)
[13.258s] DEBUG:colcon.colcon_parallel_executor.executor.parallel:closing loop
[13.258s] DEBUG:colcon.colcon_parallel_executor.executor.parallel:loop closed
[13.258s] DEBUG:colcon.colcon_parallel_executor.executor.parallel:run_until_complete finished with '0'
[13.259s] DEBUG:colcon.colcon_core.event_reactor:joining thread
[13.267s] INFO:colcon.colcon_core.plugin_system:Skipping extension 'colcon_notification.desktop_notification.terminal_notifier': Not used on non-Darwin systems
[13.267s] INFO:colcon.colcon_core.plugin_system:Skipping extension 'colcon_notification.desktop_notification.win32': Not used on non-Windows systems
[13.267s] INFO:colcon.colcon_notification.desktop_notification:Sending desktop notification using 'notify2'
[13.291s] DEBUG:colcon.colcon_core.event_reactor:joined thread
[13.291s] INFO:colcon.colcon_core.shell:Creating prefix script '/home/ros2/CHAPT4/CHAPT4_WS/install/local_setup.ps1'
[13.292s] INFO:colcon.colcon_core.shell:Creating prefix util module '/home/ros2/CHAPT4/CHAPT4_WS/install/_local_setup_util_ps1.py'
[13.293s] INFO:colcon.colcon_core.shell:Creating prefix chain script '/home/ros2/CHAPT4/CHAPT4_WS/install/setup.ps1'
[13.295s] INFO:colcon.colcon_core.shell:Creating prefix script '/home/ros2/CHAPT4/CHAPT4_WS/install/local_setup.sh'
[13.295s] INFO:colcon.colcon_core.shell:Creating prefix util module '/home/ros2/CHAPT4/CHAPT4_WS/install/_local_setup_util_sh.py'
[13.296s] INFO:colcon.colcon_core.shell:Creating prefix chain script '/home/ros2/CHAPT4/CHAPT4_WS/install/setup.sh'
[13.297s] INFO:colcon.colcon_core.shell:Creating prefix script '/home/ros2/CHAPT4/CHAPT4_WS/install/local_setup.bash'
[13.298s] INFO:colcon.colcon_core.shell:Creating prefix chain script '/home/ros2/CHAPT4/CHAPT4_WS/install/setup.bash'
[13.299s] INFO:colcon.colcon_core.shell:Creating prefix script '/home/ros2/CHAPT4/CHAPT4_WS/install/local_setup.zsh'
[13.299s] INFO:colcon.colcon_core.shell:Creating prefix chain script '/home/ros2/CHAPT4/CHAPT4_WS/install/setup.zsh'
