[0.014s] Invoking command in '/home/ros2/CHAPT2/chapt2_ws/build/demo_cpp_pkg': CMAKE_PREFIX_PATH=/opt/ros/foxy /usr/bin/cmake --build /home/ros2/CHAPT2/chapt2_ws/build/demo_cpp_pkg -- -j2 -l2
[0.041s] -- Found ament_cmake: 0.9.12 (/opt/ros/foxy/share/ament_cmake/cmake)
[0.069s] -- Using PYTHON_EXECUTABLE: /usr/bin/python3
[0.269s] -- Found rclcpp: 2.4.3 (/opt/ros/foxy/share/rclcpp/cmake)
[0.306s] -- Using all available rosidl_typesupport_c: rosidl_typesupport_fastrtps_c;rosidl_typesupport_introspection_c
[0.310s] -- Found rosidl_adapter: 1.3.1 (/opt/ros/foxy/share/rosidl_adapter/cmake)
[0.444s] -- Using all available rosidl_typesupport_cpp: rosidl_typesupport_fastrtps_cpp;rosidl_typesupport_introspection_cpp
[0.516s] -- Found rmw_implementation_cmake: 1.0.4 (/opt/ros/foxy/share/rmw_implementation_cmake/cmake)
[0.520s] -- Using RMW implementation 'rmw_fastrtps_cpp' as default
[0.679s] -- Found ament_lint_auto: 0.9.8 (/opt/ros/foxy/share/ament_lint_auto/cmake)
[0.749s] -- Added test 'copyright' to check source files copyright and LICENSE
[0.762s] -- Added test 'cppcheck' to perform static code analysis on C / C++ code
[0.764s] -- Configured cppcheck include dirs: /home/ros2/CHAPT2/chapt2_ws/src/demo_cpp_pkg/include;/home/ros2/CHAPT2/chapt2_ws/src/demo_cpp_pkg/(;/home/ros2/CHAPT2/chapt2_ws/src/demo_cpp_pkg/)
[0.764s] -- Configured cppcheck exclude dirs and/or files: 
[0.773s] -- Added test 'cpplint' to check C / C++ code against the Google style
[0.774s] -- Configured cpplint exclude dirs and/or files: 
[0.775s] -- Added test 'flake8' to check Python code syntax and style conventions
[0.780s] -- Added test 'lint_cmake' to check CMake code style
[0.784s] -- Added test 'pep257' to check Python code against some of the style conventions in PEP 257
[0.794s] -- Added test 'uncrustify' to check C / C++ code style
[0.794s] -- Configured uncrustify additional arguments: 
[0.795s] -- Added test 'xmllint' to check XML markup files
[0.797s] -- Configuring done
[0.814s] -- Generating done
[0.817s] -- Build files have been written to: /home/ros2/CHAPT2/chapt2_ws/build/demo_cpp_pkg
[0.864s] [ 16%] Built target learn_lambda
[0.876s] [ 33%] Built target person_node
[0.886s] [ 50%] Built target learn_shared_ptr
[0.897s] [ 66%] Built target learn_func
[0.917s] [ 83%] Built target learn_thread
[0.920s] [100%] Built target cpp_node
[0.941s] Invoked command in '/home/ros2/CHAPT2/chapt2_ws/build/demo_cpp_pkg' returned '0': CMAKE_PREFIX_PATH=/opt/ros/foxy /usr/bin/cmake --build /home/ros2/CHAPT2/chapt2_ws/build/demo_cpp_pkg -- -j2 -l2
[0.994s] Invoking command in '/home/ros2/CHAPT2/chapt2_ws/build/demo_cpp_pkg': CMAKE_PREFIX_PATH=/opt/ros/foxy /usr/bin/cmake --install /home/ros2/CHAPT2/chapt2_ws/build/demo_cpp_pkg
[1.005s] -- Install configuration: ""
[1.008s] -- Up-to-date: /home/ros2/CHAPT2/chapt2_ws/install/demo_cpp_pkg/lib/demo_cpp_pkg/cpp_node
[1.008s] -- Up-to-date: /home/ros2/CHAPT2/chapt2_ws/install/demo_cpp_pkg/lib/demo_cpp_pkg/person_node
[1.008s] -- Up-to-date: /home/ros2/CHAPT2/chapt2_ws/install/demo_cpp_pkg/lib/demo_cpp_pkg/learn_shared_ptr
[1.008s] -- Up-to-date: /home/ros2/CHAPT2/chapt2_ws/install/demo_cpp_pkg/lib/demo_cpp_pkg/learn_lambda
[1.008s] -- Up-to-date: /home/ros2/CHAPT2/chapt2_ws/install/demo_cpp_pkg/lib/demo_cpp_pkg/learn_func
[1.008s] -- Up-to-date: /home/ros2/CHAPT2/chapt2_ws/install/demo_cpp_pkg/lib/demo_cpp_pkg/learn_thread
[1.009s] -- Up-to-date: /home/ros2/CHAPT2/chapt2_ws/install/demo_cpp_pkg/share/ament_index/resource_index/package_run_dependencies/demo_cpp_pkg
[1.009s] -- Up-to-date: /home/ros2/CHAPT2/chapt2_ws/install/demo_cpp_pkg/share/ament_index/resource_index/parent_prefix_path/demo_cpp_pkg
[1.009s] -- Up-to-date: /home/ros2/CHAPT2/chapt2_ws/install/demo_cpp_pkg/share/demo_cpp_pkg/environment/ament_prefix_path.sh
[1.009s] -- Installing: /home/ros2/CHAPT2/chapt2_ws/install/demo_cpp_pkg/share/demo_cpp_pkg/environment/ament_prefix_path.dsv
[1.009s] -- Up-to-date: /home/ros2/CHAPT2/chapt2_ws/install/demo_cpp_pkg/share/demo_cpp_pkg/environment/path.sh
[1.009s] -- Installing: /home/ros2/CHAPT2/chapt2_ws/install/demo_cpp_pkg/share/demo_cpp_pkg/environment/path.dsv
[1.009s] -- Up-to-date: /home/ros2/CHAPT2/chapt2_ws/install/demo_cpp_pkg/share/demo_cpp_pkg/local_setup.bash
[1.009s] -- Up-to-date: /home/ros2/CHAPT2/chapt2_ws/install/demo_cpp_pkg/share/demo_cpp_pkg/local_setup.sh
[1.009s] -- Up-to-date: /home/ros2/CHAPT2/chapt2_ws/install/demo_cpp_pkg/share/demo_cpp_pkg/local_setup.zsh
[1.009s] -- Installing: /home/ros2/CHAPT2/chapt2_ws/install/demo_cpp_pkg/share/demo_cpp_pkg/local_setup.dsv
[1.009s] -- Installing: /home/ros2/CHAPT2/chapt2_ws/install/demo_cpp_pkg/share/demo_cpp_pkg/package.dsv
[1.009s] -- Up-to-date: /home/ros2/CHAPT2/chapt2_ws/install/demo_cpp_pkg/share/ament_index/resource_index/packages/demo_cpp_pkg
[1.010s] -- Up-to-date: /home/ros2/CHAPT2/chapt2_ws/install/demo_cpp_pkg/share/demo_cpp_pkg/cmake/demo_cpp_pkgConfig.cmake
[1.010s] -- Up-to-date: /home/ros2/CHAPT2/chapt2_ws/install/demo_cpp_pkg/share/demo_cpp_pkg/cmake/demo_cpp_pkgConfig-version.cmake
[1.010s] -- Up-to-date: /home/ros2/CHAPT2/chapt2_ws/install/demo_cpp_pkg/share/demo_cpp_pkg/package.xml
[1.015s] Invoked command in '/home/ros2/CHAPT2/chapt2_ws/build/demo_cpp_pkg' returned '0': CMAKE_PREFIX_PATH=/opt/ros/foxy /usr/bin/cmake --install /home/ros2/CHAPT2/chapt2_ws/build/demo_cpp_pkg
