[01m[K/home/ros2/CHAPT4/CHAPT4_WS/src/demo_cpp_service/src/partol_client.cpp:67:1:[m[K [01;31m[Kerror: [m[Kexpected ‘[01m[K}[m[K’ at end of input
   67 | [01;31m[K}[m[K
      | [01;31m[K^[m[K
[01m[K/home/ros2/CHAPT4/CHAPT4_WS/src/demo_cpp_service/src/partol_client.cpp:10:1:[m[K [01;36m[Knote: [m[Kto match this ‘[01m[K{[m[K’
   10 | [01;36m[K{[m[K
      | [01;36m[K^[m[K
[01m[K/home/ros2/CHAPT4/CHAPT4_WS/src/demo_cpp_service/src/partol_client.cpp:[m[K In constructor ‘[01m[KPartolClient::PartolClient()[m[K’:
[01m[K/home/ros2/CHAPT4/CHAPT4_WS/src/demo_cpp_service/src/partol_client.cpp:15:9:[m[K [01;31m[Kerror: [m[K‘[01m[Kpartol_client_[m[K’ was not declared in this scope; did you mean ‘[01m[KPartolClient[m[K’?
   15 |         [01;31m[Kpartol_client_[m[K = this->create_client<Partol>("partol");
      |         [01;31m[K^~~~~~~~~~~~~~[m[K
      |         [32m[KPartolClient[m[K
[01m[K/home/ros2/CHAPT4/CHAPT4_WS/src/demo_cpp_service/src/partol_client.cpp:16:9:[m[K [01;31m[Kerror: [m[K‘[01m[Ktimer_[m[K’ was not declared in this scope; did you mean ‘[01m[Ktimer_t[m[K’?
   16 |         [01;31m[Ktimer_[m[K = this->create_wall_timer(10s, [&]() -> void {
      |         [01;31m[K^~~~~~[m[K
      |         [32m[Ktimer_t[m[K
[01m[K/home/ros2/CHAPT4/CHAPT4_WS/src/demo_cpp_service/src/partol_client.cpp:[m[K In lambda function:
[01m[K/home/ros2/CHAPT4/CHAPT4_WS/src/demo_cpp_service/src/partol_client.cpp:25:24:[m[K [01;31m[Kerror: [m[K‘[01m[Kclass PartolClient[m[K’ has no member named ‘[01m[Kpartol_client_[m[K’; did you mean ‘[01m[KPartolClient[m[K’?
   25 |             if (!this->[01;31m[Kpartol_client_[m[K->wait_for_service(1s))
      |                        [01;31m[K^~~~~~~~~~~~~~[m[K
      |                        [32m[KPartolClient[m[K
[01m[K/home/ros2/CHAPT4/CHAPT4_WS/src/demo_cpp_service/src/partol_client.cpp:54:1:[m[K [01;31m[Kerror: [m[Kexpected primary-expression before ‘[01m[Kprivate[m[K’
   54 | [01;31m[Kprivate[m[K:
      | [01;31m[K^~~~~~~[m[K
[01m[K/home/ros2/CHAPT4/CHAPT4_WS/src/demo_cpp_service/src/partol_client.cpp:[m[K In constructor ‘[01m[KPartolClient::PartolClient()[m[K’:
[01m[K/home/ros2/CHAPT4/CHAPT4_WS/src/demo_cpp_service/src/partol_client.cpp:58:2:[m[K [01;31m[Kerror: [m[Kexpected ‘[01m[K)[m[K’ before ‘[01m[K;[m[K’ token
   58 | }[01;31m[K;[m[K
      |  [01;31m[K^[m[K
      |  [32m[K)[m[K
[01m[K/home/ros2/CHAPT4/CHAPT4_WS/src/demo_cpp_service/src/partol_client.cpp:16:41:[m[K [01;36m[Knote: [m[Kto match this ‘[01m[K([m[K’
   16 |       timer_ = this->create_wall_timer[01;36m[K([m[K10s, [&]() -> void {
      |                                       [01;36m[K^[m[K

[01m[K/home/ros2/CHAPT4/CHAPT4_WS/src/demo_cpp_service/src/partol_client.cpp:61:1:[m[K [01;31m[Kerror: [m[Ka function-definition is not allowed here before ‘[01m[K{[m[K’ token
   61 | [01;31m[K{[m[K
      | [01;31m[K^[m[K
[01m[K/home/ros2/CHAPT4/CHAPT4_WS/src/demo_cpp_service/src/partol_client.cpp:67:1:[m[K [01;31m[Kerror: [m[Kexpected ‘[01m[K}[m[K’ at end of input
   67 | [01;31m[K}[m[K
      | [01;31m[K^[m[K
[01m[K/home/ros2/CHAPT4/CHAPT4_WS/src/demo_cpp_service/src/partol_client.cpp:13:5:[m[K [01;36m[Knote: [m[Kto match this ‘[01m[K{[m[K’
   13 |     [01;36m[K{[m[K
      |     [01;36m[K^[m[K
[01m[K/home/ros2/CHAPT4/CHAPT4_WS/src/demo_cpp_service/src/partol_client.cpp:[m[K At global scope:
[01m[K/home/ros2/CHAPT4/CHAPT4_WS/src/demo_cpp_service/src/partol_client.cpp:67:1:[m[K [01;31m[Kerror: [m[Kexpected unqualified-id at end of input
   67 | [01;31m[K}[m[K
      | [01;31m[K^[m[K
make[2]: *** [CMakeFiles/partol_client.dir/build.make:63：CMakeFiles/partol_client.dir/src/partol_client.cpp.o] 错误 1
make[1]: *** [CMakeFiles/Makefile2:80：CMakeFiles/partol_client.dir/all] 错误 2
make: *** [Makefile:141：all] 错误 2
