[0.013s] Invoking command in '/home/ros2/CHAPT4/CHAPT4_WS/build/chapt4_interfaces': CMAKE_PREFIX_PATH=${CMAKE_PREFIX_PATH}:/home/ros2/CHAPT4/CHAPT4_WS/install/demo_python_service:/opt/ros/foxy /usr/bin/cmake --build /home/ros2/CHAPT4/CHAPT4_WS/build/chapt4_interfaces -- -j2 -l2
[0.095s] [  3%] Built target chapt4_interfaces__cpp
[0.098s] [ 12%] Built target chapt4_interfaces__rosidl_generator_c
[0.131s] [ 22%] Built target chapt4_interfaces__rosidl_typesupport_fastrtps_cpp
[0.142s] [ 32%] Built target chapt4_interfaces__rosidl_typesupport_introspection_cpp
[0.165s] [ 41%] Built target chapt4_interfaces__rosidl_typesupport_c
[0.174s] [ 51%] Built target chapt4_interfaces__rosidl_typesupport_introspection_c
[0.187s] [ 61%] Built target chapt4_interfaces__rosidl_typesupport_cpp
[0.201s] [ 70%] Built target chapt4_interfaces__rosidl_typesupport_fastrtps_c
[0.221s] [ 70%] Built target chapt4_interfaces
[0.243s] [ 74%] Built target chapt4_interfaces__py
[0.267s] [ 80%] Built target chapt4_interfaces__python
[0.291s] [ 87%] Built target chapt4_interfaces__rosidl_typesupport_introspection_c__pyext
[0.292s] [ 93%] Built target chapt4_interfaces__rosidl_typesupport_c__pyext
[0.318s] [100%] Built target chapt4_interfaces__rosidl_typesupport_fastrtps_c__pyext
[0.341s] Invoked command in '/home/ros2/CHAPT4/CHAPT4_WS/build/chapt4_interfaces' returned '0': CMAKE_PREFIX_PATH=${CMAKE_PREFIX_PATH}:/home/ros2/CHAPT4/CHAPT4_WS/install/demo_python_service:/opt/ros/foxy /usr/bin/cmake --build /home/ros2/CHAPT4/CHAPT4_WS/build/chapt4_interfaces -- -j2 -l2
[0.410s] Invoking command in '/home/ros2/CHAPT4/CHAPT4_WS/build/chapt4_interfaces': CMAKE_PREFIX_PATH=${CMAKE_PREFIX_PATH}:/home/ros2/CHAPT4/CHAPT4_WS/install/demo_python_service:/opt/ros/foxy /usr/bin/cmake --install /home/ros2/CHAPT4/CHAPT4_WS/build/chapt4_interfaces
[0.421s] -- Install configuration: ""
[0.423s] -- Up-to-date: /home/ros2/CHAPT4/CHAPT4_WS/install/chapt4_interfaces/share/ament_index/resource_index/rosidl_interfaces/chapt4_interfaces
[0.423s] -- Up-to-date: /home/ros2/CHAPT4/CHAPT4_WS/install/chapt4_interfaces/include/chapt4_interfaces
[0.423s] -- Up-to-date: /home/ros2/CHAPT4/CHAPT4_WS/install/chapt4_interfaces/include/chapt4_interfaces/srv
[0.423s] -- Up-to-date: /home/ros2/CHAPT4/CHAPT4_WS/install/chapt4_interfaces/include/chapt4_interfaces/srv/face_detector.h
[0.423s] -- Up-to-date: /home/ros2/CHAPT4/CHAPT4_WS/install/chapt4_interfaces/include/chapt4_interfaces/srv/detail
[0.423s] -- Up-to-date: /home/ros2/CHAPT4/CHAPT4_WS/install/chapt4_interfaces/include/chapt4_interfaces/srv/detail/face_detector__struct.h
[0.423s] -- Up-to-date: /home/ros2/CHAPT4/CHAPT4_WS/install/chapt4_interfaces/include/chapt4_interfaces/srv/detail/face_detector__type_support.h
[0.423s] -- Up-to-date: /home/ros2/CHAPT4/CHAPT4_WS/install/chapt4_interfaces/include/chapt4_interfaces/srv/detail/face_detector__functions.h
[0.423s] -- Up-to-date: /home/ros2/CHAPT4/CHAPT4_WS/install/chapt4_interfaces/include/chapt4_interfaces/srv/detail/face_detector__functions.c
[0.423s] -- Up-to-date: /home/ros2/CHAPT4/CHAPT4_WS/install/chapt4_interfaces/include/chapt4_interfaces/msg
[0.423s] -- Up-to-date: /home/ros2/CHAPT4/CHAPT4_WS/install/chapt4_interfaces/include/chapt4_interfaces/msg/rosidl_generator_c__visibility_control.h
[0.423s] -- Up-to-date: /home/ros2/CHAPT4/CHAPT4_WS/install/chapt4_interfaces/share/chapt4_interfaces/environment/library_path.sh
[0.423s] -- Up-to-date: /home/ros2/CHAPT4/CHAPT4_WS/install/chapt4_interfaces/share/chapt4_interfaces/environment/library_path.dsv
[0.423s] -- Up-to-date: /home/ros2/CHAPT4/CHAPT4_WS/install/chapt4_interfaces/lib/libchapt4_interfaces__rosidl_generator_c.so
[0.424s] -- Up-to-date: /home/ros2/CHAPT4/CHAPT4_WS/install/chapt4_interfaces/include/chapt4_interfaces
[0.424s] -- Up-to-date: /home/ros2/CHAPT4/CHAPT4_WS/install/chapt4_interfaces/include/chapt4_interfaces/srv
[0.424s] -- Up-to-date: /home/ros2/CHAPT4/CHAPT4_WS/install/chapt4_interfaces/include/chapt4_interfaces/srv/detail
[0.424s] -- Up-to-date: /home/ros2/CHAPT4/CHAPT4_WS/install/chapt4_interfaces/include/chapt4_interfaces/srv/detail/face_detector__rosidl_typesupport_fastrtps_c.h
[0.424s] -- Up-to-date: /home/ros2/CHAPT4/CHAPT4_WS/install/chapt4_interfaces/include/chapt4_interfaces/msg
[0.424s] -- Up-to-date: /home/ros2/CHAPT4/CHAPT4_WS/install/chapt4_interfaces/include/chapt4_interfaces/msg/rosidl_typesupport_fastrtps_c__visibility_control.h
[0.425s] -- Up-to-date: /home/ros2/CHAPT4/CHAPT4_WS/install/chapt4_interfaces/lib/libchapt4_interfaces__rosidl_typesupport_fastrtps_c.so
[0.425s] -- Up-to-date: /home/ros2/CHAPT4/CHAPT4_WS/install/chapt4_interfaces/include/chapt4_interfaces
[0.425s] -- Up-to-date: /home/ros2/CHAPT4/CHAPT4_WS/install/chapt4_interfaces/include/chapt4_interfaces/srv
[0.425s] -- Up-to-date: /home/ros2/CHAPT4/CHAPT4_WS/install/chapt4_interfaces/include/chapt4_interfaces/srv/detail
[0.426s] -- Up-to-date: /home/ros2/CHAPT4/CHAPT4_WS/install/chapt4_interfaces/include/chapt4_interfaces/srv/detail/face_detector__rosidl_typesupport_fastrtps_cpp.hpp
[0.426s] -- Up-to-date: /home/ros2/CHAPT4/CHAPT4_WS/install/chapt4_interfaces/include/chapt4_interfaces/srv/detail/dds_fastrtps
[0.426s] -- Up-to-date: /home/ros2/CHAPT4/CHAPT4_WS/install/chapt4_interfaces/include/chapt4_interfaces/msg
[0.426s] -- Up-to-date: /home/ros2/CHAPT4/CHAPT4_WS/install/chapt4_interfaces/include/chapt4_interfaces/msg/rosidl_typesupport_fastrtps_cpp__visibility_control.h
[0.426s] -- Up-to-date: /home/ros2/CHAPT4/CHAPT4_WS/install/chapt4_interfaces/lib/libchapt4_interfaces__rosidl_typesupport_fastrtps_cpp.so
[0.427s] -- Up-to-date: /home/ros2/CHAPT4/CHAPT4_WS/install/chapt4_interfaces/include/chapt4_interfaces
[0.427s] -- Up-to-date: /home/ros2/CHAPT4/CHAPT4_WS/install/chapt4_interfaces/include/chapt4_interfaces/srv
[0.427s] -- Up-to-date: /home/ros2/CHAPT4/CHAPT4_WS/install/chapt4_interfaces/include/chapt4_interfaces/srv/detail
[0.427s] -- Up-to-date: /home/ros2/CHAPT4/CHAPT4_WS/install/chapt4_interfaces/include/chapt4_interfaces/srv/detail/face_detector__rosidl_typesupport_introspection_c.h
[0.427s] -- Up-to-date: /home/ros2/CHAPT4/CHAPT4_WS/install/chapt4_interfaces/include/chapt4_interfaces/srv/detail/face_detector__type_support.c
[0.428s] -- Up-to-date: /home/ros2/CHAPT4/CHAPT4_WS/install/chapt4_interfaces/include/chapt4_interfaces/msg
[0.428s] -- Up-to-date: /home/ros2/CHAPT4/CHAPT4_WS/install/chapt4_interfaces/include/chapt4_interfaces/msg/rosidl_typesupport_introspection_c__visibility_control.h
[0.428s] -- Up-to-date: /home/ros2/CHAPT4/CHAPT4_WS/install/chapt4_interfaces/lib/libchapt4_interfaces__rosidl_typesupport_introspection_c.so
[0.429s] -- Up-to-date: /home/ros2/CHAPT4/CHAPT4_WS/install/chapt4_interfaces/lib/libchapt4_interfaces__rosidl_typesupport_c.so
[0.429s] -- Up-to-date: /home/ros2/CHAPT4/CHAPT4_WS/install/chapt4_interfaces/include/chapt4_interfaces
[0.429s] -- Up-to-date: /home/ros2/CHAPT4/CHAPT4_WS/install/chapt4_interfaces/include/chapt4_interfaces/srv
[0.429s] -- Up-to-date: /home/ros2/CHAPT4/CHAPT4_WS/install/chapt4_interfaces/include/chapt4_interfaces/srv/face_detector.hpp
[0.429s] -- Up-to-date: /home/ros2/CHAPT4/CHAPT4_WS/install/chapt4_interfaces/include/chapt4_interfaces/srv/detail
[0.429s] -- Up-to-date: /home/ros2/CHAPT4/CHAPT4_WS/install/chapt4_interfaces/include/chapt4_interfaces/srv/detail/face_detector__builder.hpp
[0.430s] -- Up-to-date: /home/ros2/CHAPT4/CHAPT4_WS/install/chapt4_interfaces/include/chapt4_interfaces/srv/detail/face_detector__struct.hpp
[0.430s] -- Up-to-date: /home/ros2/CHAPT4/CHAPT4_WS/install/chapt4_interfaces/include/chapt4_interfaces/srv/detail/face_detector__type_support.hpp
[0.430s] -- Up-to-date: /home/ros2/CHAPT4/CHAPT4_WS/install/chapt4_interfaces/include/chapt4_interfaces/srv/detail/face_detector__traits.hpp
[0.430s] -- Up-to-date: /home/ros2/CHAPT4/CHAPT4_WS/install/chapt4_interfaces/include/chapt4_interfaces/msg
[0.430s] -- Up-to-date: /home/ros2/CHAPT4/CHAPT4_WS/install/chapt4_interfaces/include/chapt4_interfaces/msg/rosidl_generator_cpp__visibility_control.hpp
[0.430s] -- Up-to-date: /home/ros2/CHAPT4/CHAPT4_WS/install/chapt4_interfaces/include/chapt4_interfaces
[0.430s] -- Up-to-date: /home/ros2/CHAPT4/CHAPT4_WS/install/chapt4_interfaces/include/chapt4_interfaces/srv
[0.431s] -- Up-to-date: /home/ros2/CHAPT4/CHAPT4_WS/install/chapt4_interfaces/include/chapt4_interfaces/srv/detail
[0.431s] -- Up-to-date: /home/ros2/CHAPT4/CHAPT4_WS/install/chapt4_interfaces/include/chapt4_interfaces/srv/detail/face_detector__rosidl_typesupport_introspection_cpp.hpp
[0.431s] -- Up-to-date: /home/ros2/CHAPT4/CHAPT4_WS/install/chapt4_interfaces/include/chapt4_interfaces/srv/detail/face_detector__type_support.cpp
[0.431s] -- Up-to-date: /home/ros2/CHAPT4/CHAPT4_WS/install/chapt4_interfaces/lib/libchapt4_interfaces__rosidl_typesupport_introspection_cpp.so
[0.432s] -- Up-to-date: /home/ros2/CHAPT4/CHAPT4_WS/install/chapt4_interfaces/lib/libchapt4_interfaces__rosidl_typesupport_cpp.so
[0.432s] -- Up-to-date: /home/ros2/CHAPT4/CHAPT4_WS/install/chapt4_interfaces/share/chapt4_interfaces/environment/pythonpath.sh
[0.433s] -- Up-to-date: /home/ros2/CHAPT4/CHAPT4_WS/install/chapt4_interfaces/share/chapt4_interfaces/environment/pythonpath.dsv
[0.433s] -- Up-to-date: /home/ros2/CHAPT4/CHAPT4_WS/install/chapt4_interfaces/lib/python3.8/site-packages/chapt4_interfaces/__init__.py
[0.468s] -- Up-to-date: /home/ros2/CHAPT4/CHAPT4_WS/install/chapt4_interfaces/lib/python3.8/site-packages/chapt4_interfaces/srv
[0.468s] -- Up-to-date: /home/ros2/CHAPT4/CHAPT4_WS/install/chapt4_interfaces/lib/python3.8/site-packages/chapt4_interfaces/srv/_face_detector_s.c
[0.468s] -- Up-to-date: /home/ros2/CHAPT4/CHAPT4_WS/install/chapt4_interfaces/lib/python3.8/site-packages/chapt4_interfaces/srv/__init__.py
[0.468s] -- Up-to-date: /home/ros2/CHAPT4/CHAPT4_WS/install/chapt4_interfaces/lib/python3.8/site-packages/chapt4_interfaces/srv/_face_detector.py
[0.468s] -- Up-to-date: /home/ros2/CHAPT4/CHAPT4_WS/install/chapt4_interfaces/lib/python3.8/site-packages/chapt4_interfaces/chapt4_interfaces_s__rosidl_typesupport_fastrtps_c.cpython-38-x86_64-linux-gnu.so
[0.468s] -- Up-to-date: /home/ros2/CHAPT4/CHAPT4_WS/install/chapt4_interfaces/lib/python3.8/site-packages/chapt4_interfaces/chapt4_interfaces_s__rosidl_typesupport_introspection_c.cpython-38-x86_64-linux-gnu.so
[0.468s] -- Up-to-date: /home/ros2/CHAPT4/CHAPT4_WS/install/chapt4_interfaces/lib/python3.8/site-packages/chapt4_interfaces/chapt4_interfaces_s__rosidl_typesupport_c.cpython-38-x86_64-linux-gnu.so
[0.468s] -- Up-to-date: /home/ros2/CHAPT4/CHAPT4_WS/install/chapt4_interfaces/lib/libchapt4_interfaces__python.so
[0.468s] -- Up-to-date: /home/ros2/CHAPT4/CHAPT4_WS/install/chapt4_interfaces/share/chapt4_interfaces/srv/FaceDetector.idl
[0.468s] -- Up-to-date: /home/ros2/CHAPT4/CHAPT4_WS/install/chapt4_interfaces/share/chapt4_interfaces/srv/FaceDetector.srv
[0.469s] -- Up-to-date: /home/ros2/CHAPT4/CHAPT4_WS/install/chapt4_interfaces/share/chapt4_interfaces/srv/FaceDetector_Request.msg
[0.469s] -- Up-to-date: /home/ros2/CHAPT4/CHAPT4_WS/install/chapt4_interfaces/share/chapt4_interfaces/srv/FaceDetector_Response.msg
[0.469s] -- Up-to-date: /home/ros2/CHAPT4/CHAPT4_WS/install/chapt4_interfaces/share/ament_index/resource_index/package_run_dependencies/chapt4_interfaces
[0.469s] -- Up-to-date: /home/ros2/CHAPT4/CHAPT4_WS/install/chapt4_interfaces/share/ament_index/resource_index/parent_prefix_path/chapt4_interfaces
[0.469s] -- Up-to-date: /home/ros2/CHAPT4/CHAPT4_WS/install/chapt4_interfaces/share/chapt4_interfaces/environment/ament_prefix_path.sh
[0.469s] -- Up-to-date: /home/ros2/CHAPT4/CHAPT4_WS/install/chapt4_interfaces/share/chapt4_interfaces/environment/ament_prefix_path.dsv
[0.469s] -- Up-to-date: /home/ros2/CHAPT4/CHAPT4_WS/install/chapt4_interfaces/share/chapt4_interfaces/environment/path.sh
[0.469s] -- Up-to-date: /home/ros2/CHAPT4/CHAPT4_WS/install/chapt4_interfaces/share/chapt4_interfaces/environment/path.dsv
[0.469s] -- Up-to-date: /home/ros2/CHAPT4/CHAPT4_WS/install/chapt4_interfaces/share/chapt4_interfaces/local_setup.bash
[0.469s] -- Up-to-date: /home/ros2/CHAPT4/CHAPT4_WS/install/chapt4_interfaces/share/chapt4_interfaces/local_setup.sh
[0.469s] -- Up-to-date: /home/ros2/CHAPT4/CHAPT4_WS/install/chapt4_interfaces/share/chapt4_interfaces/local_setup.zsh
[0.469s] -- Up-to-date: /home/ros2/CHAPT4/CHAPT4_WS/install/chapt4_interfaces/share/chapt4_interfaces/local_setup.dsv
[0.469s] -- Installing: /home/ros2/CHAPT4/CHAPT4_WS/install/chapt4_interfaces/share/chapt4_interfaces/package.dsv
[0.469s] -- Up-to-date: /home/ros2/CHAPT4/CHAPT4_WS/install/chapt4_interfaces/share/ament_index/resource_index/packages/chapt4_interfaces
[0.469s] -- Up-to-date: /home/ros2/CHAPT4/CHAPT4_WS/install/chapt4_interfaces/share/chapt4_interfaces/cmake/chapt4_interfaces__rosidl_generator_cExport.cmake
[0.469s] -- Up-to-date: /home/ros2/CHAPT4/CHAPT4_WS/install/chapt4_interfaces/share/chapt4_interfaces/cmake/chapt4_interfaces__rosidl_generator_cExport-noconfig.cmake
[0.469s] -- Up-to-date: /home/ros2/CHAPT4/CHAPT4_WS/install/chapt4_interfaces/share/chapt4_interfaces/cmake/chapt4_interfaces__rosidl_typesupport_introspection_cExport.cmake
[0.469s] -- Up-to-date: /home/ros2/CHAPT4/CHAPT4_WS/install/chapt4_interfaces/share/chapt4_interfaces/cmake/chapt4_interfaces__rosidl_typesupport_introspection_cExport-noconfig.cmake
[0.470s] -- Up-to-date: /home/ros2/CHAPT4/CHAPT4_WS/install/chapt4_interfaces/share/chapt4_interfaces/cmake/chapt4_interfaces__rosidl_typesupport_cExport.cmake
[0.470s] -- Up-to-date: /home/ros2/CHAPT4/CHAPT4_WS/install/chapt4_interfaces/share/chapt4_interfaces/cmake/chapt4_interfaces__rosidl_typesupport_cExport-noconfig.cmake
[0.470s] -- Up-to-date: /home/ros2/CHAPT4/CHAPT4_WS/install/chapt4_interfaces/share/chapt4_interfaces/cmake/chapt4_interfaces__rosidl_generator_cppExport.cmake
[0.470s] -- Up-to-date: /home/ros2/CHAPT4/CHAPT4_WS/install/chapt4_interfaces/share/chapt4_interfaces/cmake/chapt4_interfaces__rosidl_typesupport_introspection_cppExport.cmake
[0.470s] -- Up-to-date: /home/ros2/CHAPT4/CHAPT4_WS/install/chapt4_interfaces/share/chapt4_interfaces/cmake/chapt4_interfaces__rosidl_typesupport_introspection_cppExport-noconfig.cmake
[0.473s] -- Up-to-date: /home/ros2/CHAPT4/CHAPT4_WS/install/chapt4_interfaces/share/chapt4_interfaces/cmake/chapt4_interfaces__rosidl_typesupport_cppExport.cmake
[0.473s] -- Up-to-date: /home/ros2/CHAPT4/CHAPT4_WS/install/chapt4_interfaces/share/chapt4_interfaces/cmake/chapt4_interfaces__rosidl_typesupport_cppExport-noconfig.cmake
[0.473s] -- Up-to-date: /home/ros2/CHAPT4/CHAPT4_WS/install/chapt4_interfaces/share/chapt4_interfaces/cmake/rosidl_cmake-extras.cmake
[0.473s] -- Up-to-date: /home/ros2/CHAPT4/CHAPT4_WS/install/chapt4_interfaces/share/chapt4_interfaces/cmake/ament_cmake_export_dependencies-extras.cmake
[0.473s] -- Up-to-date: /home/ros2/CHAPT4/CHAPT4_WS/install/chapt4_interfaces/share/chapt4_interfaces/cmake/ament_cmake_export_libraries-extras.cmake
[0.473s] -- Up-to-date: /home/ros2/CHAPT4/CHAPT4_WS/install/chapt4_interfaces/share/chapt4_interfaces/cmake/ament_cmake_export_targets-extras.cmake
[0.473s] -- Up-to-date: /home/ros2/CHAPT4/CHAPT4_WS/install/chapt4_interfaces/share/chapt4_interfaces/cmake/ament_cmake_export_include_directories-extras.cmake
[0.473s] -- Up-to-date: /home/ros2/CHAPT4/CHAPT4_WS/install/chapt4_interfaces/share/chapt4_interfaces/cmake/rosidl_cmake_export_typesupport_libraries-extras.cmake
[0.473s] -- Up-to-date: /home/ros2/CHAPT4/CHAPT4_WS/install/chapt4_interfaces/share/chapt4_interfaces/cmake/rosidl_cmake_export_typesupport_targets-extras.cmake
[0.473s] -- Up-to-date: /home/ros2/CHAPT4/CHAPT4_WS/install/chapt4_interfaces/share/chapt4_interfaces/cmake/chapt4_interfacesConfig.cmake
[0.473s] -- Up-to-date: /home/ros2/CHAPT4/CHAPT4_WS/install/chapt4_interfaces/share/chapt4_interfaces/cmake/chapt4_interfacesConfig-version.cmake
[0.473s] -- Up-to-date: /home/ros2/CHAPT4/CHAPT4_WS/install/chapt4_interfaces/share/chapt4_interfaces/package.xml
[0.481s] Invoked command in '/home/ros2/CHAPT4/CHAPT4_WS/build/chapt4_interfaces' returned '0': CMAKE_PREFIX_PATH=${CMAKE_PREFIX_PATH}:/home/ros2/CHAPT4/CHAPT4_WS/install/demo_python_service:/opt/ros/foxy /usr/bin/cmake --install /home/ros2/CHAPT4/CHAPT4_WS/build/chapt4_interfaces
