[0.012s] Invoking command in '/home/ros2/CHAPT6/chapt6_ws/build/fishbot_description': CMAKE_PREFIX_PATH=${CMAKE_PREFIX_PATH}:/opt/ros/foxy /usr/bin/cmake --build /home/ros2/CHAPT6/chapt6_ws/build/fishbot_description -- -j2 -l2
[0.068s] Invoked command in '/home/ros2/CHAPT6/chapt6_ws/build/fishbot_description' returned '0': CMAKE_PREFIX_PATH=${CMAKE_PREFIX_PATH}:/opt/ros/foxy /usr/bin/cmake --build /home/ros2/CHAPT6/chapt6_ws/build/fishbot_description -- -j2 -l2
[0.118s] Invoking command in '/home/ros2/CHAPT6/chapt6_ws/build/fishbot_description': CMAKE_PREFIX_PATH=${CMAKE_PREFIX_PATH}:/opt/ros/foxy /usr/bin/cmake --install /home/ros2/CHAPT6/chapt6_ws/build/fishbot_description
[0.127s] -- Install configuration: ""
[0.127s] -- Up-to-date: /home/ros2/CHAPT6/chapt6_ws/install/fishbot_description/share/fishbot_description/launch
[0.127s] -- Up-to-date: /home/ros2/CHAPT6/chapt6_ws/install/fishbot_description/share/fishbot_description/launch/__pycache__
[0.128s] -- Installing: /home/ros2/CHAPT6/chapt6_ws/install/fishbot_description/share/fishbot_description/launch/__pycache__/display_robot.launch.cpython-38.pyc
[0.129s] -- Up-to-date: /home/ros2/CHAPT6/chapt6_ws/install/fishbot_description/share/fishbot_description/launch/display_robot.launch.py
[0.129s] -- Up-to-date: /home/ros2/CHAPT6/chapt6_ws/install/fishbot_description/share/fishbot_description/urdf
[0.129s] -- Up-to-date: /home/ros2/CHAPT6/chapt6_ws/install/fishbot_description/share/fishbot_description/urdf/first_robot.xacro
[0.130s] -- Up-to-date: /home/ros2/CHAPT6/chapt6_ws/install/fishbot_description/share/fishbot_description/urdf/first_robot.pdf
[0.130s] -- Up-to-date: /home/ros2/CHAPT6/chapt6_ws/install/fishbot_description/share/fishbot_description/urdf/first_robot.gv
[0.130s] -- Up-to-date: /home/ros2/CHAPT6/chapt6_ws/install/fishbot_description/share/fishbot_description/urdf/first_robot.urdf
[0.130s] -- Up-to-date: /home/ros2/CHAPT6/chapt6_ws/install/fishbot_description/share/fishbot_description/urdf/fishbot
[0.130s] -- Installing: /home/ros2/CHAPT6/chapt6_ws/install/fishbot_description/share/fishbot_description/urdf/fishbot/fishbot.urdf.xacro
[0.130s] -- Up-to-date: /home/ros2/CHAPT6/chapt6_ws/install/fishbot_description/share/fishbot_description/urdf/fishbot/base.urdf.xacro
[0.130s] -- Up-to-date: /home/ros2/CHAPT6/chapt6_ws/install/fishbot_description/share/fishbot_description/urdf/fishbot/sensor
[0.130s] -- Up-to-date: /home/ros2/CHAPT6/chapt6_ws/install/fishbot_description/share/fishbot_description/urdf/fishbot/sensor/laser.urdf.xacro
[0.131s] -- Up-to-date: /home/ros2/CHAPT6/chapt6_ws/install/fishbot_description/share/fishbot_description/urdf/fishbot/sensor/imu.urdf.xacro
[0.131s] -- Up-to-date: /home/ros2/CHAPT6/chapt6_ws/install/fishbot_description/share/fishbot_description/urdf/fishbot/sensor/camera.urdf.xacro
[0.131s] -- Up-to-date: /home/ros2/CHAPT6/chapt6_ws/install/fishbot_description/share/fishbot_description/config
[0.131s] -- Up-to-date: /home/ros2/CHAPT6/chapt6_ws/install/fishbot_description/share/fishbot_description/config/display_robot_model.rviz
[0.131s] -- Up-to-date: /home/ros2/CHAPT6/chapt6_ws/install/fishbot_description/share/ament_index/resource_index/package_run_dependencies/fishbot_description
[0.131s] -- Up-to-date: /home/ros2/CHAPT6/chapt6_ws/install/fishbot_description/share/ament_index/resource_index/parent_prefix_path/fishbot_description
[0.131s] -- Up-to-date: /home/ros2/CHAPT6/chapt6_ws/install/fishbot_description/share/fishbot_description/environment/ament_prefix_path.sh
[0.133s] -- Up-to-date: /home/ros2/CHAPT6/chapt6_ws/install/fishbot_description/share/fishbot_description/environment/ament_prefix_path.dsv
[0.134s] -- Up-to-date: /home/ros2/CHAPT6/chapt6_ws/install/fishbot_description/share/fishbot_description/environment/path.sh
[0.134s] -- Up-to-date: /home/ros2/CHAPT6/chapt6_ws/install/fishbot_description/share/fishbot_description/environment/path.dsv
[0.134s] -- Up-to-date: /home/ros2/CHAPT6/chapt6_ws/install/fishbot_description/share/fishbot_description/local_setup.bash
[0.134s] -- Up-to-date: /home/ros2/CHAPT6/chapt6_ws/install/fishbot_description/share/fishbot_description/local_setup.sh
[0.134s] -- Up-to-date: /home/ros2/CHAPT6/chapt6_ws/install/fishbot_description/share/fishbot_description/local_setup.zsh
[0.134s] -- Up-to-date: /home/ros2/CHAPT6/chapt6_ws/install/fishbot_description/share/fishbot_description/local_setup.dsv
[0.134s] -- Installing: /home/ros2/CHAPT6/chapt6_ws/install/fishbot_description/share/fishbot_description/package.dsv
[0.134s] -- Up-to-date: /home/ros2/CHAPT6/chapt6_ws/install/fishbot_description/share/ament_index/resource_index/packages/fishbot_description
[0.134s] -- Up-to-date: /home/ros2/CHAPT6/chapt6_ws/install/fishbot_description/share/fishbot_description/cmake/fishbot_descriptionConfig.cmake
[0.135s] -- Up-to-date: /home/ros2/CHAPT6/chapt6_ws/install/fishbot_description/share/fishbot_description/cmake/fishbot_descriptionConfig-version.cmake
[0.139s] -- Up-to-date: /home/ros2/CHAPT6/chapt6_ws/install/fishbot_description/share/fishbot_description/package.xml
[0.147s] Invoked command in '/home/ros2/CHAPT6/chapt6_ws/build/fishbot_description' returned '0': CMAKE_PREFIX_PATH=${CMAKE_PREFIX_PATH}:/opt/ros/foxy /usr/bin/cmake --install /home/ros2/CHAPT6/chapt6_ws/build/fishbot_description
