[0.023s] Invoking command in '/home/ros2/CHAPT6/chapt6_ws/build/fishbot_description': CMAKE_PREFIX_PATH=${CMAKE_PREFIX_PATH}:/opt/ros/foxy /usr/bin/cmake --build /home/ros2/CHAPT6/chapt6_ws/build/fishbot_description -- -j2 -l2
[0.614s] Invoked command in '/home/ros2/CHAPT6/chapt6_ws/build/fishbot_description' returned '0': CMAKE_PREFIX_PATH=${CMAKE_PREFIX_PATH}:/opt/ros/foxy /usr/bin/cmake --build /home/ros2/CHAPT6/chapt6_ws/build/fishbot_description -- -j2 -l2
[0.682s] Invoking command in '/home/ros2/CHAPT6/chapt6_ws/build/fishbot_description': CMAKE_PREFIX_PATH=${CMAKE_PREFIX_PATH}:/opt/ros/foxy /usr/bin/cmake --install /home/ros2/CHAPT6/chapt6_ws/build/fishbot_description
[0.709s] -- Install configuration: ""
[0.709s] -- Up-to-date: /home/ros2/CHAPT6/chapt6_ws/install/fishbot_description/share/fishbot_description/launch
[0.709s] -- Installing: /home/ros2/CHAPT6/chapt6_ws/install/fishbot_description/share/fishbot_description/launch/gazebo_sim.launch.py
[0.710s] -- Up-to-date: /home/ros2/CHAPT6/chapt6_ws/install/fishbot_description/share/fishbot_description/launch/__pycache__
[0.710s] -- Up-to-date: /home/ros2/CHAPT6/chapt6_ws/install/fishbot_description/share/fishbot_description/launch/__pycache__/display_robot.launch.cpython-38.pyc
[0.710s] -- Up-to-date: /home/ros2/CHAPT6/chapt6_ws/install/fishbot_description/share/fishbot_description/launch/display_robot.launch.py
[0.710s] -- Up-to-date: /home/ros2/CHAPT6/chapt6_ws/install/fishbot_description/share/fishbot_description/urdf
[0.711s] -- Up-to-date: /home/ros2/CHAPT6/chapt6_ws/install/fishbot_description/share/fishbot_description/urdf/first_robot.xacro
[0.711s] -- Up-to-date: /home/ros2/CHAPT6/chapt6_ws/install/fishbot_description/share/fishbot_description/urdf/first_robot.pdf
[0.711s] -- Up-to-date: /home/ros2/CHAPT6/chapt6_ws/install/fishbot_description/share/fishbot_description/urdf/first_robot.gv
[0.711s] -- Up-to-date: /home/ros2/CHAPT6/chapt6_ws/install/fishbot_description/share/fishbot_description/urdf/first_robot.urdf
[0.711s] -- Up-to-date: /home/ros2/CHAPT6/chapt6_ws/install/fishbot_description/share/fishbot_description/urdf/fishbot
[0.712s] -- Up-to-date: /home/ros2/CHAPT6/chapt6_ws/install/fishbot_description/share/fishbot_description/urdf/fishbot/fishbot.ros2_control.xacro
[0.712s] -- Up-to-date: /home/ros2/CHAPT6/chapt6_ws/install/fishbot_description/share/fishbot_description/urdf/fishbot/fishbot.urdf.xacro
[0.712s] -- Up-to-date: /home/ros2/CHAPT6/chapt6_ws/install/fishbot_description/share/fishbot_description/urdf/fishbot/base.urdf.xacro
[0.712s] -- Up-to-date: /home/ros2/CHAPT6/chapt6_ws/install/fishbot_description/share/fishbot_description/urdf/fishbot/plugins
[0.713s] -- Up-to-date: /home/ros2/CHAPT6/chapt6_ws/install/fishbot_description/share/fishbot_description/urdf/fishbot/plugins/gazebo_control_plugin.xacro
[0.714s] -- Up-to-date: /home/ros2/CHAPT6/chapt6_ws/install/fishbot_description/share/fishbot_description/urdf/fishbot/plugins/gazebo_sensor_plugin.xacro
[0.714s] -- Up-to-date: /home/ros2/CHAPT6/chapt6_ws/install/fishbot_description/share/fishbot_description/urdf/fishbot/common_inertia.xacro
[0.715s] -- Up-to-date: /home/ros2/CHAPT6/chapt6_ws/install/fishbot_description/share/fishbot_description/urdf/fishbot/sensor
[0.715s] -- Up-to-date: /home/ros2/CHAPT6/chapt6_ws/install/fishbot_description/share/fishbot_description/urdf/fishbot/sensor/laser.urdf.xacro
[0.715s] -- Up-to-date: /home/ros2/CHAPT6/chapt6_ws/install/fishbot_description/share/fishbot_description/urdf/fishbot/sensor/imu.urdf.xacro
[0.716s] -- Up-to-date: /home/ros2/CHAPT6/chapt6_ws/install/fishbot_description/share/fishbot_description/urdf/fishbot/sensor/camera.urdf.xacro
[0.716s] -- Up-to-date: /home/ros2/CHAPT6/chapt6_ws/install/fishbot_description/share/fishbot_description/urdf/fishbot/actuator
[0.717s] -- Up-to-date: /home/ros2/CHAPT6/chapt6_ws/install/fishbot_description/share/fishbot_description/urdf/fishbot/actuator/wheel.urdf.xacro
[0.718s] -- Up-to-date: /home/ros2/CHAPT6/chapt6_ws/install/fishbot_description/share/fishbot_description/urdf/fishbot/actuator/caster.urdf.xacro
[0.718s] -- Up-to-date: /home/ros2/CHAPT6/chapt6_ws/install/fishbot_description/share/fishbot_description/config
[0.718s] -- Up-to-date: /home/ros2/CHAPT6/chapt6_ws/install/fishbot_description/share/fishbot_description/config/display_robot_model.rviz
[0.718s] -- Up-to-date: /home/ros2/CHAPT6/chapt6_ws/install/fishbot_description/share/fishbot_description/config/fishbot_ros2_controller.yaml
[0.719s] -- Up-to-date: /home/ros2/CHAPT6/chapt6_ws/install/fishbot_description/share/fishbot_description/world
[0.719s] -- Up-to-date: /home/ros2/CHAPT6/chapt6_ws/install/fishbot_description/share/fishbot_description/world/room
[0.720s] -- Up-to-date: /home/ros2/CHAPT6/chapt6_ws/install/fishbot_description/share/fishbot_description/world/room/model.sdf
[0.720s] -- Up-to-date: /home/ros2/CHAPT6/chapt6_ws/install/fishbot_description/share/fishbot_description/world/room/model.config
[0.726s] -- Up-to-date: /home/ros2/CHAPT6/chapt6_ws/install/fishbot_description/share/fishbot_description/world/custom_room.world
[0.728s] -- Up-to-date: /home/ros2/CHAPT6/chapt6_ws/install/fishbot_description/share/ament_index/resource_index/package_run_dependencies/fishbot_description
[0.732s] -- Up-to-date: /home/ros2/CHAPT6/chapt6_ws/install/fishbot_description/share/ament_index/resource_index/parent_prefix_path/fishbot_description
[0.736s] -- Up-to-date: /home/ros2/CHAPT6/chapt6_ws/install/fishbot_description/share/fishbot_description/environment/ament_prefix_path.sh
[0.738s] -- Up-to-date: /home/ros2/CHAPT6/chapt6_ws/install/fishbot_description/share/fishbot_description/environment/ament_prefix_path.dsv
[0.738s] -- Up-to-date: /home/ros2/CHAPT6/chapt6_ws/install/fishbot_description/share/fishbot_description/environment/path.sh
[0.739s] -- Up-to-date: /home/ros2/CHAPT6/chapt6_ws/install/fishbot_description/share/fishbot_description/environment/path.dsv
[0.739s] -- Up-to-date: /home/ros2/CHAPT6/chapt6_ws/install/fishbot_description/share/fishbot_description/local_setup.bash
[0.740s] -- Up-to-date: /home/ros2/CHAPT6/chapt6_ws/install/fishbot_description/share/fishbot_description/local_setup.sh
[0.740s] -- Up-to-date: /home/ros2/CHAPT6/chapt6_ws/install/fishbot_description/share/fishbot_description/local_setup.zsh
[0.740s] -- Up-to-date: /home/ros2/CHAPT6/chapt6_ws/install/fishbot_description/share/fishbot_description/local_setup.dsv
[0.752s] -- Installing: /home/ros2/CHAPT6/chapt6_ws/install/fishbot_description/share/fishbot_description/package.dsv
[0.753s] -- Up-to-date: /home/ros2/CHAPT6/chapt6_ws/install/fishbot_description/share/ament_index/resource_index/packages/fishbot_description
[0.753s] -- Up-to-date: /home/ros2/CHAPT6/chapt6_ws/install/fishbot_description/share/fishbot_description/cmake/fishbot_descriptionConfig.cmake
[0.753s] -- Up-to-date: /home/ros2/CHAPT6/chapt6_ws/install/fishbot_description/share/fishbot_description/cmake/fishbot_descriptionConfig-version.cmake
[0.753s] -- Up-to-date: /home/ros2/CHAPT6/chapt6_ws/install/fishbot_description/share/fishbot_description/package.xml
[0.754s] Invoked command in '/home/ros2/CHAPT6/chapt6_ws/build/fishbot_description' returned '0': CMAKE_PREFIX_PATH=${CMAKE_PREFIX_PATH}:/opt/ros/foxy /usr/bin/cmake --install /home/ros2/CHAPT6/chapt6_ws/build/fishbot_description
