[0.015s] Invoking command in '/home/ros2/CHAPT2/chapt2_ws/build/demo_cpp_pkg': CMAKE_PREFIX_PATH=${CMAKE_PREFIX_PATH}:/home/ros2/CHAPT2/chapt2_ws/install/demo_python_pkg:/opt/ros/foxy /usr/bin/cmake --build /home/ros2/CHAPT2/chapt2_ws/build/demo_cpp_pkg -- -j2 -l2
[0.052s] -- Found ament_cmake: 0.9.12 (/opt/ros/foxy/share/ament_cmake/cmake)
[0.104s] -- Using PYTHON_EXECUTABLE: /usr/bin/python3
[0.345s] -- Found rclcpp: 2.4.3 (/opt/ros/foxy/share/rclcpp/cmake)
[0.379s] -- Using all available rosidl_typesupport_c: rosidl_typesupport_fastrtps_c;rosidl_typesupport_introspection_c
[0.383s] -- Found rosidl_adapter: 1.3.1 (/opt/ros/foxy/share/rosidl_adapter/cmake)
[0.524s] -- Using all available rosidl_typesupport_cpp: rosidl_typesupport_fastrtps_cpp;rosidl_typesupport_introspection_cpp
[0.576s] -- Found rmw_implementation_cmake: 1.0.4 (/opt/ros/foxy/share/rmw_implementation_cmake/cmake)
[0.577s] -- Using RMW implementation 'rmw_fastrtps_cpp' as default
[0.738s] -- Found ament_lint_auto: 0.9.8 (/opt/ros/foxy/share/ament_lint_auto/cmake)
[0.819s] -- Added test 'copyright' to check source files copyright and LICENSE
[0.828s] -- Added test 'cppcheck' to perform static code analysis on C / C++ code
[0.829s] -- Configured cppcheck include dirs: /home/ros2/CHAPT2/chapt2_ws/src/demo_cpp_pkg/include
[0.829s] -- Configured cppcheck exclude dirs and/or files: 
[0.838s] -- Added test 'cpplint' to check C / C++ code against the Google style
[0.838s] -- Configured cpplint exclude dirs and/or files: 
[0.840s] -- Added test 'flake8' to check Python code syntax and style conventions
[0.845s] -- Added test 'lint_cmake' to check CMake code style
[0.848s] -- Added test 'pep257' to check Python code against some of the style conventions in PEP 257
[0.857s] -- Added test 'uncrustify' to check C / C++ code style
[0.857s] -- Configured uncrustify additional arguments: 
[0.859s] -- Added test 'xmllint' to check XML markup files
[0.862s] -- Configuring done
[0.885s] -- Generating done
[0.885s] -- Build files have been written to: /home/ros2/CHAPT2/chapt2_ws/build/demo_cpp_pkg
[0.909s] [35m[1mScanning dependencies of target learn_lambda[0m
[0.917s] [35m[1mScanning dependencies of target person_node[0m
[0.945s] [  8%] [32mBuilding CXX object CMakeFiles/person_node.dir/src/person_node.cpp.o[0m
[0.946s] [ 16%] [32mBuilding CXX object CMakeFiles/learn_lambda.dir/src/learn_lambda.cpp.o[0m
[1.506s] [ 25%] [32m[1mLinking CXX executable learn_lambda[0m
[1.658s] [ 25%] Built target learn_lambda
[1.672s] [35m[1mScanning dependencies of target learn_shared_ptr[0m
[1.705s] [ 33%] [32mBuilding CXX object CMakeFiles/learn_shared_ptr.dir/src/learn_shared_ptr.cpp.o[0m
[2.311s] [ 41%] [32m[1mLinking CXX executable learn_shared_ptr[0m
[2.441s] [ 41%] Built target learn_shared_ptr
[2.457s] [35m[1mScanning dependencies of target learn_func[0m
[2.477s] [ 50%] [32mBuilding CXX object CMakeFiles/learn_func.dir/src/learn_func.cpp.o[0m
[3.109s] [ 58%] [32m[1mLinking CXX executable learn_func[0m
[3.257s] [ 58%] Built target learn_func
[3.296s] [35m[1mScanning dependencies of target cpp_node[0m
[3.340s] [ 66%] [32mBuilding CXX object CMakeFiles/cpp_node.dir/src/cpp_node.cpp.o[0m
[4.609s] [ 75%] [32m[1mLinking CXX executable person_node[0m
[4.838s] [ 75%] Built target person_node
[4.876s] [35m[1mScanning dependencies of target learn_thread[0m
[4.912s] [ 83%] [32mBuilding CXX object CMakeFiles/learn_thread.dir/src/learn_thread.cpp.o[0m
[7.645s] [ 91%] [32m[1mLinking CXX executable cpp_node[0m
[7.976s] [ 91%] Built target cpp_node
[12.546s] [100%] [32m[1mLinking CXX executable learn_thread[0m
[12.875s] [100%] Built target learn_thread
[12.903s] Invoked command in '/home/ros2/CHAPT2/chapt2_ws/build/demo_cpp_pkg' returned '0': CMAKE_PREFIX_PATH=${CMAKE_PREFIX_PATH}:/home/ros2/CHAPT2/chapt2_ws/install/demo_python_pkg:/opt/ros/foxy /usr/bin/cmake --build /home/ros2/CHAPT2/chapt2_ws/build/demo_cpp_pkg -- -j2 -l2
[12.969s] Invoking command in '/home/ros2/CHAPT2/chapt2_ws/build/demo_cpp_pkg': CMAKE_PREFIX_PATH=${CMAKE_PREFIX_PATH}:/home/ros2/CHAPT2/chapt2_ws/install/demo_python_pkg:/opt/ros/foxy /usr/bin/cmake --install /home/ros2/CHAPT2/chapt2_ws/build/demo_cpp_pkg
[12.978s] -- Install configuration: ""
[12.979s] -- Installing: /home/ros2/CHAPT2/chapt2_ws/install/demo_cpp_pkg/lib/demo_cpp_pkg/cpp_node
[12.980s] -- Set runtime path of "/home/ros2/CHAPT2/chapt2_ws/install/demo_cpp_pkg/lib/demo_cpp_pkg/cpp_node" to ""
[12.981s] -- Installing: /home/ros2/CHAPT2/chapt2_ws/install/demo_cpp_pkg/lib/demo_cpp_pkg/person_node
[12.982s] -- Set runtime path of "/home/ros2/CHAPT2/chapt2_ws/install/demo_cpp_pkg/lib/demo_cpp_pkg/person_node" to ""
[12.983s] -- Installing: /home/ros2/CHAPT2/chapt2_ws/install/demo_cpp_pkg/lib/demo_cpp_pkg/learn_shared_ptr
[12.983s] -- Installing: /home/ros2/CHAPT2/chapt2_ws/install/demo_cpp_pkg/lib/demo_cpp_pkg/learn_lambda
[12.984s] -- Installing: /home/ros2/CHAPT2/chapt2_ws/install/demo_cpp_pkg/lib/demo_cpp_pkg/learn_func
[12.984s] -- Installing: /home/ros2/CHAPT2/chapt2_ws/install/demo_cpp_pkg/lib/demo_cpp_pkg/learn_thread
[12.986s] -- Up-to-date: /home/ros2/CHAPT2/chapt2_ws/install/demo_cpp_pkg/share/ament_index/resource_index/package_run_dependencies/demo_cpp_pkg
[12.986s] -- Installing: /home/ros2/CHAPT2/chapt2_ws/install/demo_cpp_pkg/share/ament_index/resource_index/parent_prefix_path/demo_cpp_pkg
[12.986s] -- Up-to-date: /home/ros2/CHAPT2/chapt2_ws/install/demo_cpp_pkg/share/demo_cpp_pkg/environment/ament_prefix_path.sh
[12.987s] -- Installing: /home/ros2/CHAPT2/chapt2_ws/install/demo_cpp_pkg/share/demo_cpp_pkg/environment/ament_prefix_path.dsv
[12.987s] -- Up-to-date: /home/ros2/CHAPT2/chapt2_ws/install/demo_cpp_pkg/share/demo_cpp_pkg/environment/path.sh
[12.987s] -- Installing: /home/ros2/CHAPT2/chapt2_ws/install/demo_cpp_pkg/share/demo_cpp_pkg/environment/path.dsv
[12.987s] -- Up-to-date: /home/ros2/CHAPT2/chapt2_ws/install/demo_cpp_pkg/share/demo_cpp_pkg/local_setup.bash
[12.988s] -- Up-to-date: /home/ros2/CHAPT2/chapt2_ws/install/demo_cpp_pkg/share/demo_cpp_pkg/local_setup.sh
[12.988s] -- Up-to-date: /home/ros2/CHAPT2/chapt2_ws/install/demo_cpp_pkg/share/demo_cpp_pkg/local_setup.zsh
[12.988s] -- Installing: /home/ros2/CHAPT2/chapt2_ws/install/demo_cpp_pkg/share/demo_cpp_pkg/local_setup.dsv
[12.988s] -- Installing: /home/ros2/CHAPT2/chapt2_ws/install/demo_cpp_pkg/share/demo_cpp_pkg/package.dsv
[12.989s] -- Up-to-date: /home/ros2/CHAPT2/chapt2_ws/install/demo_cpp_pkg/share/ament_index/resource_index/packages/demo_cpp_pkg
[12.989s] -- Up-to-date: /home/ros2/CHAPT2/chapt2_ws/install/demo_cpp_pkg/share/demo_cpp_pkg/cmake/demo_cpp_pkgConfig.cmake
[12.989s] -- Up-to-date: /home/ros2/CHAPT2/chapt2_ws/install/demo_cpp_pkg/share/demo_cpp_pkg/cmake/demo_cpp_pkgConfig-version.cmake
[12.989s] -- Up-to-date: /home/ros2/CHAPT2/chapt2_ws/install/demo_cpp_pkg/share/demo_cpp_pkg/package.xml
[13.002s] Invoked command in '/home/ros2/CHAPT2/chapt2_ws/build/demo_cpp_pkg' returned '0': CMAKE_PREFIX_PATH=${CMAKE_PREFIX_PATH}:/home/ros2/CHAPT2/chapt2_ws/install/demo_python_pkg:/opt/ros/foxy /usr/bin/cmake --install /home/ros2/CHAPT2/chapt2_ws/build/demo_cpp_pkg
