-- Found ament_cmake: 0.9.12 (/opt/ros/foxy/share/ament_cmake/cmake)
-- Using PYTHON_EXECUTABLE: /usr/bin/python3
-- Found chapt4_interfaces: 0.0.0 (/home/ros2/CHAPT4/CHAPT4_WS/install/chapt4_interfaces/share/chapt4_interfaces/cmake)
-- Using all available rosidl_typesupport_c: rosidl_typesupport_fastrtps_c;rosidl_typesupport_introspection_c
-- Found rosidl_adapter: 1.3.1 (/opt/ros/foxy/share/rosidl_adapter/cmake)
-- Using all available rosidl_typesupport_cpp: rosidl_typesupport_fastrtps_cpp;rosidl_typesupport_introspection_cpp
-- Found rclcpp: 2.4.3 (/opt/ros/foxy/share/rclcpp/cmake)
-- Found rmw_implementation_cmake: 1.0.4 (/opt/ros/foxy/share/rmw_implementation_cmake/cmake)
-- Using RMW implementation 'rmw_fastrtps_cpp' as default
-- Found turtlesim: 1.2.6 (/opt/ros/foxy/share/turtlesim/cmake)
-- Found ament_lint_auto: 0.9.8 (/opt/ros/foxy/share/ament_lint_auto/cmake)
-- Added test 'copyright' to check source files copyright and LICENSE
-- Added test 'cppcheck' to perform static code analysis on C / C++ code
-- Configured cppcheck include dirs: 
-- Configured cppcheck exclude dirs and/or files: 
-- Added test 'cpplint' to check C / C++ code against the Google style
-- Configured cpplint exclude dirs and/or files: 
-- Added test 'lint_cmake' to check CMake code style
-- Added test 'uncrustify' to check C / C++ code style
-- Configured uncrustify additional arguments: 
-- Added test 'xmllint' to check XML markup files
-- Configuring done
-- Generating done
-- Build files have been written to: /home/ros2/CHAPT4/CHAPT4_WS/build/demo_cpp_service
[35m[1mScanning dependencies of target turtle_contorl[0m
[ 50%] [32mBuilding CXX object CMakeFiles/turtle_contorl.dir/src/turtle_contorl.cpp.o[0m
[01m[K/home/ros2/CHAPT4/CHAPT4_WS/src/demo_cpp_service/src/turtle_contorl.cpp:[m[K In member function ‘[01m[Kvoid TurtleContrlNode::on_pose_recevived_(turtlesim::msg::Pose_<std::allocator<void> >::SharedPtr)[m[K’:
[01m[K/home/ros2/CHAPT4/CHAPT4_WS/src/demo_cpp_service/src/turtle_contorl.cpp:23:14:[m[K [01;35m[Kwarning: [m[Kvariable ‘[01m[Kmessage[m[K’ set but not used [[01;35m[K-Wunused-but-set-variable[m[K]
   23 |         auto [01;35m[Kmessage[m[K = geometry_msgs::msg::Twist();
      |              [01;35m[K^~~~~~~[m[K
In file included from [01m[K/usr/include/x86_64-linux-gnu/c++/9/bits/c++allocator.h:33[m[K,
                 from [01m[K/usr/include/c++/9/bits/allocator.h:46[m[K,
                 from [01m[K/usr/include/c++/9/memory:63[m[K,
                 from [01m[K/opt/ros/foxy/include/rclcpp/rclcpp.hpp:144[m[K,
                 from [01m[K/home/ros2/CHAPT4/CHAPT4_WS/src/demo_cpp_service/src/turtle_contorl.cpp:1[m[K:
/usr/include/c++/9/ext/new_allocator.h: In instantiation of ‘[01m[Kvoid __gnu_cxx::new_allocator<_Tp>::construct(_Up*, _Args&& ...) [with _Up = TurtleContrlNode; _Args = {const char (&)[14]}; _Tp = TurtleContrlNode][m[K’:
[01m[K/usr/include/c++/9/bits/alloc_traits.h:483:4:[m[K   required from ‘[01m[Kstatic void std::allocator_traits<std::allocator<_Tp1> >::construct(std::allocator_traits<std::allocator<_Tp1> >::allocator_type&, _Up*, _Args&& ...) [with _Up = TurtleContrlNode; _Args = {const char (&)[14]}; _Tp = TurtleContrlNode; std::allocator_traits<std::allocator<_Tp1> >::allocator_type = std::allocator<TurtleContrlNode>][m[K’
[01m[K/usr/include/c++/9/bits/shared_ptr_base.h:548:39:[m[K   required from ‘[01m[Kstd::_Sp_counted_ptr_inplace<_Tp, _Alloc, _Lp>::_Sp_counted_ptr_inplace(_Alloc, _Args&& ...) [with _Args = {const char (&)[14]}; _Tp = TurtleContrlNode; _Alloc = std::allocator<TurtleContrlNode>; __gnu_cxx::_Lock_policy _Lp = __gnu_cxx::_S_atomic][m[K’
[01m[K/usr/include/c++/9/bits/shared_ptr_base.h:679:16:[m[K   required from ‘[01m[Kstd::__shared_count<_Lp>::__shared_count(_Tp*&, std::_Sp_alloc_shared_tag<_Alloc>, _Args&& ...) [with _Tp = TurtleContrlNode; _Alloc = std::allocator<TurtleContrlNode>; _Args = {const char (&)[14]}; __gnu_cxx::_Lock_policy _Lp = __gnu_cxx::_S_atomic][m[K’
[01m[K/usr/include/c++/9/bits/shared_ptr_base.h:1344:71:[m[K   required from ‘[01m[Kstd::__shared_ptr<_Tp, _Lp>::__shared_ptr(std::_Sp_alloc_shared_tag<_Tp>, _Args&& ...) [with _Alloc = std::allocator<TurtleContrlNode>; _Args = {const char (&)[14]}; _Tp = TurtleContrlNode; __gnu_cxx::_Lock_policy _Lp = __gnu_cxx::_S_atomic][m[K’
[01m[K/usr/include/c++/9/bits/shared_ptr.h:359:59:[m[K   required from ‘[01m[Kstd::shared_ptr<_Tp>::shared_ptr(std::_Sp_alloc_shared_tag<_Tp>, _Args&& ...) [with _Alloc = std::allocator<TurtleContrlNode>; _Args = {const char (&)[14]}; _Tp = TurtleContrlNode][m[K’
[01m[K/usr/include/c++/9/bits/shared_ptr.h:701:14:[m[K   required from ‘[01m[Kstd::shared_ptr<_Tp> std::allocate_shared(const _Alloc&, _Args&& ...) [with _Tp = TurtleContrlNode; _Alloc = std::allocator<TurtleContrlNode>; _Args = {const char (&)[14]}][m[K’
[01m[K/usr/include/c++/9/bits/shared_ptr.h:717:39:[m[K   required from ‘[01m[Kstd::shared_ptr<_Tp> std::make_shared(_Args&& ...) [with _Tp = TurtleContrlNode; _Args = {const char (&)[14]}][m[K’
[01m[K/home/ros2/CHAPT4/CHAPT4_WS/src/demo_cpp_service/src/turtle_contorl.cpp:87:67:[m[K   required from here
[01m[K/usr/include/c++/9/ext/new_allocator.h:146:4:[m[K [01;31m[Kerror: [m[Kno matching function for call to ‘[01m[KTurtleContrlNode::TurtleContrlNode(const char [14])[m[K’
  146 |  { [01;31m[K::new((void *)__p) _Up(std::forward<_Args>(__args)...)[m[K; }
      |    [01;31m[K^~~~~~~~~~~~~~~~~~~~~~~~~~~~~~~~~~~~~~~~~~~~~~~~~~~~~~[m[K
[01m[K/home/ros2/CHAPT4/CHAPT4_WS/src/demo_cpp_service/src/turtle_contorl.cpp:59:5:[m[K [01;36m[Knote: [m[Kcandidate: ‘[01m[KTurtleContrlNode::TurtleContrlNode()[m[K’
   59 |     [01;36m[KTurtleContrlNode[m[K():Node("turtle_controller")
      |     [01;36m[K^~~~~~~~~~~~~~~~[m[K
[01m[K/home/ros2/CHAPT4/CHAPT4_WS/src/demo_cpp_service/src/turtle_contorl.cpp:59:5:[m[K [01;36m[Knote: [m[K  candidate expects 0 arguments, 1 provided
make[2]: *** [CMakeFiles/turtle_contorl.dir/build.make:63：CMakeFiles/turtle_contorl.dir/src/turtle_contorl.cpp.o] 错误 1
make[1]: *** [CMakeFiles/Makefile2:78：CMakeFiles/turtle_contorl.dir/all] 错误 2
make: *** [Makefile:141：all] 错误 2
