[0.021s] Invoking command in '/home/ros2/CHAPT4/CHAPT4_WS/build/chapt4_interfaces': CMAKE_PREFIX_PATH=${CMAKE_PREFIX_PATH}:/home/ros2/CHAPT4/CHAPT4_WS/install/demo_python_service:/opt/ros/foxy /usr/bin/cmake --build /home/ros2/CHAPT4/CHAPT4_WS/build/chapt4_interfaces -- -j2 -l2
[0.109s] [  3%] Built target chapt4_interfaces__cpp
[0.122s] [ 12%] Built target chapt4_interfaces__rosidl_generator_c
[0.156s] [ 22%] Built target chapt4_interfaces__rosidl_typesupport_introspection_cpp
[0.166s] [ 32%] Built target chapt4_interfaces__rosidl_typesupport_fastrtps_cpp
[0.183s] [ 41%] Built target chapt4_interfaces__rosidl_typesupport_c
[0.198s] [ 51%] Built target chapt4_interfaces__rosidl_typesupport_introspection_c
[0.215s] [ 61%] Built target chapt4_interfaces__rosidl_typesupport_cpp
[0.253s] [ 70%] Built target chapt4_interfaces__rosidl_typesupport_fastrtps_c
[0.277s] [ 70%] Built target chapt4_interfaces
[0.304s] [ 74%] Built target chapt4_interfaces__py
[0.347s] [ 80%] Built target chapt4_interfaces__python
[0.390s] [ 87%] Built target chapt4_interfaces__rosidl_typesupport_c__pyext
[0.405s] [ 93%] Built target chapt4_interfaces__rosidl_typesupport_introspection_c__pyext
[0.435s] [100%] Built target chapt4_interfaces__rosidl_typesupport_fastrtps_c__pyext
[0.457s] Invoked command in '/home/ros2/CHAPT4/CHAPT4_WS/build/chapt4_interfaces' returned '0': CMAKE_PREFIX_PATH=${CMAKE_PREFIX_PATH}:/home/ros2/CHAPT4/CHAPT4_WS/install/demo_python_service:/opt/ros/foxy /usr/bin/cmake --build /home/ros2/CHAPT4/CHAPT4_WS/build/chapt4_interfaces -- -j2 -l2
[0.580s] Invoking command in '/home/ros2/CHAPT4/CHAPT4_WS/build/chapt4_interfaces': CMAKE_PREFIX_PATH=${CMAKE_PREFIX_PATH}:/home/ros2/CHAPT4/CHAPT4_WS/install/demo_python_service:/opt/ros/foxy /usr/bin/cmake --install /home/ros2/CHAPT4/CHAPT4_WS/build/chapt4_interfaces
[0.597s] -- Install configuration: ""
[0.597s] -- Up-to-date: /home/ros2/CHAPT4/CHAPT4_WS/install/chapt4_interfaces/share/ament_index/resource_index/rosidl_interfaces/chapt4_interfaces
[0.598s] -- Up-to-date: /home/ros2/CHAPT4/CHAPT4_WS/install/chapt4_interfaces/include/chapt4_interfaces
[0.599s] -- Up-to-date: /home/ros2/CHAPT4/CHAPT4_WS/install/chapt4_interfaces/include/chapt4_interfaces/srv
[0.599s] -- Up-to-date: /home/ros2/CHAPT4/CHAPT4_WS/install/chapt4_interfaces/include/chapt4_interfaces/srv/face_detector.h
[0.600s] -- Up-to-date: /home/ros2/CHAPT4/CHAPT4_WS/install/chapt4_interfaces/include/chapt4_interfaces/srv/detail
[0.600s] -- Up-to-date: /home/ros2/CHAPT4/CHAPT4_WS/install/chapt4_interfaces/include/chapt4_interfaces/srv/detail/face_detector__struct.h
[0.601s] -- Up-to-date: /home/ros2/CHAPT4/CHAPT4_WS/install/chapt4_interfaces/include/chapt4_interfaces/srv/detail/face_detector__type_support.h
[0.601s] -- Up-to-date: /home/ros2/CHAPT4/CHAPT4_WS/install/chapt4_interfaces/include/chapt4_interfaces/srv/detail/face_detector__functions.h
[0.601s] -- Up-to-date: /home/ros2/CHAPT4/CHAPT4_WS/install/chapt4_interfaces/include/chapt4_interfaces/srv/detail/face_detector__functions.c
[0.601s] -- Up-to-date: /home/ros2/CHAPT4/CHAPT4_WS/install/chapt4_interfaces/include/chapt4_interfaces/msg
[0.601s] -- Up-to-date: /home/ros2/CHAPT4/CHAPT4_WS/install/chapt4_interfaces/include/chapt4_interfaces/msg/rosidl_generator_c__visibility_control.h
[0.602s] -- Up-to-date: /home/ros2/CHAPT4/CHAPT4_WS/install/chapt4_interfaces/share/chapt4_interfaces/environment/library_path.sh
[0.602s] -- Up-to-date: /home/ros2/CHAPT4/CHAPT4_WS/install/chapt4_interfaces/share/chapt4_interfaces/environment/library_path.dsv
[0.603s] -- Up-to-date: /home/ros2/CHAPT4/CHAPT4_WS/install/chapt4_interfaces/lib/libchapt4_interfaces__rosidl_generator_c.so
[0.604s] -- Up-to-date: /home/ros2/CHAPT4/CHAPT4_WS/install/chapt4_interfaces/include/chapt4_interfaces
[0.604s] -- Up-to-date: /home/ros2/CHAPT4/CHAPT4_WS/install/chapt4_interfaces/include/chapt4_interfaces/srv
[0.604s] -- Up-to-date: /home/ros2/CHAPT4/CHAPT4_WS/install/chapt4_interfaces/include/chapt4_interfaces/srv/detail
[0.604s] -- Up-to-date: /home/ros2/CHAPT4/CHAPT4_WS/install/chapt4_interfaces/include/chapt4_interfaces/srv/detail/face_detector__rosidl_typesupport_fastrtps_c.h
[0.606s] -- Up-to-date: /home/ros2/CHAPT4/CHAPT4_WS/install/chapt4_interfaces/include/chapt4_interfaces/msg
[0.606s] -- Up-to-date: /home/ros2/CHAPT4/CHAPT4_WS/install/chapt4_interfaces/include/chapt4_interfaces/msg/rosidl_typesupport_fastrtps_c__visibility_control.h
[0.607s] -- Up-to-date: /home/ros2/CHAPT4/CHAPT4_WS/install/chapt4_interfaces/lib/libchapt4_interfaces__rosidl_typesupport_fastrtps_c.so
[0.608s] -- Up-to-date: /home/ros2/CHAPT4/CHAPT4_WS/install/chapt4_interfaces/include/chapt4_interfaces
[0.608s] -- Up-to-date: /home/ros2/CHAPT4/CHAPT4_WS/install/chapt4_interfaces/include/chapt4_interfaces/srv
[0.608s] -- Up-to-date: /home/ros2/CHAPT4/CHAPT4_WS/install/chapt4_interfaces/include/chapt4_interfaces/srv/detail
[0.609s] -- Up-to-date: /home/ros2/CHAPT4/CHAPT4_WS/install/chapt4_interfaces/include/chapt4_interfaces/srv/detail/face_detector__rosidl_typesupport_fastrtps_cpp.hpp
[0.609s] -- Up-to-date: /home/ros2/CHAPT4/CHAPT4_WS/install/chapt4_interfaces/include/chapt4_interfaces/srv/detail/dds_fastrtps
[0.609s] -- Up-to-date: /home/ros2/CHAPT4/CHAPT4_WS/install/chapt4_interfaces/include/chapt4_interfaces/msg
[0.609s] -- Up-to-date: /home/ros2/CHAPT4/CHAPT4_WS/install/chapt4_interfaces/include/chapt4_interfaces/msg/rosidl_typesupport_fastrtps_cpp__visibility_control.h
[0.610s] -- Up-to-date: /home/ros2/CHAPT4/CHAPT4_WS/install/chapt4_interfaces/lib/libchapt4_interfaces__rosidl_typesupport_fastrtps_cpp.so
[0.611s] -- Up-to-date: /home/ros2/CHAPT4/CHAPT4_WS/install/chapt4_interfaces/include/chapt4_interfaces
[0.611s] -- Up-to-date: /home/ros2/CHAPT4/CHAPT4_WS/install/chapt4_interfaces/include/chapt4_interfaces/srv
[0.614s] -- Up-to-date: /home/ros2/CHAPT4/CHAPT4_WS/install/chapt4_interfaces/include/chapt4_interfaces/srv/detail
[0.614s] -- Up-to-date: /home/ros2/CHAPT4/CHAPT4_WS/install/chapt4_interfaces/include/chapt4_interfaces/srv/detail/face_detector__rosidl_typesupport_introspection_c.h
[0.614s] -- Up-to-date: /home/ros2/CHAPT4/CHAPT4_WS/install/chapt4_interfaces/include/chapt4_interfaces/srv/detail/face_detector__type_support.c
[0.614s] -- Up-to-date: /home/ros2/CHAPT4/CHAPT4_WS/install/chapt4_interfaces/include/chapt4_interfaces/msg
[0.615s] -- Up-to-date: /home/ros2/CHAPT4/CHAPT4_WS/install/chapt4_interfaces/include/chapt4_interfaces/msg/rosidl_typesupport_introspection_c__visibility_control.h
[0.618s] -- Up-to-date: /home/ros2/CHAPT4/CHAPT4_WS/install/chapt4_interfaces/lib/libchapt4_interfaces__rosidl_typesupport_introspection_c.so
[0.619s] -- Up-to-date: /home/ros2/CHAPT4/CHAPT4_WS/install/chapt4_interfaces/lib/libchapt4_interfaces__rosidl_typesupport_c.so
[0.619s] -- Up-to-date: /home/ros2/CHAPT4/CHAPT4_WS/install/chapt4_interfaces/include/chapt4_interfaces
[0.619s] -- Up-to-date: /home/ros2/CHAPT4/CHAPT4_WS/install/chapt4_interfaces/include/chapt4_interfaces/srv
[0.619s] -- Up-to-date: /home/ros2/CHAPT4/CHAPT4_WS/install/chapt4_interfaces/include/chapt4_interfaces/srv/face_detector.hpp
[0.620s] -- Up-to-date: /home/ros2/CHAPT4/CHAPT4_WS/install/chapt4_interfaces/include/chapt4_interfaces/srv/detail
[0.620s] -- Up-to-date: /home/ros2/CHAPT4/CHAPT4_WS/install/chapt4_interfaces/include/chapt4_interfaces/srv/detail/face_detector__builder.hpp
[0.620s] -- Up-to-date: /home/ros2/CHAPT4/CHAPT4_WS/install/chapt4_interfaces/include/chapt4_interfaces/srv/detail/face_detector__struct.hpp
[0.621s] -- Up-to-date: /home/ros2/CHAPT4/CHAPT4_WS/install/chapt4_interfaces/include/chapt4_interfaces/srv/detail/face_detector__type_support.hpp
[0.621s] -- Up-to-date: /home/ros2/CHAPT4/CHAPT4_WS/install/chapt4_interfaces/include/chapt4_interfaces/srv/detail/face_detector__traits.hpp
[0.621s] -- Up-to-date: /home/ros2/CHAPT4/CHAPT4_WS/install/chapt4_interfaces/include/chapt4_interfaces/msg
[0.621s] -- Up-to-date: /home/ros2/CHAPT4/CHAPT4_WS/install/chapt4_interfaces/include/chapt4_interfaces/msg/rosidl_generator_cpp__visibility_control.hpp
[0.622s] -- Up-to-date: /home/ros2/CHAPT4/CHAPT4_WS/install/chapt4_interfaces/include/chapt4_interfaces
[0.622s] -- Up-to-date: /home/ros2/CHAPT4/CHAPT4_WS/install/chapt4_interfaces/include/chapt4_interfaces/srv
[0.622s] -- Up-to-date: /home/ros2/CHAPT4/CHAPT4_WS/install/chapt4_interfaces/include/chapt4_interfaces/srv/detail
[0.622s] -- Up-to-date: /home/ros2/CHAPT4/CHAPT4_WS/install/chapt4_interfaces/include/chapt4_interfaces/srv/detail/face_detector__rosidl_typesupport_introspection_cpp.hpp
[0.622s] -- Up-to-date: /home/ros2/CHAPT4/CHAPT4_WS/install/chapt4_interfaces/include/chapt4_interfaces/srv/detail/face_detector__type_support.cpp
[0.623s] -- Up-to-date: /home/ros2/CHAPT4/CHAPT4_WS/install/chapt4_interfaces/lib/libchapt4_interfaces__rosidl_typesupport_introspection_cpp.so
[0.624s] -- Up-to-date: /home/ros2/CHAPT4/CHAPT4_WS/install/chapt4_interfaces/lib/libchapt4_interfaces__rosidl_typesupport_cpp.so
[0.624s] -- Up-to-date: /home/ros2/CHAPT4/CHAPT4_WS/install/chapt4_interfaces/share/chapt4_interfaces/environment/pythonpath.sh
[0.624s] -- Up-to-date: /home/ros2/CHAPT4/CHAPT4_WS/install/chapt4_interfaces/share/chapt4_interfaces/environment/pythonpath.dsv
[0.625s] -- Up-to-date: /home/ros2/CHAPT4/CHAPT4_WS/install/chapt4_interfaces/lib/python3.8/site-packages/chapt4_interfaces/__init__.py
[0.689s] -- Up-to-date: /home/ros2/CHAPT4/CHAPT4_WS/install/chapt4_interfaces/lib/python3.8/site-packages/chapt4_interfaces/srv
[0.690s] -- Up-to-date: /home/ros2/CHAPT4/CHAPT4_WS/install/chapt4_interfaces/lib/python3.8/site-packages/chapt4_interfaces/srv/_face_detector_s.c
[0.690s] -- Up-to-date: /home/ros2/CHAPT4/CHAPT4_WS/install/chapt4_interfaces/lib/python3.8/site-packages/chapt4_interfaces/srv/__init__.py
[0.690s] -- Up-to-date: /home/ros2/CHAPT4/CHAPT4_WS/install/chapt4_interfaces/lib/python3.8/site-packages/chapt4_interfaces/srv/_face_detector.py
[0.690s] -- Up-to-date: /home/ros2/CHAPT4/CHAPT4_WS/install/chapt4_interfaces/lib/python3.8/site-packages/chapt4_interfaces/chapt4_interfaces_s__rosidl_typesupport_fastrtps_c.cpython-38-x86_64-linux-gnu.so
[0.690s] -- Up-to-date: /home/ros2/CHAPT4/CHAPT4_WS/install/chapt4_interfaces/lib/python3.8/site-packages/chapt4_interfaces/chapt4_interfaces_s__rosidl_typesupport_introspection_c.cpython-38-x86_64-linux-gnu.so
[0.691s] -- Up-to-date: /home/ros2/CHAPT4/CHAPT4_WS/install/chapt4_interfaces/lib/python3.8/site-packages/chapt4_interfaces/chapt4_interfaces_s__rosidl_typesupport_c.cpython-38-x86_64-linux-gnu.so
[0.694s] -- Up-to-date: /home/ros2/CHAPT4/CHAPT4_WS/install/chapt4_interfaces/lib/libchapt4_interfaces__python.so
[0.696s] -- Up-to-date: /home/ros2/CHAPT4/CHAPT4_WS/install/chapt4_interfaces/share/chapt4_interfaces/srv/FaceDetector.idl
[0.696s] -- Up-to-date: /home/ros2/CHAPT4/CHAPT4_WS/install/chapt4_interfaces/share/chapt4_interfaces/srv/FaceDetector.srv
[0.696s] -- Up-to-date: /home/ros2/CHAPT4/CHAPT4_WS/install/chapt4_interfaces/share/chapt4_interfaces/srv/FaceDetector_Request.msg
[0.697s] -- Up-to-date: /home/ros2/CHAPT4/CHAPT4_WS/install/chapt4_interfaces/share/chapt4_interfaces/srv/FaceDetector_Response.msg
[0.697s] -- Up-to-date: /home/ros2/CHAPT4/CHAPT4_WS/install/chapt4_interfaces/share/ament_index/resource_index/package_run_dependencies/chapt4_interfaces
[0.697s] -- Up-to-date: /home/ros2/CHAPT4/CHAPT4_WS/install/chapt4_interfaces/share/ament_index/resource_index/parent_prefix_path/chapt4_interfaces
[0.697s] -- Up-to-date: /home/ros2/CHAPT4/CHAPT4_WS/install/chapt4_interfaces/share/chapt4_interfaces/environment/ament_prefix_path.sh
[0.697s] -- Up-to-date: /home/ros2/CHAPT4/CHAPT4_WS/install/chapt4_interfaces/share/chapt4_interfaces/environment/ament_prefix_path.dsv
[0.697s] -- Up-to-date: /home/ros2/CHAPT4/CHAPT4_WS/install/chapt4_interfaces/share/chapt4_interfaces/environment/path.sh
[0.697s] -- Up-to-date: /home/ros2/CHAPT4/CHAPT4_WS/install/chapt4_interfaces/share/chapt4_interfaces/environment/path.dsv
[0.698s] -- Up-to-date: /home/ros2/CHAPT4/CHAPT4_WS/install/chapt4_interfaces/share/chapt4_interfaces/local_setup.bash
[0.698s] -- Up-to-date: /home/ros2/CHAPT4/CHAPT4_WS/install/chapt4_interfaces/share/chapt4_interfaces/local_setup.sh
[0.698s] -- Up-to-date: /home/ros2/CHAPT4/CHAPT4_WS/install/chapt4_interfaces/share/chapt4_interfaces/local_setup.zsh
[0.698s] -- Up-to-date: /home/ros2/CHAPT4/CHAPT4_WS/install/chapt4_interfaces/share/chapt4_interfaces/local_setup.dsv
[0.699s] -- Installing: /home/ros2/CHAPT4/CHAPT4_WS/install/chapt4_interfaces/share/chapt4_interfaces/package.dsv
[0.699s] -- Up-to-date: /home/ros2/CHAPT4/CHAPT4_WS/install/chapt4_interfaces/share/ament_index/resource_index/packages/chapt4_interfaces
[0.699s] -- Up-to-date: /home/ros2/CHAPT4/CHAPT4_WS/install/chapt4_interfaces/share/chapt4_interfaces/cmake/chapt4_interfaces__rosidl_generator_cExport.cmake
[0.699s] -- Up-to-date: /home/ros2/CHAPT4/CHAPT4_WS/install/chapt4_interfaces/share/chapt4_interfaces/cmake/chapt4_interfaces__rosidl_generator_cExport-noconfig.cmake
[0.699s] -- Up-to-date: /home/ros2/CHAPT4/CHAPT4_WS/install/chapt4_interfaces/share/chapt4_interfaces/cmake/chapt4_interfaces__rosidl_typesupport_introspection_cExport.cmake
[0.699s] -- Up-to-date: /home/ros2/CHAPT4/CHAPT4_WS/install/chapt4_interfaces/share/chapt4_interfaces/cmake/chapt4_interfaces__rosidl_typesupport_introspection_cExport-noconfig.cmake
[0.699s] -- Up-to-date: /home/ros2/CHAPT4/CHAPT4_WS/install/chapt4_interfaces/share/chapt4_interfaces/cmake/chapt4_interfaces__rosidl_typesupport_cExport.cmake
[0.706s] -- Up-to-date: /home/ros2/CHAPT4/CHAPT4_WS/install/chapt4_interfaces/share/chapt4_interfaces/cmake/chapt4_interfaces__rosidl_typesupport_cExport-noconfig.cmake
[0.706s] -- Up-to-date: /home/ros2/CHAPT4/CHAPT4_WS/install/chapt4_interfaces/share/chapt4_interfaces/cmake/chapt4_interfaces__rosidl_generator_cppExport.cmake
[0.706s] -- Up-to-date: /home/ros2/CHAPT4/CHAPT4_WS/install/chapt4_interfaces/share/chapt4_interfaces/cmake/chapt4_interfaces__rosidl_typesupport_introspection_cppExport.cmake
[0.706s] -- Up-to-date: /home/ros2/CHAPT4/CHAPT4_WS/install/chapt4_interfaces/share/chapt4_interfaces/cmake/chapt4_interfaces__rosidl_typesupport_introspection_cppExport-noconfig.cmake
[0.707s] -- Up-to-date: /home/ros2/CHAPT4/CHAPT4_WS/install/chapt4_interfaces/share/chapt4_interfaces/cmake/chapt4_interfaces__rosidl_typesupport_cppExport.cmake
[0.707s] -- Up-to-date: /home/ros2/CHAPT4/CHAPT4_WS/install/chapt4_interfaces/share/chapt4_interfaces/cmake/chapt4_interfaces__rosidl_typesupport_cppExport-noconfig.cmake
[0.707s] -- Up-to-date: /home/ros2/CHAPT4/CHAPT4_WS/install/chapt4_interfaces/share/chapt4_interfaces/cmake/rosidl_cmake-extras.cmake
[0.707s] -- Up-to-date: /home/ros2/CHAPT4/CHAPT4_WS/install/chapt4_interfaces/share/chapt4_interfaces/cmake/ament_cmake_export_dependencies-extras.cmake
[0.707s] -- Up-to-date: /home/ros2/CHAPT4/CHAPT4_WS/install/chapt4_interfaces/share/chapt4_interfaces/cmake/ament_cmake_export_libraries-extras.cmake
[0.707s] -- Up-to-date: /home/ros2/CHAPT4/CHAPT4_WS/install/chapt4_interfaces/share/chapt4_interfaces/cmake/ament_cmake_export_targets-extras.cmake
[0.707s] -- Up-to-date: /home/ros2/CHAPT4/CHAPT4_WS/install/chapt4_interfaces/share/chapt4_interfaces/cmake/ament_cmake_export_include_directories-extras.cmake
[0.707s] -- Up-to-date: /home/ros2/CHAPT4/CHAPT4_WS/install/chapt4_interfaces/share/chapt4_interfaces/cmake/rosidl_cmake_export_typesupport_libraries-extras.cmake
[0.707s] -- Up-to-date: /home/ros2/CHAPT4/CHAPT4_WS/install/chapt4_interfaces/share/chapt4_interfaces/cmake/rosidl_cmake_export_typesupport_targets-extras.cmake
[0.707s] -- Up-to-date: /home/ros2/CHAPT4/CHAPT4_WS/install/chapt4_interfaces/share/chapt4_interfaces/cmake/chapt4_interfacesConfig.cmake
[0.707s] -- Up-to-date: /home/ros2/CHAPT4/CHAPT4_WS/install/chapt4_interfaces/share/chapt4_interfaces/cmake/chapt4_interfacesConfig-version.cmake
[0.707s] -- Up-to-date: /home/ros2/CHAPT4/CHAPT4_WS/install/chapt4_interfaces/share/chapt4_interfaces/package.xml
[0.718s] Invoked command in '/home/ros2/CHAPT4/CHAPT4_WS/build/chapt4_interfaces' returned '0': CMAKE_PREFIX_PATH=${CMAKE_PREFIX_PATH}:/home/ros2/CHAPT4/CHAPT4_WS/install/demo_python_service:/opt/ros/foxy /usr/bin/cmake --install /home/ros2/CHAPT4/CHAPT4_WS/build/chapt4_interfaces
