[0.022s] Invoking command in '/home/ros2/CHAPT7/chapt7_ws/build/fishbot_description': CMAKE_PREFIX_PATH=/opt/ros/foxy /usr/bin/cmake /home/ros2/CHAPT7/chapt7_ws/src/fishbot_description -DCMAKE_INSTALL_PREFIX=/home/ros2/CHAPT7/chapt7_ws/install/fishbot_description
[1.683s] -- The C compiler identification is GNU 9.4.0
[2.951s] -- The CXX compiler identification is GNU 9.4.0
[3.032s] -- Check for working C compiler: /usr/bin/cc
[3.163s] -- Check for working C compiler: /usr/bin/cc -- works
[3.172s] -- Detecting C compiler ABI info
[3.280s] -- Detecting C compiler ABI info - done
[3.292s] -- Detecting C compile features
[3.294s] -- Detecting C compile features - done
[3.299s] -- Check for working CXX compiler: /usr/bin/c++
[3.400s] -- Check for working CXX compiler: /usr/bin/c++ -- works
[3.401s] -- Detecting CXX compiler ABI info
[3.494s] -- Detecting CXX compiler ABI info - done
[3.506s] -- Detecting CXX compile features
[3.507s] -- Detecting CXX compile features - done
[3.596s] -- Found ament_cmake: 0.9.12 (/opt/ros/foxy/share/ament_cmake/cmake)
[3.707s] -- Found PythonInterp: /usr/bin/python3 (found suitable version "3.8.10", minimum required is "3") 
[3.707s] -- Using PYTHON_EXECUTABLE: /usr/bin/python3
[4.074s] -- Found ament_lint_auto: 0.9.8 (/opt/ros/foxy/share/ament_lint_auto/cmake)
[4.262s] -- Added test 'copyright' to check source files copyright and LICENSE
[4.267s] -- Added test 'flake8' to check Python code syntax and style conventions
[4.269s] -- Added test 'lint_cmake' to check CMake code style
[4.271s] -- Added test 'pep257' to check Python code against some of the style conventions in PEP 257
[4.276s] -- Added test 'xmllint' to check XML markup files
[4.277s] -- Configuring done
[4.279s] -- Generating done
[4.281s] -- Build files have been written to: /home/ros2/CHAPT7/chapt7_ws/build/fishbot_description
[4.288s] Invoked command in '/home/ros2/CHAPT7/chapt7_ws/build/fishbot_description' returned '0': CMAKE_PREFIX_PATH=/opt/ros/foxy /usr/bin/cmake /home/ros2/CHAPT7/chapt7_ws/src/fishbot_description -DCMAKE_INSTALL_PREFIX=/home/ros2/CHAPT7/chapt7_ws/install/fishbot_description
[4.295s] Invoking command in '/home/ros2/CHAPT7/chapt7_ws/build/fishbot_description': CMAKE_PREFIX_PATH=/opt/ros/foxy /usr/bin/cmake --build /home/ros2/CHAPT7/chapt7_ws/build/fishbot_description -- -j2 -l2
[4.337s] Invoked command in '/home/ros2/CHAPT7/chapt7_ws/build/fishbot_description' returned '0': CMAKE_PREFIX_PATH=/opt/ros/foxy /usr/bin/cmake --build /home/ros2/CHAPT7/chapt7_ws/build/fishbot_description -- -j2 -l2
[4.388s] Invoking command in '/home/ros2/CHAPT7/chapt7_ws/build/fishbot_description': CMAKE_PREFIX_PATH=/opt/ros/foxy /usr/bin/cmake --install /home/ros2/CHAPT7/chapt7_ws/build/fishbot_description
[4.404s] -- Install configuration: ""
[4.404s] -- Installing: /home/ros2/CHAPT7/chapt7_ws/install/fishbot_description/share/fishbot_description/launch
[4.406s] -- Installing: /home/ros2/CHAPT7/chapt7_ws/install/fishbot_description/share/fishbot_description/launch/gazebo_sim.launch.py
[4.407s] -- Installing: /home/ros2/CHAPT7/chapt7_ws/install/fishbot_description/share/fishbot_description/launch/__pycache__
[4.407s] -- Installing: /home/ros2/CHAPT7/chapt7_ws/install/fishbot_description/share/fishbot_description/launch/__pycache__/display_robot.launch.cpython-38.pyc
[4.408s] -- Installing: /home/ros2/CHAPT7/chapt7_ws/install/fishbot_description/share/fishbot_description/launch/display_robot.launch.py
[4.408s] -- Installing: /home/ros2/CHAPT7/chapt7_ws/install/fishbot_description/share/fishbot_description/urdf
[4.409s] -- Installing: /home/ros2/CHAPT7/chapt7_ws/install/fishbot_description/share/fishbot_description/urdf/first_robot.xacro
[4.409s] -- Installing: /home/ros2/CHAPT7/chapt7_ws/install/fishbot_description/share/fishbot_description/urdf/first_robot.pdf
[4.409s] -- Installing: /home/ros2/CHAPT7/chapt7_ws/install/fishbot_description/share/fishbot_description/urdf/first_robot.gv
[4.409s] -- Installing: /home/ros2/CHAPT7/chapt7_ws/install/fishbot_description/share/fishbot_description/urdf/first_robot.urdf
[4.410s] -- Installing: /home/ros2/CHAPT7/chapt7_ws/install/fishbot_description/share/fishbot_description/urdf/fishbot
[4.410s] -- Installing: /home/ros2/CHAPT7/chapt7_ws/install/fishbot_description/share/fishbot_description/urdf/fishbot/fishbot.ros2_control.xacro
[4.410s] -- Installing: /home/ros2/CHAPT7/chapt7_ws/install/fishbot_description/share/fishbot_description/urdf/fishbot/fishbot.urdf.xacro
[4.410s] -- Installing: /home/ros2/CHAPT7/chapt7_ws/install/fishbot_description/share/fishbot_description/urdf/fishbot/base.urdf.xacro
[4.411s] -- Installing: /home/ros2/CHAPT7/chapt7_ws/install/fishbot_description/share/fishbot_description/urdf/fishbot/plugins
[4.411s] -- Installing: /home/ros2/CHAPT7/chapt7_ws/install/fishbot_description/share/fishbot_description/urdf/fishbot/plugins/gazebo_control_plugin.xacro
[4.411s] -- Installing: /home/ros2/CHAPT7/chapt7_ws/install/fishbot_description/share/fishbot_description/urdf/fishbot/plugins/gazebo_sensor_plugin.xacro
[4.411s] -- Installing: /home/ros2/CHAPT7/chapt7_ws/install/fishbot_description/share/fishbot_description/urdf/fishbot/common_inertia.xacro
[4.412s] -- Installing: /home/ros2/CHAPT7/chapt7_ws/install/fishbot_description/share/fishbot_description/urdf/fishbot/sensor
[4.412s] -- Installing: /home/ros2/CHAPT7/chapt7_ws/install/fishbot_description/share/fishbot_description/urdf/fishbot/sensor/laser.urdf.xacro
[4.412s] -- Installing: /home/ros2/CHAPT7/chapt7_ws/install/fishbot_description/share/fishbot_description/urdf/fishbot/sensor/imu.urdf.xacro
[4.412s] -- Installing: /home/ros2/CHAPT7/chapt7_ws/install/fishbot_description/share/fishbot_description/urdf/fishbot/sensor/camera.urdf.xacro
[4.413s] -- Installing: /home/ros2/CHAPT7/chapt7_ws/install/fishbot_description/share/fishbot_description/urdf/fishbot/actuator
[4.413s] -- Installing: /home/ros2/CHAPT7/chapt7_ws/install/fishbot_description/share/fishbot_description/urdf/fishbot/actuator/wheel.urdf.xacro
[4.413s] -- Installing: /home/ros2/CHAPT7/chapt7_ws/install/fishbot_description/share/fishbot_description/urdf/fishbot/actuator/caster.urdf.xacro
[4.413s] -- Installing: /home/ros2/CHAPT7/chapt7_ws/install/fishbot_description/share/fishbot_description/config
[4.413s] -- Installing: /home/ros2/CHAPT7/chapt7_ws/install/fishbot_description/share/fishbot_description/config/display_robot_model.rviz
[4.414s] -- Installing: /home/ros2/CHAPT7/chapt7_ws/install/fishbot_description/share/fishbot_description/config/fishbot_ros2_controller.yaml
[4.414s] -- Installing: /home/ros2/CHAPT7/chapt7_ws/install/fishbot_description/share/fishbot_description/world
[4.414s] -- Installing: /home/ros2/CHAPT7/chapt7_ws/install/fishbot_description/share/fishbot_description/world/room
[4.414s] -- Installing: /home/ros2/CHAPT7/chapt7_ws/install/fishbot_description/share/fishbot_description/world/room/model.sdf
[4.415s] -- Installing: /home/ros2/CHAPT7/chapt7_ws/install/fishbot_description/share/fishbot_description/world/room/model.config
[4.415s] -- Installing: /home/ros2/CHAPT7/chapt7_ws/install/fishbot_description/share/fishbot_description/world/custom_room.world
[4.415s] -- Installing: /home/ros2/CHAPT7/chapt7_ws/install/fishbot_description/share/ament_index/resource_index/package_run_dependencies/fishbot_description
[4.415s] -- Installing: /home/ros2/CHAPT7/chapt7_ws/install/fishbot_description/share/ament_index/resource_index/parent_prefix_path/fishbot_description
[4.416s] -- Installing: /home/ros2/CHAPT7/chapt7_ws/install/fishbot_description/share/fishbot_description/environment/ament_prefix_path.sh
[4.416s] -- Installing: /home/ros2/CHAPT7/chapt7_ws/install/fishbot_description/share/fishbot_description/environment/ament_prefix_path.dsv
[4.417s] -- Installing: /home/ros2/CHAPT7/chapt7_ws/install/fishbot_description/share/fishbot_description/environment/path.sh
[4.418s] -- Installing: /home/ros2/CHAPT7/chapt7_ws/install/fishbot_description/share/fishbot_description/environment/path.dsv
[4.418s] -- Installing: /home/ros2/CHAPT7/chapt7_ws/install/fishbot_description/share/fishbot_description/local_setup.bash
[4.418s] -- Installing: /home/ros2/CHAPT7/chapt7_ws/install/fishbot_description/share/fishbot_description/local_setup.sh
[4.419s] -- Installing: /home/ros2/CHAPT7/chapt7_ws/install/fishbot_description/share/fishbot_description/local_setup.zsh
[4.420s] -- Installing: /home/ros2/CHAPT7/chapt7_ws/install/fishbot_description/share/fishbot_description/local_setup.dsv
[4.420s] -- Installing: /home/ros2/CHAPT7/chapt7_ws/install/fishbot_description/share/fishbot_description/package.dsv
[4.421s] -- Installing: /home/ros2/CHAPT7/chapt7_ws/install/fishbot_description/share/ament_index/resource_index/packages/fishbot_description
[4.421s] -- Installing: /home/ros2/CHAPT7/chapt7_ws/install/fishbot_description/share/fishbot_description/cmake/fishbot_descriptionConfig.cmake
[4.421s] -- Installing: /home/ros2/CHAPT7/chapt7_ws/install/fishbot_description/share/fishbot_description/cmake/fishbot_descriptionConfig-version.cmake
[4.421s] -- Installing: /home/ros2/CHAPT7/chapt7_ws/install/fishbot_description/share/fishbot_description/package.xml
[4.424s] Invoked command in '/home/ros2/CHAPT7/chapt7_ws/build/fishbot_description' returned '0': CMAKE_PREFIX_PATH=/opt/ros/foxy /usr/bin/cmake --install /home/ros2/CHAPT7/chapt7_ws/build/fishbot_description
