[0.020s] Invoking command in '/home/ros2/CHAPT4/CHAPT4_WS/build/demo_cpp_service': CMAKE_PREFIX_PATH=/home/ros2/CHAPT4/CHAPT4_WS/install/chapt4_interfaces:/home/ros2/CHAPT4/CHAPT4_WS/install/demo_cpp_service:/home/ros2/CHAPT4/CHAPT4_WS/install/demo_python_service:/opt/ros/foxy PYTHONPATH=/home/ros2/CHAPT4/CHAPT4_WS/install/chapt4_interfaces/lib/python3.8/site-packages:/home/ros2/CHAPT4/CHAPT4_WS/install/demo_python_service/lib/python3.8/site-packages:/opt/ros/foxy/lib/python3.8/site-packages /usr/bin/cmake --build /home/ros2/CHAPT4/CHAPT4_WS/build/demo_cpp_service -- -j2 -l2
[0.285s] -- Found ament_cmake: 0.9.12 (/opt/ros/foxy/share/ament_cmake/cmake)
[0.400s] -- Using PYTHON_EXECUTABLE: /usr/bin/python3
[0.769s] -- Found chapt4_interfaces: 0.0.0 (/home/ros2/CHAPT4/CHAPT4_WS/install/chapt4_interfaces/share/chapt4_interfaces/cmake)
[1.033s] -- Using all available rosidl_typesupport_c: rosidl_typesupport_fastrtps_c;rosidl_typesupport_introspection_c
[1.073s] -- Found rosidl_adapter: 1.3.1 (/opt/ros/foxy/share/rosidl_adapter/cmake)
[1.431s] -- Using all available rosidl_typesupport_cpp: rosidl_typesupport_fastrtps_cpp;rosidl_typesupport_introspection_cpp
[1.797s] -- Found rclcpp: 2.4.3 (/opt/ros/foxy/share/rclcpp/cmake)
[1.953s] -- Found rmw_implementation_cmake: 1.0.4 (/opt/ros/foxy/share/rmw_implementation_cmake/cmake)
[1.972s] -- Using RMW implementation 'rmw_fastrtps_cpp' as default
[2.263s] -- Found turtlesim: 1.2.6 (/opt/ros/foxy/share/turtlesim/cmake)
[2.410s] -- Found ament_lint_auto: 0.9.8 (/opt/ros/foxy/share/ament_lint_auto/cmake)
[2.558s] CMake Error at CMakeLists.txt:39 (install):
[2.558s]   install does not recognize sub-command TARGET
[2.559s] 
[2.559s] 
[2.567s] -- Added test 'copyright' to check source files copyright and LICENSE
[2.568s] -- Added test 'cppcheck' to perform static code analysis on C / C++ code
[2.568s] -- Configured cppcheck include dirs: 
[2.568s] -- Configured cppcheck exclude dirs and/or files: 
[2.569s] -- Added test 'cpplint' to check C / C++ code against the Google style
[2.569s] -- Configured cpplint exclude dirs and/or files: 
[2.571s] -- Added test 'lint_cmake' to check CMake code style
[2.572s] -- Added test 'uncrustify' to check C / C++ code style
[2.572s] -- Configured uncrustify additional arguments: 
[2.573s] -- Added test 'xmllint' to check XML markup files
[2.576s] -- Configuring incomplete, errors occurred!
[2.576s] See also "/home/ros2/CHAPT4/CHAPT4_WS/build/demo_cpp_service/CMakeFiles/CMakeOutput.log".
[2.577s] See also "/home/ros2/CHAPT4/CHAPT4_WS/build/demo_cpp_service/CMakeFiles/CMakeError.log".
[2.599s] make: *** [Makefile:266：cmake_check_build_system] 错误 1
[2.603s] Invoked command in '/home/ros2/CHAPT4/CHAPT4_WS/build/demo_cpp_service' returned '2': CMAKE_PREFIX_PATH=/home/ros2/CHAPT4/CHAPT4_WS/install/chapt4_interfaces:/home/ros2/CHAPT4/CHAPT4_WS/install/demo_cpp_service:/home/ros2/CHAPT4/CHAPT4_WS/install/demo_python_service:/opt/ros/foxy PYTHONPATH=/home/ros2/CHAPT4/CHAPT4_WS/install/chapt4_interfaces/lib/python3.8/site-packages:/home/ros2/CHAPT4/CHAPT4_WS/install/demo_python_service/lib/python3.8/site-packages:/opt/ros/foxy/lib/python3.8/site-packages /usr/bin/cmake --build /home/ros2/CHAPT4/CHAPT4_WS/build/demo_cpp_service -- -j2 -l2
