[0.230s] DEBUG:colcon:Command line arguments: ['/usr/bin/colcon', 'build']
[0.230s] DEBUG:colcon:Parsed command line arguments: Namespace(allow_overriding=[], ament_cmake_args=None, base_paths=['.'], build_base='build', catkin_cmake_args=None, catkin_skip_building_tests=False, cmake_args=None, cmake_clean_cache=False, cmake_clean_first=False, cmake_force_configure=False, cmake_target=None, cmake_target_skip_unavailable=False, continue_on_error=False, event_handlers=None, executor='parallel', ignore_user_meta=False, install_base='install', log_base=None, log_level=None, main=<bound method BuildVerb.main of <colcon_core.verb.build.BuildVerb object at 0x7fd8ff2ff6d0>>, merge_install=False, metas=['./colcon.meta'], packages_above=None, packages_above_and_dependencies=None, packages_above_depth=None, packages_end=None, packages_ignore=None, packages_ignore_regex=None, packages_select=None, packages_select_build_failed=False, packages_select_by_dep=None, packages_select_regex=None, packages_select_test_failures=False, packages_skip=None, packages_skip_build_finished=False, packages_skip_by_dep=None, packages_skip_regex=None, packages_skip_test_passed=False, packages_skip_up_to=None, packages_start=None, packages_up_to=None, packages_up_to_regex=None, parallel_workers=2, paths=None, symlink_install=False, test_result_base=None, verb_extension=<colcon_core.verb.build.BuildVerb object at 0x7fd8ff2ff6d0>, verb_name='build', verb_parser=<colcon_defaults.argument_parser.defaults.DefaultArgumentsDecorator object at 0x7fd8ff30a3d0>)
[0.379s] Level 1:colcon.colcon_core.package_discovery:discover_packages(colcon_meta) check parameters
[0.379s] Level 1:colcon.colcon_core.package_discovery:discover_packages(recursive) check parameters
[0.379s] Level 1:colcon.colcon_core.package_discovery:discover_packages(ignore) check parameters
[0.379s] Level 1:colcon.colcon_core.package_discovery:discover_packages(path) check parameters
[0.379s] Level 1:colcon.colcon_core.package_discovery:discover_packages(colcon_meta) discover
[0.379s] Level 1:colcon.colcon_core.package_discovery:discover_packages(recursive) discover
[0.379s] INFO:colcon.colcon_core.package_discovery:Crawling recursively for packages in '/home/ros2/CHAPT4/CHAPT4_WS'
[0.379s] Level 1:colcon.colcon_core.package_identification:_identify(.) by extensions ['ignore', 'ignore_ament_install']
[0.379s] Level 1:colcon.colcon_core.package_identification:_identify(.) by extension 'ignore'
[0.379s] Level 1:colcon.colcon_core.package_identification:_identify(.) by extension 'ignore_ament_install'
[0.379s] Level 1:colcon.colcon_core.package_identification:_identify(.) by extensions ['colcon_pkg']
[0.379s] Level 1:colcon.colcon_core.package_identification:_identify(.) by extension 'colcon_pkg'
[0.379s] Level 1:colcon.colcon_core.package_identification:_identify(.) by extensions ['colcon_meta']
[0.380s] Level 1:colcon.colcon_core.package_identification:_identify(.) by extension 'colcon_meta'
[0.380s] Level 1:colcon.colcon_core.package_identification:_identify(.) by extensions ['ros']
[0.380s] Level 1:colcon.colcon_core.package_identification:_identify(.) by extension 'ros'
[0.389s] Level 1:colcon.colcon_core.package_identification:_identify(.) by extensions ['cmake', 'python']
[0.389s] Level 1:colcon.colcon_core.package_identification:_identify(.) by extension 'cmake'
[0.389s] Level 1:colcon.colcon_core.package_identification:_identify(.) by extension 'python'
[0.390s] Level 1:colcon.colcon_core.package_identification:_identify(.) by extensions ['python_setup_py']
[0.390s] Level 1:colcon.colcon_core.package_identification:_identify(.) by extension 'python_setup_py'
[0.390s] Level 1:colcon.colcon_core.package_identification:_identify(build) by extensions ['ignore', 'ignore_ament_install']
[0.390s] Level 1:colcon.colcon_core.package_identification:_identify(build) by extension 'ignore'
[0.390s] Level 1:colcon.colcon_core.package_identification:_identify(build) ignored
[0.390s] Level 1:colcon.colcon_core.package_identification:_identify(install) by extensions ['ignore', 'ignore_ament_install']
[0.390s] Level 1:colcon.colcon_core.package_identification:_identify(install) by extension 'ignore'
[0.390s] Level 1:colcon.colcon_core.package_identification:_identify(install) ignored
[0.390s] Level 1:colcon.colcon_core.package_identification:_identify(log) by extensions ['ignore', 'ignore_ament_install']
[0.391s] Level 1:colcon.colcon_core.package_identification:_identify(log) by extension 'ignore'
[0.391s] Level 1:colcon.colcon_core.package_identification:_identify(log) ignored
[0.391s] Level 1:colcon.colcon_core.package_identification:_identify(src) by extensions ['ignore', 'ignore_ament_install']
[0.391s] Level 1:colcon.colcon_core.package_identification:_identify(src) by extension 'ignore'
[0.391s] Level 1:colcon.colcon_core.package_identification:_identify(src) by extension 'ignore_ament_install'
[0.391s] Level 1:colcon.colcon_core.package_identification:_identify(src) by extensions ['colcon_pkg']
[0.391s] Level 1:colcon.colcon_core.package_identification:_identify(src) by extension 'colcon_pkg'
[0.391s] Level 1:colcon.colcon_core.package_identification:_identify(src) by extensions ['colcon_meta']
[0.391s] Level 1:colcon.colcon_core.package_identification:_identify(src) by extension 'colcon_meta'
[0.391s] Level 1:colcon.colcon_core.package_identification:_identify(src) by extensions ['ros']
[0.391s] Level 1:colcon.colcon_core.package_identification:_identify(src) by extension 'ros'
[0.391s] Level 1:colcon.colcon_core.package_identification:_identify(src) by extensions ['cmake', 'python']
[0.391s] Level 1:colcon.colcon_core.package_identification:_identify(src) by extension 'cmake'
[0.391s] Level 1:colcon.colcon_core.package_identification:_identify(src) by extension 'python'
[0.391s] Level 1:colcon.colcon_core.package_identification:_identify(src) by extensions ['python_setup_py']
[0.391s] Level 1:colcon.colcon_core.package_identification:_identify(src) by extension 'python_setup_py'
[0.392s] Level 1:colcon.colcon_core.package_identification:_identify(src/chapt4_interfaces) by extensions ['ignore', 'ignore_ament_install']
[0.392s] Level 1:colcon.colcon_core.package_identification:_identify(src/chapt4_interfaces) by extension 'ignore'
[0.392s] Level 1:colcon.colcon_core.package_identification:_identify(src/chapt4_interfaces) by extension 'ignore_ament_install'
[0.392s] Level 1:colcon.colcon_core.package_identification:_identify(src/chapt4_interfaces) by extensions ['colcon_pkg']
[0.392s] Level 1:colcon.colcon_core.package_identification:_identify(src/chapt4_interfaces) by extension 'colcon_pkg'
[0.392s] Level 1:colcon.colcon_core.package_identification:_identify(src/chapt4_interfaces) by extensions ['colcon_meta']
[0.392s] Level 1:colcon.colcon_core.package_identification:_identify(src/chapt4_interfaces) by extension 'colcon_meta'
[0.392s] Level 1:colcon.colcon_core.package_identification:_identify(src/chapt4_interfaces) by extensions ['ros']
[0.392s] Level 1:colcon.colcon_core.package_identification:_identify(src/chapt4_interfaces) by extension 'ros'
[0.394s] DEBUG:colcon.colcon_core.package_identification:Package 'src/chapt4_interfaces' with type 'ros.ament_cmake' and name 'chapt4_interfaces'
[0.395s] Level 1:colcon.colcon_core.package_identification:_identify(src/demo_python_service) by extensions ['ignore', 'ignore_ament_install']
[0.395s] Level 1:colcon.colcon_core.package_identification:_identify(src/demo_python_service) by extension 'ignore'
[0.395s] Level 1:colcon.colcon_core.package_identification:_identify(src/demo_python_service) by extension 'ignore_ament_install'
[0.395s] Level 1:colcon.colcon_core.package_identification:_identify(src/demo_python_service) by extensions ['colcon_pkg']
[0.395s] Level 1:colcon.colcon_core.package_identification:_identify(src/demo_python_service) by extension 'colcon_pkg'
[0.395s] Level 1:colcon.colcon_core.package_identification:_identify(src/demo_python_service) by extensions ['colcon_meta']
[0.395s] Level 1:colcon.colcon_core.package_identification:_identify(src/demo_python_service) by extension 'colcon_meta'
[0.395s] Level 1:colcon.colcon_core.package_identification:_identify(src/demo_python_service) by extensions ['ros']
[0.395s] Level 1:colcon.colcon_core.package_identification:_identify(src/demo_python_service) by extension 'ros'
[0.396s] DEBUG:colcon.colcon_core.package_identification:Package 'src/demo_python_service' with type 'ros.ament_python' and name 'demo_python_service'
[0.396s] Level 1:colcon.colcon_core.package_discovery:discover_packages(recursive) using defaults
[0.396s] Level 1:colcon.colcon_core.package_discovery:discover_packages(ignore) discover
[0.396s] Level 1:colcon.colcon_core.package_discovery:discover_packages(ignore) using defaults
[0.396s] Level 1:colcon.colcon_core.package_discovery:discover_packages(path) discover
[0.396s] Level 1:colcon.colcon_core.package_discovery:discover_packages(path) using defaults
[0.414s] Level 1:colcon.colcon_core.package_discovery:discover_packages(prefix_path) check parameters
[0.414s] Level 1:colcon.colcon_core.package_discovery:discover_packages(prefix_path) discover
[0.416s] DEBUG:colcon.colcon_installed_package_information.package_discovery:Found 2 installed packages in /home/ros2/CHAPT4/CHAPT4_WS/install
[0.417s] DEBUG:colcon.colcon_installed_package_information.package_discovery:Found 256 installed packages in /opt/ros/foxy
[0.418s] Level 1:colcon.colcon_core.package_discovery:discover_packages(prefix_path) using defaults
[0.498s] Level 5:colcon.colcon_core.verb:set package 'chapt4_interfaces' build argument 'cmake_args' from command line to 'None'
[0.498s] Level 5:colcon.colcon_core.verb:set package 'chapt4_interfaces' build argument 'cmake_target' from command line to 'None'
[0.498s] Level 5:colcon.colcon_core.verb:set package 'chapt4_interfaces' build argument 'cmake_target_skip_unavailable' from command line to 'False'
[0.498s] Level 5:colcon.colcon_core.verb:set package 'chapt4_interfaces' build argument 'cmake_clean_cache' from command line to 'False'
[0.498s] Level 5:colcon.colcon_core.verb:set package 'chapt4_interfaces' build argument 'cmake_clean_first' from command line to 'False'
[0.498s] Level 5:colcon.colcon_core.verb:set package 'chapt4_interfaces' build argument 'cmake_force_configure' from command line to 'False'
[0.498s] Level 5:colcon.colcon_core.verb:set package 'chapt4_interfaces' build argument 'ament_cmake_args' from command line to 'None'
[0.498s] Level 5:colcon.colcon_core.verb:set package 'chapt4_interfaces' build argument 'catkin_cmake_args' from command line to 'None'
[0.498s] Level 5:colcon.colcon_core.verb:set package 'chapt4_interfaces' build argument 'catkin_skip_building_tests' from command line to 'False'
[0.498s] DEBUG:colcon.colcon_core.verb:Building package 'chapt4_interfaces' with the following arguments: {'ament_cmake_args': None, 'build_base': '/home/ros2/CHAPT4/CHAPT4_WS/build/chapt4_interfaces', 'catkin_cmake_args': None, 'catkin_skip_building_tests': False, 'cmake_args': None, 'cmake_clean_cache': False, 'cmake_clean_first': False, 'cmake_force_configure': False, 'cmake_target': None, 'cmake_target_skip_unavailable': False, 'install_base': '/home/ros2/CHAPT4/CHAPT4_WS/install/chapt4_interfaces', 'merge_install': False, 'path': '/home/ros2/CHAPT4/CHAPT4_WS/src/chapt4_interfaces', 'symlink_install': False, 'test_result_base': None}
[0.499s] Level 5:colcon.colcon_core.verb:set package 'demo_python_service' build argument 'cmake_args' from command line to 'None'
[0.499s] Level 5:colcon.colcon_core.verb:set package 'demo_python_service' build argument 'cmake_target' from command line to 'None'
[0.499s] Level 5:colcon.colcon_core.verb:set package 'demo_python_service' build argument 'cmake_target_skip_unavailable' from command line to 'False'
[0.499s] Level 5:colcon.colcon_core.verb:set package 'demo_python_service' build argument 'cmake_clean_cache' from command line to 'False'
[0.499s] Level 5:colcon.colcon_core.verb:set package 'demo_python_service' build argument 'cmake_clean_first' from command line to 'False'
[0.499s] Level 5:colcon.colcon_core.verb:set package 'demo_python_service' build argument 'cmake_force_configure' from command line to 'False'
[0.499s] Level 5:colcon.colcon_core.verb:set package 'demo_python_service' build argument 'ament_cmake_args' from command line to 'None'
[0.499s] Level 5:colcon.colcon_core.verb:set package 'demo_python_service' build argument 'catkin_cmake_args' from command line to 'None'
[0.499s] Level 5:colcon.colcon_core.verb:set package 'demo_python_service' build argument 'catkin_skip_building_tests' from command line to 'False'
[0.499s] DEBUG:colcon.colcon_core.verb:Building package 'demo_python_service' with the following arguments: {'ament_cmake_args': None, 'build_base': '/home/ros2/CHAPT4/CHAPT4_WS/build/demo_python_service', 'catkin_cmake_args': None, 'catkin_skip_building_tests': False, 'cmake_args': None, 'cmake_clean_cache': False, 'cmake_clean_first': False, 'cmake_force_configure': False, 'cmake_target': None, 'cmake_target_skip_unavailable': False, 'install_base': '/home/ros2/CHAPT4/CHAPT4_WS/install/demo_python_service', 'merge_install': False, 'path': '/home/ros2/CHAPT4/CHAPT4_WS/src/demo_python_service', 'symlink_install': False, 'test_result_base': None}
[0.500s] INFO:colcon.colcon_core.executor:Executing jobs using 'parallel' executor
[0.501s] DEBUG:colcon.colcon_parallel_executor.executor.parallel:run_until_complete
[0.501s] INFO:colcon.colcon_ros.task.ament_cmake.build:Building ROS package in '/home/ros2/CHAPT4/CHAPT4_WS/src/chapt4_interfaces' with build type 'ament_cmake'
[0.501s] INFO:colcon.colcon_cmake.task.cmake.build:Building CMake package in '/home/ros2/CHAPT4/CHAPT4_WS/src/chapt4_interfaces'
[0.505s] INFO:colcon.colcon_core.plugin_system:Skipping extension 'colcon_core.shell.bat': Not used on non-Windows systems
[0.506s] INFO:colcon.colcon_core.shell:Skip shell extension 'powershell' for command environment: Not usable outside of PowerShell
[0.506s] DEBUG:colcon.colcon_core.shell:Skip shell extension 'dsv' for command environment
[0.520s] DEBUG:colcon.colcon_core.event_handler.log_command:Invoking command in '/home/ros2/CHAPT4/CHAPT4_WS/build/chapt4_interfaces': CMAKE_PREFIX_PATH=${CMAKE_PREFIX_PATH}:/home/ros2/CHAPT4/CHAPT4_WS/install/demo_python_service:/opt/ros/foxy /usr/bin/cmake --build /home/ros2/CHAPT4/CHAPT4_WS/build/chapt4_interfaces -- -j2 -l2
[14.628s] DEBUG:colcon.colcon_core.event_handler.log_command:Invoked command in '/home/ros2/CHAPT4/CHAPT4_WS/build/chapt4_interfaces' returned '0': CMAKE_PREFIX_PATH=${CMAKE_PREFIX_PATH}:/home/ros2/CHAPT4/CHAPT4_WS/install/demo_python_service:/opt/ros/foxy /usr/bin/cmake --build /home/ros2/CHAPT4/CHAPT4_WS/build/chapt4_interfaces -- -j2 -l2
[14.743s] DEBUG:colcon.colcon_core.event_handler.log_command:Invoking command in '/home/ros2/CHAPT4/CHAPT4_WS/build/chapt4_interfaces': CMAKE_PREFIX_PATH=${CMAKE_PREFIX_PATH}:/home/ros2/CHAPT4/CHAPT4_WS/install/demo_python_service:/opt/ros/foxy /usr/bin/cmake --install /home/ros2/CHAPT4/CHAPT4_WS/build/chapt4_interfaces
[14.861s] Level 1:colcon.colcon_core.environment:create_environment_scripts_only(chapt4_interfaces)
[14.864s] Level 1:colcon.colcon_core.environment:checking '/home/ros2/CHAPT4/CHAPT4_WS/install/chapt4_interfaces' for CMake module files
[14.864s] Level 1:colcon.colcon_core.environment:checking '/home/ros2/CHAPT4/CHAPT4_WS/install/chapt4_interfaces' for CMake config files
[14.865s] Level 1:colcon.colcon_core.shell:create_environment_hook('chapt4_interfaces', 'cmake_prefix_path')
[14.865s] INFO:colcon.colcon_core.shell:Creating environment hook '/home/ros2/CHAPT4/CHAPT4_WS/install/chapt4_interfaces/share/chapt4_interfaces/hook/cmake_prefix_path.ps1'
[14.866s] INFO:colcon.colcon_core.shell:Creating environment descriptor '/home/ros2/CHAPT4/CHAPT4_WS/install/chapt4_interfaces/share/chapt4_interfaces/hook/cmake_prefix_path.dsv'
[14.867s] INFO:colcon.colcon_core.shell:Creating environment hook '/home/ros2/CHAPT4/CHAPT4_WS/install/chapt4_interfaces/share/chapt4_interfaces/hook/cmake_prefix_path.sh'
[14.869s] Level 1:colcon.colcon_core.environment:checking '/home/ros2/CHAPT4/CHAPT4_WS/install/chapt4_interfaces/lib'
[14.869s] Level 1:colcon.colcon_core.shell:create_environment_hook('chapt4_interfaces', 'ld_library_path_lib')
[14.869s] INFO:colcon.colcon_core.shell:Creating environment hook '/home/ros2/CHAPT4/CHAPT4_WS/install/chapt4_interfaces/share/chapt4_interfaces/hook/ld_library_path_lib.ps1'
[14.869s] INFO:colcon.colcon_core.shell:Creating environment descriptor '/home/ros2/CHAPT4/CHAPT4_WS/install/chapt4_interfaces/share/chapt4_interfaces/hook/ld_library_path_lib.dsv'
[14.871s] DEBUG:colcon.colcon_core.event_handler.log_command:Invoked command in '/home/ros2/CHAPT4/CHAPT4_WS/build/chapt4_interfaces' returned '0': CMAKE_PREFIX_PATH=${CMAKE_PREFIX_PATH}:/home/ros2/CHAPT4/CHAPT4_WS/install/demo_python_service:/opt/ros/foxy /usr/bin/cmake --install /home/ros2/CHAPT4/CHAPT4_WS/build/chapt4_interfaces
[14.871s] INFO:colcon.colcon_core.shell:Creating environment hook '/home/ros2/CHAPT4/CHAPT4_WS/install/chapt4_interfaces/share/chapt4_interfaces/hook/ld_library_path_lib.sh'
[14.872s] Level 1:colcon.colcon_core.environment:checking '/home/ros2/CHAPT4/CHAPT4_WS/install/chapt4_interfaces/bin'
[14.872s] Level 1:colcon.colcon_core.environment:checking '/home/ros2/CHAPT4/CHAPT4_WS/install/chapt4_interfaces/lib/pkgconfig/chapt4_interfaces.pc'
[14.872s] Level 1:colcon.colcon_core.environment:checking '/home/ros2/CHAPT4/CHAPT4_WS/install/chapt4_interfaces/lib/python3.8/site-packages'
[14.872s] Level 1:colcon.colcon_core.shell:create_environment_hook('chapt4_interfaces', 'pythonpath')
[14.872s] INFO:colcon.colcon_core.shell:Creating environment hook '/home/ros2/CHAPT4/CHAPT4_WS/install/chapt4_interfaces/share/chapt4_interfaces/hook/pythonpath.ps1'
[14.873s] INFO:colcon.colcon_core.shell:Creating environment descriptor '/home/ros2/CHAPT4/CHAPT4_WS/install/chapt4_interfaces/share/chapt4_interfaces/hook/pythonpath.dsv'
[14.873s] INFO:colcon.colcon_core.shell:Creating environment hook '/home/ros2/CHAPT4/CHAPT4_WS/install/chapt4_interfaces/share/chapt4_interfaces/hook/pythonpath.sh'
[14.874s] Level 1:colcon.colcon_core.environment:checking '/home/ros2/CHAPT4/CHAPT4_WS/install/chapt4_interfaces/bin'
[14.875s] INFO:colcon.colcon_core.shell:Creating package script '/home/ros2/CHAPT4/CHAPT4_WS/install/chapt4_interfaces/share/chapt4_interfaces/package.ps1'
[14.876s] INFO:colcon.colcon_core.shell:Creating package descriptor '/home/ros2/CHAPT4/CHAPT4_WS/install/chapt4_interfaces/share/chapt4_interfaces/package.dsv'
[14.878s] INFO:colcon.colcon_core.shell:Creating package script '/home/ros2/CHAPT4/CHAPT4_WS/install/chapt4_interfaces/share/chapt4_interfaces/package.sh'
[14.880s] INFO:colcon.colcon_core.shell:Creating package script '/home/ros2/CHAPT4/CHAPT4_WS/install/chapt4_interfaces/share/chapt4_interfaces/package.bash'
[14.885s] INFO:colcon.colcon_core.shell:Creating package script '/home/ros2/CHAPT4/CHAPT4_WS/install/chapt4_interfaces/share/chapt4_interfaces/package.zsh'
[14.891s] Level 1:colcon.colcon_core.environment:create_file_with_runtime_dependencies(/home/ros2/CHAPT4/CHAPT4_WS/install/chapt4_interfaces/share/colcon-core/packages/chapt4_interfaces)
[15.026s] Level 1:colcon.colcon_core.environment:create_environment_scripts_only(chapt4_interfaces)
[15.027s] Level 1:colcon.colcon_core.environment:checking '/home/ros2/CHAPT4/CHAPT4_WS/install/chapt4_interfaces' for CMake module files
[15.027s] Level 1:colcon.colcon_core.environment:checking '/home/ros2/CHAPT4/CHAPT4_WS/install/chapt4_interfaces' for CMake config files
[15.028s] Level 1:colcon.colcon_core.shell:create_environment_hook('chapt4_interfaces', 'cmake_prefix_path')
[15.028s] INFO:colcon.colcon_core.shell:Creating environment hook '/home/ros2/CHAPT4/CHAPT4_WS/install/chapt4_interfaces/share/chapt4_interfaces/hook/cmake_prefix_path.ps1'
[15.028s] INFO:colcon.colcon_core.shell:Creating environment descriptor '/home/ros2/CHAPT4/CHAPT4_WS/install/chapt4_interfaces/share/chapt4_interfaces/hook/cmake_prefix_path.dsv'
[15.029s] INFO:colcon.colcon_core.shell:Creating environment hook '/home/ros2/CHAPT4/CHAPT4_WS/install/chapt4_interfaces/share/chapt4_interfaces/hook/cmake_prefix_path.sh'
[15.029s] Level 1:colcon.colcon_core.environment:checking '/home/ros2/CHAPT4/CHAPT4_WS/install/chapt4_interfaces/lib'
[15.030s] Level 1:colcon.colcon_core.shell:create_environment_hook('chapt4_interfaces', 'ld_library_path_lib')
[15.030s] INFO:colcon.colcon_core.shell:Creating environment hook '/home/ros2/CHAPT4/CHAPT4_WS/install/chapt4_interfaces/share/chapt4_interfaces/hook/ld_library_path_lib.ps1'
[15.030s] INFO:colcon.colcon_core.shell:Creating environment descriptor '/home/ros2/CHAPT4/CHAPT4_WS/install/chapt4_interfaces/share/chapt4_interfaces/hook/ld_library_path_lib.dsv'
[15.030s] INFO:colcon.colcon_core.shell:Creating environment hook '/home/ros2/CHAPT4/CHAPT4_WS/install/chapt4_interfaces/share/chapt4_interfaces/hook/ld_library_path_lib.sh'
[15.031s] Level 1:colcon.colcon_core.environment:checking '/home/ros2/CHAPT4/CHAPT4_WS/install/chapt4_interfaces/bin'
[15.031s] Level 1:colcon.colcon_core.environment:checking '/home/ros2/CHAPT4/CHAPT4_WS/install/chapt4_interfaces/lib/pkgconfig/chapt4_interfaces.pc'
[15.031s] Level 1:colcon.colcon_core.environment:checking '/home/ros2/CHAPT4/CHAPT4_WS/install/chapt4_interfaces/lib/python3.8/site-packages'
[15.031s] Level 1:colcon.colcon_core.shell:create_environment_hook('chapt4_interfaces', 'pythonpath')
[15.031s] INFO:colcon.colcon_core.shell:Creating environment hook '/home/ros2/CHAPT4/CHAPT4_WS/install/chapt4_interfaces/share/chapt4_interfaces/hook/pythonpath.ps1'
[15.032s] INFO:colcon.colcon_core.shell:Creating environment descriptor '/home/ros2/CHAPT4/CHAPT4_WS/install/chapt4_interfaces/share/chapt4_interfaces/hook/pythonpath.dsv'
[15.032s] INFO:colcon.colcon_core.shell:Creating environment hook '/home/ros2/CHAPT4/CHAPT4_WS/install/chapt4_interfaces/share/chapt4_interfaces/hook/pythonpath.sh'
[15.033s] Level 1:colcon.colcon_core.environment:checking '/home/ros2/CHAPT4/CHAPT4_WS/install/chapt4_interfaces/bin'
[15.033s] INFO:colcon.colcon_core.shell:Creating package script '/home/ros2/CHAPT4/CHAPT4_WS/install/chapt4_interfaces/share/chapt4_interfaces/package.ps1'
[15.034s] INFO:colcon.colcon_core.shell:Creating package descriptor '/home/ros2/CHAPT4/CHAPT4_WS/install/chapt4_interfaces/share/chapt4_interfaces/package.dsv'
[15.034s] INFO:colcon.colcon_core.shell:Creating package script '/home/ros2/CHAPT4/CHAPT4_WS/install/chapt4_interfaces/share/chapt4_interfaces/package.sh'
[15.035s] INFO:colcon.colcon_core.shell:Creating package script '/home/ros2/CHAPT4/CHAPT4_WS/install/chapt4_interfaces/share/chapt4_interfaces/package.bash'
[15.035s] INFO:colcon.colcon_core.shell:Creating package script '/home/ros2/CHAPT4/CHAPT4_WS/install/chapt4_interfaces/share/chapt4_interfaces/package.zsh'
[15.036s] Level 1:colcon.colcon_core.environment:create_file_with_runtime_dependencies(/home/ros2/CHAPT4/CHAPT4_WS/install/chapt4_interfaces/share/colcon-core/packages/chapt4_interfaces)
[15.043s] INFO:colcon.colcon_ros.task.ament_python.build:Building ROS package in '/home/ros2/CHAPT4/CHAPT4_WS/src/demo_python_service' with build type 'ament_python'
[15.043s] Level 1:colcon.colcon_core.shell:create_environment_hook('demo_python_service', 'ament_prefix_path')
[15.044s] INFO:colcon.colcon_core.shell:Creating environment hook '/home/ros2/CHAPT4/CHAPT4_WS/install/demo_python_service/share/demo_python_service/hook/ament_prefix_path.ps1'
[15.045s] INFO:colcon.colcon_core.shell:Creating environment descriptor '/home/ros2/CHAPT4/CHAPT4_WS/install/demo_python_service/share/demo_python_service/hook/ament_prefix_path.dsv'
[15.045s] INFO:colcon.colcon_core.shell:Creating environment hook '/home/ros2/CHAPT4/CHAPT4_WS/install/demo_python_service/share/demo_python_service/hook/ament_prefix_path.sh'
[15.046s] INFO:colcon.colcon_core.shell:Skip shell extension 'powershell' for command environment: Not usable outside of PowerShell
[15.046s] DEBUG:colcon.colcon_core.shell:Skip shell extension 'dsv' for command environment
[15.376s] INFO:colcon.colcon_core.task.python.build:Building Python package in '/home/ros2/CHAPT4/CHAPT4_WS/src/demo_python_service'
[15.377s] INFO:colcon.colcon_core.shell:Skip shell extension 'powershell' for command environment: Not usable outside of PowerShell
[15.377s] DEBUG:colcon.colcon_core.shell:Skip shell extension 'dsv' for command environment
[15.880s] DEBUG:colcon.colcon_core.event_handler.log_command:Invoking command in '/home/ros2/CHAPT4/CHAPT4_WS/src/demo_python_service': PYTHONPATH=/home/ros2/CHAPT4/CHAPT4_WS/build/demo_python_service/prefix_override:/usr/lib/python3/dist-packages/colcon_core/task/python/colcon_distutils_commands:/home/ros2/CHAPT4/CHAPT4_WS/install/demo_python_service/lib/python3.8/site-packages:/home/ros2/CHAPT4/CHAPT4_WS/install/chapt4_interfaces/lib/python3.8/site-packages:/home/ros2/CHAPT4/CHAPT4_WS/install/demo_python_service/lib/python3.8/site-packages:/opt/ros/foxy/lib/python3.8/site-packages /usr/bin/python3 -W ignore:setup.py install is deprecated setup.py egg_info --egg-base ../../build/demo_python_service build --build-base /home/ros2/CHAPT4/CHAPT4_WS/build/demo_python_service/build install --record /home/ros2/CHAPT4/CHAPT4_WS/build/demo_python_service/install.log --install-scripts $base/lib/demo_python_service --single-version-externally-managed install_data
[16.241s] Level 1:colcon.colcon_core.environment:checking '/home/ros2/CHAPT4/CHAPT4_WS/install/demo_python_service' for CMake module files
[16.241s] Level 1:colcon.colcon_core.environment:checking '/home/ros2/CHAPT4/CHAPT4_WS/install/demo_python_service' for CMake config files
[16.243s] Level 1:colcon.colcon_core.environment:checking '/home/ros2/CHAPT4/CHAPT4_WS/install/demo_python_service/lib'
[16.244s] DEBUG:colcon.colcon_core.event_handler.log_command:Invoked command in '/home/ros2/CHAPT4/CHAPT4_WS/src/demo_python_service' returned '0': PYTHONPATH=/home/ros2/CHAPT4/CHAPT4_WS/build/demo_python_service/prefix_override:/usr/lib/python3/dist-packages/colcon_core/task/python/colcon_distutils_commands:/home/ros2/CHAPT4/CHAPT4_WS/install/demo_python_service/lib/python3.8/site-packages:/home/ros2/CHAPT4/CHAPT4_WS/install/chapt4_interfaces/lib/python3.8/site-packages:/home/ros2/CHAPT4/CHAPT4_WS/install/demo_python_service/lib/python3.8/site-packages:/opt/ros/foxy/lib/python3.8/site-packages /usr/bin/python3 -W ignore:setup.py install is deprecated setup.py egg_info --egg-base ../../build/demo_python_service build --build-base /home/ros2/CHAPT4/CHAPT4_WS/build/demo_python_service/build install --record /home/ros2/CHAPT4/CHAPT4_WS/build/demo_python_service/install.log --install-scripts $base/lib/demo_python_service --single-version-externally-managed install_data
[16.244s] Level 1:colcon.colcon_core.environment:checking '/home/ros2/CHAPT4/CHAPT4_WS/install/demo_python_service/bin'
[16.244s] Level 1:colcon.colcon_core.environment:checking '/home/ros2/CHAPT4/CHAPT4_WS/install/demo_python_service/lib/pkgconfig/demo_python_service.pc'
[16.244s] Level 1:colcon.colcon_core.environment:checking '/home/ros2/CHAPT4/CHAPT4_WS/install/demo_python_service/lib/python3.8/site-packages'
[16.244s] Level 1:colcon.colcon_core.shell:create_environment_hook('demo_python_service', 'pythonpath')
[16.245s] INFO:colcon.colcon_core.shell:Creating environment hook '/home/ros2/CHAPT4/CHAPT4_WS/install/demo_python_service/share/demo_python_service/hook/pythonpath.ps1'
[16.245s] INFO:colcon.colcon_core.shell:Creating environment descriptor '/home/ros2/CHAPT4/CHAPT4_WS/install/demo_python_service/share/demo_python_service/hook/pythonpath.dsv'
[16.246s] INFO:colcon.colcon_core.shell:Creating environment hook '/home/ros2/CHAPT4/CHAPT4_WS/install/demo_python_service/share/demo_python_service/hook/pythonpath.sh'
[16.247s] Level 1:colcon.colcon_core.environment:checking '/home/ros2/CHAPT4/CHAPT4_WS/install/demo_python_service/bin'
[16.247s] Level 1:colcon.colcon_core.environment:create_environment_scripts_only(demo_python_service)
[16.247s] INFO:colcon.colcon_core.shell:Creating package script '/home/ros2/CHAPT4/CHAPT4_WS/install/demo_python_service/share/demo_python_service/package.ps1'
[16.248s] INFO:colcon.colcon_core.shell:Creating package descriptor '/home/ros2/CHAPT4/CHAPT4_WS/install/demo_python_service/share/demo_python_service/package.dsv'
[16.249s] INFO:colcon.colcon_core.shell:Creating package script '/home/ros2/CHAPT4/CHAPT4_WS/install/demo_python_service/share/demo_python_service/package.sh'
[16.250s] INFO:colcon.colcon_core.shell:Creating package script '/home/ros2/CHAPT4/CHAPT4_WS/install/demo_python_service/share/demo_python_service/package.bash'
[16.254s] INFO:colcon.colcon_core.shell:Creating package script '/home/ros2/CHAPT4/CHAPT4_WS/install/demo_python_service/share/demo_python_service/package.zsh'
[16.255s] Level 1:colcon.colcon_core.environment:create_file_with_runtime_dependencies(/home/ros2/CHAPT4/CHAPT4_WS/install/demo_python_service/share/colcon-core/packages/demo_python_service)
[16.258s] DEBUG:colcon.colcon_parallel_executor.executor.parallel:closing loop
[16.259s] DEBUG:colcon.colcon_parallel_executor.executor.parallel:loop closed
[16.260s] DEBUG:colcon.colcon_parallel_executor.executor.parallel:run_until_complete finished with '0'
[16.260s] DEBUG:colcon.colcon_core.event_reactor:joining thread
[16.276s] INFO:colcon.colcon_core.plugin_system:Skipping extension 'colcon_notification.desktop_notification.terminal_notifier': Not used on non-Darwin systems
[16.277s] INFO:colcon.colcon_core.plugin_system:Skipping extension 'colcon_notification.desktop_notification.win32': Not used on non-Windows systems
[16.278s] INFO:colcon.colcon_notification.desktop_notification:Sending desktop notification using 'notify2'
[16.321s] DEBUG:colcon.colcon_core.event_reactor:joined thread
[16.322s] INFO:colcon.colcon_core.shell:Creating prefix script '/home/ros2/CHAPT4/CHAPT4_WS/install/local_setup.ps1'
[16.324s] INFO:colcon.colcon_core.shell:Creating prefix util module '/home/ros2/CHAPT4/CHAPT4_WS/install/_local_setup_util_ps1.py'
[16.327s] INFO:colcon.colcon_core.shell:Creating prefix chain script '/home/ros2/CHAPT4/CHAPT4_WS/install/setup.ps1'
[16.330s] INFO:colcon.colcon_core.shell:Creating prefix script '/home/ros2/CHAPT4/CHAPT4_WS/install/local_setup.sh'
[16.331s] INFO:colcon.colcon_core.shell:Creating prefix util module '/home/ros2/CHAPT4/CHAPT4_WS/install/_local_setup_util_sh.py'
[16.334s] INFO:colcon.colcon_core.shell:Creating prefix chain script '/home/ros2/CHAPT4/CHAPT4_WS/install/setup.sh'
[16.339s] INFO:colcon.colcon_core.shell:Creating prefix script '/home/ros2/CHAPT4/CHAPT4_WS/install/local_setup.bash'
[16.340s] INFO:colcon.colcon_core.shell:Creating prefix chain script '/home/ros2/CHAPT4/CHAPT4_WS/install/setup.bash'
[16.341s] INFO:colcon.colcon_core.shell:Creating prefix script '/home/ros2/CHAPT4/CHAPT4_WS/install/local_setup.zsh'
[16.341s] INFO:colcon.colcon_core.shell:Creating prefix chain script '/home/ros2/CHAPT4/CHAPT4_WS/install/setup.zsh'
