[0.731s] Invoking command in '/home/ros2/CHAPT4/CHAPT4_WS/src/demo_python_service': PYTHONPATH=/home/ros2/CHAPT4/CHAPT4_WS/build/demo_python_service/prefix_override:/usr/lib/python3/dist-packages/colcon_core/task/python/colcon_distutils_commands:/home/ros2/CHAPT4/CHAPT4_WS/install/demo_python_service/lib/python3.8/site-packages:/home/ros2/CHAPT4/CHAPT4_WS/install/chapt4_interfaces/lib/python3.8/site-packages:/home/ros2/CHAPT4/CHAPT4_WS/install/demo_python_service/lib/python3.8/site-packages:/opt/ros/foxy/lib/python3.8/site-packages /usr/bin/python3 -W ignore:setup.py install is deprecated setup.py egg_info --egg-base ../../build/demo_python_service build --build-base /home/ros2/CHAPT4/CHAPT4_WS/build/demo_python_service/build install --record /home/ros2/CHAPT4/CHAPT4_WS/build/demo_python_service/install.log --install-scripts $base/lib/demo_python_service --single-version-externally-managed install_data
[0.948s] running egg_info
[0.949s] writing ../../build/demo_python_service/demo_python_service.egg-info/PKG-INFO
[0.950s] writing dependency_links to ../../build/demo_python_service/demo_python_service.egg-info/dependency_links.txt
[0.950s] writing entry points to ../../build/demo_python_service/demo_python_service.egg-info/entry_points.txt
[0.950s] writing requirements to ../../build/demo_python_service/demo_python_service.egg-info/requires.txt
[0.951s] writing top-level names to ../../build/demo_python_service/demo_python_service.egg-info/top_level.txt
[0.986s] reading manifest file '../../build/demo_python_service/demo_python_service.egg-info/SOURCES.txt'
[0.987s] writing manifest file '../../build/demo_python_service/demo_python_service.egg-info/SOURCES.txt'
[0.988s] running build
[0.988s] running build_py
[0.988s] copying demo_python_service/face_detect_node.py -> /home/ros2/CHAPT4/CHAPT4_WS/build/demo_python_service/build/lib/demo_python_service
[0.988s] copying demo_python_service/learn_face_detect.py -> /home/ros2/CHAPT4/CHAPT4_WS/build/demo_python_service/build/lib/demo_python_service
[0.989s] running install
[0.990s] running install_lib
[0.991s] copying /home/ros2/CHAPT4/CHAPT4_WS/build/demo_python_service/build/lib/demo_python_service/face_detect_node.py -> /home/ros2/CHAPT4/CHAPT4_WS/install/demo_python_service/lib/python3.8/site-packages/demo_python_service
[0.991s] copying /home/ros2/CHAPT4/CHAPT4_WS/build/demo_python_service/build/lib/demo_python_service/learn_face_detect.py -> /home/ros2/CHAPT4/CHAPT4_WS/install/demo_python_service/lib/python3.8/site-packages/demo_python_service
[0.991s] byte-compiling /home/ros2/CHAPT4/CHAPT4_WS/install/demo_python_service/lib/python3.8/site-packages/demo_python_service/face_detect_node.py to face_detect_node.cpython-38.pyc
[0.993s] byte-compiling /home/ros2/CHAPT4/CHAPT4_WS/install/demo_python_service/lib/python3.8/site-packages/demo_python_service/learn_face_detect.py to learn_face_detect.cpython-38.pyc
[0.993s] running install_data
[0.994s] running install_egg_info
[0.995s] removing '/home/ros2/CHAPT4/CHAPT4_WS/install/demo_python_service/lib/python3.8/site-packages/demo_python_service-0.0.0-py3.8.egg-info' (and everything under it)
[0.996s] Copying ../../build/demo_python_service/demo_python_service.egg-info to /home/ros2/CHAPT4/CHAPT4_WS/install/demo_python_service/lib/python3.8/site-packages/demo_python_service-0.0.0-py3.8.egg-info
[0.997s] running install_scripts
[1.016s] Installing face_detect_node script to /home/ros2/CHAPT4/CHAPT4_WS/install/demo_python_service/lib/demo_python_service
[1.016s] Installing learn_face_detect script to /home/ros2/CHAPT4/CHAPT4_WS/install/demo_python_service/lib/demo_python_service
[1.017s] writing list of installed files to '/home/ros2/CHAPT4/CHAPT4_WS/build/demo_python_service/install.log'
[1.044s] Invoked command in '/home/ros2/CHAPT4/CHAPT4_WS/src/demo_python_service' returned '0': PYTHONPATH=/home/ros2/CHAPT4/CHAPT4_WS/build/demo_python_service/prefix_override:/usr/lib/python3/dist-packages/colcon_core/task/python/colcon_distutils_commands:/home/ros2/CHAPT4/CHAPT4_WS/install/demo_python_service/lib/python3.8/site-packages:/home/ros2/CHAPT4/CHAPT4_WS/install/chapt4_interfaces/lib/python3.8/site-packages:/home/ros2/CHAPT4/CHAPT4_WS/install/demo_python_service/lib/python3.8/site-packages:/opt/ros/foxy/lib/python3.8/site-packages /usr/bin/python3 -W ignore:setup.py install is deprecated setup.py egg_info --egg-base ../../build/demo_python_service build --build-base /home/ros2/CHAPT4/CHAPT4_WS/build/demo_python_service/build install --record /home/ros2/CHAPT4/CHAPT4_WS/build/demo_python_service/install.log --install-scripts $base/lib/demo_python_service --single-version-externally-managed install_data
