[0.013s] Invoking command in '/home/ros2/CHAPT2/chapt2_ws/build/demo_cpp_pkg': CMAKE_PREFIX_PATH=${CMAKE_PREFIX_PATH}:/home/ros2/CHAPT2/chapt2_ws/install/demo_python_pkg:/opt/ros/foxy /usr/bin/cmake --build /home/ros2/CHAPT2/chapt2_ws/build/demo_cpp_pkg -- -j2 -l2
[0.113s] [ 16%] Built target learn_lambda
[0.136s] [ 33%] Built target person_node
[0.160s] [ 50%] Built target learn_shared_ptr
[0.173s] [ 66%] Built target learn_func
[0.202s] [ 83%] Built target learn_thread
[0.225s] [100%] Built target cpp_node
[0.251s] Invoked command in '/home/ros2/CHAPT2/chapt2_ws/build/demo_cpp_pkg' returned '0': CMAKE_PREFIX_PATH=${CMAKE_PREFIX_PATH}:/home/ros2/CHAPT2/chapt2_ws/install/demo_python_pkg:/opt/ros/foxy /usr/bin/cmake --build /home/ros2/CHAPT2/chapt2_ws/build/demo_cpp_pkg -- -j2 -l2
[0.314s] Invoking command in '/home/ros2/CHAPT2/chapt2_ws/build/demo_cpp_pkg': CMAKE_PREFIX_PATH=${CMAKE_PREFIX_PATH}:/home/ros2/CHAPT2/chapt2_ws/install/demo_python_pkg:/opt/ros/foxy /usr/bin/cmake --install /home/ros2/CHAPT2/chapt2_ws/build/demo_cpp_pkg
[0.319s] -- Install configuration: ""
[0.319s] -- Up-to-date: /home/ros2/CHAPT2/chapt2_ws/install/demo_cpp_pkg/lib/demo_cpp_pkg/cpp_node
[0.323s] -- Up-to-date: /home/ros2/CHAPT2/chapt2_ws/install/demo_cpp_pkg/lib/demo_cpp_pkg/person_node
[0.323s] -- Up-to-date: /home/ros2/CHAPT2/chapt2_ws/install/demo_cpp_pkg/lib/demo_cpp_pkg/learn_shared_ptr
[0.323s] -- Up-to-date: /home/ros2/CHAPT2/chapt2_ws/install/demo_cpp_pkg/lib/demo_cpp_pkg/learn_lambda
[0.323s] -- Up-to-date: /home/ros2/CHAPT2/chapt2_ws/install/demo_cpp_pkg/lib/demo_cpp_pkg/learn_func
[0.324s] -- Up-to-date: /home/ros2/CHAPT2/chapt2_ws/install/demo_cpp_pkg/lib/demo_cpp_pkg/learn_thread
[0.324s] -- Up-to-date: /home/ros2/CHAPT2/chapt2_ws/install/demo_cpp_pkg/share/ament_index/resource_index/package_run_dependencies/demo_cpp_pkg
[0.324s] -- Up-to-date: /home/ros2/CHAPT2/chapt2_ws/install/demo_cpp_pkg/share/ament_index/resource_index/parent_prefix_path/demo_cpp_pkg
[0.324s] -- Up-to-date: /home/ros2/CHAPT2/chapt2_ws/install/demo_cpp_pkg/share/demo_cpp_pkg/environment/ament_prefix_path.sh
[0.324s] -- Up-to-date: /home/ros2/CHAPT2/chapt2_ws/install/demo_cpp_pkg/share/demo_cpp_pkg/environment/ament_prefix_path.dsv
[0.325s] -- Up-to-date: /home/ros2/CHAPT2/chapt2_ws/install/demo_cpp_pkg/share/demo_cpp_pkg/environment/path.sh
[0.325s] -- Up-to-date: /home/ros2/CHAPT2/chapt2_ws/install/demo_cpp_pkg/share/demo_cpp_pkg/environment/path.dsv
[0.325s] -- Up-to-date: /home/ros2/CHAPT2/chapt2_ws/install/demo_cpp_pkg/share/demo_cpp_pkg/local_setup.bash
[0.325s] -- Up-to-date: /home/ros2/CHAPT2/chapt2_ws/install/demo_cpp_pkg/share/demo_cpp_pkg/local_setup.sh
[0.325s] -- Up-to-date: /home/ros2/CHAPT2/chapt2_ws/install/demo_cpp_pkg/share/demo_cpp_pkg/local_setup.zsh
[0.325s] -- Up-to-date: /home/ros2/CHAPT2/chapt2_ws/install/demo_cpp_pkg/share/demo_cpp_pkg/local_setup.dsv
[0.325s] -- Up-to-date: /home/ros2/CHAPT2/chapt2_ws/install/demo_cpp_pkg/share/demo_cpp_pkg/package.dsv
[0.325s] -- Up-to-date: /home/ros2/CHAPT2/chapt2_ws/install/demo_cpp_pkg/share/ament_index/resource_index/packages/demo_cpp_pkg
[0.325s] -- Up-to-date: /home/ros2/CHAPT2/chapt2_ws/install/demo_cpp_pkg/share/demo_cpp_pkg/cmake/demo_cpp_pkgConfig.cmake
[0.325s] -- Up-to-date: /home/ros2/CHAPT2/chapt2_ws/install/demo_cpp_pkg/share/demo_cpp_pkg/cmake/demo_cpp_pkgConfig-version.cmake
[0.325s] -- Up-to-date: /home/ros2/CHAPT2/chapt2_ws/install/demo_cpp_pkg/share/demo_cpp_pkg/package.xml
[0.346s] Invoked command in '/home/ros2/CHAPT2/chapt2_ws/build/demo_cpp_pkg' returned '0': CMAKE_PREFIX_PATH=${CMAKE_PREFIX_PATH}:/home/ros2/CHAPT2/chapt2_ws/install/demo_python_pkg:/opt/ros/foxy /usr/bin/cmake --install /home/ros2/CHAPT2/chapt2_ws/build/demo_cpp_pkg
