[01m[K/home/ros2/CHAPT2/chapt2_ws/src/demo_cpp_pkg/src/person_node.cpp:[m[K In function ‘[01m[Kint main(int, char**)[m[K’:
[01m[K/home/ros2/CHAPT2/chapt2_ws/src/demo_cpp_pkg/src/person_node.cpp:29:15:[m[K [01;31m[Kerror: [m[Kcannot bind non-const lvalue reference of type ‘[01m[Kstd::string&[m[K’ {aka ‘[01m[Kstd::__cxx11::basic_string<char>&[m[K’} to an rvalue of type ‘[01m[Kstd::string[m[K’ {aka ‘[01m[Kstd::__cxx11::basic_string<char>[m[K’}
   29 |     node->eat([01;31m[K"鱼香ROS"[m[K);
      |               [01;31m[K^~~~~~~~~~~[m[K
In file included from [01m[K/usr/include/c++/9/string:55[m[K,
                 from [01m[K/usr/include/c++/9/stdexcept:39[m[K,
                 from [01m[K/usr/include/c++/9/array:39[m[K,
                 from [01m[K/usr/include/c++/9/tuple:39[m[K,
                 from [01m[K/usr/include/c++/9/bits/unique_ptr.h:37[m[K,
                 from [01m[K/usr/include/c++/9/memory:80[m[K,
                 from [01m[K/opt/ros/foxy/include/rclcpp/rclcpp.hpp:144[m[K,
                 from [01m[K/home/ros2/CHAPT2/chapt2_ws/src/demo_cpp_pkg/src/person_node.cpp:1[m[K:
[01m[K/usr/include/c++/9/bits/basic_string.h:529:7:[m[K [01;36m[Knote: [m[K  after user-defined conversion: ‘[01m[Kstd::__cxx11::basic_string<_CharT, _Traits, _Alloc>::basic_string(const _CharT*, const _Alloc&) [with _CharT = char; _Traits = std::char_traits<char>; _Alloc = std::allocator<char>][m[K’
  529 |       [01;36m[Kbasic_string[m[K(const _CharT* __s, const _Alloc& __a = _Alloc())
      |       [01;36m[K^~~~~~~~~~~~[m[K
[01m[K/home/ros2/CHAPT2/chapt2_ws/src/demo_cpp_pkg/src/person_node.cpp:17:27:[m[K [01;36m[Knote: [m[K  initializing argument 1 of ‘[01m[Kvoid PersonNode::eat(std::string&)[m[K’
   17 |     void eat([01;36m[Kstd::string &food_name[m[K)
      |              [01;36m[K~~~~~~~~~~~~~^~~~~~~~~[m[K
make[2]: *** [CMakeFiles/person_node.dir/build.make:63：CMakeFiles/person_node.dir/src/person_node.cpp.o] 错误 1
make[1]: *** [CMakeFiles/Makefile2:80：CMakeFiles/person_node.dir/all] 错误 2
make: *** [Makefile:141：all] 错误 2
