[0.080s] Invoking command in '/home/ros2/CHAPT2/chapt2_ws/build/demo_cpp_pkg': CMAKE_PREFIX_PATH=/opt/ros/foxy /usr/bin/cmake --build /home/ros2/CHAPT2/chapt2_ws/build/demo_cpp_pkg -- -j2 -l2
[0.747s] -- Found ament_cmake: 0.9.12 (/opt/ros/foxy/share/ament_cmake/cmake)
[0.876s] -- Using PYTHON_EXECUTABLE: /usr/bin/python3
[1.272s] -- Found rclcpp: 2.4.3 (/opt/ros/foxy/share/rclcpp/cmake)
[1.628s] -- Using all available rosidl_typesupport_c: rosidl_typesupport_fastrtps_c;rosidl_typesupport_introspection_c
[1.652s] -- Found rosidl_adapter: 1.3.1 (/opt/ros/foxy/share/rosidl_adapter/cmake)
[2.074s] -- Using all available rosidl_typesupport_cpp: rosidl_typesupport_fastrtps_cpp;rosidl_typesupport_introspection_cpp
[2.204s] -- Found rmw_implementation_cmake: 1.0.4 (/opt/ros/foxy/share/rmw_implementation_cmake/cmake)
[2.208s] -- Using RMW implementation 'rmw_fastrtps_cpp' as default
[2.587s] -- Found ament_lint_auto: 0.9.8 (/opt/ros/foxy/share/ament_lint_auto/cmake)
[2.710s] -- Added test 'copyright' to check source files copyright and LICENSE
[2.715s] -- Added test 'cppcheck' to perform static code analysis on C / C++ code
[2.715s] -- Configured cppcheck include dirs: 
[2.715s] -- Configured cppcheck exclude dirs and/or files: 
[2.720s] -- Added test 'cpplint' to check C / C++ code against the Google style
[2.720s] -- Configured cpplint exclude dirs and/or files: 
[2.721s] -- Added test 'flake8' to check Python code syntax and style conventions
[2.722s] -- Added test 'lint_cmake' to check CMake code style
[2.723s] -- Added test 'pep257' to check Python code against some of the style conventions in PEP 257
[2.728s] -- Added test 'uncrustify' to check C / C++ code style
[2.728s] -- Configured uncrustify additional arguments: 
[2.729s] -- Added test 'xmllint' to check XML markup files
[2.733s] -- Configuring done
[2.811s] -- Generating done
[2.812s] -- Build files have been written to: /home/ros2/CHAPT2/chapt2_ws/build/demo_cpp_pkg
[2.837s] [35m[1mScanning dependencies of target person_node[0m
[2.922s] [ 50%] Built target cpp_node
[2.943s] [ 75%] [32mBuilding CXX object CMakeFiles/person_node.dir/src/person_node.cpp.o[0m
[4.777s] [01m[K/home/ros2/CHAPT2/chapt2_ws/src/demo_cpp_pkg/src/person_node.cpp:[m[K In function ‘[01m[Kint main(int, char**)[m[K’:
[4.777s] [01m[K/home/ros2/CHAPT2/chapt2_ws/src/demo_cpp_pkg/src/person_node.cpp:29:15:[m[K [01;31m[Kerror: [m[Kcannot bind non-const lvalue reference of type ‘[01m[Kstd::string&[m[K’ {aka ‘[01m[Kstd::__cxx11::basic_string<char>&[m[K’} to an rvalue of type ‘[01m[Kstd::string[m[K’ {aka ‘[01m[Kstd::__cxx11::basic_string<char>[m[K’}
[4.777s]    29 |     node->eat([01;31m[K"鱼香ROS"[m[K);
[4.777s]       |               [01;31m[K^~~~~~~~~~~[m[K
[4.777s] In file included from [01m[K/usr/include/c++/9/string:55[m[K,
[4.778s]                  from [01m[K/usr/include/c++/9/stdexcept:39[m[K,
[4.778s]                  from [01m[K/usr/include/c++/9/array:39[m[K,
[4.778s]                  from [01m[K/usr/include/c++/9/tuple:39[m[K,
[4.778s]                  from [01m[K/usr/include/c++/9/bits/unique_ptr.h:37[m[K,
[4.778s]                  from [01m[K/usr/include/c++/9/memory:80[m[K,
[4.778s]                  from [01m[K/opt/ros/foxy/include/rclcpp/rclcpp.hpp:144[m[K,
[4.778s]                  from [01m[K/home/ros2/CHAPT2/chapt2_ws/src/demo_cpp_pkg/src/person_node.cpp:1[m[K:
[4.778s] [01m[K/usr/include/c++/9/bits/basic_string.h:529:7:[m[K [01;36m[Knote: [m[K  after user-defined conversion: ‘[01m[Kstd::__cxx11::basic_string<_CharT, _Traits, _Alloc>::basic_string(const _CharT*, const _Alloc&) [with _CharT = char; _Traits = std::char_traits<char>; _Alloc = std::allocator<char>][m[K’
[4.778s]   529 |       [01;36m[Kbasic_string[m[K(const _CharT* __s, const _Alloc& __a = _Alloc())
[4.778s]       |       [01;36m[K^~~~~~~~~~~~[m[K
[4.778s] [01m[K/home/ros2/CHAPT2/chapt2_ws/src/demo_cpp_pkg/src/person_node.cpp:17:27:[m[K [01;36m[Knote: [m[K  initializing argument 1 of ‘[01m[Kvoid PersonNode::eat(std::string&)[m[K’
[4.778s]    17 |     void eat([01;36m[Kstd::string &food_name[m[K)
[4.778s]       |              [01;36m[K~~~~~~~~~~~~~^~~~~~~~~[m[K
[5.449s] make[2]: *** [CMakeFiles/person_node.dir/build.make:63：CMakeFiles/person_node.dir/src/person_node.cpp.o] 错误 1
[5.450s] make[1]: *** [CMakeFiles/Makefile2:80：CMakeFiles/person_node.dir/all] 错误 2
[5.450s] make: *** [Makefile:141：all] 错误 2
[5.459s] Invoked command in '/home/ros2/CHAPT2/chapt2_ws/build/demo_cpp_pkg' returned '2': CMAKE_PREFIX_PATH=/opt/ros/foxy /usr/bin/cmake --build /home/ros2/CHAPT2/chapt2_ws/build/demo_cpp_pkg -- -j2 -l2
