[0.777s] DEBUG:colcon:Command line arguments: ['/usr/bin/colcon', 'build']
[0.778s] DEBUG:colcon:Parsed command line arguments: Namespace(allow_overriding=[], ament_cmake_args=None, base_paths=['.'], build_base='build', catkin_cmake_args=None, catkin_skip_building_tests=False, cmake_args=None, cmake_clean_cache=False, cmake_clean_first=False, cmake_force_configure=False, cmake_target=None, cmake_target_skip_unavailable=False, continue_on_error=False, event_handlers=None, executor='parallel', ignore_user_meta=False, install_base='install', log_base=None, log_level=None, main=<bound method BuildVerb.main of <colcon_core.verb.build.BuildVerb object at 0x7fc4328a16d0>>, merge_install=False, metas=['./colcon.meta'], packages_above=None, packages_above_and_dependencies=None, packages_above_depth=None, packages_end=None, packages_ignore=None, packages_ignore_regex=None, packages_select=None, packages_select_build_failed=False, packages_select_by_dep=None, packages_select_regex=None, packages_select_test_failures=False, packages_skip=None, packages_skip_build_finished=False, packages_skip_by_dep=None, packages_skip_regex=None, packages_skip_test_passed=False, packages_skip_up_to=None, packages_start=None, packages_up_to=None, packages_up_to_regex=None, parallel_workers=2, paths=None, symlink_install=False, test_result_base=None, verb_extension=<colcon_core.verb.build.BuildVerb object at 0x7fc4328a16d0>, verb_name='build', verb_parser=<colcon_defaults.argument_parser.defaults.DefaultArgumentsDecorator object at 0x7fc4328ad3d0>)
[1.325s] Level 1:colcon.colcon_core.package_discovery:discover_packages(colcon_meta) check parameters
[1.325s] Level 1:colcon.colcon_core.package_discovery:discover_packages(recursive) check parameters
[1.325s] Level 1:colcon.colcon_core.package_discovery:discover_packages(ignore) check parameters
[1.325s] Level 1:colcon.colcon_core.package_discovery:discover_packages(path) check parameters
[1.325s] Level 1:colcon.colcon_core.package_discovery:discover_packages(colcon_meta) discover
[1.325s] Level 1:colcon.colcon_core.package_discovery:discover_packages(recursive) discover
[1.326s] INFO:colcon.colcon_core.package_discovery:Crawling recursively for packages in '/home/ros2/CHAPT4/CHAPT4_WS'
[1.326s] Level 1:colcon.colcon_core.package_identification:_identify(.) by extensions ['ignore', 'ignore_ament_install']
[1.326s] Level 1:colcon.colcon_core.package_identification:_identify(.) by extension 'ignore'
[1.326s] Level 1:colcon.colcon_core.package_identification:_identify(.) by extension 'ignore_ament_install'
[1.326s] Level 1:colcon.colcon_core.package_identification:_identify(.) by extensions ['colcon_pkg']
[1.326s] Level 1:colcon.colcon_core.package_identification:_identify(.) by extension 'colcon_pkg'
[1.326s] Level 1:colcon.colcon_core.package_identification:_identify(.) by extensions ['colcon_meta']
[1.326s] Level 1:colcon.colcon_core.package_identification:_identify(.) by extension 'colcon_meta'
[1.326s] Level 1:colcon.colcon_core.package_identification:_identify(.) by extensions ['ros']
[1.326s] Level 1:colcon.colcon_core.package_identification:_identify(.) by extension 'ros'
[1.340s] Level 1:colcon.colcon_core.package_identification:_identify(.) by extensions ['cmake', 'python']
[1.340s] Level 1:colcon.colcon_core.package_identification:_identify(.) by extension 'cmake'
[1.340s] Level 1:colcon.colcon_core.package_identification:_identify(.) by extension 'python'
[1.340s] Level 1:colcon.colcon_core.package_identification:_identify(.) by extensions ['python_setup_py']
[1.340s] Level 1:colcon.colcon_core.package_identification:_identify(.) by extension 'python_setup_py'
[1.340s] Level 1:colcon.colcon_core.package_identification:_identify(build) by extensions ['ignore', 'ignore_ament_install']
[1.340s] Level 1:colcon.colcon_core.package_identification:_identify(build) by extension 'ignore'
[1.341s] Level 1:colcon.colcon_core.package_identification:_identify(build) ignored
[1.341s] Level 1:colcon.colcon_core.package_identification:_identify(install) by extensions ['ignore', 'ignore_ament_install']
[1.341s] Level 1:colcon.colcon_core.package_identification:_identify(install) by extension 'ignore'
[1.341s] Level 1:colcon.colcon_core.package_identification:_identify(install) ignored
[1.342s] Level 1:colcon.colcon_core.package_identification:_identify(log) by extensions ['ignore', 'ignore_ament_install']
[1.342s] Level 1:colcon.colcon_core.package_identification:_identify(log) by extension 'ignore'
[1.342s] Level 1:colcon.colcon_core.package_identification:_identify(log) ignored
[1.342s] Level 1:colcon.colcon_core.package_identification:_identify(src) by extensions ['ignore', 'ignore_ament_install']
[1.342s] Level 1:colcon.colcon_core.package_identification:_identify(src) by extension 'ignore'
[1.342s] Level 1:colcon.colcon_core.package_identification:_identify(src) by extension 'ignore_ament_install'
[1.342s] Level 1:colcon.colcon_core.package_identification:_identify(src) by extensions ['colcon_pkg']
[1.342s] Level 1:colcon.colcon_core.package_identification:_identify(src) by extension 'colcon_pkg'
[1.342s] Level 1:colcon.colcon_core.package_identification:_identify(src) by extensions ['colcon_meta']
[1.342s] Level 1:colcon.colcon_core.package_identification:_identify(src) by extension 'colcon_meta'
[1.342s] Level 1:colcon.colcon_core.package_identification:_identify(src) by extensions ['ros']
[1.342s] Level 1:colcon.colcon_core.package_identification:_identify(src) by extension 'ros'
[1.343s] Level 1:colcon.colcon_core.package_identification:_identify(src) by extensions ['cmake', 'python']
[1.343s] Level 1:colcon.colcon_core.package_identification:_identify(src) by extension 'cmake'
[1.343s] Level 1:colcon.colcon_core.package_identification:_identify(src) by extension 'python'
[1.343s] Level 1:colcon.colcon_core.package_identification:_identify(src) by extensions ['python_setup_py']
[1.343s] Level 1:colcon.colcon_core.package_identification:_identify(src) by extension 'python_setup_py'
[1.343s] Level 1:colcon.colcon_core.package_identification:_identify(src/chapt4_interfaces) by extensions ['ignore', 'ignore_ament_install']
[1.343s] Level 1:colcon.colcon_core.package_identification:_identify(src/chapt4_interfaces) by extension 'ignore'
[1.343s] Level 1:colcon.colcon_core.package_identification:_identify(src/chapt4_interfaces) by extension 'ignore_ament_install'
[1.343s] Level 1:colcon.colcon_core.package_identification:_identify(src/chapt4_interfaces) by extensions ['colcon_pkg']
[1.343s] Level 1:colcon.colcon_core.package_identification:_identify(src/chapt4_interfaces) by extension 'colcon_pkg'
[1.343s] Level 1:colcon.colcon_core.package_identification:_identify(src/chapt4_interfaces) by extensions ['colcon_meta']
[1.343s] Level 1:colcon.colcon_core.package_identification:_identify(src/chapt4_interfaces) by extension 'colcon_meta'
[1.343s] Level 1:colcon.colcon_core.package_identification:_identify(src/chapt4_interfaces) by extensions ['ros']
[1.343s] Level 1:colcon.colcon_core.package_identification:_identify(src/chapt4_interfaces) by extension 'ros'
[1.346s] DEBUG:colcon.colcon_core.package_identification:Package 'src/chapt4_interfaces' with type 'ros.ament_cmake' and name 'chapt4_interfaces'
[1.346s] Level 1:colcon.colcon_core.package_identification:_identify(src/demo_cpp_service) by extensions ['ignore', 'ignore_ament_install']
[1.346s] Level 1:colcon.colcon_core.package_identification:_identify(src/demo_cpp_service) by extension 'ignore'
[1.346s] Level 1:colcon.colcon_core.package_identification:_identify(src/demo_cpp_service) by extension 'ignore_ament_install'
[1.346s] Level 1:colcon.colcon_core.package_identification:_identify(src/demo_cpp_service) by extensions ['colcon_pkg']
[1.346s] Level 1:colcon.colcon_core.package_identification:_identify(src/demo_cpp_service) by extension 'colcon_pkg'
[1.346s] Level 1:colcon.colcon_core.package_identification:_identify(src/demo_cpp_service) by extensions ['colcon_meta']
[1.346s] Level 1:colcon.colcon_core.package_identification:_identify(src/demo_cpp_service) by extension 'colcon_meta'
[1.347s] Level 1:colcon.colcon_core.package_identification:_identify(src/demo_cpp_service) by extensions ['ros']
[1.347s] Level 1:colcon.colcon_core.package_identification:_identify(src/demo_cpp_service) by extension 'ros'
[1.347s] DEBUG:colcon.colcon_core.package_identification:Package 'src/demo_cpp_service' with type 'ros.ament_cmake' and name 'demo_cpp_service'
[1.347s] Level 1:colcon.colcon_core.package_identification:_identify(src/demo_python_service) by extensions ['ignore', 'ignore_ament_install']
[1.347s] Level 1:colcon.colcon_core.package_identification:_identify(src/demo_python_service) by extension 'ignore'
[1.348s] Level 1:colcon.colcon_core.package_identification:_identify(src/demo_python_service) by extension 'ignore_ament_install'
[1.348s] Level 1:colcon.colcon_core.package_identification:_identify(src/demo_python_service) by extensions ['colcon_pkg']
[1.348s] Level 1:colcon.colcon_core.package_identification:_identify(src/demo_python_service) by extension 'colcon_pkg'
[1.348s] Level 1:colcon.colcon_core.package_identification:_identify(src/demo_python_service) by extensions ['colcon_meta']
[1.348s] Level 1:colcon.colcon_core.package_identification:_identify(src/demo_python_service) by extension 'colcon_meta'
[1.348s] Level 1:colcon.colcon_core.package_identification:_identify(src/demo_python_service) by extensions ['ros']
[1.348s] Level 1:colcon.colcon_core.package_identification:_identify(src/demo_python_service) by extension 'ros'
[1.349s] DEBUG:colcon.colcon_core.package_identification:Package 'src/demo_python_service' with type 'ros.ament_python' and name 'demo_python_service'
[1.349s] Level 1:colcon.colcon_core.package_discovery:discover_packages(recursive) using defaults
[1.349s] Level 1:colcon.colcon_core.package_discovery:discover_packages(ignore) discover
[1.349s] Level 1:colcon.colcon_core.package_discovery:discover_packages(ignore) using defaults
[1.349s] Level 1:colcon.colcon_core.package_discovery:discover_packages(path) discover
[1.349s] Level 1:colcon.colcon_core.package_discovery:discover_packages(path) using defaults
[1.447s] Level 1:colcon.colcon_core.package_discovery:discover_packages(prefix_path) check parameters
[1.447s] Level 1:colcon.colcon_core.package_discovery:discover_packages(prefix_path) discover
[1.456s] DEBUG:colcon.colcon_installed_package_information.package_discovery:Found 3 installed packages in /home/ros2/CHAPT4/CHAPT4_WS/install
[1.513s] DEBUG:colcon.colcon_installed_package_information.package_discovery:Found 256 installed packages in /opt/ros/foxy
[1.514s] Level 1:colcon.colcon_core.package_discovery:discover_packages(prefix_path) using defaults
[2.261s] Level 5:colcon.colcon_core.verb:set package 'chapt4_interfaces' build argument 'cmake_args' from command line to 'None'
[2.261s] Level 5:colcon.colcon_core.verb:set package 'chapt4_interfaces' build argument 'cmake_target' from command line to 'None'
[2.261s] Level 5:colcon.colcon_core.verb:set package 'chapt4_interfaces' build argument 'cmake_target_skip_unavailable' from command line to 'False'
[2.261s] Level 5:colcon.colcon_core.verb:set package 'chapt4_interfaces' build argument 'cmake_clean_cache' from command line to 'False'
[2.261s] Level 5:colcon.colcon_core.verb:set package 'chapt4_interfaces' build argument 'cmake_clean_first' from command line to 'False'
[2.261s] Level 5:colcon.colcon_core.verb:set package 'chapt4_interfaces' build argument 'cmake_force_configure' from command line to 'False'
[2.261s] Level 5:colcon.colcon_core.verb:set package 'chapt4_interfaces' build argument 'ament_cmake_args' from command line to 'None'
[2.261s] Level 5:colcon.colcon_core.verb:set package 'chapt4_interfaces' build argument 'catkin_cmake_args' from command line to 'None'
[2.261s] Level 5:colcon.colcon_core.verb:set package 'chapt4_interfaces' build argument 'catkin_skip_building_tests' from command line to 'False'
[2.261s] DEBUG:colcon.colcon_core.verb:Building package 'chapt4_interfaces' with the following arguments: {'ament_cmake_args': None, 'build_base': '/home/ros2/CHAPT4/CHAPT4_WS/build/chapt4_interfaces', 'catkin_cmake_args': None, 'catkin_skip_building_tests': False, 'cmake_args': None, 'cmake_clean_cache': False, 'cmake_clean_first': False, 'cmake_force_configure': False, 'cmake_target': None, 'cmake_target_skip_unavailable': False, 'install_base': '/home/ros2/CHAPT4/CHAPT4_WS/install/chapt4_interfaces', 'merge_install': False, 'path': '/home/ros2/CHAPT4/CHAPT4_WS/src/chapt4_interfaces', 'symlink_install': False, 'test_result_base': None}
[2.262s] Level 5:colcon.colcon_core.verb:set package 'demo_cpp_service' build argument 'cmake_args' from command line to 'None'
[2.262s] Level 5:colcon.colcon_core.verb:set package 'demo_cpp_service' build argument 'cmake_target' from command line to 'None'
[2.262s] Level 5:colcon.colcon_core.verb:set package 'demo_cpp_service' build argument 'cmake_target_skip_unavailable' from command line to 'False'
[2.262s] Level 5:colcon.colcon_core.verb:set package 'demo_cpp_service' build argument 'cmake_clean_cache' from command line to 'False'
[2.262s] Level 5:colcon.colcon_core.verb:set package 'demo_cpp_service' build argument 'cmake_clean_first' from command line to 'False'
[2.262s] Level 5:colcon.colcon_core.verb:set package 'demo_cpp_service' build argument 'cmake_force_configure' from command line to 'False'
[2.262s] Level 5:colcon.colcon_core.verb:set package 'demo_cpp_service' build argument 'ament_cmake_args' from command line to 'None'
[2.262s] Level 5:colcon.colcon_core.verb:set package 'demo_cpp_service' build argument 'catkin_cmake_args' from command line to 'None'
[2.263s] Level 5:colcon.colcon_core.verb:set package 'demo_cpp_service' build argument 'catkin_skip_building_tests' from command line to 'False'
[2.263s] DEBUG:colcon.colcon_core.verb:Building package 'demo_cpp_service' with the following arguments: {'ament_cmake_args': None, 'build_base': '/home/ros2/CHAPT4/CHAPT4_WS/build/demo_cpp_service', 'catkin_cmake_args': None, 'catkin_skip_building_tests': False, 'cmake_args': None, 'cmake_clean_cache': False, 'cmake_clean_first': False, 'cmake_force_configure': False, 'cmake_target': None, 'cmake_target_skip_unavailable': False, 'install_base': '/home/ros2/CHAPT4/CHAPT4_WS/install/demo_cpp_service', 'merge_install': False, 'path': '/home/ros2/CHAPT4/CHAPT4_WS/src/demo_cpp_service', 'symlink_install': False, 'test_result_base': None}
[2.264s] Level 5:colcon.colcon_core.verb:set package 'demo_python_service' build argument 'cmake_args' from command line to 'None'
[2.264s] Level 5:colcon.colcon_core.verb:set package 'demo_python_service' build argument 'cmake_target' from command line to 'None'
[2.265s] Level 5:colcon.colcon_core.verb:set package 'demo_python_service' build argument 'cmake_target_skip_unavailable' from command line to 'False'
[2.266s] Level 5:colcon.colcon_core.verb:set package 'demo_python_service' build argument 'cmake_clean_cache' from command line to 'False'
[2.266s] Level 5:colcon.colcon_core.verb:set package 'demo_python_service' build argument 'cmake_clean_first' from command line to 'False'
[2.266s] Level 5:colcon.colcon_core.verb:set package 'demo_python_service' build argument 'cmake_force_configure' from command line to 'False'
[2.266s] Level 5:colcon.colcon_core.verb:set package 'demo_python_service' build argument 'ament_cmake_args' from command line to 'None'
[2.266s] Level 5:colcon.colcon_core.verb:set package 'demo_python_service' build argument 'catkin_cmake_args' from command line to 'None'
[2.266s] Level 5:colcon.colcon_core.verb:set package 'demo_python_service' build argument 'catkin_skip_building_tests' from command line to 'False'
[2.266s] DEBUG:colcon.colcon_core.verb:Building package 'demo_python_service' with the following arguments: {'ament_cmake_args': None, 'build_base': '/home/ros2/CHAPT4/CHAPT4_WS/build/demo_python_service', 'catkin_cmake_args': None, 'catkin_skip_building_tests': False, 'cmake_args': None, 'cmake_clean_cache': False, 'cmake_clean_first': False, 'cmake_force_configure': False, 'cmake_target': None, 'cmake_target_skip_unavailable': False, 'install_base': '/home/ros2/CHAPT4/CHAPT4_WS/install/demo_python_service', 'merge_install': False, 'path': '/home/ros2/CHAPT4/CHAPT4_WS/src/demo_python_service', 'symlink_install': False, 'test_result_base': None}
[2.266s] INFO:colcon.colcon_core.executor:Executing jobs using 'parallel' executor
[2.268s] DEBUG:colcon.colcon_parallel_executor.executor.parallel:run_until_complete
[2.268s] INFO:colcon.colcon_ros.task.ament_cmake.build:Building ROS package in '/home/ros2/CHAPT4/CHAPT4_WS/src/chapt4_interfaces' with build type 'ament_cmake'
[2.269s] INFO:colcon.colcon_cmake.task.cmake.build:Building CMake package in '/home/ros2/CHAPT4/CHAPT4_WS/src/chapt4_interfaces'
[2.272s] INFO:colcon.colcon_core.plugin_system:Skipping extension 'colcon_core.shell.bat': Not used on non-Windows systems
[2.273s] INFO:colcon.colcon_core.shell:Skip shell extension 'powershell' for command environment: Not usable outside of PowerShell
[2.273s] DEBUG:colcon.colcon_core.shell:Skip shell extension 'dsv' for command environment
[2.302s] DEBUG:colcon.colcon_core.event_handler.log_command:Invoking command in '/home/ros2/CHAPT4/CHAPT4_WS/build/chapt4_interfaces': CMAKE_PREFIX_PATH=${CMAKE_PREFIX_PATH}:/home/ros2/CHAPT4/CHAPT4_WS/install/demo_python_service:/opt/ros/foxy /usr/bin/cmake --build /home/ros2/CHAPT4/CHAPT4_WS/build/chapt4_interfaces -- -j2 -l2
[3.288s] DEBUG:colcon.colcon_core.event_handler.log_command:Invoked command in '/home/ros2/CHAPT4/CHAPT4_WS/build/chapt4_interfaces' returned '0': CMAKE_PREFIX_PATH=${CMAKE_PREFIX_PATH}:/home/ros2/CHAPT4/CHAPT4_WS/install/demo_python_service:/opt/ros/foxy /usr/bin/cmake --build /home/ros2/CHAPT4/CHAPT4_WS/build/chapt4_interfaces -- -j2 -l2
[3.378s] DEBUG:colcon.colcon_core.event_handler.log_command:Invoking command in '/home/ros2/CHAPT4/CHAPT4_WS/build/chapt4_interfaces': CMAKE_PREFIX_PATH=${CMAKE_PREFIX_PATH}:/home/ros2/CHAPT4/CHAPT4_WS/install/demo_python_service:/opt/ros/foxy /usr/bin/cmake --install /home/ros2/CHAPT4/CHAPT4_WS/build/chapt4_interfaces
[3.645s] Level 1:colcon.colcon_core.environment:create_environment_scripts_only(chapt4_interfaces)
[3.652s] DEBUG:colcon.colcon_core.event_handler.log_command:Invoked command in '/home/ros2/CHAPT4/CHAPT4_WS/build/chapt4_interfaces' returned '0': CMAKE_PREFIX_PATH=${CMAKE_PREFIX_PATH}:/home/ros2/CHAPT4/CHAPT4_WS/install/demo_python_service:/opt/ros/foxy /usr/bin/cmake --install /home/ros2/CHAPT4/CHAPT4_WS/build/chapt4_interfaces
[3.659s] Level 1:colcon.colcon_core.environment:checking '/home/ros2/CHAPT4/CHAPT4_WS/install/chapt4_interfaces' for CMake module files
[3.659s] Level 1:colcon.colcon_core.environment:checking '/home/ros2/CHAPT4/CHAPT4_WS/install/chapt4_interfaces' for CMake config files
[3.660s] Level 1:colcon.colcon_core.shell:create_environment_hook('chapt4_interfaces', 'cmake_prefix_path')
[3.661s] INFO:colcon.colcon_core.shell:Creating environment hook '/home/ros2/CHAPT4/CHAPT4_WS/install/chapt4_interfaces/share/chapt4_interfaces/hook/cmake_prefix_path.ps1'
[3.693s] INFO:colcon.colcon_core.shell:Creating environment descriptor '/home/ros2/CHAPT4/CHAPT4_WS/install/chapt4_interfaces/share/chapt4_interfaces/hook/cmake_prefix_path.dsv'
[3.695s] INFO:colcon.colcon_core.shell:Creating environment hook '/home/ros2/CHAPT4/CHAPT4_WS/install/chapt4_interfaces/share/chapt4_interfaces/hook/cmake_prefix_path.sh'
[3.699s] Level 1:colcon.colcon_core.environment:checking '/home/ros2/CHAPT4/CHAPT4_WS/install/chapt4_interfaces/lib'
[3.700s] Level 1:colcon.colcon_core.shell:create_environment_hook('chapt4_interfaces', 'ld_library_path_lib')
[3.701s] INFO:colcon.colcon_core.shell:Creating environment hook '/home/ros2/CHAPT4/CHAPT4_WS/install/chapt4_interfaces/share/chapt4_interfaces/hook/ld_library_path_lib.ps1'
[3.701s] INFO:colcon.colcon_core.shell:Creating environment descriptor '/home/ros2/CHAPT4/CHAPT4_WS/install/chapt4_interfaces/share/chapt4_interfaces/hook/ld_library_path_lib.dsv'
[3.702s] INFO:colcon.colcon_core.shell:Creating environment hook '/home/ros2/CHAPT4/CHAPT4_WS/install/chapt4_interfaces/share/chapt4_interfaces/hook/ld_library_path_lib.sh'
[3.703s] Level 1:colcon.colcon_core.environment:checking '/home/ros2/CHAPT4/CHAPT4_WS/install/chapt4_interfaces/bin'
[3.703s] Level 1:colcon.colcon_core.environment:checking '/home/ros2/CHAPT4/CHAPT4_WS/install/chapt4_interfaces/lib/pkgconfig/chapt4_interfaces.pc'
[3.703s] Level 1:colcon.colcon_core.environment:checking '/home/ros2/CHAPT4/CHAPT4_WS/install/chapt4_interfaces/lib/python3.8/site-packages'
[3.703s] Level 1:colcon.colcon_core.shell:create_environment_hook('chapt4_interfaces', 'pythonpath')
[3.703s] INFO:colcon.colcon_core.shell:Creating environment hook '/home/ros2/CHAPT4/CHAPT4_WS/install/chapt4_interfaces/share/chapt4_interfaces/hook/pythonpath.ps1'
[3.704s] INFO:colcon.colcon_core.shell:Creating environment descriptor '/home/ros2/CHAPT4/CHAPT4_WS/install/chapt4_interfaces/share/chapt4_interfaces/hook/pythonpath.dsv'
[3.704s] INFO:colcon.colcon_core.shell:Creating environment hook '/home/ros2/CHAPT4/CHAPT4_WS/install/chapt4_interfaces/share/chapt4_interfaces/hook/pythonpath.sh'
[3.705s] Level 1:colcon.colcon_core.environment:checking '/home/ros2/CHAPT4/CHAPT4_WS/install/chapt4_interfaces/bin'
[3.706s] INFO:colcon.colcon_core.shell:Creating package script '/home/ros2/CHAPT4/CHAPT4_WS/install/chapt4_interfaces/share/chapt4_interfaces/package.ps1'
[3.725s] INFO:colcon.colcon_core.shell:Creating package descriptor '/home/ros2/CHAPT4/CHAPT4_WS/install/chapt4_interfaces/share/chapt4_interfaces/package.dsv'
[3.733s] INFO:colcon.colcon_core.shell:Creating package script '/home/ros2/CHAPT4/CHAPT4_WS/install/chapt4_interfaces/share/chapt4_interfaces/package.sh'
[3.735s] INFO:colcon.colcon_core.shell:Creating package script '/home/ros2/CHAPT4/CHAPT4_WS/install/chapt4_interfaces/share/chapt4_interfaces/package.bash'
[3.737s] INFO:colcon.colcon_core.shell:Creating package script '/home/ros2/CHAPT4/CHAPT4_WS/install/chapt4_interfaces/share/chapt4_interfaces/package.zsh'
[3.738s] Level 1:colcon.colcon_core.environment:create_file_with_runtime_dependencies(/home/ros2/CHAPT4/CHAPT4_WS/install/chapt4_interfaces/share/colcon-core/packages/chapt4_interfaces)
[3.832s] Level 1:colcon.colcon_core.environment:create_environment_scripts_only(chapt4_interfaces)
[3.833s] Level 1:colcon.colcon_core.environment:checking '/home/ros2/CHAPT4/CHAPT4_WS/install/chapt4_interfaces' for CMake module files
[3.833s] Level 1:colcon.colcon_core.environment:checking '/home/ros2/CHAPT4/CHAPT4_WS/install/chapt4_interfaces' for CMake config files
[3.834s] Level 1:colcon.colcon_core.shell:create_environment_hook('chapt4_interfaces', 'cmake_prefix_path')
[3.834s] INFO:colcon.colcon_core.shell:Creating environment hook '/home/ros2/CHAPT4/CHAPT4_WS/install/chapt4_interfaces/share/chapt4_interfaces/hook/cmake_prefix_path.ps1'
[3.834s] INFO:colcon.colcon_core.shell:Creating environment descriptor '/home/ros2/CHAPT4/CHAPT4_WS/install/chapt4_interfaces/share/chapt4_interfaces/hook/cmake_prefix_path.dsv'
[3.835s] INFO:colcon.colcon_core.shell:Creating environment hook '/home/ros2/CHAPT4/CHAPT4_WS/install/chapt4_interfaces/share/chapt4_interfaces/hook/cmake_prefix_path.sh'
[3.836s] Level 1:colcon.colcon_core.environment:checking '/home/ros2/CHAPT4/CHAPT4_WS/install/chapt4_interfaces/lib'
[3.836s] Level 1:colcon.colcon_core.shell:create_environment_hook('chapt4_interfaces', 'ld_library_path_lib')
[3.836s] INFO:colcon.colcon_core.shell:Creating environment hook '/home/ros2/CHAPT4/CHAPT4_WS/install/chapt4_interfaces/share/chapt4_interfaces/hook/ld_library_path_lib.ps1'
[3.836s] INFO:colcon.colcon_core.shell:Creating environment descriptor '/home/ros2/CHAPT4/CHAPT4_WS/install/chapt4_interfaces/share/chapt4_interfaces/hook/ld_library_path_lib.dsv'
[3.837s] INFO:colcon.colcon_core.shell:Creating environment hook '/home/ros2/CHAPT4/CHAPT4_WS/install/chapt4_interfaces/share/chapt4_interfaces/hook/ld_library_path_lib.sh'
[3.837s] Level 1:colcon.colcon_core.environment:checking '/home/ros2/CHAPT4/CHAPT4_WS/install/chapt4_interfaces/bin'
[3.837s] Level 1:colcon.colcon_core.environment:checking '/home/ros2/CHAPT4/CHAPT4_WS/install/chapt4_interfaces/lib/pkgconfig/chapt4_interfaces.pc'
[3.837s] Level 1:colcon.colcon_core.environment:checking '/home/ros2/CHAPT4/CHAPT4_WS/install/chapt4_interfaces/lib/python3.8/site-packages'
[3.838s] Level 1:colcon.colcon_core.shell:create_environment_hook('chapt4_interfaces', 'pythonpath')
[3.838s] INFO:colcon.colcon_core.shell:Creating environment hook '/home/ros2/CHAPT4/CHAPT4_WS/install/chapt4_interfaces/share/chapt4_interfaces/hook/pythonpath.ps1'
[3.838s] INFO:colcon.colcon_core.shell:Creating environment descriptor '/home/ros2/CHAPT4/CHAPT4_WS/install/chapt4_interfaces/share/chapt4_interfaces/hook/pythonpath.dsv'
[3.839s] INFO:colcon.colcon_core.shell:Creating environment hook '/home/ros2/CHAPT4/CHAPT4_WS/install/chapt4_interfaces/share/chapt4_interfaces/hook/pythonpath.sh'
[3.839s] Level 1:colcon.colcon_core.environment:checking '/home/ros2/CHAPT4/CHAPT4_WS/install/chapt4_interfaces/bin'
[3.839s] INFO:colcon.colcon_core.shell:Creating package script '/home/ros2/CHAPT4/CHAPT4_WS/install/chapt4_interfaces/share/chapt4_interfaces/package.ps1'
[3.840s] INFO:colcon.colcon_core.shell:Creating package descriptor '/home/ros2/CHAPT4/CHAPT4_WS/install/chapt4_interfaces/share/chapt4_interfaces/package.dsv'
[3.841s] INFO:colcon.colcon_core.shell:Creating package script '/home/ros2/CHAPT4/CHAPT4_WS/install/chapt4_interfaces/share/chapt4_interfaces/package.sh'
[3.841s] INFO:colcon.colcon_core.shell:Creating package script '/home/ros2/CHAPT4/CHAPT4_WS/install/chapt4_interfaces/share/chapt4_interfaces/package.bash'
[3.842s] INFO:colcon.colcon_core.shell:Creating package script '/home/ros2/CHAPT4/CHAPT4_WS/install/chapt4_interfaces/share/chapt4_interfaces/package.zsh'
[3.843s] Level 1:colcon.colcon_core.environment:create_file_with_runtime_dependencies(/home/ros2/CHAPT4/CHAPT4_WS/install/chapt4_interfaces/share/colcon-core/packages/chapt4_interfaces)
[3.844s] INFO:colcon.colcon_ros.task.ament_cmake.build:Building ROS package in '/home/ros2/CHAPT4/CHAPT4_WS/src/demo_cpp_service' with build type 'ament_cmake'
[3.844s] INFO:colcon.colcon_cmake.task.cmake.build:Building CMake package in '/home/ros2/CHAPT4/CHAPT4_WS/src/demo_cpp_service'
[3.845s] INFO:colcon.colcon_core.shell:Skip shell extension 'powershell' for command environment: Not usable outside of PowerShell
[3.846s] DEBUG:colcon.colcon_core.shell:Skip shell extension 'dsv' for command environment
[3.861s] INFO:colcon.colcon_ros.task.ament_python.build:Building ROS package in '/home/ros2/CHAPT4/CHAPT4_WS/src/demo_python_service' with build type 'ament_python'
[3.861s] Level 1:colcon.colcon_core.shell:create_environment_hook('demo_python_service', 'ament_prefix_path')
[3.862s] INFO:colcon.colcon_core.shell:Creating environment hook '/home/ros2/CHAPT4/CHAPT4_WS/install/demo_python_service/share/demo_python_service/hook/ament_prefix_path.ps1'
[3.863s] INFO:colcon.colcon_core.shell:Creating environment descriptor '/home/ros2/CHAPT4/CHAPT4_WS/install/demo_python_service/share/demo_python_service/hook/ament_prefix_path.dsv'
[3.864s] INFO:colcon.colcon_core.shell:Creating environment hook '/home/ros2/CHAPT4/CHAPT4_WS/install/demo_python_service/share/demo_python_service/hook/ament_prefix_path.sh'
[3.866s] INFO:colcon.colcon_core.shell:Skip shell extension 'powershell' for command environment: Not usable outside of PowerShell
[3.869s] DEBUG:colcon.colcon_core.shell:Skip shell extension 'dsv' for command environment
[3.923s] DEBUG:colcon.colcon_core.event_handler.log_command:Invoking command in '/home/ros2/CHAPT4/CHAPT4_WS/build/demo_cpp_service': CMAKE_PREFIX_PATH=/home/ros2/CHAPT4/CHAPT4_WS/install/chapt4_interfaces:/home/ros2/CHAPT4/CHAPT4_WS/install/demo_cpp_service:/home/ros2/CHAPT4/CHAPT4_WS/install/demo_python_service:/opt/ros/foxy PYTHONPATH=/home/ros2/CHAPT4/CHAPT4_WS/install/chapt4_interfaces/lib/python3.8/site-packages:/home/ros2/CHAPT4/CHAPT4_WS/install/demo_python_service/lib/python3.8/site-packages:/opt/ros/foxy/lib/python3.8/site-packages /usr/bin/cmake --build /home/ros2/CHAPT4/CHAPT4_WS/build/demo_cpp_service -- -j2 -l2
[4.322s] INFO:colcon.colcon_core.task.python.build:Building Python package in '/home/ros2/CHAPT4/CHAPT4_WS/src/demo_python_service'
[4.322s] INFO:colcon.colcon_core.shell:Skip shell extension 'powershell' for command environment: Not usable outside of PowerShell
[4.322s] DEBUG:colcon.colcon_core.shell:Skip shell extension 'dsv' for command environment
[4.343s] DEBUG:colcon.colcon_core.event_handler.log_command:Invoked command in '/home/ros2/CHAPT4/CHAPT4_WS/build/demo_cpp_service' returned '0': CMAKE_PREFIX_PATH=/home/ros2/CHAPT4/CHAPT4_WS/install/chapt4_interfaces:/home/ros2/CHAPT4/CHAPT4_WS/install/demo_cpp_service:/home/ros2/CHAPT4/CHAPT4_WS/install/demo_python_service:/opt/ros/foxy PYTHONPATH=/home/ros2/CHAPT4/CHAPT4_WS/install/chapt4_interfaces/lib/python3.8/site-packages:/home/ros2/CHAPT4/CHAPT4_WS/install/demo_python_service/lib/python3.8/site-packages:/opt/ros/foxy/lib/python3.8/site-packages /usr/bin/cmake --build /home/ros2/CHAPT4/CHAPT4_WS/build/demo_cpp_service -- -j2 -l2
[4.559s] DEBUG:colcon.colcon_core.event_handler.log_command:Invoking command in '/home/ros2/CHAPT4/CHAPT4_WS/build/demo_cpp_service': CMAKE_PREFIX_PATH=/home/ros2/CHAPT4/CHAPT4_WS/install/chapt4_interfaces:/home/ros2/CHAPT4/CHAPT4_WS/install/demo_cpp_service:/home/ros2/CHAPT4/CHAPT4_WS/install/demo_python_service:/opt/ros/foxy PYTHONPATH=/home/ros2/CHAPT4/CHAPT4_WS/install/chapt4_interfaces/lib/python3.8/site-packages:/home/ros2/CHAPT4/CHAPT4_WS/install/demo_python_service/lib/python3.8/site-packages:/opt/ros/foxy/lib/python3.8/site-packages /usr/bin/cmake --install /home/ros2/CHAPT4/CHAPT4_WS/build/demo_cpp_service
[4.600s] Level 1:colcon.colcon_core.environment:create_environment_scripts_only(demo_cpp_service)
[4.601s] Level 1:colcon.colcon_core.environment:checking '/home/ros2/CHAPT4/CHAPT4_WS/install/demo_cpp_service' for CMake module files
[4.601s] Level 1:colcon.colcon_core.environment:checking '/home/ros2/CHAPT4/CHAPT4_WS/install/demo_cpp_service' for CMake config files
[4.601s] Level 1:colcon.colcon_core.shell:create_environment_hook('demo_cpp_service', 'cmake_prefix_path')
[4.602s] INFO:colcon.colcon_core.shell:Creating environment hook '/home/ros2/CHAPT4/CHAPT4_WS/install/demo_cpp_service/share/demo_cpp_service/hook/cmake_prefix_path.ps1'
[4.602s] INFO:colcon.colcon_core.shell:Creating environment descriptor '/home/ros2/CHAPT4/CHAPT4_WS/install/demo_cpp_service/share/demo_cpp_service/hook/cmake_prefix_path.dsv'
[4.603s] DEBUG:colcon.colcon_core.event_handler.log_command:Invoked command in '/home/ros2/CHAPT4/CHAPT4_WS/build/demo_cpp_service' returned '0': CMAKE_PREFIX_PATH=/home/ros2/CHAPT4/CHAPT4_WS/install/chapt4_interfaces:/home/ros2/CHAPT4/CHAPT4_WS/install/demo_cpp_service:/home/ros2/CHAPT4/CHAPT4_WS/install/demo_python_service:/opt/ros/foxy PYTHONPATH=/home/ros2/CHAPT4/CHAPT4_WS/install/chapt4_interfaces/lib/python3.8/site-packages:/home/ros2/CHAPT4/CHAPT4_WS/install/demo_python_service/lib/python3.8/site-packages:/opt/ros/foxy/lib/python3.8/site-packages /usr/bin/cmake --install /home/ros2/CHAPT4/CHAPT4_WS/build/demo_cpp_service
[4.603s] INFO:colcon.colcon_core.shell:Creating environment hook '/home/ros2/CHAPT4/CHAPT4_WS/install/demo_cpp_service/share/demo_cpp_service/hook/cmake_prefix_path.sh'
[4.604s] Level 1:colcon.colcon_core.environment:checking '/home/ros2/CHAPT4/CHAPT4_WS/install/demo_cpp_service/lib'
[4.604s] Level 1:colcon.colcon_core.environment:checking '/home/ros2/CHAPT4/CHAPT4_WS/install/demo_cpp_service/bin'
[4.604s] Level 1:colcon.colcon_core.environment:checking '/home/ros2/CHAPT4/CHAPT4_WS/install/demo_cpp_service/lib/pkgconfig/demo_cpp_service.pc'
[4.604s] Level 1:colcon.colcon_core.environment:checking '/home/ros2/CHAPT4/CHAPT4_WS/install/demo_cpp_service/lib/python3.8/site-packages'
[4.604s] Level 1:colcon.colcon_core.environment:checking '/home/ros2/CHAPT4/CHAPT4_WS/install/demo_cpp_service/bin'
[4.604s] INFO:colcon.colcon_core.shell:Creating package script '/home/ros2/CHAPT4/CHAPT4_WS/install/demo_cpp_service/share/demo_cpp_service/package.ps1'
[4.605s] INFO:colcon.colcon_core.shell:Creating package descriptor '/home/ros2/CHAPT4/CHAPT4_WS/install/demo_cpp_service/share/demo_cpp_service/package.dsv'
[4.605s] INFO:colcon.colcon_core.shell:Creating package script '/home/ros2/CHAPT4/CHAPT4_WS/install/demo_cpp_service/share/demo_cpp_service/package.sh'
[4.606s] INFO:colcon.colcon_core.shell:Creating package script '/home/ros2/CHAPT4/CHAPT4_WS/install/demo_cpp_service/share/demo_cpp_service/package.bash'
[4.614s] INFO:colcon.colcon_core.shell:Creating package script '/home/ros2/CHAPT4/CHAPT4_WS/install/demo_cpp_service/share/demo_cpp_service/package.zsh'
[4.616s] Level 1:colcon.colcon_core.environment:create_file_with_runtime_dependencies(/home/ros2/CHAPT4/CHAPT4_WS/install/demo_cpp_service/share/colcon-core/packages/demo_cpp_service)
[4.736s] Level 1:colcon.colcon_core.environment:create_environment_scripts_only(demo_cpp_service)
[4.737s] Level 1:colcon.colcon_core.environment:checking '/home/ros2/CHAPT4/CHAPT4_WS/install/demo_cpp_service' for CMake module files
[4.754s] Level 1:colcon.colcon_core.environment:checking '/home/ros2/CHAPT4/CHAPT4_WS/install/demo_cpp_service' for CMake config files
[4.754s] Level 1:colcon.colcon_core.shell:create_environment_hook('demo_cpp_service', 'cmake_prefix_path')
[4.754s] INFO:colcon.colcon_core.shell:Creating environment hook '/home/ros2/CHAPT4/CHAPT4_WS/install/demo_cpp_service/share/demo_cpp_service/hook/cmake_prefix_path.ps1'
[4.755s] INFO:colcon.colcon_core.shell:Creating environment descriptor '/home/ros2/CHAPT4/CHAPT4_WS/install/demo_cpp_service/share/demo_cpp_service/hook/cmake_prefix_path.dsv'
[4.755s] INFO:colcon.colcon_core.shell:Creating environment hook '/home/ros2/CHAPT4/CHAPT4_WS/install/demo_cpp_service/share/demo_cpp_service/hook/cmake_prefix_path.sh'
[4.756s] Level 1:colcon.colcon_core.environment:checking '/home/ros2/CHAPT4/CHAPT4_WS/install/demo_cpp_service/lib'
[4.756s] Level 1:colcon.colcon_core.environment:checking '/home/ros2/CHAPT4/CHAPT4_WS/install/demo_cpp_service/bin'
[4.756s] Level 1:colcon.colcon_core.environment:checking '/home/ros2/CHAPT4/CHAPT4_WS/install/demo_cpp_service/lib/pkgconfig/demo_cpp_service.pc'
[4.756s] Level 1:colcon.colcon_core.environment:checking '/home/ros2/CHAPT4/CHAPT4_WS/install/demo_cpp_service/lib/python3.8/site-packages'
[4.757s] Level 1:colcon.colcon_core.environment:checking '/home/ros2/CHAPT4/CHAPT4_WS/install/demo_cpp_service/bin'
[4.757s] INFO:colcon.colcon_core.shell:Creating package script '/home/ros2/CHAPT4/CHAPT4_WS/install/demo_cpp_service/share/demo_cpp_service/package.ps1'
[4.757s] INFO:colcon.colcon_core.shell:Creating package descriptor '/home/ros2/CHAPT4/CHAPT4_WS/install/demo_cpp_service/share/demo_cpp_service/package.dsv'
[4.758s] INFO:colcon.colcon_core.shell:Creating package script '/home/ros2/CHAPT4/CHAPT4_WS/install/demo_cpp_service/share/demo_cpp_service/package.sh'
[4.759s] INFO:colcon.colcon_core.shell:Creating package script '/home/ros2/CHAPT4/CHAPT4_WS/install/demo_cpp_service/share/demo_cpp_service/package.bash'
[4.759s] INFO:colcon.colcon_core.shell:Creating package script '/home/ros2/CHAPT4/CHAPT4_WS/install/demo_cpp_service/share/demo_cpp_service/package.zsh'
[4.766s] Level 1:colcon.colcon_core.environment:create_file_with_runtime_dependencies(/home/ros2/CHAPT4/CHAPT4_WS/install/demo_cpp_service/share/colcon-core/packages/demo_cpp_service)
[5.281s] DEBUG:colcon.colcon_core.event_handler.log_command:Invoking command in '/home/ros2/CHAPT4/CHAPT4_WS/src/demo_python_service': CMAKE_PREFIX_PATH=/home/ros2/CHAPT4/CHAPT4_WS/install/chapt4_interfaces:/home/ros2/CHAPT4/CHAPT4_WS/install/demo_cpp_service PYTHONPATH=/home/ros2/CHAPT4/CHAPT4_WS/build/demo_python_service/prefix_override:/usr/lib/python3/dist-packages/colcon_core/task/python/colcon_distutils_commands:/home/ros2/CHAPT4/CHAPT4_WS/install/demo_python_service/lib/python3.8/site-packages:/home/ros2/CHAPT4/CHAPT4_WS/install/chapt4_interfaces/lib/python3.8/site-packages:/home/ros2/CHAPT4/CHAPT4_WS/install/demo_python_service/lib/python3.8/site-packages:/opt/ros/foxy/lib/python3.8/site-packages /usr/bin/python3 -W ignore:setup.py install is deprecated setup.py egg_info --egg-base ../../build/demo_python_service build --build-base /home/ros2/CHAPT4/CHAPT4_WS/build/demo_python_service/build install --record /home/ros2/CHAPT4/CHAPT4_WS/build/demo_python_service/install.log --install-scripts $base/lib/demo_python_service --single-version-externally-managed install_data
[5.803s] Level 1:colcon.colcon_core.environment:checking '/home/ros2/CHAPT4/CHAPT4_WS/install/demo_python_service' for CMake module files
[5.804s] Level 1:colcon.colcon_core.environment:checking '/home/ros2/CHAPT4/CHAPT4_WS/install/demo_python_service' for CMake config files
[5.805s] DEBUG:colcon.colcon_core.event_handler.log_command:Invoked command in '/home/ros2/CHAPT4/CHAPT4_WS/src/demo_python_service' returned '0': CMAKE_PREFIX_PATH=/home/ros2/CHAPT4/CHAPT4_WS/install/chapt4_interfaces:/home/ros2/CHAPT4/CHAPT4_WS/install/demo_cpp_service PYTHONPATH=/home/ros2/CHAPT4/CHAPT4_WS/build/demo_python_service/prefix_override:/usr/lib/python3/dist-packages/colcon_core/task/python/colcon_distutils_commands:/home/ros2/CHAPT4/CHAPT4_WS/install/demo_python_service/lib/python3.8/site-packages:/home/ros2/CHAPT4/CHAPT4_WS/install/chapt4_interfaces/lib/python3.8/site-packages:/home/ros2/CHAPT4/CHAPT4_WS/install/demo_python_service/lib/python3.8/site-packages:/opt/ros/foxy/lib/python3.8/site-packages /usr/bin/python3 -W ignore:setup.py install is deprecated setup.py egg_info --egg-base ../../build/demo_python_service build --build-base /home/ros2/CHAPT4/CHAPT4_WS/build/demo_python_service/build install --record /home/ros2/CHAPT4/CHAPT4_WS/build/demo_python_service/install.log --install-scripts $base/lib/demo_python_service --single-version-externally-managed install_data
[5.806s] Level 1:colcon.colcon_core.environment:checking '/home/ros2/CHAPT4/CHAPT4_WS/install/demo_python_service/lib'
[5.806s] Level 1:colcon.colcon_core.environment:checking '/home/ros2/CHAPT4/CHAPT4_WS/install/demo_python_service/bin'
[5.806s] Level 1:colcon.colcon_core.environment:checking '/home/ros2/CHAPT4/CHAPT4_WS/install/demo_python_service/lib/pkgconfig/demo_python_service.pc'
[5.806s] Level 1:colcon.colcon_core.environment:checking '/home/ros2/CHAPT4/CHAPT4_WS/install/demo_python_service/lib/python3.8/site-packages'
[5.806s] Level 1:colcon.colcon_core.shell:create_environment_hook('demo_python_service', 'pythonpath')
[5.807s] INFO:colcon.colcon_core.shell:Creating environment hook '/home/ros2/CHAPT4/CHAPT4_WS/install/demo_python_service/share/demo_python_service/hook/pythonpath.ps1'
[5.807s] INFO:colcon.colcon_core.shell:Creating environment descriptor '/home/ros2/CHAPT4/CHAPT4_WS/install/demo_python_service/share/demo_python_service/hook/pythonpath.dsv'
[5.808s] INFO:colcon.colcon_core.shell:Creating environment hook '/home/ros2/CHAPT4/CHAPT4_WS/install/demo_python_service/share/demo_python_service/hook/pythonpath.sh'
[5.809s] Level 1:colcon.colcon_core.environment:checking '/home/ros2/CHAPT4/CHAPT4_WS/install/demo_python_service/bin'
[5.810s] Level 1:colcon.colcon_core.environment:create_environment_scripts_only(demo_python_service)
[5.811s] INFO:colcon.colcon_core.shell:Creating package script '/home/ros2/CHAPT4/CHAPT4_WS/install/demo_python_service/share/demo_python_service/package.ps1'
[5.813s] INFO:colcon.colcon_core.shell:Creating package descriptor '/home/ros2/CHAPT4/CHAPT4_WS/install/demo_python_service/share/demo_python_service/package.dsv'
[5.815s] INFO:colcon.colcon_core.shell:Creating package script '/home/ros2/CHAPT4/CHAPT4_WS/install/demo_python_service/share/demo_python_service/package.sh'
[5.817s] INFO:colcon.colcon_core.shell:Creating package script '/home/ros2/CHAPT4/CHAPT4_WS/install/demo_python_service/share/demo_python_service/package.bash'
[5.818s] INFO:colcon.colcon_core.shell:Creating package script '/home/ros2/CHAPT4/CHAPT4_WS/install/demo_python_service/share/demo_python_service/package.zsh'
[5.822s] Level 1:colcon.colcon_core.environment:create_file_with_runtime_dependencies(/home/ros2/CHAPT4/CHAPT4_WS/install/demo_python_service/share/colcon-core/packages/demo_python_service)
[5.823s] DEBUG:colcon.colcon_parallel_executor.executor.parallel:closing loop
[5.823s] DEBUG:colcon.colcon_parallel_executor.executor.parallel:loop closed
[5.823s] DEBUG:colcon.colcon_parallel_executor.executor.parallel:run_until_complete finished with '0'
[5.824s] DEBUG:colcon.colcon_core.event_reactor:joining thread
[5.835s] INFO:colcon.colcon_core.plugin_system:Skipping extension 'colcon_notification.desktop_notification.terminal_notifier': Not used on non-Darwin systems
[5.835s] INFO:colcon.colcon_core.plugin_system:Skipping extension 'colcon_notification.desktop_notification.win32': Not used on non-Windows systems
[5.835s] INFO:colcon.colcon_notification.desktop_notification:Sending desktop notification using 'notify2'
[5.881s] DEBUG:colcon.colcon_core.event_reactor:joined thread
[5.882s] INFO:colcon.colcon_core.shell:Creating prefix script '/home/ros2/CHAPT4/CHAPT4_WS/install/local_setup.ps1'
[5.883s] INFO:colcon.colcon_core.shell:Creating prefix util module '/home/ros2/CHAPT4/CHAPT4_WS/install/_local_setup_util_ps1.py'
[5.885s] INFO:colcon.colcon_core.shell:Creating prefix chain script '/home/ros2/CHAPT4/CHAPT4_WS/install/setup.ps1'
[5.887s] INFO:colcon.colcon_core.shell:Creating prefix script '/home/ros2/CHAPT4/CHAPT4_WS/install/local_setup.sh'
[5.888s] INFO:colcon.colcon_core.shell:Creating prefix util module '/home/ros2/CHAPT4/CHAPT4_WS/install/_local_setup_util_sh.py'
[5.889s] INFO:colcon.colcon_core.shell:Creating prefix chain script '/home/ros2/CHAPT4/CHAPT4_WS/install/setup.sh'
[5.891s] INFO:colcon.colcon_core.shell:Creating prefix script '/home/ros2/CHAPT4/CHAPT4_WS/install/local_setup.bash'
[5.896s] INFO:colcon.colcon_core.shell:Creating prefix chain script '/home/ros2/CHAPT4/CHAPT4_WS/install/setup.bash'
[5.901s] INFO:colcon.colcon_core.shell:Creating prefix script '/home/ros2/CHAPT4/CHAPT4_WS/install/local_setup.zsh'
[5.902s] INFO:colcon.colcon_core.shell:Creating prefix chain script '/home/ros2/CHAPT4/CHAPT4_WS/install/setup.zsh'
