[1.790s] Invoking command in '/home/ros2/CHAPT2/chapt2_ws/src/demo_python_pkg': AMENT_PREFIX_PATH=/home/ros2/CHAPT2/chapt2_ws/install/demo_cpp_pkg:${AMENT_PREFIX_PATH} CMAKE_PREFIX_PATH=/home/ros2/CHAPT2/chapt2_ws/install/demo_cpp_pkg PYTHONPATH=/home/ros2/CHAPT2/chapt2_ws/build/demo_python_pkg/prefix_override:/usr/lib/python3/dist-packages/colcon_core/task/python/colcon_distutils_commands:/home/ros2/CHAPT2/chapt2_ws/install/demo_python_pkg/lib/python3.8/site-packages:${PYTHONPATH} /usr/bin/python3 -W ignore:setup.py install is deprecated setup.py egg_info --egg-base ../../build/demo_python_pkg build --build-base /home/ros2/CHAPT2/chapt2_ws/build/demo_python_pkg/build install --record /home/ros2/CHAPT2/chapt2_ws/build/demo_python_pkg/install.log --install-scripts $base/lib/demo_python_pkg --single-version-externally-managed install_data
[2.000s] running egg_info
[2.000s] writing ../../build/demo_python_pkg/demo_python_pkg.egg-info/PKG-INFO
[2.001s] writing dependency_links to ../../build/demo_python_pkg/demo_python_pkg.egg-info/dependency_links.txt
[2.001s] writing entry points to ../../build/demo_python_pkg/demo_python_pkg.egg-info/entry_points.txt
[2.002s] writing requirements to ../../build/demo_python_pkg/demo_python_pkg.egg-info/requires.txt
[2.003s] writing top-level names to ../../build/demo_python_pkg/demo_python_pkg.egg-info/top_level.txt
[2.098s] reading manifest file '../../build/demo_python_pkg/demo_python_pkg.egg-info/SOURCES.txt'
[2.099s] writing manifest file '../../build/demo_python_pkg/demo_python_pkg.egg-info/SOURCES.txt'
[2.100s] running build
[2.100s] running build_py
[2.100s] running install
[2.101s] running install_lib
[2.102s] running install_data
[2.102s] running install_egg_info
[2.105s] removing '/home/ros2/CHAPT2/chapt2_ws/install/demo_python_pkg/lib/python3.8/site-packages/demo_python_pkg-0.0.0-py3.8.egg-info' (and everything under it)
[2.105s] Copying ../../build/demo_python_pkg/demo_python_pkg.egg-info to /home/ros2/CHAPT2/chapt2_ws/install/demo_python_pkg/lib/python3.8/site-packages/demo_python_pkg-0.0.0-py3.8.egg-info
[2.111s] running install_scripts
[2.134s] Installing person_node script to /home/ros2/CHAPT2/chapt2_ws/install/demo_python_pkg/lib/demo_python_pkg
[2.134s] Installing python_node script to /home/ros2/CHAPT2/chapt2_ws/install/demo_python_pkg/lib/demo_python_pkg
[2.135s] writing list of installed files to '/home/ros2/CHAPT2/chapt2_ws/build/demo_python_pkg/install.log'
[2.174s] Invoked command in '/home/ros2/CHAPT2/chapt2_ws/src/demo_python_pkg' returned '0': AMENT_PREFIX_PATH=/home/ros2/CHAPT2/chapt2_ws/install/demo_cpp_pkg:${AMENT_PREFIX_PATH} CMAKE_PREFIX_PATH=/home/ros2/CHAPT2/chapt2_ws/install/demo_cpp_pkg PYTHONPATH=/home/ros2/CHAPT2/chapt2_ws/build/demo_python_pkg/prefix_override:/usr/lib/python3/dist-packages/colcon_core/task/python/colcon_distutils_commands:/home/ros2/CHAPT2/chapt2_ws/install/demo_python_pkg/lib/python3.8/site-packages:${PYTHONPATH} /usr/bin/python3 -W ignore:setup.py install is deprecated setup.py egg_info --egg-base ../../build/demo_python_pkg build --build-base /home/ros2/CHAPT2/chapt2_ws/build/demo_python_pkg/build install --record /home/ros2/CHAPT2/chapt2_ws/build/demo_python_pkg/install.log --install-scripts $base/lib/demo_python_pkg --single-version-externally-managed install_data
