[0.258s] DEBUG:colcon:Command line arguments: ['/usr/bin/colcon', 'build']
[0.258s] DEBUG:colcon:Parsed command line arguments: Namespace(allow_overriding=[], ament_cmake_args=None, base_paths=['.'], build_base='build', catkin_cmake_args=None, catkin_skip_building_tests=False, cmake_args=None, cmake_clean_cache=False, cmake_clean_first=False, cmake_force_configure=False, cmake_target=None, cmake_target_skip_unavailable=False, continue_on_error=False, event_handlers=None, executor='parallel', ignore_user_meta=False, install_base='install', log_base=None, log_level=None, main=<bound method BuildVerb.main of <colcon_core.verb.build.BuildVerb object at 0x7f8f19e14400>>, merge_install=False, metas=['./colcon.meta'], packages_above=None, packages_above_and_dependencies=None, packages_above_depth=None, packages_end=None, packages_ignore=None, packages_ignore_regex=None, packages_select=None, packages_select_build_failed=False, packages_select_by_dep=None, packages_select_regex=None, packages_select_test_failures=False, packages_skip=None, packages_skip_build_finished=False, packages_skip_by_dep=None, packages_skip_regex=None, packages_skip_test_passed=False, packages_skip_up_to=None, packages_start=None, packages_up_to=None, packages_up_to_regex=None, parallel_workers=2, paths=None, symlink_install=False, test_result_base=None, verb_extension=<colcon_core.verb.build.BuildVerb object at 0x7f8f19e14400>, verb_name='build', verb_parser=<colcon_defaults.argument_parser.defaults.DefaultArgumentsDecorator object at 0x7f8f19e23100>)
[0.408s] Level 1:colcon.colcon_core.package_discovery:discover_packages(colcon_meta) check parameters
[0.408s] Level 1:colcon.colcon_core.package_discovery:discover_packages(recursive) check parameters
[0.408s] Level 1:colcon.colcon_core.package_discovery:discover_packages(ignore) check parameters
[0.408s] Level 1:colcon.colcon_core.package_discovery:discover_packages(path) check parameters
[0.408s] Level 1:colcon.colcon_core.package_discovery:discover_packages(colcon_meta) discover
[0.408s] Level 1:colcon.colcon_core.package_discovery:discover_packages(recursive) discover
[0.409s] INFO:colcon.colcon_core.package_discovery:Crawling recursively for packages in '/home/ros2/CHAPT2/chapt2_ws'
[0.409s] Level 1:colcon.colcon_core.package_identification:_identify(.) by extensions ['ignore', 'ignore_ament_install']
[0.409s] Level 1:colcon.colcon_core.package_identification:_identify(.) by extension 'ignore'
[0.409s] Level 1:colcon.colcon_core.package_identification:_identify(.) by extension 'ignore_ament_install'
[0.409s] Level 1:colcon.colcon_core.package_identification:_identify(.) by extensions ['colcon_pkg']
[0.409s] Level 1:colcon.colcon_core.package_identification:_identify(.) by extension 'colcon_pkg'
[0.409s] Level 1:colcon.colcon_core.package_identification:_identify(.) by extensions ['colcon_meta']
[0.409s] Level 1:colcon.colcon_core.package_identification:_identify(.) by extension 'colcon_meta'
[0.409s] Level 1:colcon.colcon_core.package_identification:_identify(.) by extensions ['ros']
[0.409s] Level 1:colcon.colcon_core.package_identification:_identify(.) by extension 'ros'
[0.420s] Level 1:colcon.colcon_core.package_identification:_identify(.) by extensions ['cmake', 'python']
[0.421s] Level 1:colcon.colcon_core.package_identification:_identify(.) by extension 'cmake'
[0.421s] Level 1:colcon.colcon_core.package_identification:_identify(.) by extension 'python'
[0.421s] Level 1:colcon.colcon_core.package_identification:_identify(.) by extensions ['python_setup_py']
[0.421s] Level 1:colcon.colcon_core.package_identification:_identify(.) by extension 'python_setup_py'
[0.422s] Level 1:colcon.colcon_core.package_identification:_identify(build) by extensions ['ignore', 'ignore_ament_install']
[0.422s] Level 1:colcon.colcon_core.package_identification:_identify(build) by extension 'ignore'
[0.422s] Level 1:colcon.colcon_core.package_identification:_identify(build) ignored
[0.422s] Level 1:colcon.colcon_core.package_identification:_identify(install) by extensions ['ignore', 'ignore_ament_install']
[0.422s] Level 1:colcon.colcon_core.package_identification:_identify(install) by extension 'ignore'
[0.423s] Level 1:colcon.colcon_core.package_identification:_identify(install) ignored
[0.423s] Level 1:colcon.colcon_core.package_identification:_identify(log) by extensions ['ignore', 'ignore_ament_install']
[0.423s] Level 1:colcon.colcon_core.package_identification:_identify(log) by extension 'ignore'
[0.423s] Level 1:colcon.colcon_core.package_identification:_identify(log) ignored
[0.423s] Level 1:colcon.colcon_core.package_identification:_identify(src) by extensions ['ignore', 'ignore_ament_install']
[0.423s] Level 1:colcon.colcon_core.package_identification:_identify(src) by extension 'ignore'
[0.424s] Level 1:colcon.colcon_core.package_identification:_identify(src) by extension 'ignore_ament_install'
[0.424s] Level 1:colcon.colcon_core.package_identification:_identify(src) by extensions ['colcon_pkg']
[0.424s] Level 1:colcon.colcon_core.package_identification:_identify(src) by extension 'colcon_pkg'
[0.424s] Level 1:colcon.colcon_core.package_identification:_identify(src) by extensions ['colcon_meta']
[0.424s] Level 1:colcon.colcon_core.package_identification:_identify(src) by extension 'colcon_meta'
[0.424s] Level 1:colcon.colcon_core.package_identification:_identify(src) by extensions ['ros']
[0.424s] Level 1:colcon.colcon_core.package_identification:_identify(src) by extension 'ros'
[0.424s] Level 1:colcon.colcon_core.package_identification:_identify(src) by extensions ['cmake', 'python']
[0.424s] Level 1:colcon.colcon_core.package_identification:_identify(src) by extension 'cmake'
[0.425s] Level 1:colcon.colcon_core.package_identification:_identify(src) by extension 'python'
[0.426s] Level 1:colcon.colcon_core.package_identification:_identify(src) by extensions ['python_setup_py']
[0.427s] Level 1:colcon.colcon_core.package_identification:_identify(src) by extension 'python_setup_py'
[0.429s] Level 1:colcon.colcon_core.package_identification:_identify(src/demo_cpp_pkg) by extensions ['ignore', 'ignore_ament_install']
[0.429s] Level 1:colcon.colcon_core.package_identification:_identify(src/demo_cpp_pkg) by extension 'ignore'
[0.429s] Level 1:colcon.colcon_core.package_identification:_identify(src/demo_cpp_pkg) by extension 'ignore_ament_install'
[0.429s] Level 1:colcon.colcon_core.package_identification:_identify(src/demo_cpp_pkg) by extensions ['colcon_pkg']
[0.429s] Level 1:colcon.colcon_core.package_identification:_identify(src/demo_cpp_pkg) by extension 'colcon_pkg'
[0.429s] Level 1:colcon.colcon_core.package_identification:_identify(src/demo_cpp_pkg) by extensions ['colcon_meta']
[0.429s] Level 1:colcon.colcon_core.package_identification:_identify(src/demo_cpp_pkg) by extension 'colcon_meta'
[0.429s] Level 1:colcon.colcon_core.package_identification:_identify(src/demo_cpp_pkg) by extensions ['ros']
[0.429s] Level 1:colcon.colcon_core.package_identification:_identify(src/demo_cpp_pkg) by extension 'ros'
[0.434s] DEBUG:colcon.colcon_core.package_identification:Package 'src/demo_cpp_pkg' with type 'ros.ament_cmake' and name 'demo_cpp_pkg'
[0.434s] Level 1:colcon.colcon_core.package_identification:_identify(src/demo_python_pkg) by extensions ['ignore', 'ignore_ament_install']
[0.434s] Level 1:colcon.colcon_core.package_identification:_identify(src/demo_python_pkg) by extension 'ignore'
[0.434s] Level 1:colcon.colcon_core.package_identification:_identify(src/demo_python_pkg) by extension 'ignore_ament_install'
[0.434s] Level 1:colcon.colcon_core.package_identification:_identify(src/demo_python_pkg) by extensions ['colcon_pkg']
[0.435s] Level 1:colcon.colcon_core.package_identification:_identify(src/demo_python_pkg) by extension 'colcon_pkg'
[0.435s] Level 1:colcon.colcon_core.package_identification:_identify(src/demo_python_pkg) by extensions ['colcon_meta']
[0.435s] Level 1:colcon.colcon_core.package_identification:_identify(src/demo_python_pkg) by extension 'colcon_meta'
[0.435s] Level 1:colcon.colcon_core.package_identification:_identify(src/demo_python_pkg) by extensions ['ros']
[0.435s] Level 1:colcon.colcon_core.package_identification:_identify(src/demo_python_pkg) by extension 'ros'
[0.439s] DEBUG:colcon.colcon_core.package_identification:Package 'src/demo_python_pkg' with type 'ros.ament_python' and name 'demo_python_pkg'
[0.439s] Level 1:colcon.colcon_core.package_discovery:discover_packages(recursive) using defaults
[0.439s] Level 1:colcon.colcon_core.package_discovery:discover_packages(ignore) discover
[0.439s] Level 1:colcon.colcon_core.package_discovery:discover_packages(ignore) using defaults
[0.439s] Level 1:colcon.colcon_core.package_discovery:discover_packages(path) discover
[0.439s] Level 1:colcon.colcon_core.package_discovery:discover_packages(path) using defaults
[0.457s] Level 1:colcon.colcon_core.package_discovery:discover_packages(prefix_path) check parameters
[0.457s] Level 1:colcon.colcon_core.package_discovery:discover_packages(prefix_path) discover
[0.458s] WARNING:colcon.colcon_core.prefix_path.colcon:The path '/home/ros2/CHAPT2/install' in the environment variable COLCON_PREFIX_PATH doesn't exist
[0.458s] WARNING:colcon.colcon_ros.prefix_path.ament:The path '/home/ros2/CHAPT2/install/demo_cpp_pkg' in the environment variable AMENT_PREFIX_PATH doesn't exist
[0.458s] WARNING:colcon.colcon_ros.prefix_path.ament:The path '/home/ros2/CHAPT2/install/demo_python_pkg' in the environment variable AMENT_PREFIX_PATH doesn't exist
[0.458s] WARNING:colcon.colcon_ros.prefix_path.catkin:The path '/home/ros2/CHAPT2/install/demo_cpp_pkg' in the environment variable CMAKE_PREFIX_PATH doesn't exist
[0.459s] DEBUG:colcon.colcon_installed_package_information.package_discovery:Found 2 installed packages in /home/ros2/CHAPT2/chapt2_ws/install
[0.460s] DEBUG:colcon.colcon_installed_package_information.package_discovery:Found 256 installed packages in /opt/ros/foxy
[0.462s] Level 1:colcon.colcon_core.package_discovery:discover_packages(prefix_path) using defaults
[0.537s] Level 5:colcon.colcon_core.verb:set package 'demo_cpp_pkg' build argument 'cmake_args' from command line to 'None'
[0.538s] Level 5:colcon.colcon_core.verb:set package 'demo_cpp_pkg' build argument 'cmake_target' from command line to 'None'
[0.538s] Level 5:colcon.colcon_core.verb:set package 'demo_cpp_pkg' build argument 'cmake_target_skip_unavailable' from command line to 'False'
[0.538s] Level 5:colcon.colcon_core.verb:set package 'demo_cpp_pkg' build argument 'cmake_clean_cache' from command line to 'False'
[0.538s] Level 5:colcon.colcon_core.verb:set package 'demo_cpp_pkg' build argument 'cmake_clean_first' from command line to 'False'
[0.538s] Level 5:colcon.colcon_core.verb:set package 'demo_cpp_pkg' build argument 'cmake_force_configure' from command line to 'False'
[0.538s] Level 5:colcon.colcon_core.verb:set package 'demo_cpp_pkg' build argument 'ament_cmake_args' from command line to 'None'
[0.538s] Level 5:colcon.colcon_core.verb:set package 'demo_cpp_pkg' build argument 'catkin_cmake_args' from command line to 'None'
[0.538s] Level 5:colcon.colcon_core.verb:set package 'demo_cpp_pkg' build argument 'catkin_skip_building_tests' from command line to 'False'
[0.538s] DEBUG:colcon.colcon_core.verb:Building package 'demo_cpp_pkg' with the following arguments: {'ament_cmake_args': None, 'build_base': '/home/ros2/CHAPT2/chapt2_ws/build/demo_cpp_pkg', 'catkin_cmake_args': None, 'catkin_skip_building_tests': False, 'cmake_args': None, 'cmake_clean_cache': False, 'cmake_clean_first': False, 'cmake_force_configure': False, 'cmake_target': None, 'cmake_target_skip_unavailable': False, 'install_base': '/home/ros2/CHAPT2/chapt2_ws/install/demo_cpp_pkg', 'merge_install': False, 'path': '/home/ros2/CHAPT2/chapt2_ws/src/demo_cpp_pkg', 'symlink_install': False, 'test_result_base': None}
[0.539s] Level 5:colcon.colcon_core.verb:set package 'demo_python_pkg' build argument 'cmake_args' from command line to 'None'
[0.539s] Level 5:colcon.colcon_core.verb:set package 'demo_python_pkg' build argument 'cmake_target' from command line to 'None'
[0.539s] Level 5:colcon.colcon_core.verb:set package 'demo_python_pkg' build argument 'cmake_target_skip_unavailable' from command line to 'False'
[0.539s] Level 5:colcon.colcon_core.verb:set package 'demo_python_pkg' build argument 'cmake_clean_cache' from command line to 'False'
[0.539s] Level 5:colcon.colcon_core.verb:set package 'demo_python_pkg' build argument 'cmake_clean_first' from command line to 'False'
[0.539s] Level 5:colcon.colcon_core.verb:set package 'demo_python_pkg' build argument 'cmake_force_configure' from command line to 'False'
[0.539s] Level 5:colcon.colcon_core.verb:set package 'demo_python_pkg' build argument 'ament_cmake_args' from command line to 'None'
[0.539s] Level 5:colcon.colcon_core.verb:set package 'demo_python_pkg' build argument 'catkin_cmake_args' from command line to 'None'
[0.539s] Level 5:colcon.colcon_core.verb:set package 'demo_python_pkg' build argument 'catkin_skip_building_tests' from command line to 'False'
[0.539s] DEBUG:colcon.colcon_core.verb:Building package 'demo_python_pkg' with the following arguments: {'ament_cmake_args': None, 'build_base': '/home/ros2/CHAPT2/chapt2_ws/build/demo_python_pkg', 'catkin_cmake_args': None, 'catkin_skip_building_tests': False, 'cmake_args': None, 'cmake_clean_cache': False, 'cmake_clean_first': False, 'cmake_force_configure': False, 'cmake_target': None, 'cmake_target_skip_unavailable': False, 'install_base': '/home/ros2/CHAPT2/chapt2_ws/install/demo_python_pkg', 'merge_install': False, 'path': '/home/ros2/CHAPT2/chapt2_ws/src/demo_python_pkg', 'symlink_install': False, 'test_result_base': None}
[0.539s] INFO:colcon.colcon_core.executor:Executing jobs using 'parallel' executor
[0.540s] DEBUG:colcon.colcon_parallel_executor.executor.parallel:run_until_complete
[0.541s] INFO:colcon.colcon_ros.task.ament_cmake.build:Building ROS package in '/home/ros2/CHAPT2/chapt2_ws/src/demo_cpp_pkg' with build type 'ament_cmake'
[0.541s] INFO:colcon.colcon_cmake.task.cmake.build:Building CMake package in '/home/ros2/CHAPT2/chapt2_ws/src/demo_cpp_pkg'
[0.543s] INFO:colcon.colcon_core.plugin_system:Skipping extension 'colcon_core.shell.bat': Not used on non-Windows systems
[0.544s] INFO:colcon.colcon_core.shell:Skip shell extension 'powershell' for command environment: Not usable outside of PowerShell
[0.544s] DEBUG:colcon.colcon_core.shell:Skip shell extension 'dsv' for command environment
[0.557s] DEBUG:colcon.colcon_core.event_handler.log_command:Invoking command in '/home/ros2/CHAPT2/chapt2_ws/build/demo_cpp_pkg': CMAKE_PREFIX_PATH=${CMAKE_PREFIX_PATH}:/home/ros2/CHAPT2/chapt2_ws/install/demo_python_pkg:/home/ros2/CHAPT2/install/demo_python_pkg:/opt/ros/foxy /usr/bin/cmake --build /home/ros2/CHAPT2/chapt2_ws/build/demo_cpp_pkg -- -j2 -l2
[0.679s] DEBUG:colcon.colcon_core.event_handler.log_command:Invoked command in '/home/ros2/CHAPT2/chapt2_ws/build/demo_cpp_pkg' returned '0': CMAKE_PREFIX_PATH=${CMAKE_PREFIX_PATH}:/home/ros2/CHAPT2/chapt2_ws/install/demo_python_pkg:/home/ros2/CHAPT2/install/demo_python_pkg:/opt/ros/foxy /usr/bin/cmake --build /home/ros2/CHAPT2/chapt2_ws/build/demo_cpp_pkg -- -j2 -l2
[0.741s] DEBUG:colcon.colcon_core.event_handler.log_command:Invoking command in '/home/ros2/CHAPT2/chapt2_ws/build/demo_cpp_pkg': CMAKE_PREFIX_PATH=${CMAKE_PREFIX_PATH}:/home/ros2/CHAPT2/chapt2_ws/install/demo_python_pkg:/home/ros2/CHAPT2/install/demo_python_pkg:/opt/ros/foxy /usr/bin/cmake --install /home/ros2/CHAPT2/chapt2_ws/build/demo_cpp_pkg
[0.776s] Level 1:colcon.colcon_core.environment:create_environment_scripts_only(demo_cpp_pkg)
[0.779s] Level 1:colcon.colcon_core.environment:checking '/home/ros2/CHAPT2/chapt2_ws/install/demo_cpp_pkg' for CMake module files
[0.780s] Level 1:colcon.colcon_core.environment:checking '/home/ros2/CHAPT2/chapt2_ws/install/demo_cpp_pkg' for CMake config files
[0.780s] Level 1:colcon.colcon_core.shell:create_environment_hook('demo_cpp_pkg', 'cmake_prefix_path')
[0.781s] INFO:colcon.colcon_core.shell:Creating environment hook '/home/ros2/CHAPT2/chapt2_ws/install/demo_cpp_pkg/share/demo_cpp_pkg/hook/cmake_prefix_path.ps1'
[0.781s] DEBUG:colcon.colcon_core.event_handler.log_command:Invoked command in '/home/ros2/CHAPT2/chapt2_ws/build/demo_cpp_pkg' returned '0': CMAKE_PREFIX_PATH=${CMAKE_PREFIX_PATH}:/home/ros2/CHAPT2/chapt2_ws/install/demo_python_pkg:/home/ros2/CHAPT2/install/demo_python_pkg:/opt/ros/foxy /usr/bin/cmake --install /home/ros2/CHAPT2/chapt2_ws/build/demo_cpp_pkg
[0.782s] INFO:colcon.colcon_core.shell:Creating environment descriptor '/home/ros2/CHAPT2/chapt2_ws/install/demo_cpp_pkg/share/demo_cpp_pkg/hook/cmake_prefix_path.dsv'
[0.782s] INFO:colcon.colcon_core.shell:Creating environment hook '/home/ros2/CHAPT2/chapt2_ws/install/demo_cpp_pkg/share/demo_cpp_pkg/hook/cmake_prefix_path.sh'
[0.784s] Level 1:colcon.colcon_core.environment:checking '/home/ros2/CHAPT2/chapt2_ws/install/demo_cpp_pkg/lib'
[0.784s] Level 1:colcon.colcon_core.environment:checking '/home/ros2/CHAPT2/chapt2_ws/install/demo_cpp_pkg/bin'
[0.784s] Level 1:colcon.colcon_core.environment:checking '/home/ros2/CHAPT2/chapt2_ws/install/demo_cpp_pkg/lib/pkgconfig/demo_cpp_pkg.pc'
[0.784s] Level 1:colcon.colcon_core.environment:checking '/home/ros2/CHAPT2/chapt2_ws/install/demo_cpp_pkg/lib/python3.8/site-packages'
[0.784s] Level 1:colcon.colcon_core.environment:checking '/home/ros2/CHAPT2/chapt2_ws/install/demo_cpp_pkg/bin'
[0.785s] INFO:colcon.colcon_core.shell:Creating package script '/home/ros2/CHAPT2/chapt2_ws/install/demo_cpp_pkg/share/demo_cpp_pkg/package.ps1'
[0.787s] INFO:colcon.colcon_core.shell:Creating package descriptor '/home/ros2/CHAPT2/chapt2_ws/install/demo_cpp_pkg/share/demo_cpp_pkg/package.dsv'
[0.788s] INFO:colcon.colcon_core.shell:Creating package script '/home/ros2/CHAPT2/chapt2_ws/install/demo_cpp_pkg/share/demo_cpp_pkg/package.sh'
[0.789s] INFO:colcon.colcon_core.shell:Creating package script '/home/ros2/CHAPT2/chapt2_ws/install/demo_cpp_pkg/share/demo_cpp_pkg/package.bash'
[0.790s] INFO:colcon.colcon_core.shell:Creating package script '/home/ros2/CHAPT2/chapt2_ws/install/demo_cpp_pkg/share/demo_cpp_pkg/package.zsh'
[0.791s] Level 1:colcon.colcon_core.environment:create_file_with_runtime_dependencies(/home/ros2/CHAPT2/chapt2_ws/install/demo_cpp_pkg/share/colcon-core/packages/demo_cpp_pkg)
[0.837s] Level 1:colcon.colcon_core.environment:create_environment_scripts_only(demo_cpp_pkg)
[0.838s] Level 1:colcon.colcon_core.environment:checking '/home/ros2/CHAPT2/chapt2_ws/install/demo_cpp_pkg' for CMake module files
[0.840s] Level 1:colcon.colcon_core.environment:checking '/home/ros2/CHAPT2/chapt2_ws/install/demo_cpp_pkg' for CMake config files
[0.841s] Level 1:colcon.colcon_core.shell:create_environment_hook('demo_cpp_pkg', 'cmake_prefix_path')
[0.842s] INFO:colcon.colcon_core.shell:Creating environment hook '/home/ros2/CHAPT2/chapt2_ws/install/demo_cpp_pkg/share/demo_cpp_pkg/hook/cmake_prefix_path.ps1'
[0.846s] INFO:colcon.colcon_core.shell:Creating environment descriptor '/home/ros2/CHAPT2/chapt2_ws/install/demo_cpp_pkg/share/demo_cpp_pkg/hook/cmake_prefix_path.dsv'
[0.847s] INFO:colcon.colcon_core.shell:Creating environment hook '/home/ros2/CHAPT2/chapt2_ws/install/demo_cpp_pkg/share/demo_cpp_pkg/hook/cmake_prefix_path.sh'
[0.849s] Level 1:colcon.colcon_core.environment:checking '/home/ros2/CHAPT2/chapt2_ws/install/demo_cpp_pkg/lib'
[0.849s] Level 1:colcon.colcon_core.environment:checking '/home/ros2/CHAPT2/chapt2_ws/install/demo_cpp_pkg/bin'
[0.849s] Level 1:colcon.colcon_core.environment:checking '/home/ros2/CHAPT2/chapt2_ws/install/demo_cpp_pkg/lib/pkgconfig/demo_cpp_pkg.pc'
[0.850s] Level 1:colcon.colcon_core.environment:checking '/home/ros2/CHAPT2/chapt2_ws/install/demo_cpp_pkg/lib/python3.8/site-packages'
[0.850s] Level 1:colcon.colcon_core.environment:checking '/home/ros2/CHAPT2/chapt2_ws/install/demo_cpp_pkg/bin'
[0.851s] INFO:colcon.colcon_core.shell:Creating package script '/home/ros2/CHAPT2/chapt2_ws/install/demo_cpp_pkg/share/demo_cpp_pkg/package.ps1'
[0.852s] INFO:colcon.colcon_core.shell:Creating package descriptor '/home/ros2/CHAPT2/chapt2_ws/install/demo_cpp_pkg/share/demo_cpp_pkg/package.dsv'
[0.853s] INFO:colcon.colcon_core.shell:Creating package script '/home/ros2/CHAPT2/chapt2_ws/install/demo_cpp_pkg/share/demo_cpp_pkg/package.sh'
[0.855s] INFO:colcon.colcon_core.shell:Creating package script '/home/ros2/CHAPT2/chapt2_ws/install/demo_cpp_pkg/share/demo_cpp_pkg/package.bash'
[0.856s] INFO:colcon.colcon_core.shell:Creating package script '/home/ros2/CHAPT2/chapt2_ws/install/demo_cpp_pkg/share/demo_cpp_pkg/package.zsh'
[0.857s] Level 1:colcon.colcon_core.environment:create_file_with_runtime_dependencies(/home/ros2/CHAPT2/chapt2_ws/install/demo_cpp_pkg/share/colcon-core/packages/demo_cpp_pkg)
[0.859s] INFO:colcon.colcon_ros.task.ament_python.build:Building ROS package in '/home/ros2/CHAPT2/chapt2_ws/src/demo_python_pkg' with build type 'ament_python'
[0.859s] Level 1:colcon.colcon_core.shell:create_environment_hook('demo_python_pkg', 'ament_prefix_path')
[0.859s] INFO:colcon.colcon_core.shell:Creating environment hook '/home/ros2/CHAPT2/chapt2_ws/install/demo_python_pkg/share/demo_python_pkg/hook/ament_prefix_path.ps1'
[0.860s] INFO:colcon.colcon_core.shell:Creating environment descriptor '/home/ros2/CHAPT2/chapt2_ws/install/demo_python_pkg/share/demo_python_pkg/hook/ament_prefix_path.dsv'
[0.861s] INFO:colcon.colcon_core.shell:Creating environment hook '/home/ros2/CHAPT2/chapt2_ws/install/demo_python_pkg/share/demo_python_pkg/hook/ament_prefix_path.sh'
[0.862s] INFO:colcon.colcon_core.shell:Skip shell extension 'powershell' for command environment: Not usable outside of PowerShell
[0.863s] DEBUG:colcon.colcon_core.shell:Skip shell extension 'dsv' for command environment
[1.199s] INFO:colcon.colcon_core.task.python.build:Building Python package in '/home/ros2/CHAPT2/chapt2_ws/src/demo_python_pkg'
[1.200s] INFO:colcon.colcon_core.shell:Skip shell extension 'powershell' for command environment: Not usable outside of PowerShell
[1.200s] DEBUG:colcon.colcon_core.shell:Skip shell extension 'dsv' for command environment
[1.776s] DEBUG:colcon.colcon_core.event_handler.log_command:Invoking command in '/home/ros2/CHAPT2/chapt2_ws/src/demo_python_pkg': PYTHONPATH=/home/ros2/CHAPT2/chapt2_ws/build/demo_python_pkg/prefix_override:/usr/lib/python3/dist-packages/colcon_core/task/python/colcon_distutils_commands:/home/ros2/CHAPT2/chapt2_ws/install/demo_python_pkg/lib/python3.8/site-packages:${PYTHONPATH} /usr/bin/python3 -W ignore:setup.py install is deprecated setup.py egg_info --egg-base ../../build/demo_python_pkg build --build-base /home/ros2/CHAPT2/chapt2_ws/build/demo_python_pkg/build install --record /home/ros2/CHAPT2/chapt2_ws/build/demo_python_pkg/install.log --install-scripts $base/lib/demo_python_pkg --single-version-externally-managed install_data
[2.202s] Level 1:colcon.colcon_core.environment:checking '/home/ros2/CHAPT2/chapt2_ws/install/demo_python_pkg' for CMake module files
[2.203s] Level 1:colcon.colcon_core.environment:checking '/home/ros2/CHAPT2/chapt2_ws/install/demo_python_pkg' for CMake config files
[2.204s] Level 1:colcon.colcon_core.environment:checking '/home/ros2/CHAPT2/chapt2_ws/install/demo_python_pkg/lib'
[2.204s] Level 1:colcon.colcon_core.environment:checking '/home/ros2/CHAPT2/chapt2_ws/install/demo_python_pkg/bin'
[2.204s] Level 1:colcon.colcon_core.environment:checking '/home/ros2/CHAPT2/chapt2_ws/install/demo_python_pkg/lib/pkgconfig/demo_python_pkg.pc'
[2.204s] Level 1:colcon.colcon_core.environment:checking '/home/ros2/CHAPT2/chapt2_ws/install/demo_python_pkg/lib/python3.8/site-packages'
[2.204s] Level 1:colcon.colcon_core.shell:create_environment_hook('demo_python_pkg', 'pythonpath')
[2.205s] INFO:colcon.colcon_core.shell:Creating environment hook '/home/ros2/CHAPT2/chapt2_ws/install/demo_python_pkg/share/demo_python_pkg/hook/pythonpath.ps1'
[2.206s] INFO:colcon.colcon_core.shell:Creating environment descriptor '/home/ros2/CHAPT2/chapt2_ws/install/demo_python_pkg/share/demo_python_pkg/hook/pythonpath.dsv'
[2.207s] DEBUG:colcon.colcon_core.event_handler.log_command:Invoked command in '/home/ros2/CHAPT2/chapt2_ws/src/demo_python_pkg' returned '0': PYTHONPATH=/home/ros2/CHAPT2/chapt2_ws/build/demo_python_pkg/prefix_override:/usr/lib/python3/dist-packages/colcon_core/task/python/colcon_distutils_commands:/home/ros2/CHAPT2/chapt2_ws/install/demo_python_pkg/lib/python3.8/site-packages:${PYTHONPATH} /usr/bin/python3 -W ignore:setup.py install is deprecated setup.py egg_info --egg-base ../../build/demo_python_pkg build --build-base /home/ros2/CHAPT2/chapt2_ws/build/demo_python_pkg/build install --record /home/ros2/CHAPT2/chapt2_ws/build/demo_python_pkg/install.log --install-scripts $base/lib/demo_python_pkg --single-version-externally-managed install_data
[2.209s] INFO:colcon.colcon_core.shell:Creating environment hook '/home/ros2/CHAPT2/chapt2_ws/install/demo_python_pkg/share/demo_python_pkg/hook/pythonpath.sh'
[2.210s] Level 1:colcon.colcon_core.environment:checking '/home/ros2/CHAPT2/chapt2_ws/install/demo_python_pkg/bin'
[2.210s] Level 1:colcon.colcon_core.environment:create_environment_scripts_only(demo_python_pkg)
[2.211s] INFO:colcon.colcon_core.shell:Creating package script '/home/ros2/CHAPT2/chapt2_ws/install/demo_python_pkg/share/demo_python_pkg/package.ps1'
[2.214s] INFO:colcon.colcon_core.shell:Creating package descriptor '/home/ros2/CHAPT2/chapt2_ws/install/demo_python_pkg/share/demo_python_pkg/package.dsv'
[2.215s] INFO:colcon.colcon_core.shell:Creating package script '/home/ros2/CHAPT2/chapt2_ws/install/demo_python_pkg/share/demo_python_pkg/package.sh'
[2.215s] INFO:colcon.colcon_core.shell:Creating package script '/home/ros2/CHAPT2/chapt2_ws/install/demo_python_pkg/share/demo_python_pkg/package.bash'
[2.216s] INFO:colcon.colcon_core.shell:Creating package script '/home/ros2/CHAPT2/chapt2_ws/install/demo_python_pkg/share/demo_python_pkg/package.zsh'
[2.217s] Level 1:colcon.colcon_core.environment:create_file_with_runtime_dependencies(/home/ros2/CHAPT2/chapt2_ws/install/demo_python_pkg/share/colcon-core/packages/demo_python_pkg)
[2.219s] DEBUG:colcon.colcon_parallel_executor.executor.parallel:closing loop
[2.220s] DEBUG:colcon.colcon_parallel_executor.executor.parallel:loop closed
[2.220s] DEBUG:colcon.colcon_parallel_executor.executor.parallel:run_until_complete finished with '0'
[2.220s] DEBUG:colcon.colcon_core.event_reactor:joining thread
[2.231s] INFO:colcon.colcon_core.plugin_system:Skipping extension 'colcon_notification.desktop_notification.terminal_notifier': Not used on non-Darwin systems
[2.231s] INFO:colcon.colcon_core.plugin_system:Skipping extension 'colcon_notification.desktop_notification.win32': Not used on non-Windows systems
[2.231s] INFO:colcon.colcon_notification.desktop_notification:Sending desktop notification using 'notify2'
[2.254s] DEBUG:colcon.colcon_core.event_reactor:joined thread
[2.254s] INFO:colcon.colcon_core.shell:Creating prefix script '/home/ros2/CHAPT2/chapt2_ws/install/local_setup.ps1'
[2.256s] INFO:colcon.colcon_core.shell:Creating prefix util module '/home/ros2/CHAPT2/chapt2_ws/install/_local_setup_util_ps1.py'
[2.258s] INFO:colcon.colcon_core.shell:Creating prefix chain script '/home/ros2/CHAPT2/chapt2_ws/install/setup.ps1'
[2.259s] INFO:colcon.colcon_core.shell:Creating prefix script '/home/ros2/CHAPT2/chapt2_ws/install/local_setup.sh'
[2.265s] INFO:colcon.colcon_core.shell:Creating prefix util module '/home/ros2/CHAPT2/chapt2_ws/install/_local_setup_util_sh.py'
[2.266s] INFO:colcon.colcon_core.shell:Creating prefix chain script '/home/ros2/CHAPT2/chapt2_ws/install/setup.sh'
[2.267s] INFO:colcon.colcon_core.shell:Creating prefix script '/home/ros2/CHAPT2/chapt2_ws/install/local_setup.bash'
[2.271s] INFO:colcon.colcon_core.shell:Creating prefix chain script '/home/ros2/CHAPT2/chapt2_ws/install/setup.bash'
[2.274s] INFO:colcon.colcon_core.shell:Creating prefix script '/home/ros2/CHAPT2/chapt2_ws/install/local_setup.zsh'
[2.276s] INFO:colcon.colcon_core.shell:Creating prefix chain script '/home/ros2/CHAPT2/chapt2_ws/install/setup.zsh'
