[0.016s] Invoking command in '/home/ros2/CHAPT6/chapt6_ws/build/fishbot_description': CMAKE_PREFIX_PATH=${CMAKE_PREFIX_PATH}:/opt/ros/foxy /usr/bin/cmake --build /home/ros2/CHAPT6/chapt6_ws/build/fishbot_description -- -j2 -l2
[0.061s] -- Found ament_cmake: 0.9.12 (/opt/ros/foxy/share/ament_cmake/cmake)
[0.106s] -- Using PYTHON_EXECUTABLE: /usr/bin/python3
[0.370s] -- Found ament_lint_auto: 0.9.8 (/opt/ros/foxy/share/ament_lint_auto/cmake)
[0.492s] -- Added test 'copyright' to check source files copyright and LICENSE
[0.518s] -- Added test 'flake8' to check Python code syntax and style conventions
[0.519s] -- Added test 'lint_cmake' to check CMake code style
[0.520s] -- Added test 'pep257' to check Python code against some of the style conventions in PEP 257
[0.524s] -- Added test 'xmllint' to check XML markup files
[0.531s] -- Configuring done
[0.545s] -- Generating done
[0.549s] -- Build files have been written to: /home/ros2/CHAPT6/chapt6_ws/build/fishbot_description
[0.580s] Invoked command in '/home/ros2/CHAPT6/chapt6_ws/build/fishbot_description' returned '0': CMAKE_PREFIX_PATH=${CMAKE_PREFIX_PATH}:/opt/ros/foxy /usr/bin/cmake --build /home/ros2/CHAPT6/chapt6_ws/build/fishbot_description -- -j2 -l2
[0.633s] Invoking command in '/home/ros2/CHAPT6/chapt6_ws/build/fishbot_description': CMAKE_PREFIX_PATH=${CMAKE_PREFIX_PATH}:/opt/ros/foxy /usr/bin/cmake --install /home/ros2/CHAPT6/chapt6_ws/build/fishbot_description
[0.650s] -- Install configuration: ""
[0.651s] -- Up-to-date: /home/ros2/CHAPT6/chapt6_ws/install/fishbot_description/share/fishbot_description/launch
[0.651s] -- Up-to-date: /home/ros2/CHAPT6/chapt6_ws/install/fishbot_description/share/fishbot_description/launch/__pycache__
[0.651s] -- Up-to-date: /home/ros2/CHAPT6/chapt6_ws/install/fishbot_description/share/fishbot_description/launch/__pycache__/display_robot.launch.cpython-38.pyc
[0.651s] -- Installing: /home/ros2/CHAPT6/chapt6_ws/install/fishbot_description/share/fishbot_description/launch/display_robot.launch.py
[0.652s] -- Up-to-date: /home/ros2/CHAPT6/chapt6_ws/install/fishbot_description/share/fishbot_description/urdf
[0.652s] -- Up-to-date: /home/ros2/CHAPT6/chapt6_ws/install/fishbot_description/share/fishbot_description/urdf/first_robot.pdf
[0.652s] -- Up-to-date: /home/ros2/CHAPT6/chapt6_ws/install/fishbot_description/share/fishbot_description/urdf/first_robot.gv
[0.652s] -- Up-to-date: /home/ros2/CHAPT6/chapt6_ws/install/fishbot_description/share/fishbot_description/urdf/first_robot.urdf
[0.652s] -- Installing: /home/ros2/CHAPT6/chapt6_ws/install/fishbot_description/share/fishbot_description/config
[0.653s] -- Installing: /home/ros2/CHAPT6/chapt6_ws/install/fishbot_description/share/fishbot_description/config/display_robot_model.rviz
[0.653s] -- Up-to-date: /home/ros2/CHAPT6/chapt6_ws/install/fishbot_description/share/ament_index/resource_index/package_run_dependencies/fishbot_description
[0.653s] -- Installing: /home/ros2/CHAPT6/chapt6_ws/install/fishbot_description/share/ament_index/resource_index/parent_prefix_path/fishbot_description
[0.653s] -- Up-to-date: /home/ros2/CHAPT6/chapt6_ws/install/fishbot_description/share/fishbot_description/environment/ament_prefix_path.sh
[0.653s] -- Installing: /home/ros2/CHAPT6/chapt6_ws/install/fishbot_description/share/fishbot_description/environment/ament_prefix_path.dsv
[0.653s] -- Up-to-date: /home/ros2/CHAPT6/chapt6_ws/install/fishbot_description/share/fishbot_description/environment/path.sh
[0.653s] -- Installing: /home/ros2/CHAPT6/chapt6_ws/install/fishbot_description/share/fishbot_description/environment/path.dsv
[0.653s] -- Up-to-date: /home/ros2/CHAPT6/chapt6_ws/install/fishbot_description/share/fishbot_description/local_setup.bash
[0.653s] -- Up-to-date: /home/ros2/CHAPT6/chapt6_ws/install/fishbot_description/share/fishbot_description/local_setup.sh
[0.657s] -- Up-to-date: /home/ros2/CHAPT6/chapt6_ws/install/fishbot_description/share/fishbot_description/local_setup.zsh
[0.657s] -- Installing: /home/ros2/CHAPT6/chapt6_ws/install/fishbot_description/share/fishbot_description/local_setup.dsv
[0.657s] -- Installing: /home/ros2/CHAPT6/chapt6_ws/install/fishbot_description/share/fishbot_description/package.dsv
[0.658s] -- Up-to-date: /home/ros2/CHAPT6/chapt6_ws/install/fishbot_description/share/ament_index/resource_index/packages/fishbot_description
[0.658s] -- Up-to-date: /home/ros2/CHAPT6/chapt6_ws/install/fishbot_description/share/fishbot_description/cmake/fishbot_descriptionConfig.cmake
[0.658s] -- Up-to-date: /home/ros2/CHAPT6/chapt6_ws/install/fishbot_description/share/fishbot_description/cmake/fishbot_descriptionConfig-version.cmake
[0.658s] -- Up-to-date: /home/ros2/CHAPT6/chapt6_ws/install/fishbot_description/share/fishbot_description/package.xml
[0.667s] Invoked command in '/home/ros2/CHAPT6/chapt6_ws/build/fishbot_description' returned '0': CMAKE_PREFIX_PATH=${CMAKE_PREFIX_PATH}:/opt/ros/foxy /usr/bin/cmake --install /home/ros2/CHAPT6/chapt6_ws/build/fishbot_description
