[0.016s] Invoking command in '/home/ros2/CHAPT4/CHAPT4_WS/build/chapt4_interfaces': CMAKE_PREFIX_PATH=/opt/ros/foxy /usr/bin/cmake --build /home/ros2/CHAPT4/CHAPT4_WS/build/chapt4_interfaces -- -j2 -l2
[0.117s] [  2%] Built target chapt4_interfaces__cpp
[0.125s] [ 12%] Built target chapt4_interfaces__rosidl_generator_c
[0.158s] [ 23%] Built target chapt4_interfaces__rosidl_typesupport_introspection_cpp
[0.192s] [ 33%] Built target chapt4_interfaces__rosidl_typesupport_fastrtps_cpp
[0.227s] [ 43%] Built target chapt4_interfaces__rosidl_typesupport_c
[0.254s] [ 53%] Built target chapt4_interfaces__rosidl_typesupport_introspection_c
[0.287s] [ 64%] Built target chapt4_interfaces__rosidl_typesupport_cpp
[0.290s] [ 74%] Built target chapt4_interfaces__rosidl_typesupport_fastrtps_c
[0.313s] [ 74%] Built target chapt4_interfaces
[0.348s] [ 76%] Built target chapt4_interfaces__py
[0.384s] [ 84%] Built target chapt4_interfaces__python
[0.447s] [ 89%] Built target chapt4_interfaces__rosidl_typesupport_c__pyext
[0.467s] [ 94%] Built target chapt4_interfaces__rosidl_typesupport_introspection_c__pyext
[0.512s] [100%] Built target chapt4_interfaces__rosidl_typesupport_fastrtps_c__pyext
[0.538s] Invoked command in '/home/ros2/CHAPT4/CHAPT4_WS/build/chapt4_interfaces' returned '0': CMAKE_PREFIX_PATH=/opt/ros/foxy /usr/bin/cmake --build /home/ros2/CHAPT4/CHAPT4_WS/build/chapt4_interfaces -- -j2 -l2
[0.697s] Invoking command in '/home/ros2/CHAPT4/CHAPT4_WS/build/chapt4_interfaces': CMAKE_PREFIX_PATH=/opt/ros/foxy /usr/bin/cmake --install /home/ros2/CHAPT4/CHAPT4_WS/build/chapt4_interfaces
[0.716s] -- Install configuration: ""
[0.718s] -- Up-to-date: /home/ros2/CHAPT4/CHAPT4_WS/install/chapt4_interfaces/share/ament_index/resource_index/rosidl_interfaces/chapt4_interfaces
[0.719s] -- Up-to-date: /home/ros2/CHAPT4/CHAPT4_WS/install/chapt4_interfaces/include/chapt4_interfaces
[0.720s] -- Up-to-date: /home/ros2/CHAPT4/CHAPT4_WS/install/chapt4_interfaces/include/chapt4_interfaces/srv
[0.721s] -- Up-to-date: /home/ros2/CHAPT4/CHAPT4_WS/install/chapt4_interfaces/include/chapt4_interfaces/srv/face_detector.h
[0.721s] -- Up-to-date: /home/ros2/CHAPT4/CHAPT4_WS/install/chapt4_interfaces/include/chapt4_interfaces/srv/detail
[0.722s] -- Up-to-date: /home/ros2/CHAPT4/CHAPT4_WS/install/chapt4_interfaces/include/chapt4_interfaces/srv/detail/face_detector__struct.h
[0.722s] -- Up-to-date: /home/ros2/CHAPT4/CHAPT4_WS/install/chapt4_interfaces/include/chapt4_interfaces/srv/detail/partol__struct.h
[0.722s] -- Up-to-date: /home/ros2/CHAPT4/CHAPT4_WS/install/chapt4_interfaces/include/chapt4_interfaces/srv/detail/face_detector__type_support.h
[0.723s] -- Up-to-date: /home/ros2/CHAPT4/CHAPT4_WS/install/chapt4_interfaces/include/chapt4_interfaces/srv/detail/partol__functions.c
[0.724s] -- Up-to-date: /home/ros2/CHAPT4/CHAPT4_WS/install/chapt4_interfaces/include/chapt4_interfaces/srv/detail/partol__functions.h
[0.724s] -- Up-to-date: /home/ros2/CHAPT4/CHAPT4_WS/install/chapt4_interfaces/include/chapt4_interfaces/srv/detail/partol__type_support.h
[0.724s] -- Up-to-date: /home/ros2/CHAPT4/CHAPT4_WS/install/chapt4_interfaces/include/chapt4_interfaces/srv/detail/face_detector__functions.h
[0.724s] -- Up-to-date: /home/ros2/CHAPT4/CHAPT4_WS/install/chapt4_interfaces/include/chapt4_interfaces/srv/detail/face_detector__functions.c
[0.724s] -- Up-to-date: /home/ros2/CHAPT4/CHAPT4_WS/install/chapt4_interfaces/include/chapt4_interfaces/srv/partol.h
[0.724s] -- Up-to-date: /home/ros2/CHAPT4/CHAPT4_WS/install/chapt4_interfaces/include/chapt4_interfaces/msg
[0.725s] -- Up-to-date: /home/ros2/CHAPT4/CHAPT4_WS/install/chapt4_interfaces/include/chapt4_interfaces/msg/rosidl_generator_c__visibility_control.h
[0.725s] -- Up-to-date: /home/ros2/CHAPT4/CHAPT4_WS/install/chapt4_interfaces/share/chapt4_interfaces/environment/library_path.sh
[0.725s] -- Up-to-date: /home/ros2/CHAPT4/CHAPT4_WS/install/chapt4_interfaces/share/chapt4_interfaces/environment/library_path.dsv
[0.726s] -- Up-to-date: /home/ros2/CHAPT4/CHAPT4_WS/install/chapt4_interfaces/lib/libchapt4_interfaces__rosidl_generator_c.so
[0.727s] -- Up-to-date: /home/ros2/CHAPT4/CHAPT4_WS/install/chapt4_interfaces/include/chapt4_interfaces
[0.727s] -- Up-to-date: /home/ros2/CHAPT4/CHAPT4_WS/install/chapt4_interfaces/include/chapt4_interfaces/srv
[0.727s] -- Up-to-date: /home/ros2/CHAPT4/CHAPT4_WS/install/chapt4_interfaces/include/chapt4_interfaces/srv/detail
[0.728s] -- Up-to-date: /home/ros2/CHAPT4/CHAPT4_WS/install/chapt4_interfaces/include/chapt4_interfaces/srv/detail/partol__rosidl_typesupport_fastrtps_c.h
[0.728s] -- Up-to-date: /home/ros2/CHAPT4/CHAPT4_WS/install/chapt4_interfaces/include/chapt4_interfaces/srv/detail/face_detector__rosidl_typesupport_fastrtps_c.h
[0.731s] -- Up-to-date: /home/ros2/CHAPT4/CHAPT4_WS/install/chapt4_interfaces/include/chapt4_interfaces/msg
[0.731s] -- Up-to-date: /home/ros2/CHAPT4/CHAPT4_WS/install/chapt4_interfaces/include/chapt4_interfaces/msg/rosidl_typesupport_fastrtps_c__visibility_control.h
[0.732s] -- Up-to-date: /home/ros2/CHAPT4/CHAPT4_WS/install/chapt4_interfaces/lib/libchapt4_interfaces__rosidl_typesupport_fastrtps_c.so
[0.732s] -- Up-to-date: /home/ros2/CHAPT4/CHAPT4_WS/install/chapt4_interfaces/include/chapt4_interfaces
[0.733s] -- Up-to-date: /home/ros2/CHAPT4/CHAPT4_WS/install/chapt4_interfaces/include/chapt4_interfaces/srv
[0.733s] -- Up-to-date: /home/ros2/CHAPT4/CHAPT4_WS/install/chapt4_interfaces/include/chapt4_interfaces/srv/detail
[0.733s] -- Up-to-date: /home/ros2/CHAPT4/CHAPT4_WS/install/chapt4_interfaces/include/chapt4_interfaces/srv/detail/face_detector__rosidl_typesupport_fastrtps_cpp.hpp
[0.733s] -- Up-to-date: /home/ros2/CHAPT4/CHAPT4_WS/install/chapt4_interfaces/include/chapt4_interfaces/srv/detail/partol__rosidl_typesupport_fastrtps_cpp.hpp
[0.733s] -- Up-to-date: /home/ros2/CHAPT4/CHAPT4_WS/install/chapt4_interfaces/include/chapt4_interfaces/srv/detail/dds_fastrtps
[0.734s] -- Up-to-date: /home/ros2/CHAPT4/CHAPT4_WS/install/chapt4_interfaces/include/chapt4_interfaces/msg
[0.734s] -- Up-to-date: /home/ros2/CHAPT4/CHAPT4_WS/install/chapt4_interfaces/include/chapt4_interfaces/msg/rosidl_typesupport_fastrtps_cpp__visibility_control.h
[0.736s] -- Up-to-date: /home/ros2/CHAPT4/CHAPT4_WS/install/chapt4_interfaces/lib/libchapt4_interfaces__rosidl_typesupport_fastrtps_cpp.so
[0.736s] -- Up-to-date: /home/ros2/CHAPT4/CHAPT4_WS/install/chapt4_interfaces/include/chapt4_interfaces
[0.737s] -- Up-to-date: /home/ros2/CHAPT4/CHAPT4_WS/install/chapt4_interfaces/include/chapt4_interfaces/srv
[0.737s] -- Up-to-date: /home/ros2/CHAPT4/CHAPT4_WS/install/chapt4_interfaces/include/chapt4_interfaces/srv/detail
[0.737s] -- Up-to-date: /home/ros2/CHAPT4/CHAPT4_WS/install/chapt4_interfaces/include/chapt4_interfaces/srv/detail/partol__rosidl_typesupport_introspection_c.h
[0.741s] -- Up-to-date: /home/ros2/CHAPT4/CHAPT4_WS/install/chapt4_interfaces/include/chapt4_interfaces/srv/detail/face_detector__rosidl_typesupport_introspection_c.h
[0.741s] -- Up-to-date: /home/ros2/CHAPT4/CHAPT4_WS/install/chapt4_interfaces/include/chapt4_interfaces/srv/detail/face_detector__type_support.c
[0.741s] -- Up-to-date: /home/ros2/CHAPT4/CHAPT4_WS/install/chapt4_interfaces/include/chapt4_interfaces/srv/detail/partol__type_support.c
[0.741s] -- Up-to-date: /home/ros2/CHAPT4/CHAPT4_WS/install/chapt4_interfaces/include/chapt4_interfaces/msg
[0.741s] -- Up-to-date: /home/ros2/CHAPT4/CHAPT4_WS/install/chapt4_interfaces/include/chapt4_interfaces/msg/rosidl_typesupport_introspection_c__visibility_control.h
[0.742s] -- Up-to-date: /home/ros2/CHAPT4/CHAPT4_WS/install/chapt4_interfaces/lib/libchapt4_interfaces__rosidl_typesupport_introspection_c.so
[0.742s] -- Up-to-date: /home/ros2/CHAPT4/CHAPT4_WS/install/chapt4_interfaces/lib/libchapt4_interfaces__rosidl_typesupport_c.so
[0.743s] -- Up-to-date: /home/ros2/CHAPT4/CHAPT4_WS/install/chapt4_interfaces/include/chapt4_interfaces
[0.743s] -- Up-to-date: /home/ros2/CHAPT4/CHAPT4_WS/install/chapt4_interfaces/include/chapt4_interfaces/srv
[0.743s] -- Up-to-date: /home/ros2/CHAPT4/CHAPT4_WS/install/chapt4_interfaces/include/chapt4_interfaces/srv/partol.hpp
[0.743s] -- Up-to-date: /home/ros2/CHAPT4/CHAPT4_WS/install/chapt4_interfaces/include/chapt4_interfaces/srv/face_detector.hpp
[0.744s] -- Up-to-date: /home/ros2/CHAPT4/CHAPT4_WS/install/chapt4_interfaces/include/chapt4_interfaces/srv/detail
[0.744s] -- Up-to-date: /home/ros2/CHAPT4/CHAPT4_WS/install/chapt4_interfaces/include/chapt4_interfaces/srv/detail/partol__struct.hpp
[0.744s] -- Up-to-date: /home/ros2/CHAPT4/CHAPT4_WS/install/chapt4_interfaces/include/chapt4_interfaces/srv/detail/partol__traits.hpp
[0.744s] -- Up-to-date: /home/ros2/CHAPT4/CHAPT4_WS/install/chapt4_interfaces/include/chapt4_interfaces/srv/detail/partol__builder.hpp
[0.744s] -- Up-to-date: /home/ros2/CHAPT4/CHAPT4_WS/install/chapt4_interfaces/include/chapt4_interfaces/srv/detail/face_detector__builder.hpp
[0.744s] -- Up-to-date: /home/ros2/CHAPT4/CHAPT4_WS/install/chapt4_interfaces/include/chapt4_interfaces/srv/detail/face_detector__struct.hpp
[0.745s] -- Up-to-date: /home/ros2/CHAPT4/CHAPT4_WS/install/chapt4_interfaces/include/chapt4_interfaces/srv/detail/partol__type_support.hpp
[0.745s] -- Up-to-date: /home/ros2/CHAPT4/CHAPT4_WS/install/chapt4_interfaces/include/chapt4_interfaces/srv/detail/face_detector__type_support.hpp
[0.745s] -- Up-to-date: /home/ros2/CHAPT4/CHAPT4_WS/install/chapt4_interfaces/include/chapt4_interfaces/srv/detail/face_detector__traits.hpp
[0.745s] -- Up-to-date: /home/ros2/CHAPT4/CHAPT4_WS/install/chapt4_interfaces/include/chapt4_interfaces/msg
[0.745s] -- Up-to-date: /home/ros2/CHAPT4/CHAPT4_WS/install/chapt4_interfaces/include/chapt4_interfaces/msg/rosidl_generator_cpp__visibility_control.hpp
[0.746s] -- Up-to-date: /home/ros2/CHAPT4/CHAPT4_WS/install/chapt4_interfaces/include/chapt4_interfaces
[0.746s] -- Up-to-date: /home/ros2/CHAPT4/CHAPT4_WS/install/chapt4_interfaces/include/chapt4_interfaces/srv
[0.746s] -- Up-to-date: /home/ros2/CHAPT4/CHAPT4_WS/install/chapt4_interfaces/include/chapt4_interfaces/srv/detail
[0.746s] -- Up-to-date: /home/ros2/CHAPT4/CHAPT4_WS/install/chapt4_interfaces/include/chapt4_interfaces/srv/detail/partol__rosidl_typesupport_introspection_cpp.hpp
[0.746s] -- Up-to-date: /home/ros2/CHAPT4/CHAPT4_WS/install/chapt4_interfaces/include/chapt4_interfaces/srv/detail/face_detector__rosidl_typesupport_introspection_cpp.hpp
[0.746s] -- Up-to-date: /home/ros2/CHAPT4/CHAPT4_WS/install/chapt4_interfaces/include/chapt4_interfaces/srv/detail/face_detector__type_support.cpp
[0.747s] -- Up-to-date: /home/ros2/CHAPT4/CHAPT4_WS/install/chapt4_interfaces/include/chapt4_interfaces/srv/detail/partol__type_support.cpp
[0.747s] -- Up-to-date: /home/ros2/CHAPT4/CHAPT4_WS/install/chapt4_interfaces/lib/libchapt4_interfaces__rosidl_typesupport_introspection_cpp.so
[0.748s] -- Up-to-date: /home/ros2/CHAPT4/CHAPT4_WS/install/chapt4_interfaces/lib/libchapt4_interfaces__rosidl_typesupport_cpp.so
[0.748s] -- Up-to-date: /home/ros2/CHAPT4/CHAPT4_WS/install/chapt4_interfaces/share/chapt4_interfaces/environment/pythonpath.sh
[0.749s] -- Up-to-date: /home/ros2/CHAPT4/CHAPT4_WS/install/chapt4_interfaces/share/chapt4_interfaces/environment/pythonpath.dsv
[0.749s] -- Up-to-date: /home/ros2/CHAPT4/CHAPT4_WS/install/chapt4_interfaces/lib/python3.8/site-packages/chapt4_interfaces/__init__.py
[0.800s] -- Up-to-date: /home/ros2/CHAPT4/CHAPT4_WS/install/chapt4_interfaces/lib/python3.8/site-packages/chapt4_interfaces/srv
[0.800s] -- Up-to-date: /home/ros2/CHAPT4/CHAPT4_WS/install/chapt4_interfaces/lib/python3.8/site-packages/chapt4_interfaces/srv/_face_detector_s.c
[0.801s] -- Up-to-date: /home/ros2/CHAPT4/CHAPT4_WS/install/chapt4_interfaces/lib/python3.8/site-packages/chapt4_interfaces/srv/_partol.py
[0.801s] -- Up-to-date: /home/ros2/CHAPT4/CHAPT4_WS/install/chapt4_interfaces/lib/python3.8/site-packages/chapt4_interfaces/srv/_partol_s.c
[0.802s] -- Up-to-date: /home/ros2/CHAPT4/CHAPT4_WS/install/chapt4_interfaces/lib/python3.8/site-packages/chapt4_interfaces/srv/__init__.py
[0.802s] -- Up-to-date: /home/ros2/CHAPT4/CHAPT4_WS/install/chapt4_interfaces/lib/python3.8/site-packages/chapt4_interfaces/srv/_face_detector.py
[0.802s] -- Up-to-date: /home/ros2/CHAPT4/CHAPT4_WS/install/chapt4_interfaces/lib/python3.8/site-packages/chapt4_interfaces/chapt4_interfaces_s__rosidl_typesupport_fastrtps_c.cpython-38-x86_64-linux-gnu.so
[0.803s] -- Up-to-date: /home/ros2/CHAPT4/CHAPT4_WS/install/chapt4_interfaces/lib/python3.8/site-packages/chapt4_interfaces/chapt4_interfaces_s__rosidl_typesupport_introspection_c.cpython-38-x86_64-linux-gnu.so
[0.804s] -- Up-to-date: /home/ros2/CHAPT4/CHAPT4_WS/install/chapt4_interfaces/lib/python3.8/site-packages/chapt4_interfaces/chapt4_interfaces_s__rosidl_typesupport_c.cpython-38-x86_64-linux-gnu.so
[0.805s] -- Up-to-date: /home/ros2/CHAPT4/CHAPT4_WS/install/chapt4_interfaces/lib/libchapt4_interfaces__python.so
[0.805s] -- Up-to-date: /home/ros2/CHAPT4/CHAPT4_WS/install/chapt4_interfaces/share/chapt4_interfaces/srv/FaceDetector.idl
[0.806s] -- Up-to-date: /home/ros2/CHAPT4/CHAPT4_WS/install/chapt4_interfaces/share/chapt4_interfaces/srv/Partol.idl
[0.806s] -- Up-to-date: /home/ros2/CHAPT4/CHAPT4_WS/install/chapt4_interfaces/share/chapt4_interfaces/srv/FaceDetector.srv
[0.806s] -- Up-to-date: /home/ros2/CHAPT4/CHAPT4_WS/install/chapt4_interfaces/share/chapt4_interfaces/srv/FaceDetector_Request.msg
[0.807s] -- Up-to-date: /home/ros2/CHAPT4/CHAPT4_WS/install/chapt4_interfaces/share/chapt4_interfaces/srv/FaceDetector_Response.msg
[0.807s] -- Up-to-date: /home/ros2/CHAPT4/CHAPT4_WS/install/chapt4_interfaces/share/chapt4_interfaces/srv/Partol.srv
[0.807s] -- Up-to-date: /home/ros2/CHAPT4/CHAPT4_WS/install/chapt4_interfaces/share/chapt4_interfaces/srv/Partol_Request.msg
[0.807s] -- Up-to-date: /home/ros2/CHAPT4/CHAPT4_WS/install/chapt4_interfaces/share/chapt4_interfaces/srv/Partol_Response.msg
[0.808s] -- Up-to-date: /home/ros2/CHAPT4/CHAPT4_WS/install/chapt4_interfaces/share/ament_index/resource_index/package_run_dependencies/chapt4_interfaces
[0.808s] -- Up-to-date: /home/ros2/CHAPT4/CHAPT4_WS/install/chapt4_interfaces/share/ament_index/resource_index/parent_prefix_path/chapt4_interfaces
[0.808s] -- Up-to-date: /home/ros2/CHAPT4/CHAPT4_WS/install/chapt4_interfaces/share/chapt4_interfaces/environment/ament_prefix_path.sh
[0.808s] -- Up-to-date: /home/ros2/CHAPT4/CHAPT4_WS/install/chapt4_interfaces/share/chapt4_interfaces/environment/ament_prefix_path.dsv
[0.809s] -- Up-to-date: /home/ros2/CHAPT4/CHAPT4_WS/install/chapt4_interfaces/share/chapt4_interfaces/environment/path.sh
[0.809s] -- Up-to-date: /home/ros2/CHAPT4/CHAPT4_WS/install/chapt4_interfaces/share/chapt4_interfaces/environment/path.dsv
[0.809s] -- Up-to-date: /home/ros2/CHAPT4/CHAPT4_WS/install/chapt4_interfaces/share/chapt4_interfaces/local_setup.bash
[0.809s] -- Up-to-date: /home/ros2/CHAPT4/CHAPT4_WS/install/chapt4_interfaces/share/chapt4_interfaces/local_setup.sh
[0.809s] -- Up-to-date: /home/ros2/CHAPT4/CHAPT4_WS/install/chapt4_interfaces/share/chapt4_interfaces/local_setup.zsh
[0.810s] -- Up-to-date: /home/ros2/CHAPT4/CHAPT4_WS/install/chapt4_interfaces/share/chapt4_interfaces/local_setup.dsv
[0.810s] -- Installing: /home/ros2/CHAPT4/CHAPT4_WS/install/chapt4_interfaces/share/chapt4_interfaces/package.dsv
[0.810s] -- Up-to-date: /home/ros2/CHAPT4/CHAPT4_WS/install/chapt4_interfaces/share/ament_index/resource_index/packages/chapt4_interfaces
[0.810s] -- Up-to-date: /home/ros2/CHAPT4/CHAPT4_WS/install/chapt4_interfaces/share/chapt4_interfaces/cmake/chapt4_interfaces__rosidl_generator_cExport.cmake
[0.811s] -- Up-to-date: /home/ros2/CHAPT4/CHAPT4_WS/install/chapt4_interfaces/share/chapt4_interfaces/cmake/chapt4_interfaces__rosidl_generator_cExport-noconfig.cmake
[0.811s] -- Up-to-date: /home/ros2/CHAPT4/CHAPT4_WS/install/chapt4_interfaces/share/chapt4_interfaces/cmake/chapt4_interfaces__rosidl_typesupport_introspection_cExport.cmake
[0.811s] -- Up-to-date: /home/ros2/CHAPT4/CHAPT4_WS/install/chapt4_interfaces/share/chapt4_interfaces/cmake/chapt4_interfaces__rosidl_typesupport_introspection_cExport-noconfig.cmake
[0.812s] -- Up-to-date: /home/ros2/CHAPT4/CHAPT4_WS/install/chapt4_interfaces/share/chapt4_interfaces/cmake/chapt4_interfaces__rosidl_typesupport_cExport.cmake
[0.812s] -- Up-to-date: /home/ros2/CHAPT4/CHAPT4_WS/install/chapt4_interfaces/share/chapt4_interfaces/cmake/chapt4_interfaces__rosidl_typesupport_cExport-noconfig.cmake
[0.812s] -- Up-to-date: /home/ros2/CHAPT4/CHAPT4_WS/install/chapt4_interfaces/share/chapt4_interfaces/cmake/chapt4_interfaces__rosidl_generator_cppExport.cmake
[0.813s] -- Up-to-date: /home/ros2/CHAPT4/CHAPT4_WS/install/chapt4_interfaces/share/chapt4_interfaces/cmake/chapt4_interfaces__rosidl_typesupport_introspection_cppExport.cmake
[0.813s] -- Up-to-date: /home/ros2/CHAPT4/CHAPT4_WS/install/chapt4_interfaces/share/chapt4_interfaces/cmake/chapt4_interfaces__rosidl_typesupport_introspection_cppExport-noconfig.cmake
[0.813s] -- Up-to-date: /home/ros2/CHAPT4/CHAPT4_WS/install/chapt4_interfaces/share/chapt4_interfaces/cmake/chapt4_interfaces__rosidl_typesupport_cppExport.cmake
[0.814s] -- Up-to-date: /home/ros2/CHAPT4/CHAPT4_WS/install/chapt4_interfaces/share/chapt4_interfaces/cmake/chapt4_interfaces__rosidl_typesupport_cppExport-noconfig.cmake
[0.814s] -- Up-to-date: /home/ros2/CHAPT4/CHAPT4_WS/install/chapt4_interfaces/share/chapt4_interfaces/cmake/rosidl_cmake-extras.cmake
[0.814s] -- Up-to-date: /home/ros2/CHAPT4/CHAPT4_WS/install/chapt4_interfaces/share/chapt4_interfaces/cmake/ament_cmake_export_dependencies-extras.cmake
[0.814s] -- Up-to-date: /home/ros2/CHAPT4/CHAPT4_WS/install/chapt4_interfaces/share/chapt4_interfaces/cmake/ament_cmake_export_libraries-extras.cmake
[0.814s] -- Up-to-date: /home/ros2/CHAPT4/CHAPT4_WS/install/chapt4_interfaces/share/chapt4_interfaces/cmake/ament_cmake_export_targets-extras.cmake
[0.815s] -- Up-to-date: /home/ros2/CHAPT4/CHAPT4_WS/install/chapt4_interfaces/share/chapt4_interfaces/cmake/ament_cmake_export_include_directories-extras.cmake
[0.815s] -- Up-to-date: /home/ros2/CHAPT4/CHAPT4_WS/install/chapt4_interfaces/share/chapt4_interfaces/cmake/rosidl_cmake_export_typesupport_libraries-extras.cmake
[0.815s] -- Up-to-date: /home/ros2/CHAPT4/CHAPT4_WS/install/chapt4_interfaces/share/chapt4_interfaces/cmake/rosidl_cmake_export_typesupport_targets-extras.cmake
[0.815s] -- Up-to-date: /home/ros2/CHAPT4/CHAPT4_WS/install/chapt4_interfaces/share/chapt4_interfaces/cmake/chapt4_interfacesConfig.cmake
[0.815s] -- Up-to-date: /home/ros2/CHAPT4/CHAPT4_WS/install/chapt4_interfaces/share/chapt4_interfaces/cmake/chapt4_interfacesConfig-version.cmake
[0.816s] -- Up-to-date: /home/ros2/CHAPT4/CHAPT4_WS/install/chapt4_interfaces/share/chapt4_interfaces/package.xml
[0.827s] Invoked command in '/home/ros2/CHAPT4/CHAPT4_WS/build/chapt4_interfaces' returned '0': CMAKE_PREFIX_PATH=/opt/ros/foxy /usr/bin/cmake --install /home/ros2/CHAPT4/CHAPT4_WS/build/chapt4_interfaces
