[3.696s] DEBUG:colcon:Command line arguments: ['/usr/bin/colcon', 'build']
[3.696s] DEBUG:colcon:Parsed command line arguments: Namespace(allow_overriding=[], ament_cmake_args=None, base_paths=['.'], build_base='build', catkin_cmake_args=None, catkin_skip_building_tests=False, cmake_args=None, cmake_clean_cache=False, cmake_clean_first=False, cmake_force_configure=False, cmake_target=None, cmake_target_skip_unavailable=False, continue_on_error=False, event_handlers=None, executor='parallel', ignore_user_meta=False, install_base='install', log_base=None, log_level=None, main=<bound method BuildVerb.main of <colcon_core.verb.build.BuildVerb object at 0x7fe0393175b0>>, merge_install=False, metas=['./colcon.meta'], packages_above=None, packages_above_and_dependencies=None, packages_above_depth=None, packages_end=None, packages_ignore=None, packages_ignore_regex=None, packages_select=None, packages_select_build_failed=False, packages_select_by_dep=None, packages_select_regex=None, packages_select_test_failures=False, packages_skip=None, packages_skip_build_finished=False, packages_skip_by_dep=None, packages_skip_regex=None, packages_skip_test_passed=False, packages_skip_up_to=None, packages_start=None, packages_up_to=None, packages_up_to_regex=None, parallel_workers=2, paths=None, symlink_install=False, test_result_base=None, verb_extension=<colcon_core.verb.build.BuildVerb object at 0x7fe0393175b0>, verb_name='build', verb_parser=<colcon_defaults.argument_parser.defaults.DefaultArgumentsDecorator object at 0x7fe0393232b0>)
[4.318s] Level 1:colcon.colcon_core.package_discovery:discover_packages(colcon_meta) check parameters
[4.318s] Level 1:colcon.colcon_core.package_discovery:discover_packages(recursive) check parameters
[4.318s] Level 1:colcon.colcon_core.package_discovery:discover_packages(ignore) check parameters
[4.318s] Level 1:colcon.colcon_core.package_discovery:discover_packages(path) check parameters
[4.318s] Level 1:colcon.colcon_core.package_discovery:discover_packages(colcon_meta) discover
[4.318s] Level 1:colcon.colcon_core.package_discovery:discover_packages(recursive) discover
[4.318s] INFO:colcon.colcon_core.package_discovery:Crawling recursively for packages in '/home/ros2/CHAPT6/chapt6_ws'
[4.318s] Level 1:colcon.colcon_core.package_identification:_identify(.) by extensions ['ignore', 'ignore_ament_install']
[4.318s] Level 1:colcon.colcon_core.package_identification:_identify(.) by extension 'ignore'
[4.319s] Level 1:colcon.colcon_core.package_identification:_identify(.) by extension 'ignore_ament_install'
[4.319s] Level 1:colcon.colcon_core.package_identification:_identify(.) by extensions ['colcon_pkg']
[4.319s] Level 1:colcon.colcon_core.package_identification:_identify(.) by extension 'colcon_pkg'
[4.319s] Level 1:colcon.colcon_core.package_identification:_identify(.) by extensions ['colcon_meta']
[4.319s] Level 1:colcon.colcon_core.package_identification:_identify(.) by extension 'colcon_meta'
[4.319s] Level 1:colcon.colcon_core.package_identification:_identify(.) by extensions ['ros']
[4.319s] Level 1:colcon.colcon_core.package_identification:_identify(.) by extension 'ros'
[4.420s] Level 1:colcon.colcon_core.package_identification:_identify(.) by extensions ['cmake', 'python']
[4.420s] Level 1:colcon.colcon_core.package_identification:_identify(.) by extension 'cmake'
[4.420s] Level 1:colcon.colcon_core.package_identification:_identify(.) by extension 'python'
[4.420s] Level 1:colcon.colcon_core.package_identification:_identify(.) by extensions ['python_setup_py']
[4.420s] Level 1:colcon.colcon_core.package_identification:_identify(.) by extension 'python_setup_py'
[4.420s] Level 1:colcon.colcon_core.package_identification:_identify(build) by extensions ['ignore', 'ignore_ament_install']
[4.420s] Level 1:colcon.colcon_core.package_identification:_identify(build) by extension 'ignore'
[4.420s] Level 1:colcon.colcon_core.package_identification:_identify(build) ignored
[4.420s] Level 1:colcon.colcon_core.package_identification:_identify(install) by extensions ['ignore', 'ignore_ament_install']
[4.420s] Level 1:colcon.colcon_core.package_identification:_identify(install) by extension 'ignore'
[4.421s] Level 1:colcon.colcon_core.package_identification:_identify(install) ignored
[4.424s] Level 1:colcon.colcon_core.package_identification:_identify(log) by extensions ['ignore', 'ignore_ament_install']
[4.424s] Level 1:colcon.colcon_core.package_identification:_identify(log) by extension 'ignore'
[4.424s] Level 1:colcon.colcon_core.package_identification:_identify(log) ignored
[4.424s] Level 1:colcon.colcon_core.package_identification:_identify(src) by extensions ['ignore', 'ignore_ament_install']
[4.425s] Level 1:colcon.colcon_core.package_identification:_identify(src) by extension 'ignore'
[4.425s] Level 1:colcon.colcon_core.package_identification:_identify(src) by extension 'ignore_ament_install'
[4.425s] Level 1:colcon.colcon_core.package_identification:_identify(src) by extensions ['colcon_pkg']
[4.425s] Level 1:colcon.colcon_core.package_identification:_identify(src) by extension 'colcon_pkg'
[4.425s] Level 1:colcon.colcon_core.package_identification:_identify(src) by extensions ['colcon_meta']
[4.425s] Level 1:colcon.colcon_core.package_identification:_identify(src) by extension 'colcon_meta'
[4.425s] Level 1:colcon.colcon_core.package_identification:_identify(src) by extensions ['ros']
[4.425s] Level 1:colcon.colcon_core.package_identification:_identify(src) by extension 'ros'
[4.425s] Level 1:colcon.colcon_core.package_identification:_identify(src) by extensions ['cmake', 'python']
[4.425s] Level 1:colcon.colcon_core.package_identification:_identify(src) by extension 'cmake'
[4.426s] Level 1:colcon.colcon_core.package_identification:_identify(src) by extension 'python'
[4.426s] Level 1:colcon.colcon_core.package_identification:_identify(src) by extensions ['python_setup_py']
[4.426s] Level 1:colcon.colcon_core.package_identification:_identify(src) by extension 'python_setup_py'
[4.426s] Level 1:colcon.colcon_core.package_identification:_identify(src/fishbot_description) by extensions ['ignore', 'ignore_ament_install']
[4.426s] Level 1:colcon.colcon_core.package_identification:_identify(src/fishbot_description) by extension 'ignore'
[4.426s] Level 1:colcon.colcon_core.package_identification:_identify(src/fishbot_description) by extension 'ignore_ament_install'
[4.426s] Level 1:colcon.colcon_core.package_identification:_identify(src/fishbot_description) by extensions ['colcon_pkg']
[4.426s] Level 1:colcon.colcon_core.package_identification:_identify(src/fishbot_description) by extension 'colcon_pkg'
[4.426s] Level 1:colcon.colcon_core.package_identification:_identify(src/fishbot_description) by extensions ['colcon_meta']
[4.426s] Level 1:colcon.colcon_core.package_identification:_identify(src/fishbot_description) by extension 'colcon_meta'
[4.426s] Level 1:colcon.colcon_core.package_identification:_identify(src/fishbot_description) by extensions ['ros']
[4.426s] Level 1:colcon.colcon_core.package_identification:_identify(src/fishbot_description) by extension 'ros'
[4.432s] DEBUG:colcon.colcon_core.package_identification:Package 'src/fishbot_description' with type 'ros.ament_cmake' and name 'fishbot_description'
[4.432s] Level 1:colcon.colcon_core.package_discovery:discover_packages(recursive) using defaults
[4.433s] Level 1:colcon.colcon_core.package_discovery:discover_packages(ignore) discover
[4.433s] Level 1:colcon.colcon_core.package_discovery:discover_packages(ignore) using defaults
[4.433s] Level 1:colcon.colcon_core.package_discovery:discover_packages(path) discover
[4.433s] Level 1:colcon.colcon_core.package_discovery:discover_packages(path) using defaults
[4.603s] Level 1:colcon.colcon_core.package_discovery:discover_packages(prefix_path) check parameters
[4.603s] Level 1:colcon.colcon_core.package_discovery:discover_packages(prefix_path) discover
[4.608s] DEBUG:colcon.colcon_installed_package_information.package_discovery:Found 1 installed packages in /home/ros2/CHAPT6/chapt6_ws/install
[4.639s] DEBUG:colcon.colcon_installed_package_information.package_discovery:Found 258 installed packages in /opt/ros/foxy
[4.641s] Level 1:colcon.colcon_core.package_discovery:discover_packages(prefix_path) using defaults
[7.282s] Level 5:colcon.colcon_core.verb:set package 'fishbot_description' build argument 'cmake_args' from command line to 'None'
[7.282s] Level 5:colcon.colcon_core.verb:set package 'fishbot_description' build argument 'cmake_target' from command line to 'None'
[7.282s] Level 5:colcon.colcon_core.verb:set package 'fishbot_description' build argument 'cmake_target_skip_unavailable' from command line to 'False'
[7.282s] Level 5:colcon.colcon_core.verb:set package 'fishbot_description' build argument 'cmake_clean_cache' from command line to 'False'
[7.282s] Level 5:colcon.colcon_core.verb:set package 'fishbot_description' build argument 'cmake_clean_first' from command line to 'False'
[7.282s] Level 5:colcon.colcon_core.verb:set package 'fishbot_description' build argument 'cmake_force_configure' from command line to 'False'
[7.282s] Level 5:colcon.colcon_core.verb:set package 'fishbot_description' build argument 'ament_cmake_args' from command line to 'None'
[7.282s] Level 5:colcon.colcon_core.verb:set package 'fishbot_description' build argument 'catkin_cmake_args' from command line to 'None'
[7.282s] Level 5:colcon.colcon_core.verb:set package 'fishbot_description' build argument 'catkin_skip_building_tests' from command line to 'False'
[7.282s] DEBUG:colcon.colcon_core.verb:Building package 'fishbot_description' with the following arguments: {'ament_cmake_args': None, 'build_base': '/home/ros2/CHAPT6/chapt6_ws/build/fishbot_description', 'catkin_cmake_args': None, 'catkin_skip_building_tests': False, 'cmake_args': None, 'cmake_clean_cache': False, 'cmake_clean_first': False, 'cmake_force_configure': False, 'cmake_target': None, 'cmake_target_skip_unavailable': False, 'install_base': '/home/ros2/CHAPT6/chapt6_ws/install/fishbot_description', 'merge_install': False, 'path': '/home/ros2/CHAPT6/chapt6_ws/src/fishbot_description', 'symlink_install': False, 'test_result_base': None}
[7.283s] INFO:colcon.colcon_core.executor:Executing jobs using 'parallel' executor
[7.284s] DEBUG:colcon.colcon_parallel_executor.executor.parallel:run_until_complete
[7.284s] INFO:colcon.colcon_ros.task.ament_cmake.build:Building ROS package in '/home/ros2/CHAPT6/chapt6_ws/src/fishbot_description' with build type 'ament_cmake'
[7.284s] INFO:colcon.colcon_cmake.task.cmake.build:Building CMake package in '/home/ros2/CHAPT6/chapt6_ws/src/fishbot_description'
[7.326s] INFO:colcon.colcon_core.plugin_system:Skipping extension 'colcon_core.shell.bat': Not used on non-Windows systems
[7.326s] INFO:colcon.colcon_core.shell:Skip shell extension 'powershell' for command environment: Not usable outside of PowerShell
[7.326s] DEBUG:colcon.colcon_core.shell:Skip shell extension 'dsv' for command environment
[7.357s] DEBUG:colcon.colcon_core.event_handler.log_command:Invoking command in '/home/ros2/CHAPT6/chapt6_ws/build/fishbot_description': CMAKE_PREFIX_PATH=${CMAKE_PREFIX_PATH}:/opt/ros/foxy /usr/bin/cmake --build /home/ros2/CHAPT6/chapt6_ws/build/fishbot_description -- -j2 -l2
[8.225s] DEBUG:colcon.colcon_core.event_handler.log_command:Invoked command in '/home/ros2/CHAPT6/chapt6_ws/build/fishbot_description' returned '0': CMAKE_PREFIX_PATH=${CMAKE_PREFIX_PATH}:/opt/ros/foxy /usr/bin/cmake --build /home/ros2/CHAPT6/chapt6_ws/build/fishbot_description -- -j2 -l2
[8.271s] DEBUG:colcon.colcon_core.event_handler.log_command:Invoking command in '/home/ros2/CHAPT6/chapt6_ws/build/fishbot_description': CMAKE_PREFIX_PATH=${CMAKE_PREFIX_PATH}:/opt/ros/foxy /usr/bin/cmake --install /home/ros2/CHAPT6/chapt6_ws/build/fishbot_description
[8.336s] Level 1:colcon.colcon_core.environment:create_environment_scripts_only(fishbot_description)
[8.337s] DEBUG:colcon.colcon_core.event_handler.log_command:Invoked command in '/home/ros2/CHAPT6/chapt6_ws/build/fishbot_description' returned '0': CMAKE_PREFIX_PATH=${CMAKE_PREFIX_PATH}:/opt/ros/foxy /usr/bin/cmake --install /home/ros2/CHAPT6/chapt6_ws/build/fishbot_description
[8.368s] Level 1:colcon.colcon_core.environment:checking '/home/ros2/CHAPT6/chapt6_ws/install/fishbot_description' for CMake module files
[8.369s] Level 1:colcon.colcon_core.environment:checking '/home/ros2/CHAPT6/chapt6_ws/install/fishbot_description' for CMake config files
[8.369s] Level 1:colcon.colcon_core.shell:create_environment_hook('fishbot_description', 'cmake_prefix_path')
[8.369s] INFO:colcon.colcon_core.shell:Creating environment hook '/home/ros2/CHAPT6/chapt6_ws/install/fishbot_description/share/fishbot_description/hook/cmake_prefix_path.ps1'
[8.371s] INFO:colcon.colcon_core.shell:Creating environment descriptor '/home/ros2/CHAPT6/chapt6_ws/install/fishbot_description/share/fishbot_description/hook/cmake_prefix_path.dsv'
[8.371s] INFO:colcon.colcon_core.shell:Creating environment hook '/home/ros2/CHAPT6/chapt6_ws/install/fishbot_description/share/fishbot_description/hook/cmake_prefix_path.sh'
[8.372s] Level 1:colcon.colcon_core.environment:checking '/home/ros2/CHAPT6/chapt6_ws/install/fishbot_description/bin'
[8.372s] Level 1:colcon.colcon_core.environment:checking '/home/ros2/CHAPT6/chapt6_ws/install/fishbot_description/lib/pkgconfig/fishbot_description.pc'
[8.373s] Level 1:colcon.colcon_core.environment:checking '/home/ros2/CHAPT6/chapt6_ws/install/fishbot_description/lib/python3.8/site-packages'
[8.373s] Level 1:colcon.colcon_core.environment:checking '/home/ros2/CHAPT6/chapt6_ws/install/fishbot_description/bin'
[8.373s] INFO:colcon.colcon_core.shell:Creating package script '/home/ros2/CHAPT6/chapt6_ws/install/fishbot_description/share/fishbot_description/package.ps1'
[8.376s] INFO:colcon.colcon_core.shell:Creating package descriptor '/home/ros2/CHAPT6/chapt6_ws/install/fishbot_description/share/fishbot_description/package.dsv'
[8.392s] INFO:colcon.colcon_core.shell:Creating package script '/home/ros2/CHAPT6/chapt6_ws/install/fishbot_description/share/fishbot_description/package.sh'
[8.393s] INFO:colcon.colcon_core.shell:Creating package script '/home/ros2/CHAPT6/chapt6_ws/install/fishbot_description/share/fishbot_description/package.bash'
[8.418s] INFO:colcon.colcon_core.shell:Creating package script '/home/ros2/CHAPT6/chapt6_ws/install/fishbot_description/share/fishbot_description/package.zsh'
[8.421s] Level 1:colcon.colcon_core.environment:create_file_with_runtime_dependencies(/home/ros2/CHAPT6/chapt6_ws/install/fishbot_description/share/colcon-core/packages/fishbot_description)
[8.453s] Level 1:colcon.colcon_core.environment:create_environment_scripts_only(fishbot_description)
[8.453s] Level 1:colcon.colcon_core.environment:checking '/home/ros2/CHAPT6/chapt6_ws/install/fishbot_description' for CMake module files
[8.453s] Level 1:colcon.colcon_core.environment:checking '/home/ros2/CHAPT6/chapt6_ws/install/fishbot_description' for CMake config files
[8.454s] Level 1:colcon.colcon_core.shell:create_environment_hook('fishbot_description', 'cmake_prefix_path')
[8.454s] INFO:colcon.colcon_core.shell:Creating environment hook '/home/ros2/CHAPT6/chapt6_ws/install/fishbot_description/share/fishbot_description/hook/cmake_prefix_path.ps1'
[8.455s] INFO:colcon.colcon_core.shell:Creating environment descriptor '/home/ros2/CHAPT6/chapt6_ws/install/fishbot_description/share/fishbot_description/hook/cmake_prefix_path.dsv'
[8.456s] INFO:colcon.colcon_core.shell:Creating environment hook '/home/ros2/CHAPT6/chapt6_ws/install/fishbot_description/share/fishbot_description/hook/cmake_prefix_path.sh'
[8.456s] Level 1:colcon.colcon_core.environment:checking '/home/ros2/CHAPT6/chapt6_ws/install/fishbot_description/bin'
[8.456s] Level 1:colcon.colcon_core.environment:checking '/home/ros2/CHAPT6/chapt6_ws/install/fishbot_description/lib/pkgconfig/fishbot_description.pc'
[8.457s] Level 1:colcon.colcon_core.environment:checking '/home/ros2/CHAPT6/chapt6_ws/install/fishbot_description/lib/python3.8/site-packages'
[8.457s] Level 1:colcon.colcon_core.environment:checking '/home/ros2/CHAPT6/chapt6_ws/install/fishbot_description/bin'
[8.457s] INFO:colcon.colcon_core.shell:Creating package script '/home/ros2/CHAPT6/chapt6_ws/install/fishbot_description/share/fishbot_description/package.ps1'
[8.458s] INFO:colcon.colcon_core.shell:Creating package descriptor '/home/ros2/CHAPT6/chapt6_ws/install/fishbot_description/share/fishbot_description/package.dsv'
[8.460s] INFO:colcon.colcon_core.shell:Creating package script '/home/ros2/CHAPT6/chapt6_ws/install/fishbot_description/share/fishbot_description/package.sh'
[8.461s] INFO:colcon.colcon_core.shell:Creating package script '/home/ros2/CHAPT6/chapt6_ws/install/fishbot_description/share/fishbot_description/package.bash'
[8.462s] INFO:colcon.colcon_core.shell:Creating package script '/home/ros2/CHAPT6/chapt6_ws/install/fishbot_description/share/fishbot_description/package.zsh'
[8.463s] Level 1:colcon.colcon_core.environment:create_file_with_runtime_dependencies(/home/ros2/CHAPT6/chapt6_ws/install/fishbot_description/share/colcon-core/packages/fishbot_description)
[8.464s] DEBUG:colcon.colcon_parallel_executor.executor.parallel:closing loop
[8.465s] DEBUG:colcon.colcon_parallel_executor.executor.parallel:loop closed
[8.465s] DEBUG:colcon.colcon_parallel_executor.executor.parallel:run_until_complete finished with '0'
[8.465s] DEBUG:colcon.colcon_core.event_reactor:joining thread
[8.523s] INFO:colcon.colcon_core.plugin_system:Skipping extension 'colcon_notification.desktop_notification.terminal_notifier': Not used on non-Darwin systems
[8.523s] INFO:colcon.colcon_core.plugin_system:Skipping extension 'colcon_notification.desktop_notification.win32': Not used on non-Windows systems
[8.523s] INFO:colcon.colcon_notification.desktop_notification:Sending desktop notification using 'notify2'
[8.561s] DEBUG:colcon.colcon_core.event_reactor:joined thread
[8.561s] INFO:colcon.colcon_core.shell:Creating prefix script '/home/ros2/CHAPT6/chapt6_ws/install/local_setup.ps1'
[8.564s] INFO:colcon.colcon_core.shell:Creating prefix util module '/home/ros2/CHAPT6/chapt6_ws/install/_local_setup_util_ps1.py'
[8.566s] INFO:colcon.colcon_core.shell:Creating prefix chain script '/home/ros2/CHAPT6/chapt6_ws/install/setup.ps1'
[8.568s] INFO:colcon.colcon_core.shell:Creating prefix script '/home/ros2/CHAPT6/chapt6_ws/install/local_setup.sh'
[8.569s] INFO:colcon.colcon_core.shell:Creating prefix util module '/home/ros2/CHAPT6/chapt6_ws/install/_local_setup_util_sh.py'
[8.570s] INFO:colcon.colcon_core.shell:Creating prefix chain script '/home/ros2/CHAPT6/chapt6_ws/install/setup.sh'
[8.572s] INFO:colcon.colcon_core.shell:Creating prefix script '/home/ros2/CHAPT6/chapt6_ws/install/local_setup.bash'
[8.573s] INFO:colcon.colcon_core.shell:Creating prefix chain script '/home/ros2/CHAPT6/chapt6_ws/install/setup.bash'
[8.579s] INFO:colcon.colcon_core.shell:Creating prefix script '/home/ros2/CHAPT6/chapt6_ws/install/local_setup.zsh'
[8.580s] INFO:colcon.colcon_core.shell:Creating prefix chain script '/home/ros2/CHAPT6/chapt6_ws/install/setup.zsh'
