[0.047s] Invoking command in '/home/ros2/CHAPT4/CHAPT4_WS/build/demo_cpp_service': CMAKE_PREFIX_PATH=/home/ros2/CHAPT4/CHAPT4_WS/install/chapt4_interfaces:/home/ros2/CHAPT4/CHAPT4_WS/install/demo_cpp_service:/home/ros2/CHAPT4/CHAPT4_WS/install/demo_python_service:/opt/ros/foxy PYTHONPATH=/home/ros2/CHAPT4/CHAPT4_WS/install/chapt4_interfaces/lib/python3.8/site-packages:/home/ros2/CHAPT4/CHAPT4_WS/install/demo_python_service/lib/python3.8/site-packages:/opt/ros/foxy/lib/python3.8/site-packages /usr/bin/cmake --build /home/ros2/CHAPT4/CHAPT4_WS/build/demo_cpp_service -- -j2 -l2
[0.145s] [35m[1mScanning dependencies of target partol_client[0m
[0.253s] [ 25%] [32mBuilding CXX object CMakeFiles/partol_client.dir/src/partol_client.cpp.o[0m
[3.359s] In file included from [01m[K/usr/include/x86_64-linux-gnu/c++/9/bits/c++allocator.h:33[m[K,
[3.359s]                  from [01m[K/usr/include/c++/9/bits/allocator.h:46[m[K,
[3.359s]                  from [01m[K/usr/include/c++/9/memory:63[m[K,
[3.359s]                  from [01m[K/opt/ros/foxy/include/rclcpp/rclcpp.hpp:144[m[K,
[3.359s]                  from [01m[K/home/ros2/CHAPT4/CHAPT4_WS/src/demo_cpp_service/src/partol_client.cpp:1[m[K:
[3.359s] /usr/include/c++/9/ext/new_allocator.h: In instantiation of ‘[01m[Kvoid __gnu_cxx::new_allocator<_Tp>::construct(_Up*, _Args&& ...) [with _Up = PartolClient; _Args = {}; _Tp = PartolClient][m[K’:
[3.359s] [01m[K/usr/include/c++/9/bits/alloc_traits.h:483:4:[m[K   required from ‘[01m[Kstatic void std::allocator_traits<std::allocator<_Tp1> >::construct(std::allocator_traits<std::allocator<_Tp1> >::allocator_type&, _Up*, _Args&& ...) [with _Up = PartolClient; _Args = {}; _Tp = PartolClient; std::allocator_traits<std::allocator<_Tp1> >::allocator_type = std::allocator<PartolClient>][m[K’
[3.359s] [01m[K/usr/include/c++/9/bits/shared_ptr_base.h:548:39:[m[K   required from ‘[01m[Kstd::_Sp_counted_ptr_inplace<_Tp, _Alloc, _Lp>::_Sp_counted_ptr_inplace(_Alloc, _Args&& ...) [with _Args = {}; _Tp = PartolClient; _Alloc = std::allocator<PartolClient>; __gnu_cxx::_Lock_policy _Lp = __gnu_cxx::_S_atomic][m[K’
[3.359s] [01m[K/usr/include/c++/9/bits/shared_ptr_base.h:679:16:[m[K   required from ‘[01m[Kstd::__shared_count<_Lp>::__shared_count(_Tp*&, std::_Sp_alloc_shared_tag<_Alloc>, _Args&& ...) [with _Tp = PartolClient; _Alloc = std::allocator<PartolClient>; _Args = {}; __gnu_cxx::_Lock_policy _Lp = __gnu_cxx::_S_atomic][m[K’
[3.359s] [01m[K/usr/include/c++/9/bits/shared_ptr_base.h:1344:71:[m[K   required from ‘[01m[Kstd::__shared_ptr<_Tp, _Lp>::__shared_ptr(std::_Sp_alloc_shared_tag<_Tp>, _Args&& ...) [with _Alloc = std::allocator<PartolClient>; _Args = {}; _Tp = PartolClient; __gnu_cxx::_Lock_policy _Lp = __gnu_cxx::_S_atomic][m[K’
[3.359s] [01m[K/usr/include/c++/9/bits/shared_ptr.h:359:59:[m[K   required from ‘[01m[Kstd::shared_ptr<_Tp>::shared_ptr(std::_Sp_alloc_shared_tag<_Tp>, _Args&& ...) [with _Alloc = std::allocator<PartolClient>; _Args = {}; _Tp = PartolClient][m[K’
[3.359s] [01m[K/usr/include/c++/9/bits/shared_ptr.h:701:14:[m[K   required from ‘[01m[Kstd::shared_ptr<_Tp> std::allocate_shared(const _Alloc&, _Args&& ...) [with _Tp = PartolClient; _Alloc = std::allocator<PartolClient>; _Args = {}][m[K’
[3.359s] [01m[K/usr/include/c++/9/bits/shared_ptr.h:717:39:[m[K   required from ‘[01m[Kstd::shared_ptr<_Tp> std::make_shared(_Args&& ...) [with _Tp = PartolClient; _Args = {}][m[K’
[3.359s] [01m[K/home/ros2/CHAPT4/CHAPT4_WS/src/demo_cpp_service/src/partol_client.cpp:60:48:[m[K   required from here
[3.359s] [01m[K/usr/include/c++/9/ext/new_allocator.h:146:4:[m[K [01;31m[Kerror: [m[Kno matching function for call to ‘[01m[KPartolClient::PartolClient()[m[K’
[3.359s]   146 |  { [01;31m[K::new((void *)__p) _Up(std::forward<_Args>(__args)...)[m[K; }
[3.359s]       |    [01;31m[K^~~~~~~~~~~~~~~~~~~~~~~~~~~~~~~~~~~~~~~~~~~~~~~~~~~~~~[m[K
[3.360s] [01m[K/home/ros2/CHAPT4/CHAPT4_WS/src/demo_cpp_service/src/partol_client.cpp:12:5:[m[K [01;36m[Knote: [m[Kcandidate: ‘[01m[KPartolClient::PartolClient(const string&)[m[K’
[3.360s]    12 |     [01;36m[KPartolClient[m[K(const std::string &node_name) : Node(node_name)
[3.360s]       |     [01;36m[K^~~~~~~~~~~~[m[K
[3.360s] [01m[K/home/ros2/CHAPT4/CHAPT4_WS/src/demo_cpp_service/src/partol_client.cpp:12:5:[m[K [01;36m[Knote: [m[K  candidate expects 1 argument, 0 provided
[3.517s] make[2]: *** [CMakeFiles/partol_client.dir/build.make:63：CMakeFiles/partol_client.dir/src/partol_client.cpp.o] 错误 1
[3.517s] make[1]: *** [CMakeFiles/Makefile2:80：CMakeFiles/partol_client.dir/all] 错误 2
[3.517s] make: *** [Makefile:141：all] 错误 2
[3.519s] Invoked command in '/home/ros2/CHAPT4/CHAPT4_WS/build/demo_cpp_service' returned '2': CMAKE_PREFIX_PATH=/home/ros2/CHAPT4/CHAPT4_WS/install/chapt4_interfaces:/home/ros2/CHAPT4/CHAPT4_WS/install/demo_cpp_service:/home/ros2/CHAPT4/CHAPT4_WS/install/demo_python_service:/opt/ros/foxy PYTHONPATH=/home/ros2/CHAPT4/CHAPT4_WS/install/chapt4_interfaces/lib/python3.8/site-packages:/home/ros2/CHAPT4/CHAPT4_WS/install/demo_python_service/lib/python3.8/site-packages:/opt/ros/foxy/lib/python3.8/site-packages /usr/bin/cmake --build /home/ros2/CHAPT4/CHAPT4_WS/build/demo_cpp_service -- -j2 -l2
