[0.028s] Invoking command in '/home/ros2/CHAPT4/CHAPT4_WS/build/demo_cpp_service': CMAKE_PREFIX_PATH=/home/ros2/CHAPT4/CHAPT4_WS/install/chapt4_interfaces:/home/ros2/CHAPT4/CHAPT4_WS/install/demo_cpp_service:/home/ros2/CHAPT4/CHAPT4_WS/install/demo_python_service:/opt/ros/foxy PYTHONPATH=/home/ros2/CHAPT4/CHAPT4_WS/install/chapt4_interfaces/lib/python3.8/site-packages:/home/ros2/CHAPT4/CHAPT4_WS/install/demo_python_service/lib/python3.8/site-packages:/opt/ros/foxy/lib/python3.8/site-packages /usr/bin/cmake --build /home/ros2/CHAPT4/CHAPT4_WS/build/demo_cpp_service -- -j2 -l2
[0.292s] [ 50%] Built target partol_client
[0.374s] [100%] Built target turtle_contorl
[0.454s] Invoked command in '/home/ros2/CHAPT4/CHAPT4_WS/build/demo_cpp_service' returned '0': CMAKE_PREFIX_PATH=/home/ros2/CHAPT4/CHAPT4_WS/install/chapt4_interfaces:/home/ros2/CHAPT4/CHAPT4_WS/install/demo_cpp_service:/home/ros2/CHAPT4/CHAPT4_WS/install/demo_python_service:/opt/ros/foxy PYTHONPATH=/home/ros2/CHAPT4/CHAPT4_WS/install/chapt4_interfaces/lib/python3.8/site-packages:/home/ros2/CHAPT4/CHAPT4_WS/install/demo_python_service/lib/python3.8/site-packages:/opt/ros/foxy/lib/python3.8/site-packages /usr/bin/cmake --build /home/ros2/CHAPT4/CHAPT4_WS/build/demo_cpp_service -- -j2 -l2
[0.497s] Invoking command in '/home/ros2/CHAPT4/CHAPT4_WS/build/demo_cpp_service': CMAKE_PREFIX_PATH=/home/ros2/CHAPT4/CHAPT4_WS/install/chapt4_interfaces:/home/ros2/CHAPT4/CHAPT4_WS/install/demo_cpp_service:/home/ros2/CHAPT4/CHAPT4_WS/install/demo_python_service:/opt/ros/foxy PYTHONPATH=/home/ros2/CHAPT4/CHAPT4_WS/install/chapt4_interfaces/lib/python3.8/site-packages:/home/ros2/CHAPT4/CHAPT4_WS/install/demo_python_service/lib/python3.8/site-packages:/opt/ros/foxy/lib/python3.8/site-packages /usr/bin/cmake --install /home/ros2/CHAPT4/CHAPT4_WS/build/demo_cpp_service
[0.514s] -- Install configuration: ""
[0.514s] -- Up-to-date: /home/ros2/CHAPT4/CHAPT4_WS/install/demo_cpp_service/lib/demo_cpp_service/turtle_contorl
[0.514s] -- Up-to-date: /home/ros2/CHAPT4/CHAPT4_WS/install/demo_cpp_service/lib/demo_cpp_service/partol_client
[0.515s] -- Up-to-date: /home/ros2/CHAPT4/CHAPT4_WS/install/demo_cpp_service/share/ament_index/resource_index/package_run_dependencies/demo_cpp_service
[0.515s] -- Up-to-date: /home/ros2/CHAPT4/CHAPT4_WS/install/demo_cpp_service/share/ament_index/resource_index/parent_prefix_path/demo_cpp_service
[0.515s] -- Up-to-date: /home/ros2/CHAPT4/CHAPT4_WS/install/demo_cpp_service/share/demo_cpp_service/environment/ament_prefix_path.sh
[0.516s] -- Up-to-date: /home/ros2/CHAPT4/CHAPT4_WS/install/demo_cpp_service/share/demo_cpp_service/environment/ament_prefix_path.dsv
[0.516s] -- Up-to-date: /home/ros2/CHAPT4/CHAPT4_WS/install/demo_cpp_service/share/demo_cpp_service/environment/path.sh
[0.516s] -- Up-to-date: /home/ros2/CHAPT4/CHAPT4_WS/install/demo_cpp_service/share/demo_cpp_service/environment/path.dsv
[0.516s] -- Up-to-date: /home/ros2/CHAPT4/CHAPT4_WS/install/demo_cpp_service/share/demo_cpp_service/local_setup.bash
[0.517s] -- Up-to-date: /home/ros2/CHAPT4/CHAPT4_WS/install/demo_cpp_service/share/demo_cpp_service/local_setup.sh
[0.518s] -- Up-to-date: /home/ros2/CHAPT4/CHAPT4_WS/install/demo_cpp_service/share/demo_cpp_service/local_setup.zsh
[0.518s] -- Up-to-date: /home/ros2/CHAPT4/CHAPT4_WS/install/demo_cpp_service/share/demo_cpp_service/local_setup.dsv
[0.518s] -- Installing: /home/ros2/CHAPT4/CHAPT4_WS/install/demo_cpp_service/share/demo_cpp_service/package.dsv
[0.520s] -- Up-to-date: /home/ros2/CHAPT4/CHAPT4_WS/install/demo_cpp_service/share/ament_index/resource_index/packages/demo_cpp_service
[0.520s] -- Up-to-date: /home/ros2/CHAPT4/CHAPT4_WS/install/demo_cpp_service/share/demo_cpp_service/cmake/demo_cpp_serviceConfig.cmake
[0.521s] -- Up-to-date: /home/ros2/CHAPT4/CHAPT4_WS/install/demo_cpp_service/share/demo_cpp_service/cmake/demo_cpp_serviceConfig-version.cmake
[0.522s] -- Up-to-date: /home/ros2/CHAPT4/CHAPT4_WS/install/demo_cpp_service/share/demo_cpp_service/package.xml
[0.525s] Invoked command in '/home/ros2/CHAPT4/CHAPT4_WS/build/demo_cpp_service' returned '0': CMAKE_PREFIX_PATH=/home/ros2/CHAPT4/CHAPT4_WS/install/chapt4_interfaces:/home/ros2/CHAPT4/CHAPT4_WS/install/demo_cpp_service:/home/ros2/CHAPT4/CHAPT4_WS/install/demo_python_service:/opt/ros/foxy PYTHONPATH=/home/ros2/CHAPT4/CHAPT4_WS/install/chapt4_interfaces/lib/python3.8/site-packages:/home/ros2/CHAPT4/CHAPT4_WS/install/demo_python_service/lib/python3.8/site-packages:/opt/ros/foxy/lib/python3.8/site-packages /usr/bin/cmake --install /home/ros2/CHAPT4/CHAPT4_WS/build/demo_cpp_service
