[0.825s] Invoking command in '/home/ros2/CHAPT2/chapt2_ws/src/demo_python_pkg': PYTHONPATH=/home/ros2/CHAPT2/chapt2_ws/build/demo_python_pkg/prefix_override:/usr/lib/python3/dist-packages/colcon_core/task/python/colcon_distutils_commands:/home/ros2/CHAPT2/chapt2_ws/install/demo_python_pkg/lib/python3.8/site-packages:${PYTHONPATH} /usr/bin/python3 -W ignore:setup.py install is deprecated setup.py egg_info --egg-base ../../build/demo_python_pkg build --build-base /home/ros2/CHAPT2/chapt2_ws/build/demo_python_pkg/build install --record /home/ros2/CHAPT2/chapt2_ws/build/demo_python_pkg/install.log --install-scripts $base/lib/demo_python_pkg --single-version-externally-managed install_data
[1.104s] running egg_info
[1.104s] writing ../../build/demo_python_pkg/demo_python_pkg.egg-info/PKG-INFO
[1.105s] writing dependency_links to ../../build/demo_python_pkg/demo_python_pkg.egg-info/dependency_links.txt
[1.105s] writing entry points to ../../build/demo_python_pkg/demo_python_pkg.egg-info/entry_points.txt
[1.105s] writing requirements to ../../build/demo_python_pkg/demo_python_pkg.egg-info/requires.txt
[1.105s] writing top-level names to ../../build/demo_python_pkg/demo_python_pkg.egg-info/top_level.txt
[1.151s] reading manifest file '../../build/demo_python_pkg/demo_python_pkg.egg-info/SOURCES.txt'
[1.152s] writing manifest file '../../build/demo_python_pkg/demo_python_pkg.egg-info/SOURCES.txt'
[1.153s] running build
[1.153s] running build_py
[1.153s] copying demo_python_pkg/person_node.py -> /home/ros2/CHAPT2/chapt2_ws/build/demo_python_pkg/build/lib/demo_python_pkg
[1.154s] running install
[1.155s] running install_lib
[1.156s] copying /home/ros2/CHAPT2/chapt2_ws/build/demo_python_pkg/build/lib/demo_python_pkg/person_node.py -> /home/ros2/CHAPT2/chapt2_ws/install/demo_python_pkg/lib/python3.8/site-packages/demo_python_pkg
[1.160s] byte-compiling /home/ros2/CHAPT2/chapt2_ws/install/demo_python_pkg/lib/python3.8/site-packages/demo_python_pkg/person_node.py to person_node.cpython-38.pyc
[1.161s] running install_data
[1.161s] running install_egg_info
[1.164s] removing '/home/ros2/CHAPT2/chapt2_ws/install/demo_python_pkg/lib/python3.8/site-packages/demo_python_pkg-0.0.0-py3.8.egg-info' (and everything under it)
[1.165s] Copying ../../build/demo_python_pkg/demo_python_pkg.egg-info to /home/ros2/CHAPT2/chapt2_ws/install/demo_python_pkg/lib/python3.8/site-packages/demo_python_pkg-0.0.0-py3.8.egg-info
[1.168s] running install_scripts
[1.190s] Installing person_node script to /home/ros2/CHAPT2/chapt2_ws/install/demo_python_pkg/lib/demo_python_pkg
[1.190s] Installing python_node script to /home/ros2/CHAPT2/chapt2_ws/install/demo_python_pkg/lib/demo_python_pkg
[1.190s] writing list of installed files to '/home/ros2/CHAPT2/chapt2_ws/build/demo_python_pkg/install.log'
[1.224s] Invoked command in '/home/ros2/CHAPT2/chapt2_ws/src/demo_python_pkg' returned '0': PYTHONPATH=/home/ros2/CHAPT2/chapt2_ws/build/demo_python_pkg/prefix_override:/usr/lib/python3/dist-packages/colcon_core/task/python/colcon_distutils_commands:/home/ros2/CHAPT2/chapt2_ws/install/demo_python_pkg/lib/python3.8/site-packages:${PYTHONPATH} /usr/bin/python3 -W ignore:setup.py install is deprecated setup.py egg_info --egg-base ../../build/demo_python_pkg build --build-base /home/ros2/CHAPT2/chapt2_ws/build/demo_python_pkg/build install --record /home/ros2/CHAPT2/chapt2_ws/build/demo_python_pkg/install.log --install-scripts $base/lib/demo_python_pkg --single-version-externally-managed install_data
