[0.011s] Invoking command in '/home/ros2/CHAPT2/chapt2_ws/build/demo_cpp_pkg': CMAKE_PREFIX_PATH=/opt/ros/foxy /usr/bin/cmake --build /home/ros2/CHAPT2/chapt2_ws/build/demo_cpp_pkg -- -j2 -l2
[0.042s] -- Found ament_cmake: 0.9.12 (/opt/ros/foxy/share/ament_cmake/cmake)
[0.068s] -- Using PYTHON_EXECUTABLE: /usr/bin/python3
[0.257s] -- Found rclcpp: 2.4.3 (/opt/ros/foxy/share/rclcpp/cmake)
[0.288s] -- Using all available rosidl_typesupport_c: rosidl_typesupport_fastrtps_c;rosidl_typesupport_introspection_c
[0.293s] -- Found rosidl_adapter: 1.3.1 (/opt/ros/foxy/share/rosidl_adapter/cmake)
[0.397s] -- Using all available rosidl_typesupport_cpp: rosidl_typesupport_fastrtps_cpp;rosidl_typesupport_introspection_cpp
[0.444s] -- Found rmw_implementation_cmake: 1.0.4 (/opt/ros/foxy/share/rmw_implementation_cmake/cmake)
[0.446s] -- Using RMW implementation 'rmw_fastrtps_cpp' as default
[0.589s] -- Found ament_lint_auto: 0.9.8 (/opt/ros/foxy/share/ament_lint_auto/cmake)
[0.657s] -- Added test 'copyright' to check source files copyright and LICENSE
[0.665s] -- Added test 'cppcheck' to perform static code analysis on C / C++ code
[0.666s] -- Configured cppcheck include dirs: /home/ros2/CHAPT2/chapt2_ws/src/demo_cpp_pkg/include;/home/ros2/CHAPT2/chapt2_ws/src/demo_cpp_pkg/(;/home/ros2/CHAPT2/chapt2_ws/src/demo_cpp_pkg/)
[0.666s] -- Configured cppcheck exclude dirs and/or files: 
[0.673s] -- Added test 'cpplint' to check C / C++ code against the Google style
[0.673s] -- Configured cpplint exclude dirs and/or files: 
[0.675s] -- Added test 'flake8' to check Python code syntax and style conventions
[0.677s] -- Added test 'lint_cmake' to check CMake code style
[0.678s] -- Added test 'pep257' to check Python code against some of the style conventions in PEP 257
[0.685s] -- Added test 'uncrustify' to check C / C++ code style
[0.685s] -- Configured uncrustify additional arguments: 
[0.687s] -- Added test 'xmllint' to check XML markup files
[0.688s] -- Configuring done
[0.703s] -- Generating done
[0.706s] -- Build files have been written to: /home/ros2/CHAPT2/chapt2_ws/build/demo_cpp_pkg
[0.767s] [ 16%] Built target learn_lambda
[0.776s] [ 33%] Built target person_node
[0.786s] [ 50%] Built target learn_shared_ptr
[0.795s] [ 66%] Built target learn_func
[0.816s] [ 75%] [32m[1mLinking CXX executable learn_thread[0m
[0.830s] [ 91%] Built target cpp_node
[1.033s] /usr/bin/ld: CMakeFiles/learn_thread.dir/src/learn_thread.cpp.o: in function `std::thread::thread<std::_Bind<void (Download::*(Download*, std::_Placeholder<1>, std::_Placeholder<2>, std::_Placeholder<3>))(std::__cxx11::basic_string<char, std::char_traits<char>, std::allocator<char> > const&, std::__cxx11::basic_string<char, std::char_traits<char>, std::allocator<char> > const&, std::function<void (std::__cxx11::basic_string<char, std::char_traits<char>, std::allocator<char> > const&, std::__cxx11::basic_string<char, std::char_traits<char>, std::allocator<char> > const&)> const&)>&, std::__cxx11::basic_string<char, std::char_traits<char>, std::allocator<char> > const&, std::__cxx11::basic_string<char, std::char_traits<char>, std::allocator<char> > const&, std::function<void (std::__cxx11::basic_string<char, std::char_traits<char>, std::allocator<char> > const&, std::__cxx11::basic_string<char, std::char_traits<char>, std::allocator<char> > const&)> const&, void>(std::_Bind<void (Download::*(Download*, std::_Placeholder<1>, std::_Placeholder<2>, std::_Placeholder<3>))(std::__cxx11::basic_string<char, std::char_traits<char>, std::allocator<char> > const&, std::__cxx11::basic_string<char, std::char_traits<char>, std::allocator<char> > const&, std::function<void (std::__cxx11::basic_string<char, std::char_traits<char>, std::allocator<char> > const&, std::__cxx11::basic_string<char, std::char_traits<char>, std::allocator<char> > const&)> const&)>&, std::__cxx11::basic_string<char, std::char_traits<char>, std::allocator<char> > const&, std::__cxx11::basic_string<char, std::char_traits<char>, std::allocator<char> > const&, std::function<void (std::__cxx11::basic_string<char, std::char_traits<char>, std::allocator<char> > const&, std::__cxx11::basic_string<char, std::char_traits<char>, std::allocator<char> > const&)> const&)':
[1.034s] learn_thread.cpp:(.text._ZNSt6threadC2IRSt5_BindIFM8DownloadFvRKNSt7__cxx1112basic_stringIcSt11char_traitsIcESaIcEEESA_RKSt8functionIFvSA_SA_EEEPS2_St12_PlaceholderILi1EESJ_ILi2EESJ_ILi3EEEEJSA_SA_SF_EvEEOT_DpOT0_[_ZNSt6threadC5IRSt5_BindIFM8DownloadFvRKNSt7__cxx1112basic_stringIcSt11char_traitsIcESaIcEEESA_RKSt8functionIFvSA_SA_EEEPS2_St12_PlaceholderILi1EESJ_ILi2EESJ_ILi3EEEEJSA_SA_SF_EvEEOT_DpOT0_]+0x58): undefined reference to `pthread_create'
[1.034s] collect2: error: ld returned 1 exit status
[1.037s] make[2]: *** [CMakeFiles/learn_thread.dir/build.make:84：learn_thread] 错误 1
[1.037s] make[1]: *** [CMakeFiles/Makefile2:277：CMakeFiles/learn_thread.dir/all] 错误 2
[1.037s] make: *** [Makefile:141：all] 错误 2
[1.042s] Invoked command in '/home/ros2/CHAPT2/chapt2_ws/build/demo_cpp_pkg' returned '2': CMAKE_PREFIX_PATH=/opt/ros/foxy /usr/bin/cmake --build /home/ros2/CHAPT2/chapt2_ws/build/demo_cpp_pkg -- -j2 -l2
