[1.162s] Invoking command in '/home/ros2/CHAPT3/topic_ws/src/demo_python_topic': PYTHONPATH=/home/ros2/CHAPT3/topic_ws/build/demo_python_topic/prefix_override:/usr/lib/python3/dist-packages/colcon_core/task/python/colcon_distutils_commands:/home/ros2/CHAPT3/topic_ws/install/demo_python_topic/lib/python3.8/site-packages:${PYTHONPATH} /usr/bin/python3 -W ignore:setup.py install is deprecated setup.py egg_info --egg-base ../../build/demo_python_topic build --build-base /home/ros2/CHAPT3/topic_ws/build/demo_python_topic/build install --record /home/ros2/CHAPT3/topic_ws/build/demo_python_topic/install.log --install-scripts $base/lib/demo_python_topic --single-version-externally-managed install_data
[1.430s] running egg_info
[1.431s] writing ../../build/demo_python_topic/demo_python_topic.egg-info/PKG-INFO
[1.431s] writing dependency_links to ../../build/demo_python_topic/demo_python_topic.egg-info/dependency_links.txt
[1.432s] writing entry points to ../../build/demo_python_topic/demo_python_topic.egg-info/entry_points.txt
[1.432s] writing requirements to ../../build/demo_python_topic/demo_python_topic.egg-info/requires.txt
[1.433s] writing top-level names to ../../build/demo_python_topic/demo_python_topic.egg-info/top_level.txt
[1.472s] reading manifest file '../../build/demo_python_topic/demo_python_topic.egg-info/SOURCES.txt'
[1.474s] writing manifest file '../../build/demo_python_topic/demo_python_topic.egg-info/SOURCES.txt'
[1.474s] running build
[1.475s] running build_py
[1.475s] running install
[1.477s] running install_lib
[1.478s] running install_data
[1.479s] running install_egg_info
[1.481s] removing '/home/ros2/CHAPT3/topic_ws/install/demo_python_topic/lib/python3.8/site-packages/demo_python_topic-0.0.0-py3.8.egg-info' (and everything under it)
[1.483s] Copying ../../build/demo_python_topic/demo_python_topic.egg-info to /home/ros2/CHAPT3/topic_ws/install/demo_python_topic/lib/python3.8/site-packages/demo_python_topic-0.0.0-py3.8.egg-info
[1.487s] running install_scripts
[1.527s] Installing novel_pub_node script to /home/ros2/CHAPT3/topic_ws/install/demo_python_topic/lib/demo_python_topic
[1.528s] Installing novel_sub_node script to /home/ros2/CHAPT3/topic_ws/install/demo_python_topic/lib/demo_python_topic
[1.530s] writing list of installed files to '/home/ros2/CHAPT3/topic_ws/build/demo_python_topic/install.log'
[1.591s] Invoked command in '/home/ros2/CHAPT3/topic_ws/src/demo_python_topic' returned '0': PYTHONPATH=/home/ros2/CHAPT3/topic_ws/build/demo_python_topic/prefix_override:/usr/lib/python3/dist-packages/colcon_core/task/python/colcon_distutils_commands:/home/ros2/CHAPT3/topic_ws/install/demo_python_topic/lib/python3.8/site-packages:${PYTHONPATH} /usr/bin/python3 -W ignore:setup.py install is deprecated setup.py egg_info --egg-base ../../build/demo_python_topic build --build-base /home/ros2/CHAPT3/topic_ws/build/demo_python_topic/build install --record /home/ros2/CHAPT3/topic_ws/build/demo_python_topic/install.log --install-scripts $base/lib/demo_python_topic --single-version-externally-managed install_data
