[0.038s] Invoking command in '/home/ros2/CHAPT7/chapt7_ws/build/fishbot_navigation2': CMAKE_PREFIX_PATH=${CMAKE_PREFIX_PATH}:/opt/ros/foxy /usr/bin/cmake --build /home/ros2/CHAPT7/chapt7_ws/build/fishbot_navigation2 -- -j2 -l2
[0.167s] Invoked command in '/home/ros2/CHAPT7/chapt7_ws/build/fishbot_navigation2' returned '0': CMAKE_PREFIX_PATH=${CMAKE_PREFIX_PATH}:/opt/ros/foxy /usr/bin/cmake --build /home/ros2/CHAPT7/chapt7_ws/build/fishbot_navigation2 -- -j2 -l2
[0.220s] Invoking command in '/home/ros2/CHAPT7/chapt7_ws/build/fishbot_navigation2': CMAKE_PREFIX_PATH=${CMAKE_PREFIX_PATH}:/opt/ros/foxy /usr/bin/cmake --install /home/ros2/CHAPT7/chapt7_ws/build/fishbot_navigation2
[0.241s] -- Install configuration: ""
[0.243s] -- Up-to-date: /home/ros2/CHAPT7/chapt7_ws/install/fishbot_navigation2/share/fishbot_navigation2/launch
[0.244s] -- Up-to-date: /home/ros2/CHAPT7/chapt7_ws/install/fishbot_navigation2/share/fishbot_navigation2/launch/navigation2.launch.py
[0.245s] -- Up-to-date: /home/ros2/CHAPT7/chapt7_ws/install/fishbot_navigation2/share/fishbot_navigation2/config
[0.245s] -- Up-to-date: /home/ros2/CHAPT7/chapt7_ws/install/fishbot_navigation2/share/fishbot_navigation2/config/nav2_params.yaml
[0.245s] -- Up-to-date: /home/ros2/CHAPT7/chapt7_ws/install/fishbot_navigation2/share/fishbot_navigation2/maps
[0.245s] -- Up-to-date: /home/ros2/CHAPT7/chapt7_ws/install/fishbot_navigation2/share/fishbot_navigation2/maps/room.yaml
[0.245s] -- Up-to-date: /home/ros2/CHAPT7/chapt7_ws/install/fishbot_navigation2/share/fishbot_navigation2/maps/room.pgm
[0.246s] -- Up-to-date: /home/ros2/CHAPT7/chapt7_ws/install/fishbot_navigation2/share/ament_index/resource_index/package_run_dependencies/fishbot_navigation2
[0.249s] -- Up-to-date: /home/ros2/CHAPT7/chapt7_ws/install/fishbot_navigation2/share/ament_index/resource_index/parent_prefix_path/fishbot_navigation2
[0.249s] -- Up-to-date: /home/ros2/CHAPT7/chapt7_ws/install/fishbot_navigation2/share/fishbot_navigation2/environment/ament_prefix_path.sh
[0.249s] -- Up-to-date: /home/ros2/CHAPT7/chapt7_ws/install/fishbot_navigation2/share/fishbot_navigation2/environment/ament_prefix_path.dsv
[0.249s] -- Up-to-date: /home/ros2/CHAPT7/chapt7_ws/install/fishbot_navigation2/share/fishbot_navigation2/environment/path.sh
[0.250s] -- Up-to-date: /home/ros2/CHAPT7/chapt7_ws/install/fishbot_navigation2/share/fishbot_navigation2/environment/path.dsv
[0.250s] -- Up-to-date: /home/ros2/CHAPT7/chapt7_ws/install/fishbot_navigation2/share/fishbot_navigation2/local_setup.bash
[0.250s] -- Up-to-date: /home/ros2/CHAPT7/chapt7_ws/install/fishbot_navigation2/share/fishbot_navigation2/local_setup.sh
[0.250s] -- Up-to-date: /home/ros2/CHAPT7/chapt7_ws/install/fishbot_navigation2/share/fishbot_navigation2/local_setup.zsh
[0.250s] -- Up-to-date: /home/ros2/CHAPT7/chapt7_ws/install/fishbot_navigation2/share/fishbot_navigation2/local_setup.dsv
[0.251s] -- Installing: /home/ros2/CHAPT7/chapt7_ws/install/fishbot_navigation2/share/fishbot_navigation2/package.dsv
[0.252s] -- Up-to-date: /home/ros2/CHAPT7/chapt7_ws/install/fishbot_navigation2/share/ament_index/resource_index/packages/fishbot_navigation2
[0.252s] -- Up-to-date: /home/ros2/CHAPT7/chapt7_ws/install/fishbot_navigation2/share/fishbot_navigation2/cmake/fishbot_navigation2Config.cmake
[0.252s] -- Up-to-date: /home/ros2/CHAPT7/chapt7_ws/install/fishbot_navigation2/share/fishbot_navigation2/cmake/fishbot_navigation2Config-version.cmake
[0.253s] -- Up-to-date: /home/ros2/CHAPT7/chapt7_ws/install/fishbot_navigation2/share/fishbot_navigation2/package.xml
[0.262s] Invoked command in '/home/ros2/CHAPT7/chapt7_ws/build/fishbot_navigation2' returned '0': CMAKE_PREFIX_PATH=${CMAKE_PREFIX_PATH}:/opt/ros/foxy /usr/bin/cmake --install /home/ros2/CHAPT7/chapt7_ws/build/fishbot_navigation2
